[0.822s] Invoking command in '/home/geert/kuka-ido/ros2_ws_kuka/src/data_visualiser_pkg': AMENT_PREFIX_PATH=/home/geert/ros2_ws_git/install/kuka_msgs_pkg:${AMENT_PREFIX_PATH} CMAKE_PREFIX_PATH=/home/geert/kuka-ido/ros2_ws_kuka/install/kuka_msgs_pkg LD_LIBRARY_PATH=/home/geert/ros2_ws_git/install/kuka_msgs_pkg/lib:/home/geert/kuka-ido/ros2_ws_kuka/install/kuka_msgs_pkg/lib:${LD_LIBRARY_PATH} PYTHONPATH=/home/geert/kuka-ido/ros2_ws_kuka/build/data_visualiser_pkg/prefix_override:/home/geert/kuka-ido/ros2_ws_kuka/install/data_visualiser_pkg/lib/python3.10/site-packages:/home/geert/ros2_ws_git/install/kuka_msgs_pkg/lib/python3.10/site-packages:/home/geert/kuka-ido/ros2_ws_kuka/install/kuka_msgs_pkg/lib/python3.10/site-packages:${PYTHONPATH} /usr/bin/python3 setup.py egg_info --egg-base ../../build/data_visualiser_pkg build --build-base /home/geert/kuka-ido/ros2_ws_kuka/build/data_visualiser_pkg/build install --record /home/geert/kuka-ido/ros2_ws_kuka/build/data_visualiser_pkg/install.log --single-version-externally-managed
[1.137s] running egg_info
[1.138s] writing ../../build/data_visualiser_pkg/data_visualiser_pkg.egg-info/PKG-INFO
[1.139s] writing dependency_links to ../../build/data_visualiser_pkg/data_visualiser_pkg.egg-info/dependency_links.txt
[1.139s] writing entry points to ../../build/data_visualiser_pkg/data_visualiser_pkg.egg-info/entry_points.txt
[1.139s] writing requirements to ../../build/data_visualiser_pkg/data_visualiser_pkg.egg-info/requires.txt
[1.139s] writing top-level names to ../../build/data_visualiser_pkg/data_visualiser_pkg.egg-info/top_level.txt
[1.141s] reading manifest file '../../build/data_visualiser_pkg/data_visualiser_pkg.egg-info/SOURCES.txt'
[1.143s] writing manifest file '../../build/data_visualiser_pkg/data_visualiser_pkg.egg-info/SOURCES.txt'
[1.143s] running build
[1.143s] running build_py
[1.144s] running install
[1.144s] /usr/lib/python3/dist-packages/setuptools/command/install.py:34: SetuptoolsDeprecationWarning: setup.py install is deprecated. Use build and pip and other standards-based tools.
[1.144s]   warnings.warn(
[1.145s] running install_lib
[1.146s] running install_data
[1.147s] running install_egg_info
[1.149s] removing '/home/geert/kuka-ido/ros2_ws_kuka/install/data_visualiser_pkg/lib/python3.10/site-packages/data_visualiser_pkg-0.0.0-py3.10.egg-info' (and everything under it)
[1.150s] Copying ../../build/data_visualiser_pkg/data_visualiser_pkg.egg-info to /home/geert/kuka-ido/ros2_ws_kuka/install/data_visualiser_pkg/lib/python3.10/site-packages/data_visualiser_pkg-0.0.0-py3.10.egg-info
[1.150s] running install_scripts
[1.175s] Installing data_visualiser_node script to /home/geert/kuka-ido/ros2_ws_kuka/install/data_visualiser_pkg/lib/data_visualiser_pkg
[1.176s] writing list of installed files to '/home/geert/kuka-ido/ros2_ws_kuka/build/data_visualiser_pkg/install.log'
[1.203s] Invoked command in '/home/geert/kuka-ido/ros2_ws_kuka/src/data_visualiser_pkg' returned '0': AMENT_PREFIX_PATH=/home/geert/ros2_ws_git/install/kuka_msgs_pkg:${AMENT_PREFIX_PATH} CMAKE_PREFIX_PATH=/home/geert/kuka-ido/ros2_ws_kuka/install/kuka_msgs_pkg LD_LIBRARY_PATH=/home/geert/ros2_ws_git/install/kuka_msgs_pkg/lib:/home/geert/kuka-ido/ros2_ws_kuka/install/kuka_msgs_pkg/lib:${LD_LIBRARY_PATH} PYTHONPATH=/home/geert/kuka-ido/ros2_ws_kuka/build/data_visualiser_pkg/prefix_override:/home/geert/kuka-ido/ros2_ws_kuka/install/data_visualiser_pkg/lib/python3.10/site-packages:/home/geert/ros2_ws_git/install/kuka_msgs_pkg/lib/python3.10/site-packages:/home/geert/kuka-ido/ros2_ws_kuka/install/kuka_msgs_pkg/lib/python3.10/site-packages:${PYTHONPATH} /usr/bin/python3 setup.py egg_info --egg-base ../../build/data_visualiser_pkg build --build-base /home/geert/kuka-ido/ros2_ws_kuka/build/data_visualiser_pkg/build install --record /home/geert/kuka-ido/ros2_ws_kuka/build/data_visualiser_pkg/install.log --single-version-externally-managed
