[0.472s] DEBUG:colcon:Command line arguments: ['/usr/bin/colcon', 'build']
[0.472s] DEBUG:colcon:Parsed command line arguments: Namespace(log_base=None, log_level=None, verb_name='build', build_base='build', install_base='install', merge_install=False, symlink_install=False, test_result_base=None, continue_on_error=False, executor='parallel', parallel_workers=1, event_handlers=None, ignore_user_meta=False, metas=['./colcon.meta'], base_paths=['.'], packages_ignore=None, packages_ignore_regex=None, paths=None, packages_up_to=None, packages_up_to_regex=None, packages_above=None, packages_above_and_dependencies=None, packages_above_depth=None, packages_select_by_dep=None, packages_skip_by_dep=None, packages_skip_up_to=None, packages_select_build_failed=False, packages_skip_build_finished=False, packages_select_test_failures=False, packages_skip_test_passed=False, packages_select=None, packages_skip=None, packages_select_regex=None, packages_skip_regex=None, packages_start=None, packages_end=None, allow_overriding=[], cmake_args=None, cmake_target=None, cmake_target_skip_unavailable=False, cmake_clean_cache=False, cmake_clean_first=False, cmake_force_configure=False, ament_cmake_args=None, catkin_cmake_args=None, catkin_skip_building_tests=False, verb_parser=<colcon_defaults.argument_parser.defaults.DefaultArgumentsDecorator object at 0x7f1554eda350>, verb_extension=<colcon_core.verb.build.BuildVerb object at 0x7f15556ad420>, main=<bound method BuildVerb.main of <colcon_core.verb.build.BuildVerb object at 0x7f15556ad420>>)
[0.512s] Level 1:colcon.colcon_core.package_discovery:discover_packages(colcon_meta) check parameters
[0.512s] Level 1:colcon.colcon_core.package_discovery:discover_packages(recursive) check parameters
[0.512s] Level 1:colcon.colcon_core.package_discovery:discover_packages(ignore) check parameters
[0.512s] Level 1:colcon.colcon_core.package_discovery:discover_packages(path) check parameters
[0.512s] Level 1:colcon.colcon_core.package_discovery:discover_packages(colcon_meta) discover
[0.513s] Level 1:colcon.colcon_core.package_discovery:discover_packages(recursive) discover
[0.513s] INFO:colcon.colcon_core.package_discovery:Crawling recursively for packages in '/home/geert/ros2_ws_git'
[0.513s] Level 1:colcon.colcon_core.package_identification:_identify(.) by extensions ['ignore', 'ignore_ament_install']
[0.513s] Level 1:colcon.colcon_core.package_identification:_identify(.) by extension 'ignore'
[0.513s] Level 1:colcon.colcon_core.package_identification:_identify(.) by extension 'ignore_ament_install'
[0.513s] Level 1:colcon.colcon_core.package_identification:_identify(.) by extensions ['colcon_pkg']
[0.513s] Level 1:colcon.colcon_core.package_identification:_identify(.) by extension 'colcon_pkg'
[0.513s] Level 1:colcon.colcon_core.package_identification:_identify(.) by extensions ['colcon_meta']
[0.513s] Level 1:colcon.colcon_core.package_identification:_identify(.) by extension 'colcon_meta'
[0.513s] Level 1:colcon.colcon_core.package_identification:_identify(.) by extensions ['ros']
[0.513s] Level 1:colcon.colcon_core.package_identification:_identify(.) by extension 'ros'
[0.533s] Level 1:colcon.colcon_core.package_identification:_identify(.) by extensions ['cmake', 'python']
[0.533s] Level 1:colcon.colcon_core.package_identification:_identify(.) by extension 'cmake'
[0.533s] Level 1:colcon.colcon_core.package_identification:_identify(.) by extension 'python'
[0.533s] Level 1:colcon.colcon_core.package_identification:_identify(.) by extensions ['python_setup_py']
[0.533s] Level 1:colcon.colcon_core.package_identification:_identify(.) by extension 'python_setup_py'
[0.533s] Level 1:colcon.colcon_core.package_identification:_identify(build) by extensions ['ignore', 'ignore_ament_install']
[0.533s] Level 1:colcon.colcon_core.package_identification:_identify(build) by extension 'ignore'
[0.533s] Level 1:colcon.colcon_core.package_identification:_identify(build) ignored
[0.533s] Level 1:colcon.colcon_core.package_identification:_identify(install) by extensions ['ignore', 'ignore_ament_install']
[0.533s] Level 1:colcon.colcon_core.package_identification:_identify(install) by extension 'ignore'
[0.534s] Level 1:colcon.colcon_core.package_identification:_identify(install) ignored
[0.534s] Level 1:colcon.colcon_core.package_identification:_identify(log) by extensions ['ignore', 'ignore_ament_install']
[0.534s] Level 1:colcon.colcon_core.package_identification:_identify(log) by extension 'ignore'
[0.534s] Level 1:colcon.colcon_core.package_identification:_identify(log) ignored
[0.534s] Level 1:colcon.colcon_core.package_identification:_identify(src) by extensions ['ignore', 'ignore_ament_install']
[0.534s] Level 1:colcon.colcon_core.package_identification:_identify(src) by extension 'ignore'
[0.534s] Level 1:colcon.colcon_core.package_identification:_identify(src) by extension 'ignore_ament_install'
[0.534s] Level 1:colcon.colcon_core.package_identification:_identify(src) by extensions ['colcon_pkg']
[0.534s] Level 1:colcon.colcon_core.package_identification:_identify(src) by extension 'colcon_pkg'
[0.534s] Level 1:colcon.colcon_core.package_identification:_identify(src) by extensions ['colcon_meta']
[0.534s] Level 1:colcon.colcon_core.package_identification:_identify(src) by extension 'colcon_meta'
[0.534s] Level 1:colcon.colcon_core.package_identification:_identify(src) by extensions ['ros']
[0.534s] Level 1:colcon.colcon_core.package_identification:_identify(src) by extension 'ros'
[0.534s] Level 1:colcon.colcon_core.package_identification:_identify(src) by extensions ['cmake', 'python']
[0.535s] Level 1:colcon.colcon_core.package_identification:_identify(src) by extension 'cmake'
[0.535s] Level 1:colcon.colcon_core.package_identification:_identify(src) by extension 'python'
[0.535s] Level 1:colcon.colcon_core.package_identification:_identify(src) by extensions ['python_setup_py']
[0.535s] Level 1:colcon.colcon_core.package_identification:_identify(src) by extension 'python_setup_py'
[0.535s] Level 1:colcon.colcon_core.package_identification:_identify(src/data_visualiser_pkg) by extensions ['ignore', 'ignore_ament_install']
[0.535s] Level 1:colcon.colcon_core.package_identification:_identify(src/data_visualiser_pkg) by extension 'ignore'
[0.535s] Level 1:colcon.colcon_core.package_identification:_identify(src/data_visualiser_pkg) by extension 'ignore_ament_install'
[0.535s] Level 1:colcon.colcon_core.package_identification:_identify(src/data_visualiser_pkg) by extensions ['colcon_pkg']
[0.535s] Level 1:colcon.colcon_core.package_identification:_identify(src/data_visualiser_pkg) by extension 'colcon_pkg'
[0.535s] Level 1:colcon.colcon_core.package_identification:_identify(src/data_visualiser_pkg) by extensions ['colcon_meta']
[0.535s] Level 1:colcon.colcon_core.package_identification:_identify(src/data_visualiser_pkg) by extension 'colcon_meta'
[0.535s] Level 1:colcon.colcon_core.package_identification:_identify(src/data_visualiser_pkg) by extensions ['ros']
[0.535s] Level 1:colcon.colcon_core.package_identification:_identify(src/data_visualiser_pkg) by extension 'ros'
[0.538s] DEBUG:colcon.colcon_core.package_identification:Package 'src/data_visualiser_pkg' with type 'ros.ament_python' and name 'data_visualiser_pkg'
[0.539s] Level 1:colcon.colcon_core.package_identification:_identify(src/joystick_to_serial_pkg) by extensions ['ignore', 'ignore_ament_install']
[0.539s] Level 1:colcon.colcon_core.package_identification:_identify(src/joystick_to_serial_pkg) by extension 'ignore'
[0.539s] Level 1:colcon.colcon_core.package_identification:_identify(src/joystick_to_serial_pkg) by extension 'ignore_ament_install'
[0.539s] Level 1:colcon.colcon_core.package_identification:_identify(src/joystick_to_serial_pkg) by extensions ['colcon_pkg']
[0.539s] Level 1:colcon.colcon_core.package_identification:_identify(src/joystick_to_serial_pkg) by extension 'colcon_pkg'
[0.539s] Level 1:colcon.colcon_core.package_identification:_identify(src/joystick_to_serial_pkg) by extensions ['colcon_meta']
[0.539s] Level 1:colcon.colcon_core.package_identification:_identify(src/joystick_to_serial_pkg) by extension 'colcon_meta'
[0.539s] Level 1:colcon.colcon_core.package_identification:_identify(src/joystick_to_serial_pkg) by extensions ['ros']
[0.539s] Level 1:colcon.colcon_core.package_identification:_identify(src/joystick_to_serial_pkg) by extension 'ros'
[0.540s] DEBUG:colcon.colcon_core.package_identification:Package 'src/joystick_to_serial_pkg' with type 'ros.ament_python' and name 'joystick_to_serial_pkg'
[0.540s] Level 1:colcon.colcon_core.package_identification:_identify(src/kuka_launch_pkg) by extensions ['ignore', 'ignore_ament_install']
[0.541s] Level 1:colcon.colcon_core.package_identification:_identify(src/kuka_launch_pkg) by extension 'ignore'
[0.541s] Level 1:colcon.colcon_core.package_identification:_identify(src/kuka_launch_pkg) by extension 'ignore_ament_install'
[0.541s] Level 1:colcon.colcon_core.package_identification:_identify(src/kuka_launch_pkg) by extensions ['colcon_pkg']
[0.541s] Level 1:colcon.colcon_core.package_identification:_identify(src/kuka_launch_pkg) by extension 'colcon_pkg'
[0.541s] Level 1:colcon.colcon_core.package_identification:_identify(src/kuka_launch_pkg) by extensions ['colcon_meta']
[0.541s] Level 1:colcon.colcon_core.package_identification:_identify(src/kuka_launch_pkg) by extension 'colcon_meta'
[0.541s] Level 1:colcon.colcon_core.package_identification:_identify(src/kuka_launch_pkg) by extensions ['ros']
[0.541s] Level 1:colcon.colcon_core.package_identification:_identify(src/kuka_launch_pkg) by extension 'ros'
[0.542s] DEBUG:colcon.colcon_core.package_identification:Package 'src/kuka_launch_pkg' with type 'ros.ament_python' and name 'kuka_launch_pkg'
[0.542s] Level 1:colcon.colcon_core.package_identification:_identify(src/kuka_msgs_pkg) by extensions ['ignore', 'ignore_ament_install']
[0.542s] Level 1:colcon.colcon_core.package_identification:_identify(src/kuka_msgs_pkg) by extension 'ignore'
[0.542s] Level 1:colcon.colcon_core.package_identification:_identify(src/kuka_msgs_pkg) by extension 'ignore_ament_install'
[0.542s] Level 1:colcon.colcon_core.package_identification:_identify(src/kuka_msgs_pkg) by extensions ['colcon_pkg']
[0.542s] Level 1:colcon.colcon_core.package_identification:_identify(src/kuka_msgs_pkg) by extension 'colcon_pkg'
[0.543s] Level 1:colcon.colcon_core.package_identification:_identify(src/kuka_msgs_pkg) by extensions ['colcon_meta']
[0.543s] Level 1:colcon.colcon_core.package_identification:_identify(src/kuka_msgs_pkg) by extension 'colcon_meta'
[0.543s] Level 1:colcon.colcon_core.package_identification:_identify(src/kuka_msgs_pkg) by extensions ['ros']
[0.543s] Level 1:colcon.colcon_core.package_identification:_identify(src/kuka_msgs_pkg) by extension 'ros'
[0.543s] DEBUG:colcon.colcon_core.package_identification:Package 'src/kuka_msgs_pkg' with type 'ros.ament_python' and name 'kuka_msgs_pkg'
[0.543s] Level 1:colcon.colcon_core.package_identification:_identify(src/serial_communication_pkg) by extensions ['ignore', 'ignore_ament_install']
[0.544s] Level 1:colcon.colcon_core.package_identification:_identify(src/serial_communication_pkg) by extension 'ignore'
[0.544s] Level 1:colcon.colcon_core.package_identification:_identify(src/serial_communication_pkg) by extension 'ignore_ament_install'
[0.544s] Level 1:colcon.colcon_core.package_identification:_identify(src/serial_communication_pkg) by extensions ['colcon_pkg']
[0.544s] Level 1:colcon.colcon_core.package_identification:_identify(src/serial_communication_pkg) by extension 'colcon_pkg'
[0.544s] Level 1:colcon.colcon_core.package_identification:_identify(src/serial_communication_pkg) by extensions ['colcon_meta']
[0.544s] Level 1:colcon.colcon_core.package_identification:_identify(src/serial_communication_pkg) by extension 'colcon_meta'
[0.544s] Level 1:colcon.colcon_core.package_identification:_identify(src/serial_communication_pkg) by extensions ['ros']
[0.544s] Level 1:colcon.colcon_core.package_identification:_identify(src/serial_communication_pkg) by extension 'ros'
[0.545s] DEBUG:colcon.colcon_core.package_identification:Package 'src/serial_communication_pkg' with type 'ros.ament_python' and name 'serial_communication_pkg'
[0.545s] Level 1:colcon.colcon_core.package_discovery:discover_packages(recursive) using defaults
[0.545s] Level 1:colcon.colcon_core.package_discovery:discover_packages(ignore) discover
[0.545s] Level 1:colcon.colcon_core.package_discovery:discover_packages(ignore) using defaults
[0.545s] Level 1:colcon.colcon_core.package_discovery:discover_packages(path) discover
[0.545s] Level 1:colcon.colcon_core.package_discovery:discover_packages(path) using defaults
[0.581s] Level 1:colcon.colcon_core.package_discovery:discover_packages(prefix_path) check parameters
[0.581s] Level 1:colcon.colcon_core.package_discovery:discover_packages(prefix_path) discover
[0.585s] DEBUG:colcon.colcon_installed_package_information.package_discovery:Found 296 installed packages in /opt/ros/iron
[0.588s] Level 1:colcon.colcon_core.package_discovery:discover_packages(prefix_path) using defaults
[0.676s] Level 5:colcon.colcon_core.verb:set package 'joystick_to_serial_pkg' build argument 'cmake_args' from command line to 'None'
[0.676s] Level 5:colcon.colcon_core.verb:set package 'joystick_to_serial_pkg' build argument 'cmake_target' from command line to 'None'
[0.676s] Level 5:colcon.colcon_core.verb:set package 'joystick_to_serial_pkg' build argument 'cmake_target_skip_unavailable' from command line to 'False'
[0.676s] Level 5:colcon.colcon_core.verb:set package 'joystick_to_serial_pkg' build argument 'cmake_clean_cache' from command line to 'False'
[0.676s] Level 5:colcon.colcon_core.verb:set package 'joystick_to_serial_pkg' build argument 'cmake_clean_first' from command line to 'False'
[0.676s] Level 5:colcon.colcon_core.verb:set package 'joystick_to_serial_pkg' build argument 'cmake_force_configure' from command line to 'False'
[0.676s] Level 5:colcon.colcon_core.verb:set package 'joystick_to_serial_pkg' build argument 'ament_cmake_args' from command line to 'None'
[0.676s] Level 5:colcon.colcon_core.verb:set package 'joystick_to_serial_pkg' build argument 'catkin_cmake_args' from command line to 'None'
[0.676s] Level 5:colcon.colcon_core.verb:set package 'joystick_to_serial_pkg' build argument 'catkin_skip_building_tests' from command line to 'False'
[0.676s] DEBUG:colcon.colcon_core.verb:Building package 'joystick_to_serial_pkg' with the following arguments: {'ament_cmake_args': None, 'build_base': '/home/geert/ros2_ws_git/build/joystick_to_serial_pkg', 'catkin_cmake_args': None, 'catkin_skip_building_tests': False, 'cmake_args': None, 'cmake_clean_cache': False, 'cmake_clean_first': False, 'cmake_force_configure': False, 'cmake_target': None, 'cmake_target_skip_unavailable': False, 'install_base': '/home/geert/ros2_ws_git/install/joystick_to_serial_pkg', 'merge_install': False, 'path': '/home/geert/ros2_ws_git/src/joystick_to_serial_pkg', 'symlink_install': False, 'test_result_base': None}
[0.678s] Level 5:colcon.colcon_core.verb:set package 'kuka_launch_pkg' build argument 'cmake_args' from command line to 'None'
[0.678s] Level 5:colcon.colcon_core.verb:set package 'kuka_launch_pkg' build argument 'cmake_target' from command line to 'None'
[0.678s] Level 5:colcon.colcon_core.verb:set package 'kuka_launch_pkg' build argument 'cmake_target_skip_unavailable' from command line to 'False'
[0.678s] Level 5:colcon.colcon_core.verb:set package 'kuka_launch_pkg' build argument 'cmake_clean_cache' from command line to 'False'
[0.678s] Level 5:colcon.colcon_core.verb:set package 'kuka_launch_pkg' build argument 'cmake_clean_first' from command line to 'False'
[0.678s] Level 5:colcon.colcon_core.verb:set package 'kuka_launch_pkg' build argument 'cmake_force_configure' from command line to 'False'
[0.678s] Level 5:colcon.colcon_core.verb:set package 'kuka_launch_pkg' build argument 'ament_cmake_args' from command line to 'None'
[0.678s] Level 5:colcon.colcon_core.verb:set package 'kuka_launch_pkg' build argument 'catkin_cmake_args' from command line to 'None'
[0.678s] Level 5:colcon.colcon_core.verb:set package 'kuka_launch_pkg' build argument 'catkin_skip_building_tests' from command line to 'False'
[0.678s] DEBUG:colcon.colcon_core.verb:Building package 'kuka_launch_pkg' with the following arguments: {'ament_cmake_args': None, 'build_base': '/home/geert/ros2_ws_git/build/kuka_launch_pkg', 'catkin_cmake_args': None, 'catkin_skip_building_tests': False, 'cmake_args': None, 'cmake_clean_cache': False, 'cmake_clean_first': False, 'cmake_force_configure': False, 'cmake_target': None, 'cmake_target_skip_unavailable': False, 'install_base': '/home/geert/ros2_ws_git/install/kuka_launch_pkg', 'merge_install': False, 'path': '/home/geert/ros2_ws_git/src/kuka_launch_pkg', 'symlink_install': False, 'test_result_base': None}
[0.680s] Level 5:colcon.colcon_core.verb:set package 'kuka_msgs_pkg' build argument 'cmake_args' from command line to 'None'
[0.680s] Level 5:colcon.colcon_core.verb:set package 'kuka_msgs_pkg' build argument 'cmake_target' from command line to 'None'
[0.680s] Level 5:colcon.colcon_core.verb:set package 'kuka_msgs_pkg' build argument 'cmake_target_skip_unavailable' from command line to 'False'
[0.680s] Level 5:colcon.colcon_core.verb:set package 'kuka_msgs_pkg' build argument 'cmake_clean_cache' from command line to 'False'
[0.680s] Level 5:colcon.colcon_core.verb:set package 'kuka_msgs_pkg' build argument 'cmake_clean_first' from command line to 'False'
[0.680s] Level 5:colcon.colcon_core.verb:set package 'kuka_msgs_pkg' build argument 'cmake_force_configure' from command line to 'False'
[0.680s] Level 5:colcon.colcon_core.verb:set package 'kuka_msgs_pkg' build argument 'ament_cmake_args' from command line to 'None'
[0.680s] Level 5:colcon.colcon_core.verb:set package 'kuka_msgs_pkg' build argument 'catkin_cmake_args' from command line to 'None'
[0.680s] Level 5:colcon.colcon_core.verb:set package 'kuka_msgs_pkg' build argument 'catkin_skip_building_tests' from command line to 'False'
[0.680s] DEBUG:colcon.colcon_core.verb:Building package 'kuka_msgs_pkg' with the following arguments: {'ament_cmake_args': None, 'build_base': '/home/geert/ros2_ws_git/build/kuka_msgs_pkg', 'catkin_cmake_args': None, 'catkin_skip_building_tests': False, 'cmake_args': None, 'cmake_clean_cache': False, 'cmake_clean_first': False, 'cmake_force_configure': False, 'cmake_target': None, 'cmake_target_skip_unavailable': False, 'install_base': '/home/geert/ros2_ws_git/install/kuka_msgs_pkg', 'merge_install': False, 'path': '/home/geert/ros2_ws_git/src/kuka_msgs_pkg', 'symlink_install': False, 'test_result_base': None}
[0.681s] Level 5:colcon.colcon_core.verb:set package 'data_visualiser_pkg' build argument 'cmake_args' from command line to 'None'
[0.681s] Level 5:colcon.colcon_core.verb:set package 'data_visualiser_pkg' build argument 'cmake_target' from command line to 'None'
[0.681s] Level 5:colcon.colcon_core.verb:set package 'data_visualiser_pkg' build argument 'cmake_target_skip_unavailable' from command line to 'False'
[0.681s] Level 5:colcon.colcon_core.verb:set package 'data_visualiser_pkg' build argument 'cmake_clean_cache' from command line to 'False'
[0.682s] Level 5:colcon.colcon_core.verb:set package 'data_visualiser_pkg' build argument 'cmake_clean_first' from command line to 'False'
[0.682s] Level 5:colcon.colcon_core.verb:set package 'data_visualiser_pkg' build argument 'cmake_force_configure' from command line to 'False'
[0.682s] Level 5:colcon.colcon_core.verb:set package 'data_visualiser_pkg' build argument 'ament_cmake_args' from command line to 'None'
[0.682s] Level 5:colcon.colcon_core.verb:set package 'data_visualiser_pkg' build argument 'catkin_cmake_args' from command line to 'None'
[0.682s] Level 5:colcon.colcon_core.verb:set package 'data_visualiser_pkg' build argument 'catkin_skip_building_tests' from command line to 'False'
[0.682s] DEBUG:colcon.colcon_core.verb:Building package 'data_visualiser_pkg' with the following arguments: {'ament_cmake_args': None, 'build_base': '/home/geert/ros2_ws_git/build/data_visualiser_pkg', 'catkin_cmake_args': None, 'catkin_skip_building_tests': False, 'cmake_args': None, 'cmake_clean_cache': False, 'cmake_clean_first': False, 'cmake_force_configure': False, 'cmake_target': None, 'cmake_target_skip_unavailable': False, 'install_base': '/home/geert/ros2_ws_git/install/data_visualiser_pkg', 'merge_install': False, 'path': '/home/geert/ros2_ws_git/src/data_visualiser_pkg', 'symlink_install': False, 'test_result_base': None}
[0.683s] Level 5:colcon.colcon_core.verb:set package 'serial_communication_pkg' build argument 'cmake_args' from command line to 'None'
[0.683s] Level 5:colcon.colcon_core.verb:set package 'serial_communication_pkg' build argument 'cmake_target' from command line to 'None'
[0.683s] Level 5:colcon.colcon_core.verb:set package 'serial_communication_pkg' build argument 'cmake_target_skip_unavailable' from command line to 'False'
[0.683s] Level 5:colcon.colcon_core.verb:set package 'serial_communication_pkg' build argument 'cmake_clean_cache' from command line to 'False'
[0.683s] Level 5:colcon.colcon_core.verb:set package 'serial_communication_pkg' build argument 'cmake_clean_first' from command line to 'False'
[0.683s] Level 5:colcon.colcon_core.verb:set package 'serial_communication_pkg' build argument 'cmake_force_configure' from command line to 'False'
[0.683s] Level 5:colcon.colcon_core.verb:set package 'serial_communication_pkg' build argument 'ament_cmake_args' from command line to 'None'
[0.683s] Level 5:colcon.colcon_core.verb:set package 'serial_communication_pkg' build argument 'catkin_cmake_args' from command line to 'None'
[0.683s] Level 5:colcon.colcon_core.verb:set package 'serial_communication_pkg' build argument 'catkin_skip_building_tests' from command line to 'False'
[0.683s] DEBUG:colcon.colcon_core.verb:Building package 'serial_communication_pkg' with the following arguments: {'ament_cmake_args': None, 'build_base': '/home/geert/ros2_ws_git/build/serial_communication_pkg', 'catkin_cmake_args': None, 'catkin_skip_building_tests': False, 'cmake_args': None, 'cmake_clean_cache': False, 'cmake_clean_first': False, 'cmake_force_configure': False, 'cmake_target': None, 'cmake_target_skip_unavailable': False, 'install_base': '/home/geert/ros2_ws_git/install/serial_communication_pkg', 'merge_install': False, 'path': '/home/geert/ros2_ws_git/src/serial_communication_pkg', 'symlink_install': False, 'test_result_base': None}
[0.684s] INFO:colcon.colcon_core.executor:Executing jobs using 'parallel' executor
[0.689s] DEBUG:colcon.colcon_parallel_executor.executor.parallel:run_until_complete
[0.689s] INFO:colcon.colcon_ros.task.ament_python.build:Building ROS package in '/home/geert/ros2_ws_git/src/kuka_msgs_pkg' with build type 'ament_python'
[0.689s] Level 1:colcon.colcon_core.shell:create_environment_hook('kuka_msgs_pkg', 'ament_prefix_path')
[0.695s] INFO:colcon.colcon_core.plugin_system:Skipping extension 'colcon_core.shell.bat': Not used on non-Windows systems
[0.695s] INFO:colcon.colcon_core.shell:Creating environment hook '/home/geert/ros2_ws_git/install/kuka_msgs_pkg/share/kuka_msgs_pkg/hook/ament_prefix_path.ps1'
[0.696s] INFO:colcon.colcon_core.shell:Creating environment descriptor '/home/geert/ros2_ws_git/install/kuka_msgs_pkg/share/kuka_msgs_pkg/hook/ament_prefix_path.dsv'
[0.697s] INFO:colcon.colcon_core.shell:Creating environment hook '/home/geert/ros2_ws_git/install/kuka_msgs_pkg/share/kuka_msgs_pkg/hook/ament_prefix_path.sh'
[0.699s] INFO:colcon.colcon_core.shell:Skip shell extension 'powershell' for command environment: Not usable outside of PowerShell
[0.699s] DEBUG:colcon.colcon_core.shell:Skip shell extension 'dsv' for command environment
[1.102s] INFO:colcon.colcon_core.task.python.build:Building Python package in '/home/geert/ros2_ws_git/src/kuka_msgs_pkg'
[1.105s] INFO:colcon.colcon_core.shell:Skip shell extension 'powershell' for command environment: Not usable outside of PowerShell
[1.105s] DEBUG:colcon.colcon_core.shell:Skip shell extension 'dsv' for command environment
[1.635s] DEBUG:colcon.colcon_core.event_handler.log_command:Invoking command in '/home/geert/ros2_ws_git/src/kuka_msgs_pkg': PYTHONPATH=/home/geert/ros2_ws_git/build/kuka_msgs_pkg/prefix_override:/home/geert/ros2_ws_git/install/kuka_msgs_pkg/lib/python3.10/site-packages:${PYTHONPATH} /usr/bin/python3 setup.py egg_info --egg-base ../../build/kuka_msgs_pkg build --build-base /home/geert/ros2_ws_git/build/kuka_msgs_pkg/build install --record /home/geert/ros2_ws_git/build/kuka_msgs_pkg/install.log --single-version-externally-managed
[2.081s] DEBUG:colcon.colcon_core.event_handler.log_command:Invoked command in '/home/geert/ros2_ws_git/src/kuka_msgs_pkg' returned '0': PYTHONPATH=/home/geert/ros2_ws_git/build/kuka_msgs_pkg/prefix_override:/home/geert/ros2_ws_git/install/kuka_msgs_pkg/lib/python3.10/site-packages:${PYTHONPATH} /usr/bin/python3 setup.py egg_info --egg-base ../../build/kuka_msgs_pkg build --build-base /home/geert/ros2_ws_git/build/kuka_msgs_pkg/build install --record /home/geert/ros2_ws_git/build/kuka_msgs_pkg/install.log --single-version-externally-managed
[2.095s] Level 1:colcon.colcon_core.environment:checking '/home/geert/ros2_ws_git/install/kuka_msgs_pkg' for CMake module files
[2.096s] Level 1:colcon.colcon_core.environment:checking '/home/geert/ros2_ws_git/install/kuka_msgs_pkg' for CMake config files
[2.097s] Level 1:colcon.colcon_core.environment:checking '/home/geert/ros2_ws_git/install/kuka_msgs_pkg/lib'
[2.097s] Level 1:colcon.colcon_core.environment:checking '/home/geert/ros2_ws_git/install/kuka_msgs_pkg/bin'
[2.097s] Level 1:colcon.colcon_core.environment:checking '/home/geert/ros2_ws_git/install/kuka_msgs_pkg/lib/pkgconfig/kuka_msgs_pkg.pc'
[2.097s] Level 1:colcon.colcon_core.environment:checking '/home/geert/ros2_ws_git/install/kuka_msgs_pkg/lib/python3.10/site-packages'
[2.097s] Level 1:colcon.colcon_core.shell:create_environment_hook('kuka_msgs_pkg', 'pythonpath')
[2.099s] INFO:colcon.colcon_core.shell:Creating environment hook '/home/geert/ros2_ws_git/install/kuka_msgs_pkg/share/kuka_msgs_pkg/hook/pythonpath.ps1'
[2.100s] INFO:colcon.colcon_core.shell:Creating environment descriptor '/home/geert/ros2_ws_git/install/kuka_msgs_pkg/share/kuka_msgs_pkg/hook/pythonpath.dsv'
[2.100s] INFO:colcon.colcon_core.shell:Creating environment hook '/home/geert/ros2_ws_git/install/kuka_msgs_pkg/share/kuka_msgs_pkg/hook/pythonpath.sh'
[2.100s] Level 1:colcon.colcon_core.environment:checking '/home/geert/ros2_ws_git/install/kuka_msgs_pkg/bin'
[2.101s] Level 1:colcon.colcon_core.environment:create_environment_scripts_only(kuka_msgs_pkg)
[2.103s] INFO:colcon.colcon_core.shell:Creating package script '/home/geert/ros2_ws_git/install/kuka_msgs_pkg/share/kuka_msgs_pkg/package.ps1'
[2.104s] INFO:colcon.colcon_core.shell:Creating package descriptor '/home/geert/ros2_ws_git/install/kuka_msgs_pkg/share/kuka_msgs_pkg/package.dsv'
[2.104s] INFO:colcon.colcon_core.shell:Creating package script '/home/geert/ros2_ws_git/install/kuka_msgs_pkg/share/kuka_msgs_pkg/package.sh'
[2.105s] INFO:colcon.colcon_core.shell:Creating package script '/home/geert/ros2_ws_git/install/kuka_msgs_pkg/share/kuka_msgs_pkg/package.bash'
[2.106s] INFO:colcon.colcon_core.shell:Creating package script '/home/geert/ros2_ws_git/install/kuka_msgs_pkg/share/kuka_msgs_pkg/package.zsh'
[2.107s] Level 1:colcon.colcon_core.environment:create_file_with_runtime_dependencies(/home/geert/ros2_ws_git/install/kuka_msgs_pkg/share/colcon-core/packages/kuka_msgs_pkg)
[2.108s] INFO:colcon.colcon_ros.task.ament_python.build:Building ROS package in '/home/geert/ros2_ws_git/src/joystick_to_serial_pkg' with build type 'ament_python'
[2.108s] Level 1:colcon.colcon_core.shell:create_environment_hook('joystick_to_serial_pkg', 'ament_prefix_path')
[2.110s] INFO:colcon.colcon_core.shell:Creating environment hook '/home/geert/ros2_ws_git/install/joystick_to_serial_pkg/share/joystick_to_serial_pkg/hook/ament_prefix_path.ps1'
[2.111s] INFO:colcon.colcon_core.shell:Creating environment descriptor '/home/geert/ros2_ws_git/install/joystick_to_serial_pkg/share/joystick_to_serial_pkg/hook/ament_prefix_path.dsv'
[2.111s] INFO:colcon.colcon_core.shell:Creating environment hook '/home/geert/ros2_ws_git/install/joystick_to_serial_pkg/share/joystick_to_serial_pkg/hook/ament_prefix_path.sh'
[2.113s] INFO:colcon.colcon_core.shell:Skip shell extension 'powershell' for command environment: Not usable outside of PowerShell
[2.113s] DEBUG:colcon.colcon_core.shell:Skip shell extension 'dsv' for command environment
[2.590s] INFO:colcon.colcon_core.task.python.build:Building Python package in '/home/geert/ros2_ws_git/src/joystick_to_serial_pkg'
[2.592s] INFO:colcon.colcon_core.shell:Skip shell extension 'powershell' for command environment: Not usable outside of PowerShell
[2.592s] DEBUG:colcon.colcon_core.shell:Skip shell extension 'dsv' for command environment
[3.490s] DEBUG:colcon.colcon_core.event_handler.log_command:Invoking command in '/home/geert/ros2_ws_git/src/joystick_to_serial_pkg': PYTHONPATH=/home/geert/ros2_ws_git/build/joystick_to_serial_pkg/prefix_override:/home/geert/ros2_ws_git/install/joystick_to_serial_pkg/lib/python3.10/site-packages:${PYTHONPATH} /usr/bin/python3 setup.py egg_info --egg-base ../../build/joystick_to_serial_pkg build --build-base /home/geert/ros2_ws_git/build/joystick_to_serial_pkg/build install --record /home/geert/ros2_ws_git/build/joystick_to_serial_pkg/install.log --single-version-externally-managed
[4.087s] Level 1:colcon.colcon_core.environment:checking '/home/geert/ros2_ws_git/install/joystick_to_serial_pkg' for CMake module files
[4.088s] Level 1:colcon.colcon_core.environment:checking '/home/geert/ros2_ws_git/install/joystick_to_serial_pkg' for CMake config files
[4.089s] Level 1:colcon.colcon_core.environment:checking '/home/geert/ros2_ws_git/install/joystick_to_serial_pkg/lib'
[4.089s] Level 1:colcon.colcon_core.environment:checking '/home/geert/ros2_ws_git/install/joystick_to_serial_pkg/bin'
[4.089s] Level 1:colcon.colcon_core.environment:checking '/home/geert/ros2_ws_git/install/joystick_to_serial_pkg/lib/pkgconfig/joystick_to_serial_pkg.pc'
[4.089s] Level 1:colcon.colcon_core.environment:checking '/home/geert/ros2_ws_git/install/joystick_to_serial_pkg/lib/python3.10/site-packages'
[4.089s] Level 1:colcon.colcon_core.shell:create_environment_hook('joystick_to_serial_pkg', 'pythonpath')
[4.091s] INFO:colcon.colcon_core.shell:Creating environment hook '/home/geert/ros2_ws_git/install/joystick_to_serial_pkg/share/joystick_to_serial_pkg/hook/pythonpath.ps1'
[4.091s] INFO:colcon.colcon_core.shell:Creating environment descriptor '/home/geert/ros2_ws_git/install/joystick_to_serial_pkg/share/joystick_to_serial_pkg/hook/pythonpath.dsv'
[4.107s] DEBUG:colcon.colcon_core.event_handler.log_command:Invoked command in '/home/geert/ros2_ws_git/src/joystick_to_serial_pkg' returned '0': PYTHONPATH=/home/geert/ros2_ws_git/build/joystick_to_serial_pkg/prefix_override:/home/geert/ros2_ws_git/install/joystick_to_serial_pkg/lib/python3.10/site-packages:${PYTHONPATH} /usr/bin/python3 setup.py egg_info --egg-base ../../build/joystick_to_serial_pkg build --build-base /home/geert/ros2_ws_git/build/joystick_to_serial_pkg/build install --record /home/geert/ros2_ws_git/build/joystick_to_serial_pkg/install.log --single-version-externally-managed
[4.108s] INFO:colcon.colcon_core.shell:Creating environment hook '/home/geert/ros2_ws_git/install/joystick_to_serial_pkg/share/joystick_to_serial_pkg/hook/pythonpath.sh'
[4.108s] Level 1:colcon.colcon_core.environment:checking '/home/geert/ros2_ws_git/install/joystick_to_serial_pkg/bin'
[4.109s] Level 1:colcon.colcon_core.environment:create_environment_scripts_only(joystick_to_serial_pkg)
[4.111s] INFO:colcon.colcon_core.shell:Creating package script '/home/geert/ros2_ws_git/install/joystick_to_serial_pkg/share/joystick_to_serial_pkg/package.ps1'
[4.111s] INFO:colcon.colcon_core.shell:Creating package descriptor '/home/geert/ros2_ws_git/install/joystick_to_serial_pkg/share/joystick_to_serial_pkg/package.dsv'
[4.112s] INFO:colcon.colcon_core.shell:Creating package script '/home/geert/ros2_ws_git/install/joystick_to_serial_pkg/share/joystick_to_serial_pkg/package.sh'
[4.112s] INFO:colcon.colcon_core.shell:Creating package script '/home/geert/ros2_ws_git/install/joystick_to_serial_pkg/share/joystick_to_serial_pkg/package.bash'
[4.113s] INFO:colcon.colcon_core.shell:Creating package script '/home/geert/ros2_ws_git/install/joystick_to_serial_pkg/share/joystick_to_serial_pkg/package.zsh'
[4.113s] Level 1:colcon.colcon_core.environment:create_file_with_runtime_dependencies(/home/geert/ros2_ws_git/install/joystick_to_serial_pkg/share/colcon-core/packages/joystick_to_serial_pkg)
[4.114s] INFO:colcon.colcon_ros.task.ament_python.build:Building ROS package in '/home/geert/ros2_ws_git/src/kuka_launch_pkg' with build type 'ament_python'
[4.115s] Level 1:colcon.colcon_core.shell:create_environment_hook('kuka_launch_pkg', 'ament_prefix_path')
[4.117s] INFO:colcon.colcon_core.shell:Creating environment hook '/home/geert/ros2_ws_git/install/kuka_launch_pkg/share/kuka_launch_pkg/hook/ament_prefix_path.ps1'
[4.117s] INFO:colcon.colcon_core.shell:Creating environment descriptor '/home/geert/ros2_ws_git/install/kuka_launch_pkg/share/kuka_launch_pkg/hook/ament_prefix_path.dsv'
[4.127s] INFO:colcon.colcon_core.shell:Creating environment hook '/home/geert/ros2_ws_git/install/kuka_launch_pkg/share/kuka_launch_pkg/hook/ament_prefix_path.sh'
[4.129s] INFO:colcon.colcon_core.shell:Skip shell extension 'powershell' for command environment: Not usable outside of PowerShell
[4.129s] DEBUG:colcon.colcon_core.shell:Skip shell extension 'dsv' for command environment
[4.866s] INFO:colcon.colcon_core.task.python.build:Building Python package in '/home/geert/ros2_ws_git/src/kuka_launch_pkg'
[4.876s] INFO:colcon.colcon_core.shell:Skip shell extension 'powershell' for command environment: Not usable outside of PowerShell
[4.876s] DEBUG:colcon.colcon_core.shell:Skip shell extension 'dsv' for command environment
[5.577s] DEBUG:colcon.colcon_core.event_handler.log_command:Invoking command in '/home/geert/ros2_ws_git/src/kuka_launch_pkg': PYTHONPATH=/home/geert/ros2_ws_git/build/kuka_launch_pkg/prefix_override:/home/geert/ros2_ws_git/install/kuka_launch_pkg/lib/python3.10/site-packages:${PYTHONPATH} /usr/bin/python3 setup.py egg_info --egg-base ../../build/kuka_launch_pkg build --build-base /home/geert/ros2_ws_git/build/kuka_launch_pkg/build install --record /home/geert/ros2_ws_git/build/kuka_launch_pkg/install.log --single-version-externally-managed
[6.078s] Level 1:colcon.colcon_core.environment:checking '/home/geert/ros2_ws_git/install/kuka_launch_pkg' for CMake module files
[6.079s] DEBUG:colcon.colcon_core.event_handler.log_command:Invoked command in '/home/geert/ros2_ws_git/src/kuka_launch_pkg' returned '0': PYTHONPATH=/home/geert/ros2_ws_git/build/kuka_launch_pkg/prefix_override:/home/geert/ros2_ws_git/install/kuka_launch_pkg/lib/python3.10/site-packages:${PYTHONPATH} /usr/bin/python3 setup.py egg_info --egg-base ../../build/kuka_launch_pkg build --build-base /home/geert/ros2_ws_git/build/kuka_launch_pkg/build install --record /home/geert/ros2_ws_git/build/kuka_launch_pkg/install.log --single-version-externally-managed
[6.079s] Level 1:colcon.colcon_core.environment:checking '/home/geert/ros2_ws_git/install/kuka_launch_pkg' for CMake config files
[6.080s] Level 1:colcon.colcon_core.environment:checking '/home/geert/ros2_ws_git/install/kuka_launch_pkg/lib'
[6.080s] Level 1:colcon.colcon_core.environment:checking '/home/geert/ros2_ws_git/install/kuka_launch_pkg/bin'
[6.080s] Level 1:colcon.colcon_core.environment:checking '/home/geert/ros2_ws_git/install/kuka_launch_pkg/lib/pkgconfig/kuka_launch_pkg.pc'
[6.080s] Level 1:colcon.colcon_core.environment:checking '/home/geert/ros2_ws_git/install/kuka_launch_pkg/lib/python3.10/site-packages'
[6.080s] Level 1:colcon.colcon_core.shell:create_environment_hook('kuka_launch_pkg', 'pythonpath')
[6.082s] INFO:colcon.colcon_core.shell:Creating environment hook '/home/geert/ros2_ws_git/install/kuka_launch_pkg/share/kuka_launch_pkg/hook/pythonpath.ps1'
[6.083s] INFO:colcon.colcon_core.shell:Creating environment descriptor '/home/geert/ros2_ws_git/install/kuka_launch_pkg/share/kuka_launch_pkg/hook/pythonpath.dsv'
[6.084s] INFO:colcon.colcon_core.shell:Creating environment hook '/home/geert/ros2_ws_git/install/kuka_launch_pkg/share/kuka_launch_pkg/hook/pythonpath.sh'
[6.084s] Level 1:colcon.colcon_core.environment:checking '/home/geert/ros2_ws_git/install/kuka_launch_pkg/bin'
[6.085s] Level 1:colcon.colcon_core.environment:create_environment_scripts_only(kuka_launch_pkg)
[6.087s] INFO:colcon.colcon_core.shell:Creating package script '/home/geert/ros2_ws_git/install/kuka_launch_pkg/share/kuka_launch_pkg/package.ps1'
[6.087s] INFO:colcon.colcon_core.shell:Creating package descriptor '/home/geert/ros2_ws_git/install/kuka_launch_pkg/share/kuka_launch_pkg/package.dsv'
[6.088s] INFO:colcon.colcon_core.shell:Creating package script '/home/geert/ros2_ws_git/install/kuka_launch_pkg/share/kuka_launch_pkg/package.sh'
[6.088s] INFO:colcon.colcon_core.shell:Creating package script '/home/geert/ros2_ws_git/install/kuka_launch_pkg/share/kuka_launch_pkg/package.bash'
[6.089s] INFO:colcon.colcon_core.shell:Creating package script '/home/geert/ros2_ws_git/install/kuka_launch_pkg/share/kuka_launch_pkg/package.zsh'
[6.089s] Level 1:colcon.colcon_core.environment:create_file_with_runtime_dependencies(/home/geert/ros2_ws_git/install/kuka_launch_pkg/share/colcon-core/packages/kuka_launch_pkg)
[6.091s] INFO:colcon.colcon_ros.task.ament_python.build:Building ROS package in '/home/geert/ros2_ws_git/src/data_visualiser_pkg' with build type 'ament_python'
[6.091s] Level 1:colcon.colcon_core.shell:create_environment_hook('data_visualiser_pkg', 'ament_prefix_path')
[6.093s] INFO:colcon.colcon_core.shell:Creating environment hook '/home/geert/ros2_ws_git/install/data_visualiser_pkg/share/data_visualiser_pkg/hook/ament_prefix_path.ps1'
[6.093s] INFO:colcon.colcon_core.shell:Creating environment descriptor '/home/geert/ros2_ws_git/install/data_visualiser_pkg/share/data_visualiser_pkg/hook/ament_prefix_path.dsv'
[6.094s] INFO:colcon.colcon_core.shell:Creating environment hook '/home/geert/ros2_ws_git/install/data_visualiser_pkg/share/data_visualiser_pkg/hook/ament_prefix_path.sh'
[6.096s] INFO:colcon.colcon_core.shell:Skip shell extension 'powershell' for command environment: Not usable outside of PowerShell
[6.096s] DEBUG:colcon.colcon_core.shell:Skip shell extension 'dsv' for command environment
[6.531s] INFO:colcon.colcon_core.task.python.build:Building Python package in '/home/geert/ros2_ws_git/src/data_visualiser_pkg'
[6.533s] INFO:colcon.colcon_core.shell:Skip shell extension 'powershell' for command environment: Not usable outside of PowerShell
[6.533s] DEBUG:colcon.colcon_core.shell:Skip shell extension 'dsv' for command environment
[7.213s] DEBUG:colcon.colcon_core.event_handler.log_command:Invoking command in '/home/geert/ros2_ws_git/src/data_visualiser_pkg': AMENT_PREFIX_PATH=/home/geert/ros2_ws_git/install/kuka_msgs_pkg:${AMENT_PREFIX_PATH} PYTHONPATH=/home/geert/ros2_ws_git/build/data_visualiser_pkg/prefix_override:/home/geert/ros2_ws_git/install/data_visualiser_pkg/lib/python3.10/site-packages:/home/geert/ros2_ws_git/install/kuka_msgs_pkg/lib/python3.10/site-packages:${PYTHONPATH} /usr/bin/python3 setup.py egg_info --egg-base ../../build/data_visualiser_pkg build --build-base /home/geert/ros2_ws_git/build/data_visualiser_pkg/build install --record /home/geert/ros2_ws_git/build/data_visualiser_pkg/install.log --single-version-externally-managed
[7.711s] Level 1:colcon.colcon_core.environment:checking '/home/geert/ros2_ws_git/install/data_visualiser_pkg' for CMake module files
[7.712s] DEBUG:colcon.colcon_core.event_handler.log_command:Invoked command in '/home/geert/ros2_ws_git/src/data_visualiser_pkg' returned '0': AMENT_PREFIX_PATH=/home/geert/ros2_ws_git/install/kuka_msgs_pkg:${AMENT_PREFIX_PATH} PYTHONPATH=/home/geert/ros2_ws_git/build/data_visualiser_pkg/prefix_override:/home/geert/ros2_ws_git/install/data_visualiser_pkg/lib/python3.10/site-packages:/home/geert/ros2_ws_git/install/kuka_msgs_pkg/lib/python3.10/site-packages:${PYTHONPATH} /usr/bin/python3 setup.py egg_info --egg-base ../../build/data_visualiser_pkg build --build-base /home/geert/ros2_ws_git/build/data_visualiser_pkg/build install --record /home/geert/ros2_ws_git/build/data_visualiser_pkg/install.log --single-version-externally-managed
[7.712s] Level 1:colcon.colcon_core.environment:checking '/home/geert/ros2_ws_git/install/data_visualiser_pkg' for CMake config files
[7.713s] Level 1:colcon.colcon_core.environment:checking '/home/geert/ros2_ws_git/install/data_visualiser_pkg/lib'
[7.713s] Level 1:colcon.colcon_core.environment:checking '/home/geert/ros2_ws_git/install/data_visualiser_pkg/bin'
[7.713s] Level 1:colcon.colcon_core.environment:checking '/home/geert/ros2_ws_git/install/data_visualiser_pkg/lib/pkgconfig/data_visualiser_pkg.pc'
[7.714s] Level 1:colcon.colcon_core.environment:checking '/home/geert/ros2_ws_git/install/data_visualiser_pkg/lib/python3.10/site-packages'
[7.714s] Level 1:colcon.colcon_core.shell:create_environment_hook('data_visualiser_pkg', 'pythonpath')
[7.716s] INFO:colcon.colcon_core.shell:Creating environment hook '/home/geert/ros2_ws_git/install/data_visualiser_pkg/share/data_visualiser_pkg/hook/pythonpath.ps1'
[7.716s] INFO:colcon.colcon_core.shell:Creating environment descriptor '/home/geert/ros2_ws_git/install/data_visualiser_pkg/share/data_visualiser_pkg/hook/pythonpath.dsv'
[7.717s] INFO:colcon.colcon_core.shell:Creating environment hook '/home/geert/ros2_ws_git/install/data_visualiser_pkg/share/data_visualiser_pkg/hook/pythonpath.sh'
[7.717s] Level 1:colcon.colcon_core.environment:checking '/home/geert/ros2_ws_git/install/data_visualiser_pkg/bin'
[7.718s] Level 1:colcon.colcon_core.environment:create_environment_scripts_only(data_visualiser_pkg)
[7.723s] INFO:colcon.colcon_core.shell:Creating package script '/home/geert/ros2_ws_git/install/data_visualiser_pkg/share/data_visualiser_pkg/package.ps1'
[7.724s] INFO:colcon.colcon_core.shell:Creating package descriptor '/home/geert/ros2_ws_git/install/data_visualiser_pkg/share/data_visualiser_pkg/package.dsv'
[7.724s] INFO:colcon.colcon_core.shell:Creating package script '/home/geert/ros2_ws_git/install/data_visualiser_pkg/share/data_visualiser_pkg/package.sh'
[7.725s] INFO:colcon.colcon_core.shell:Creating package script '/home/geert/ros2_ws_git/install/data_visualiser_pkg/share/data_visualiser_pkg/package.bash'
[7.725s] INFO:colcon.colcon_core.shell:Creating package script '/home/geert/ros2_ws_git/install/data_visualiser_pkg/share/data_visualiser_pkg/package.zsh'
[7.725s] Level 1:colcon.colcon_core.environment:create_file_with_runtime_dependencies(/home/geert/ros2_ws_git/install/data_visualiser_pkg/share/colcon-core/packages/data_visualiser_pkg)
[7.727s] INFO:colcon.colcon_ros.task.ament_python.build:Building ROS package in '/home/geert/ros2_ws_git/src/serial_communication_pkg' with build type 'ament_python'
[7.727s] Level 1:colcon.colcon_core.shell:create_environment_hook('serial_communication_pkg', 'ament_prefix_path')
[7.735s] INFO:colcon.colcon_core.shell:Creating environment hook '/home/geert/ros2_ws_git/install/serial_communication_pkg/share/serial_communication_pkg/hook/ament_prefix_path.ps1'
[7.736s] INFO:colcon.colcon_core.shell:Creating environment descriptor '/home/geert/ros2_ws_git/install/serial_communication_pkg/share/serial_communication_pkg/hook/ament_prefix_path.dsv'
[7.737s] INFO:colcon.colcon_core.shell:Creating environment hook '/home/geert/ros2_ws_git/install/serial_communication_pkg/share/serial_communication_pkg/hook/ament_prefix_path.sh'
[7.741s] INFO:colcon.colcon_core.shell:Skip shell extension 'powershell' for command environment: Not usable outside of PowerShell
[7.741s] DEBUG:colcon.colcon_core.shell:Skip shell extension 'dsv' for command environment
[8.545s] INFO:colcon.colcon_core.task.python.build:Building Python package in '/home/geert/ros2_ws_git/src/serial_communication_pkg'
[8.551s] INFO:colcon.colcon_core.shell:Skip shell extension 'powershell' for command environment: Not usable outside of PowerShell
[8.551s] DEBUG:colcon.colcon_core.shell:Skip shell extension 'dsv' for command environment
[9.689s] DEBUG:colcon.colcon_core.event_handler.log_command:Invoking command in '/home/geert/ros2_ws_git/src/serial_communication_pkg': AMENT_PREFIX_PATH=/home/geert/ros2_ws_git/install/kuka_msgs_pkg:${AMENT_PREFIX_PATH} PYTHONPATH=/home/geert/ros2_ws_git/build/serial_communication_pkg/prefix_override:/home/geert/ros2_ws_git/install/serial_communication_pkg/lib/python3.10/site-packages:/home/geert/ros2_ws_git/install/kuka_msgs_pkg/lib/python3.10/site-packages:${PYTHONPATH} /usr/bin/python3 setup.py egg_info --egg-base ../../build/serial_communication_pkg build --build-base /home/geert/ros2_ws_git/build/serial_communication_pkg/build install --record /home/geert/ros2_ws_git/build/serial_communication_pkg/install.log --single-version-externally-managed
[10.266s] Level 1:colcon.colcon_core.environment:checking '/home/geert/ros2_ws_git/install/serial_communication_pkg' for CMake module files
[10.267s] DEBUG:colcon.colcon_core.event_handler.log_command:Invoked command in '/home/geert/ros2_ws_git/src/serial_communication_pkg' returned '0': AMENT_PREFIX_PATH=/home/geert/ros2_ws_git/install/kuka_msgs_pkg:${AMENT_PREFIX_PATH} PYTHONPATH=/home/geert/ros2_ws_git/build/serial_communication_pkg/prefix_override:/home/geert/ros2_ws_git/install/serial_communication_pkg/lib/python3.10/site-packages:/home/geert/ros2_ws_git/install/kuka_msgs_pkg/lib/python3.10/site-packages:${PYTHONPATH} /usr/bin/python3 setup.py egg_info --egg-base ../../build/serial_communication_pkg build --build-base /home/geert/ros2_ws_git/build/serial_communication_pkg/build install --record /home/geert/ros2_ws_git/build/serial_communication_pkg/install.log --single-version-externally-managed
[10.267s] Level 1:colcon.colcon_core.environment:checking '/home/geert/ros2_ws_git/install/serial_communication_pkg' for CMake config files
[10.273s] Level 1:colcon.colcon_core.environment:checking '/home/geert/ros2_ws_git/install/serial_communication_pkg/lib'
[10.273s] Level 1:colcon.colcon_core.environment:checking '/home/geert/ros2_ws_git/install/serial_communication_pkg/bin'
[10.274s] Level 1:colcon.colcon_core.environment:checking '/home/geert/ros2_ws_git/install/serial_communication_pkg/lib/pkgconfig/serial_communication_pkg.pc'
[10.274s] Level 1:colcon.colcon_core.environment:checking '/home/geert/ros2_ws_git/install/serial_communication_pkg/lib/python3.10/site-packages'
[10.274s] Level 1:colcon.colcon_core.shell:create_environment_hook('serial_communication_pkg', 'pythonpath')
[10.276s] INFO:colcon.colcon_core.shell:Creating environment hook '/home/geert/ros2_ws_git/install/serial_communication_pkg/share/serial_communication_pkg/hook/pythonpath.ps1'
[10.285s] INFO:colcon.colcon_core.shell:Creating environment descriptor '/home/geert/ros2_ws_git/install/serial_communication_pkg/share/serial_communication_pkg/hook/pythonpath.dsv'
[10.285s] INFO:colcon.colcon_core.shell:Creating environment hook '/home/geert/ros2_ws_git/install/serial_communication_pkg/share/serial_communication_pkg/hook/pythonpath.sh'
[10.286s] Level 1:colcon.colcon_core.environment:checking '/home/geert/ros2_ws_git/install/serial_communication_pkg/bin'
[10.286s] Level 1:colcon.colcon_core.environment:create_environment_scripts_only(serial_communication_pkg)
[10.292s] INFO:colcon.colcon_core.shell:Creating package script '/home/geert/ros2_ws_git/install/serial_communication_pkg/share/serial_communication_pkg/package.ps1'
[10.293s] INFO:colcon.colcon_core.shell:Creating package descriptor '/home/geert/ros2_ws_git/install/serial_communication_pkg/share/serial_communication_pkg/package.dsv'
[10.293s] INFO:colcon.colcon_core.shell:Creating package script '/home/geert/ros2_ws_git/install/serial_communication_pkg/share/serial_communication_pkg/package.sh'
[10.294s] INFO:colcon.colcon_core.shell:Creating package script '/home/geert/ros2_ws_git/install/serial_communication_pkg/share/serial_communication_pkg/package.bash'
[10.294s] INFO:colcon.colcon_core.shell:Creating package script '/home/geert/ros2_ws_git/install/serial_communication_pkg/share/serial_communication_pkg/package.zsh'
[10.295s] Level 1:colcon.colcon_core.environment:create_file_with_runtime_dependencies(/home/geert/ros2_ws_git/install/serial_communication_pkg/share/colcon-core/packages/serial_communication_pkg)
[10.299s] DEBUG:colcon.colcon_parallel_executor.executor.parallel:closing loop
[10.299s] DEBUG:colcon.colcon_parallel_executor.executor.parallel:loop closed
[10.299s] DEBUG:colcon.colcon_parallel_executor.executor.parallel:run_until_complete finished with '0'
[10.299s] DEBUG:colcon.colcon_core.event_reactor:joining thread
[10.311s] INFO:colcon.colcon_core.plugin_system:Skipping extension 'colcon_notification.desktop_notification.terminal_notifier': Not used on non-Darwin systems
[10.311s] INFO:colcon.colcon_core.plugin_system:Skipping extension 'colcon_notification.desktop_notification.win32': Not used on non-Windows systems
[10.311s] INFO:colcon.colcon_notification.desktop_notification:Sending desktop notification using 'notify2'
[10.341s] DEBUG:colcon.colcon_core.event_reactor:joined thread
[10.344s] INFO:colcon.colcon_core.shell:Creating prefix script '/home/geert/ros2_ws_git/install/local_setup.ps1'
[10.345s] INFO:colcon.colcon_core.shell:Creating prefix util module '/home/geert/ros2_ws_git/install/_local_setup_util_ps1.py'
[10.352s] INFO:colcon.colcon_core.shell:Creating prefix chain script '/home/geert/ros2_ws_git/install/setup.ps1'
[10.358s] INFO:colcon.colcon_core.shell:Creating prefix script '/home/geert/ros2_ws_git/install/local_setup.sh'
[10.359s] INFO:colcon.colcon_core.shell:Creating prefix util module '/home/geert/ros2_ws_git/install/_local_setup_util_sh.py'
[10.360s] INFO:colcon.colcon_core.shell:Creating prefix chain script '/home/geert/ros2_ws_git/install/setup.sh'
[10.363s] INFO:colcon.colcon_core.shell:Creating prefix script '/home/geert/ros2_ws_git/install/local_setup.bash'
[10.368s] INFO:colcon.colcon_core.shell:Creating prefix chain script '/home/geert/ros2_ws_git/install/setup.bash'
[10.370s] INFO:colcon.colcon_core.shell:Creating prefix script '/home/geert/ros2_ws_git/install/local_setup.zsh'
[10.370s] INFO:colcon.colcon_core.shell:Creating prefix chain script '/home/geert/ros2_ws_git/install/setup.zsh'
