[0.874s] Invoking command in '/home/geert/kuka-ido/ros2_ws/src/serial_communication_pkg': AMENT_PREFIX_PATH=/home/geert/ros2_ws_git/install/kuka_msgs_pkg:${AMENT_PREFIX_PATH} LD_LIBRARY_PATH=/home/geert/ros2_ws_git/install/kuka_msgs_pkg/lib:${LD_LIBRARY_PATH} PYTHONPATH=/home/geert/kuka-ido/ros2_ws/build/serial_communication_pkg/prefix_override:/home/geert/kuka-ido/ros2_ws/install/serial_communication_pkg/lib/python3.10/site-packages:/home/geert/ros2_ws_git/install/kuka_msgs_pkg/lib/python3.10/site-packages:/home/geert/kuka-ido/ros2_ws/install/kuka_msgs_pkg/lib/python3.10/site-packages:/home/geert/kuka-ido/ros2_ws/install/serial_communication_pkg/lib/python3.10/site-packages:/home/geert/kuka-ido/ros2_ws/install/data_visualiser_pkg/lib/python3.10/site-packages:/home/geert/kuka-ido/ros2_ws/install/kuka_launch_pkg/lib/python3.10/site-packages:/home/geert/kuka-ido/ros2_ws/install/joystick_to_serial_pkg/lib/python3.10/site-packages:/opt/ros/iron/lib/python3.10/site-packages /usr/bin/python3 setup.py egg_info --egg-base ../../build/serial_communication_pkg build --build-base /home/geert/kuka-ido/ros2_ws/build/serial_communication_pkg/build install --record /home/geert/kuka-ido/ros2_ws/build/serial_communication_pkg/install.log --single-version-externally-managed
[1.253s] running egg_info
[1.255s] writing ../../build/serial_communication_pkg/serial_communication_pkg.egg-info/PKG-INFO
[1.256s] writing dependency_links to ../../build/serial_communication_pkg/serial_communication_pkg.egg-info/dependency_links.txt
[1.256s] writing entry points to ../../build/serial_communication_pkg/serial_communication_pkg.egg-info/entry_points.txt
[1.256s] writing requirements to ../../build/serial_communication_pkg/serial_communication_pkg.egg-info/requires.txt
[1.257s] writing top-level names to ../../build/serial_communication_pkg/serial_communication_pkg.egg-info/top_level.txt
[1.259s] reading manifest file '../../build/serial_communication_pkg/serial_communication_pkg.egg-info/SOURCES.txt'
[1.261s] writing manifest file '../../build/serial_communication_pkg/serial_communication_pkg.egg-info/SOURCES.txt'
[1.261s] running build
[1.261s] running build_py
[1.262s] copying serial_communication_pkg/serial_communication_node.py -> /home/geert/kuka-ido/ros2_ws/build/serial_communication_pkg/build/lib/serial_communication_pkg
[1.262s] running install
[1.262s] /usr/lib/python3/dist-packages/setuptools/command/install.py:34: SetuptoolsDeprecationWarning: setup.py install is deprecated. Use build and pip and other standards-based tools.
[1.263s]   warnings.warn(
[1.263s] running install_lib
[1.264s] copying /home/geert/kuka-ido/ros2_ws/build/serial_communication_pkg/build/lib/serial_communication_pkg/serial_communication_node.py -> /home/geert/kuka-ido/ros2_ws/install/serial_communication_pkg/lib/python3.10/site-packages/serial_communication_pkg
[1.265s] byte-compiling /home/geert/kuka-ido/ros2_ws/install/serial_communication_pkg/lib/python3.10/site-packages/serial_communication_pkg/serial_communication_node.py to serial_communication_node.cpython-310.pyc
[1.265s] Sorry: TabError: inconsistent use of tabs and spaces in indentation (serial_communication_node.py, line 19)
[1.265s] running install_data
[1.266s] copying package.xml -> /home/geert/kuka-ido/ros2_ws/install/serial_communication_pkg/share/serial_communication_pkg
[1.266s] running install_egg_info
[1.268s] removing '/home/geert/kuka-ido/ros2_ws/install/serial_communication_pkg/lib/python3.10/site-packages/serial_communication_pkg-0.0.0-py3.10.egg-info' (and everything under it)
[1.269s] Copying ../../build/serial_communication_pkg/serial_communication_pkg.egg-info to /home/geert/kuka-ido/ros2_ws/install/serial_communication_pkg/lib/python3.10/site-packages/serial_communication_pkg-0.0.0-py3.10.egg-info
[1.270s] running install_scripts
[1.296s] Installing serial_communication_node script to /home/geert/kuka-ido/ros2_ws/install/serial_communication_pkg/lib/serial_communication_pkg
[1.297s] writing list of installed files to '/home/geert/kuka-ido/ros2_ws/build/serial_communication_pkg/install.log'
[1.325s] Invoked command in '/home/geert/kuka-ido/ros2_ws/src/serial_communication_pkg' returned '0': AMENT_PREFIX_PATH=/home/geert/ros2_ws_git/install/kuka_msgs_pkg:${AMENT_PREFIX_PATH} LD_LIBRARY_PATH=/home/geert/ros2_ws_git/install/kuka_msgs_pkg/lib:${LD_LIBRARY_PATH} PYTHONPATH=/home/geert/kuka-ido/ros2_ws/build/serial_communication_pkg/prefix_override:/home/geert/kuka-ido/ros2_ws/install/serial_communication_pkg/lib/python3.10/site-packages:/home/geert/ros2_ws_git/install/kuka_msgs_pkg/lib/python3.10/site-packages:/home/geert/kuka-ido/ros2_ws/install/kuka_msgs_pkg/lib/python3.10/site-packages:/home/geert/kuka-ido/ros2_ws/install/serial_communication_pkg/lib/python3.10/site-packages:/home/geert/kuka-ido/ros2_ws/install/data_visualiser_pkg/lib/python3.10/site-packages:/home/geert/kuka-ido/ros2_ws/install/kuka_launch_pkg/lib/python3.10/site-packages:/home/geert/kuka-ido/ros2_ws/install/joystick_to_serial_pkg/lib/python3.10/site-packages:/opt/ros/iron/lib/python3.10/site-packages /usr/bin/python3 setup.py egg_info --egg-base ../../build/serial_communication_pkg build --build-base /home/geert/kuka-ido/ros2_ws/build/serial_communication_pkg/build install --record /home/geert/kuka-ido/ros2_ws/build/serial_communication_pkg/install.log --single-version-externally-managed
