[0.879s] Invoking command in '/home/geert/ros2_ws_git/src/data_visualiser_pkg': AMENT_PREFIX_PATH=/home/geert/ros2_ws_git/install/kuka_msgs_pkg:${AMENT_PREFIX_PATH} PYTHONPATH=/home/geert/ros2_ws_git/build/data_visualiser_pkg/prefix_override:/home/geert/ros2_ws_git/install/data_visualiser_pkg/lib/python3.10/site-packages:/home/geert/ros2_ws_git/install/kuka_msgs_pkg/lib/python3.10/site-packages:${PYTHONPATH} /usr/bin/python3 setup.py egg_info --egg-base ../../build/data_visualiser_pkg build --build-base /home/geert/ros2_ws_git/build/data_visualiser_pkg/build install --record /home/geert/ros2_ws_git/build/data_visualiser_pkg/install.log --single-version-externally-managed
[1.249s] running egg_info
[1.250s] writing ../../build/data_visualiser_pkg/data_visualiser_pkg.egg-info/PKG-INFO
[1.251s] writing dependency_links to ../../build/data_visualiser_pkg/data_visualiser_pkg.egg-info/dependency_links.txt
[1.251s] writing entry points to ../../build/data_visualiser_pkg/data_visualiser_pkg.egg-info/entry_points.txt
[1.252s] writing requirements to ../../build/data_visualiser_pkg/data_visualiser_pkg.egg-info/requires.txt
[1.252s] writing top-level names to ../../build/data_visualiser_pkg/data_visualiser_pkg.egg-info/top_level.txt
[1.255s] reading manifest file '../../build/data_visualiser_pkg/data_visualiser_pkg.egg-info/SOURCES.txt'
[1.256s] writing manifest file '../../build/data_visualiser_pkg/data_visualiser_pkg.egg-info/SOURCES.txt'
[1.257s] running build
[1.257s] running build_py
[1.258s] running install
[1.258s] /usr/lib/python3/dist-packages/setuptools/command/install.py:34: SetuptoolsDeprecationWarning: setup.py install is deprecated. Use build and pip and other standards-based tools.
[1.258s]   warnings.warn(
[1.259s] running install_lib
[1.260s] running install_data
[1.261s] running install_egg_info
[1.263s] removing '/home/geert/ros2_ws_git/install/data_visualiser_pkg/lib/python3.10/site-packages/data_visualiser_pkg-0.0.0-py3.10.egg-info' (and everything under it)
[1.264s] Copying ../../build/data_visualiser_pkg/data_visualiser_pkg.egg-info to /home/geert/ros2_ws_git/install/data_visualiser_pkg/lib/python3.10/site-packages/data_visualiser_pkg-0.0.0-py3.10.egg-info
[1.265s] running install_scripts
[1.294s] Installing data_visualiser_node script to /home/geert/ros2_ws_git/install/data_visualiser_pkg/lib/data_visualiser_pkg
[1.295s] writing list of installed files to '/home/geert/ros2_ws_git/build/data_visualiser_pkg/install.log'
[1.331s] Invoked command in '/home/geert/ros2_ws_git/src/data_visualiser_pkg' returned '0': AMENT_PREFIX_PATH=/home/geert/ros2_ws_git/install/kuka_msgs_pkg:${AMENT_PREFIX_PATH} PYTHONPATH=/home/geert/ros2_ws_git/build/data_visualiser_pkg/prefix_override:/home/geert/ros2_ws_git/install/data_visualiser_pkg/lib/python3.10/site-packages:/home/geert/ros2_ws_git/install/kuka_msgs_pkg/lib/python3.10/site-packages:${PYTHONPATH} /usr/bin/python3 setup.py egg_info --egg-base ../../build/data_visualiser_pkg build --build-base /home/geert/ros2_ws_git/build/data_visualiser_pkg/build install --record /home/geert/ros2_ws_git/build/data_visualiser_pkg/install.log --single-version-externally-managed
