[0.947s] Invoking command in '/home/geert/ros2_ws_git/src/kuka_launch_pkg': PYTHONPATH=/home/geert/ros2_ws_git/build/kuka_launch_pkg/prefix_override:/home/geert/ros2_ws_git/install/kuka_launch_pkg/lib/python3.10/site-packages:${PYTHONPATH} /usr/bin/python3 setup.py egg_info --egg-base ../../build/kuka_launch_pkg build --build-base /home/geert/ros2_ws_git/build/kuka_launch_pkg/build install --record /home/geert/ros2_ws_git/build/kuka_launch_pkg/install.log --single-version-externally-managed
[1.320s] running egg_info
[1.321s] writing ../../build/kuka_launch_pkg/kuka_launch_pkg.egg-info/PKG-INFO
[1.322s] writing dependency_links to ../../build/kuka_launch_pkg/kuka_launch_pkg.egg-info/dependency_links.txt
[1.322s] writing entry points to ../../build/kuka_launch_pkg/kuka_launch_pkg.egg-info/entry_points.txt
[1.322s] writing requirements to ../../build/kuka_launch_pkg/kuka_launch_pkg.egg-info/requires.txt
[1.323s] writing top-level names to ../../build/kuka_launch_pkg/kuka_launch_pkg.egg-info/top_level.txt
[1.325s] reading manifest file '../../build/kuka_launch_pkg/kuka_launch_pkg.egg-info/SOURCES.txt'
[1.326s] writing manifest file '../../build/kuka_launch_pkg/kuka_launch_pkg.egg-info/SOURCES.txt'
[1.327s] running build
[1.327s] running build_py
[1.327s] running install
[1.328s] /usr/lib/python3/dist-packages/setuptools/command/install.py:34: SetuptoolsDeprecationWarning: setup.py install is deprecated. Use build and pip and other standards-based tools.
[1.328s]   warnings.warn(
[1.329s] running install_lib
[1.330s] running install_data
[1.331s] running install_egg_info
[1.333s] removing '/home/geert/ros2_ws_git/install/kuka_launch_pkg/lib/python3.10/site-packages/kuka_launch_pkg-0.0.0-py3.10.egg-info' (and everything under it)
[1.335s] Copying ../../build/kuka_launch_pkg/kuka_launch_pkg.egg-info to /home/geert/ros2_ws_git/install/kuka_launch_pkg/lib/python3.10/site-packages/kuka_launch_pkg-0.0.0-py3.10.egg-info
[1.337s] running install_scripts
[1.372s] writing list of installed files to '/home/geert/ros2_ws_git/build/kuka_launch_pkg/install.log'
[1.408s] Invoked command in '/home/geert/ros2_ws_git/src/kuka_launch_pkg' returned '0': PYTHONPATH=/home/geert/ros2_ws_git/build/kuka_launch_pkg/prefix_override:/home/geert/ros2_ws_git/install/kuka_launch_pkg/lib/python3.10/site-packages:${PYTHONPATH} /usr/bin/python3 setup.py egg_info --egg-base ../../build/kuka_launch_pkg build --build-base /home/geert/ros2_ws_git/build/kuka_launch_pkg/build install --record /home/geert/ros2_ws_git/build/kuka_launch_pkg/install.log --single-version-externally-managed
