[1.027s] Invoking command in '/home/geert/ros2_ws_git/src/kuka_msgs_pkg': PYTHONPATH=/home/geert/ros2_ws_git/build/kuka_msgs_pkg/prefix_override:/home/geert/ros2_ws_git/install/kuka_msgs_pkg/lib/python3.10/site-packages:${PYTHONPATH} /usr/bin/python3 setup.py egg_info --egg-base ../../build/kuka_msgs_pkg build --build-base /home/geert/ros2_ws_git/build/kuka_msgs_pkg/build install --record /home/geert/ros2_ws_git/build/kuka_msgs_pkg/install.log --single-version-externally-managed
[1.419s] running egg_info
[1.421s] writing ../../build/kuka_msgs_pkg/kuka_msgs_pkg.egg-info/PKG-INFO
[1.421s] writing dependency_links to ../../build/kuka_msgs_pkg/kuka_msgs_pkg.egg-info/dependency_links.txt
[1.421s] writing entry points to ../../build/kuka_msgs_pkg/kuka_msgs_pkg.egg-info/entry_points.txt
[1.422s] writing requirements to ../../build/kuka_msgs_pkg/kuka_msgs_pkg.egg-info/requires.txt
[1.422s] writing top-level names to ../../build/kuka_msgs_pkg/kuka_msgs_pkg.egg-info/top_level.txt
[1.425s] reading manifest file '../../build/kuka_msgs_pkg/kuka_msgs_pkg.egg-info/SOURCES.txt'
[1.426s] writing manifest file '../../build/kuka_msgs_pkg/kuka_msgs_pkg.egg-info/SOURCES.txt'
[1.426s] running build
[1.427s] running build_py
[1.427s] running install
[1.427s] /usr/lib/python3/dist-packages/setuptools/command/install.py:34: SetuptoolsDeprecationWarning: setup.py install is deprecated. Use build and pip and other standards-based tools.
[1.427s]   warnings.warn(
[1.428s] running install_lib
[1.430s] running install_data
[1.432s] running install_egg_info
[1.434s] removing '/home/geert/ros2_ws_git/install/kuka_msgs_pkg/lib/python3.10/site-packages/kuka_msgs_pkg-0.0.0-py3.10.egg-info' (and everything under it)
[1.434s] Copying ../../build/kuka_msgs_pkg/kuka_msgs_pkg.egg-info to /home/geert/ros2_ws_git/install/kuka_msgs_pkg/lib/python3.10/site-packages/kuka_msgs_pkg-0.0.0-py3.10.egg-info
[1.436s] running install_scripts
[1.470s] writing list of installed files to '/home/geert/ros2_ws_git/build/kuka_msgs_pkg/install.log'
[1.496s] Invoked command in '/home/geert/ros2_ws_git/src/kuka_msgs_pkg' returned '0': PYTHONPATH=/home/geert/ros2_ws_git/build/kuka_msgs_pkg/prefix_override:/home/geert/ros2_ws_git/install/kuka_msgs_pkg/lib/python3.10/site-packages:${PYTHONPATH} /usr/bin/python3 setup.py egg_info --egg-base ../../build/kuka_msgs_pkg build --build-base /home/geert/ros2_ws_git/build/kuka_msgs_pkg/build install --record /home/geert/ros2_ws_git/build/kuka_msgs_pkg/install.log --single-version-externally-managed
