running egg_info
writing ../../build/serial_communication_pkg/serial_communication_pkg.egg-info/PKG-INFO
writing dependency_links to ../../build/serial_communication_pkg/serial_communication_pkg.egg-info/dependency_links.txt
writing entry points to ../../build/serial_communication_pkg/serial_communication_pkg.egg-info/entry_points.txt
writing requirements to ../../build/serial_communication_pkg/serial_communication_pkg.egg-info/requires.txt
writing top-level names to ../../build/serial_communication_pkg/serial_communication_pkg.egg-info/top_level.txt
reading manifest file '../../build/serial_communication_pkg/serial_communication_pkg.egg-info/SOURCES.txt'
writing manifest file '../../build/serial_communication_pkg/serial_communication_pkg.egg-info/SOURCES.txt'
running build
running build_py
running install
/usr/lib/python3/dist-packages/setuptools/command/install.py:34: SetuptoolsDeprecationWarning: setup.py install is deprecated. Use build and pip and other standards-based tools.
  warnings.warn(
running install_lib
running install_data
running install_egg_info
removing '/home/geert/kuka-ido/ros2_ws_kuka/install/serial_communication_pkg/lib/python3.10/site-packages/serial_communication_pkg-0.0.0-py3.10.egg-info' (and everything under it)
Copying ../../build/serial_communication_pkg/serial_communication_pkg.egg-info to /home/geert/kuka-ido/ros2_ws_kuka/install/serial_communication_pkg/lib/python3.10/site-packages/serial_communication_pkg-0.0.0-py3.10.egg-info
running install_scripts
Installing serial_communication_node script to /home/geert/kuka-ido/ros2_ws_kuka/install/serial_communication_pkg/lib/serial_communication_pkg
writing list of installed files to '/home/geert/kuka-ido/ros2_ws_kuka/build/serial_communication_pkg/install.log'
