[0.798s] Invoking command in '/home/geert/kuka-ido/ros2_ws_kuka/src/serial_communication_pkg': AMENT_PREFIX_PATH=/home/geert/ros2_ws_git/install/kuka_msgs_pkg:${AMENT_PREFIX_PATH} CMAKE_PREFIX_PATH=/home/geert/kuka-ido/ros2_ws_kuka/install/kuka_msgs_pkg LD_LIBRARY_PATH=/home/geert/ros2_ws_git/install/kuka_msgs_pkg/lib:/home/geert/kuka-ido/ros2_ws_kuka/install/kuka_msgs_pkg/lib:${LD_LIBRARY_PATH} PYTHONPATH=/home/geert/kuka-ido/ros2_ws_kuka/build/serial_communication_pkg/prefix_override:/home/geert/kuka-ido/ros2_ws_kuka/install/serial_communication_pkg/lib/python3.10/site-packages:/home/geert/ros2_ws_git/install/kuka_msgs_pkg/lib/python3.10/site-packages:/home/geert/kuka-ido/ros2_ws_kuka/install/kuka_msgs_pkg/lib/python3.10/site-packages:${PYTHONPATH} /usr/bin/python3 setup.py egg_info --egg-base ../../build/serial_communication_pkg build --build-base /home/geert/kuka-ido/ros2_ws_kuka/build/serial_communication_pkg/build install --record /home/geert/kuka-ido/ros2_ws_kuka/build/serial_communication_pkg/install.log --single-version-externally-managed
[1.123s] running egg_info
[1.124s] writing ../../build/serial_communication_pkg/serial_communication_pkg.egg-info/PKG-INFO
[1.125s] writing dependency_links to ../../build/serial_communication_pkg/serial_communication_pkg.egg-info/dependency_links.txt
[1.125s] writing entry points to ../../build/serial_communication_pkg/serial_communication_pkg.egg-info/entry_points.txt
[1.126s] writing requirements to ../../build/serial_communication_pkg/serial_communication_pkg.egg-info/requires.txt
[1.126s] writing top-level names to ../../build/serial_communication_pkg/serial_communication_pkg.egg-info/top_level.txt
[1.128s] reading manifest file '../../build/serial_communication_pkg/serial_communication_pkg.egg-info/SOURCES.txt'
[1.130s] writing manifest file '../../build/serial_communication_pkg/serial_communication_pkg.egg-info/SOURCES.txt'
[1.130s] running build
[1.130s] running build_py
[1.131s] running install
[1.131s] /usr/lib/python3/dist-packages/setuptools/command/install.py:34: SetuptoolsDeprecationWarning: setup.py install is deprecated. Use build and pip and other standards-based tools.
[1.131s]   warnings.warn(
[1.131s] running install_lib
[1.133s] running install_data
[1.133s] running install_egg_info
[1.135s] removing '/home/geert/kuka-ido/ros2_ws_kuka/install/serial_communication_pkg/lib/python3.10/site-packages/serial_communication_pkg-0.0.0-py3.10.egg-info' (and everything under it)
[1.135s] Copying ../../build/serial_communication_pkg/serial_communication_pkg.egg-info to /home/geert/kuka-ido/ros2_ws_kuka/install/serial_communication_pkg/lib/python3.10/site-packages/serial_communication_pkg-0.0.0-py3.10.egg-info
[1.136s] running install_scripts
[1.166s] Installing serial_communication_node script to /home/geert/kuka-ido/ros2_ws_kuka/install/serial_communication_pkg/lib/serial_communication_pkg
[1.166s] writing list of installed files to '/home/geert/kuka-ido/ros2_ws_kuka/build/serial_communication_pkg/install.log'
[1.195s] Invoked command in '/home/geert/kuka-ido/ros2_ws_kuka/src/serial_communication_pkg' returned '0': AMENT_PREFIX_PATH=/home/geert/ros2_ws_git/install/kuka_msgs_pkg:${AMENT_PREFIX_PATH} CMAKE_PREFIX_PATH=/home/geert/kuka-ido/ros2_ws_kuka/install/kuka_msgs_pkg LD_LIBRARY_PATH=/home/geert/ros2_ws_git/install/kuka_msgs_pkg/lib:/home/geert/kuka-ido/ros2_ws_kuka/install/kuka_msgs_pkg/lib:${LD_LIBRARY_PATH} PYTHONPATH=/home/geert/kuka-ido/ros2_ws_kuka/build/serial_communication_pkg/prefix_override:/home/geert/kuka-ido/ros2_ws_kuka/install/serial_communication_pkg/lib/python3.10/site-packages:/home/geert/ros2_ws_git/install/kuka_msgs_pkg/lib/python3.10/site-packages:/home/geert/kuka-ido/ros2_ws_kuka/install/kuka_msgs_pkg/lib/python3.10/site-packages:${PYTHONPATH} /usr/bin/python3 setup.py egg_info --egg-base ../../build/serial_communication_pkg build --build-base /home/geert/kuka-ido/ros2_ws_kuka/build/serial_communication_pkg/build install --record /home/geert/kuka-ido/ros2_ws_kuka/build/serial_communication_pkg/install.log --single-version-externally-managed
