[0.903s] Invoking command in '/home/geert/kuka-ido/ros2_ws_kuka/src/joystick_to_serial_pkg': PYTHONPATH=/home/geert/kuka-ido/ros2_ws_kuka/build/joystick_to_serial_pkg/prefix_override:/home/geert/kuka-ido/ros2_ws_kuka/install/joystick_to_serial_pkg/lib/python3.10/site-packages:${PYTHONPATH} /usr/bin/python3 setup.py egg_info --egg-base ../../build/joystick_to_serial_pkg build --build-base /home/geert/kuka-ido/ros2_ws_kuka/build/joystick_to_serial_pkg/build install --record /home/geert/kuka-ido/ros2_ws_kuka/build/joystick_to_serial_pkg/install.log --single-version-externally-managed
[1.231s] running egg_info
[1.232s] writing ../../build/joystick_to_serial_pkg/joystick_to_serial_pkg.egg-info/PKG-INFO
[1.232s] writing dependency_links to ../../build/joystick_to_serial_pkg/joystick_to_serial_pkg.egg-info/dependency_links.txt
[1.233s] writing entry points to ../../build/joystick_to_serial_pkg/joystick_to_serial_pkg.egg-info/entry_points.txt
[1.233s] writing requirements to ../../build/joystick_to_serial_pkg/joystick_to_serial_pkg.egg-info/requires.txt
[1.233s] writing top-level names to ../../build/joystick_to_serial_pkg/joystick_to_serial_pkg.egg-info/top_level.txt
[1.235s] reading manifest file '../../build/joystick_to_serial_pkg/joystick_to_serial_pkg.egg-info/SOURCES.txt'
[1.237s] writing manifest file '../../build/joystick_to_serial_pkg/joystick_to_serial_pkg.egg-info/SOURCES.txt'
[1.237s] running build
[1.237s] running build_py
[1.238s] running install
[1.250s] /usr/lib/python3/dist-packages/setuptools/command/install.py:34: SetuptoolsDeprecationWarning: setup.py install is deprecated. Use build and pip and other standards-based tools.
[1.251s]   warnings.warn(
[1.253s] running install_lib
[1.257s] running install_data
[1.259s] running install_egg_info
[1.262s] removing '/home/geert/kuka-ido/ros2_ws_kuka/install/joystick_to_serial_pkg/lib/python3.10/site-packages/joystick_to_serial_pkg-0.0.0-py3.10.egg-info' (and everything under it)
[1.263s] Copying ../../build/joystick_to_serial_pkg/joystick_to_serial_pkg.egg-info to /home/geert/kuka-ido/ros2_ws_kuka/install/joystick_to_serial_pkg/lib/python3.10/site-packages/joystick_to_serial_pkg-0.0.0-py3.10.egg-info
[1.265s] running install_scripts
[1.295s] Installing joystick_to_serial_node script to /home/geert/kuka-ido/ros2_ws_kuka/install/joystick_to_serial_pkg/lib/joystick_to_serial_pkg
[1.296s] writing list of installed files to '/home/geert/kuka-ido/ros2_ws_kuka/build/joystick_to_serial_pkg/install.log'
[1.322s] Invoked command in '/home/geert/kuka-ido/ros2_ws_kuka/src/joystick_to_serial_pkg' returned '0': PYTHONPATH=/home/geert/kuka-ido/ros2_ws_kuka/build/joystick_to_serial_pkg/prefix_override:/home/geert/kuka-ido/ros2_ws_kuka/install/joystick_to_serial_pkg/lib/python3.10/site-packages:${PYTHONPATH} /usr/bin/python3 setup.py egg_info --egg-base ../../build/joystick_to_serial_pkg build --build-base /home/geert/kuka-ido/ros2_ws_kuka/build/joystick_to_serial_pkg/build install --record /home/geert/kuka-ido/ros2_ws_kuka/build/joystick_to_serial_pkg/install.log --single-version-externally-managed
