-- The C compiler identification is GNU 11.3.0
-- The CXX compiler identification is GNU 11.3.0
-- Detecting C compiler ABI info
-- Detecting C compiler ABI info - done
-- Check for working C compiler: /usr/bin/cc - skipped
-- Detecting C compile features
-- Detecting C compile features - done
-- Detecting CXX compiler ABI info
-- Detecting CXX compiler ABI info - done
-- Check for working CXX compiler: /usr/bin/c++ - skipped
-- Detecting CXX compile features
-- Detecting CXX compile features - done
-- Found ament_cmake: 2.0.2 (/opt/ros/iron/share/ament_cmake/cmake)
-- Found Python3: /usr/bin/python3.10 (found version "3.10.6") found components: Interpreter 
-- Found rosidl_default_generators: 1.5.0 (/opt/ros/iron/share/rosidl_default_generators/cmake)
-- Using all available rosidl_typesupport_c: rosidl_typesupport_fastrtps_c;rosidl_typesupport_introspection_c
-- Using all available rosidl_typesupport_cpp: rosidl_typesupport_fastrtps_cpp;rosidl_typesupport_introspection_cpp
-- Found rosidl_adapter: 4.0.0 (/opt/ros/iron/share/rosidl_adapter/cmake)
-- Found ament_cmake_ros: 0.11.2 (/opt/ros/iron/share/ament_cmake_ros/cmake)
-- Using all available rosidl_typesupport_c: rosidl_typesupport_fastrtps_c;rosidl_typesupport_introspection_c
-- Using all available rosidl_typesupport_cpp: rosidl_typesupport_fastrtps_cpp;rosidl_typesupport_introspection_cpp
-- Found PythonInterp: /usr/bin/python3 (found suitable version "3.10.6", minimum required is "3.6") 
-- Found python_cmake_module: 0.10.2 (/opt/ros/iron/share/python_cmake_module/cmake)
-- Found PythonLibs: /usr/lib/x86_64-linux-gnu/libpython3.10.so (found suitable version "3.10.6", minimum required is "3.5") 
-- Using PYTHON_EXECUTABLE: /usr/bin/python3
-- Using PYTHON_INCLUDE_DIRS: /usr/include/python3.10
-- Using PYTHON_LIBRARIES: /usr/lib/x86_64-linux-gnu/libpython3.10.so
-- Found PythonExtra: .so  
-- Found ament_lint_auto: 0.14.1 (/opt/ros/iron/share/ament_lint_auto/cmake)
-- Added test 'lint_cmake' to check CMake code style
-- Added test 'xmllint' to check XML markup files
-- Configuring done
-- Generating done
-- Build files have been written to: /home/geert/kuka-ido/ros2_ws/build/kuka_msgs_pkg
[  2%] [34m[1mGenerating type hashes for ROS interfaces[0m
[  2%] Built target kuka_msgs_pkg__rosidl_generator_type_description
[  5%] [34m[1mGenerating C++ code for ROS interfaces[0m
[  5%] Built target kuka_msgs_pkg__cpp
[  8%] [34m[1mGenerating C code for ROS interfaces[0m
[ 11%] [32mBuilding C object CMakeFiles/kuka_msgs_pkg__rosidl_generator_c.dir/rosidl_generator_c/kuka_msgs_pkg/msg/detail/wheel_data__description.c.o[0m
[ 14%] [32mBuilding C object CMakeFiles/kuka_msgs_pkg__rosidl_generator_c.dir/rosidl_generator_c/kuka_msgs_pkg/msg/detail/wheel_data__functions.c.o[0m
[ 17%] [32mBuilding C object CMakeFiles/kuka_msgs_pkg__rosidl_generator_c.dir/rosidl_generator_c/kuka_msgs_pkg/msg/detail/wheel_data__type_support.c.o[0m
[ 20%] [32m[1mLinking C shared library libkuka_msgs_pkg__rosidl_generator_c.so[0m
[ 20%] Built target kuka_msgs_pkg__rosidl_generator_c
[ 23%] [34m[1mGenerating C++ type support dispatch for ROS interfaces[0m
[ 26%] [32mBuilding CXX object CMakeFiles/kuka_msgs_pkg__rosidl_typesupport_cpp.dir/rosidl_typesupport_cpp/kuka_msgs_pkg/msg/wheel_data__type_support.cpp.o[0m
[ 29%] [32m[1mLinking CXX shared library libkuka_msgs_pkg__rosidl_typesupport_cpp.so[0m
[ 29%] Built target kuka_msgs_pkg__rosidl_typesupport_cpp
[ 32%] [34m[1mGenerating C type support for eProsima Fast-RTPS[0m
[ 35%] [32mBuilding CXX object CMakeFiles/kuka_msgs_pkg__rosidl_typesupport_fastrtps_c.dir/rosidl_typesupport_fastrtps_c/kuka_msgs_pkg/msg/detail/wheel_data__type_support_c.cpp.o[0m
[ 38%] [32m[1mLinking CXX shared library libkuka_msgs_pkg__rosidl_typesupport_fastrtps_c.so[0m
[ 38%] Built target kuka_msgs_pkg__rosidl_typesupport_fastrtps_c
[ 41%] [34m[1mGenerating C introspection for ROS interfaces[0m
[ 44%] [32mBuilding C object CMakeFiles/kuka_msgs_pkg__rosidl_typesupport_introspection_c.dir/rosidl_typesupport_introspection_c/kuka_msgs_pkg/msg/detail/wheel_data__type_support.c.o[0m
[ 47%] [32m[1mLinking C shared library libkuka_msgs_pkg__rosidl_typesupport_introspection_c.so[0m
[ 47%] Built target kuka_msgs_pkg__rosidl_typesupport_introspection_c
[ 50%] [34m[1mGenerating C type support dispatch for ROS interfaces[0m
[ 52%] [32mBuilding CXX object CMakeFiles/kuka_msgs_pkg__rosidl_typesupport_c.dir/rosidl_typesupport_c/kuka_msgs_pkg/msg/wheel_data__type_support.cpp.o[0m
[ 55%] [32m[1mLinking CXX shared library libkuka_msgs_pkg__rosidl_typesupport_c.so[0m
[ 55%] Built target kuka_msgs_pkg__rosidl_typesupport_c
[ 58%] [34m[1mGenerating C++ type support for eProsima Fast-RTPS[0m
[ 61%] [32mBuilding CXX object CMakeFiles/kuka_msgs_pkg__rosidl_typesupport_fastrtps_cpp.dir/rosidl_typesupport_fastrtps_cpp/kuka_msgs_pkg/msg/detail/dds_fastrtps/wheel_data__type_support.cpp.o[0m
[ 64%] [32m[1mLinking CXX shared library libkuka_msgs_pkg__rosidl_typesupport_fastrtps_cpp.so[0m
[ 64%] Built target kuka_msgs_pkg__rosidl_typesupport_fastrtps_cpp
[ 67%] [34m[1mGenerating C++ introspection for ROS interfaces[0m
[ 70%] [32mBuilding CXX object CMakeFiles/kuka_msgs_pkg__rosidl_typesupport_introspection_cpp.dir/rosidl_typesupport_introspection_cpp/kuka_msgs_pkg/msg/detail/wheel_data__type_support.cpp.o[0m
[ 73%] [32m[1mLinking CXX shared library libkuka_msgs_pkg__rosidl_typesupport_introspection_cpp.so[0m
[ 73%] Built target kuka_msgs_pkg__rosidl_typesupport_introspection_cpp
[ 73%] Built target kuka_msgs_pkg
[ 73%] Built target ament_cmake_python_copy_kuka_msgs_pkg
running egg_info
creating kuka_msgs_pkg.egg-info
writing kuka_msgs_pkg.egg-info/PKG-INFO
writing dependency_links to kuka_msgs_pkg.egg-info/dependency_links.txt
writing top-level names to kuka_msgs_pkg.egg-info/top_level.txt
writing manifest file 'kuka_msgs_pkg.egg-info/SOURCES.txt'
reading manifest file 'kuka_msgs_pkg.egg-info/SOURCES.txt'
writing manifest file 'kuka_msgs_pkg.egg-info/SOURCES.txt'
[ 73%] Built target ament_cmake_python_build_kuka_msgs_pkg_egg
[ 76%] [34m[1mGenerating Python code for ROS interfaces[0m
[ 76%] Built target kuka_msgs_pkg__py
[ 79%] [32mBuilding C object CMakeFiles/kuka_msgs_pkg__rosidl_generator_py.dir/rosidl_generator_py/kuka_msgs_pkg/msg/_wheel_data_s.c.o[0m
[ 82%] [32m[1mLinking C shared library rosidl_generator_py/kuka_msgs_pkg/libkuka_msgs_pkg__rosidl_generator_py.so[0m
[ 82%] Built target kuka_msgs_pkg__rosidl_generator_py
[ 85%] [32mBuilding C object CMakeFiles/kuka_msgs_pkg__rosidl_typesupport_fastrtps_c__pyext.dir/rosidl_generator_py/kuka_msgs_pkg/_kuka_msgs_pkg_s.ep.rosidl_typesupport_fastrtps_c.c.o[0m
[ 88%] [32m[1mLinking C shared library rosidl_generator_py/kuka_msgs_pkg/kuka_msgs_pkg_s__rosidl_typesupport_fastrtps_c.cpython-310-x86_64-linux-gnu.so[0m
[ 88%] Built target kuka_msgs_pkg__rosidl_typesupport_fastrtps_c__pyext
[ 91%] [32mBuilding C object CMakeFiles/kuka_msgs_pkg__rosidl_typesupport_introspection_c__pyext.dir/rosidl_generator_py/kuka_msgs_pkg/_kuka_msgs_pkg_s.ep.rosidl_typesupport_introspection_c.c.o[0m
[ 94%] [32m[1mLinking C shared library rosidl_generator_py/kuka_msgs_pkg/kuka_msgs_pkg_s__rosidl_typesupport_introspection_c.cpython-310-x86_64-linux-gnu.so[0m
[ 94%] Built target kuka_msgs_pkg__rosidl_typesupport_introspection_c__pyext
[ 97%] [32mBuilding C object CMakeFiles/kuka_msgs_pkg__rosidl_typesupport_c__pyext.dir/rosidl_generator_py/kuka_msgs_pkg/_kuka_msgs_pkg_s.ep.rosidl_typesupport_c.c.o[0m
[100%] [32m[1mLinking C shared library rosidl_generator_py/kuka_msgs_pkg/kuka_msgs_pkg_s__rosidl_typesupport_c.cpython-310-x86_64-linux-gnu.so[0m
[100%] Built target kuka_msgs_pkg__rosidl_typesupport_c__pyext
-- Install configuration: ""
-- Installing: /home/geert/kuka-ido/ros2_ws/install/kuka_msgs_pkg/share/ament_index/resource_index/rosidl_interfaces/kuka_msgs_pkg
-- Installing: /home/geert/kuka-ido/ros2_ws/install/kuka_msgs_pkg/share/kuka_msgs_pkg/msg/WheelData.json
-- Up-to-date: /home/geert/kuka-ido/ros2_ws/install/kuka_msgs_pkg/include/kuka_msgs_pkg/kuka_msgs_pkg
-- Up-to-date: /home/geert/kuka-ido/ros2_ws/install/kuka_msgs_pkg/include/kuka_msgs_pkg/kuka_msgs_pkg/msg
-- Up-to-date: /home/geert/kuka-ido/ros2_ws/install/kuka_msgs_pkg/include/kuka_msgs_pkg/kuka_msgs_pkg/msg/detail
-- Installing: /home/geert/kuka-ido/ros2_ws/install/kuka_msgs_pkg/include/kuka_msgs_pkg/kuka_msgs_pkg/msg/detail/wheel_data__type_support.h
-- Installing: /home/geert/kuka-ido/ros2_ws/install/kuka_msgs_pkg/include/kuka_msgs_pkg/kuka_msgs_pkg/msg/detail/wheel_data__struct.h
-- Installing: /home/geert/kuka-ido/ros2_ws/install/kuka_msgs_pkg/include/kuka_msgs_pkg/kuka_msgs_pkg/msg/detail/wheel_data__functions.h
-- Installing: /home/geert/kuka-ido/ros2_ws/install/kuka_msgs_pkg/include/kuka_msgs_pkg/kuka_msgs_pkg/msg/detail/wheel_data__type_support.c
-- Installing: /home/geert/kuka-ido/ros2_ws/install/kuka_msgs_pkg/include/kuka_msgs_pkg/kuka_msgs_pkg/msg/detail/wheel_data__functions.c
-- Installing: /home/geert/kuka-ido/ros2_ws/install/kuka_msgs_pkg/include/kuka_msgs_pkg/kuka_msgs_pkg/msg/detail/wheel_data__description.c
-- Installing: /home/geert/kuka-ido/ros2_ws/install/kuka_msgs_pkg/include/kuka_msgs_pkg/kuka_msgs_pkg/msg/wheel_data.h
-- Installing: /home/geert/kuka-ido/ros2_ws/install/kuka_msgs_pkg/include/kuka_msgs_pkg/kuka_msgs_pkg/msg/rosidl_generator_c__visibility_control.h
-- Up-to-date: /home/geert/kuka-ido/ros2_ws/install/kuka_msgs_pkg/share/kuka_msgs_pkg/environment/library_path.sh
-- Installing: /home/geert/kuka-ido/ros2_ws/install/kuka_msgs_pkg/share/kuka_msgs_pkg/environment/library_path.dsv
-- Installing: /home/geert/kuka-ido/ros2_ws/install/kuka_msgs_pkg/lib/libkuka_msgs_pkg__rosidl_generator_c.so
-- Set runtime path of "/home/geert/kuka-ido/ros2_ws/install/kuka_msgs_pkg/lib/libkuka_msgs_pkg__rosidl_generator_c.so" to ""
-- Up-to-date: /home/geert/kuka-ido/ros2_ws/install/kuka_msgs_pkg/include/kuka_msgs_pkg/kuka_msgs_pkg
-- Up-to-date: /home/geert/kuka-ido/ros2_ws/install/kuka_msgs_pkg/include/kuka_msgs_pkg/kuka_msgs_pkg/msg
-- Up-to-date: /home/geert/kuka-ido/ros2_ws/install/kuka_msgs_pkg/include/kuka_msgs_pkg/kuka_msgs_pkg/msg/detail
-- Installing: /home/geert/kuka-ido/ros2_ws/install/kuka_msgs_pkg/include/kuka_msgs_pkg/kuka_msgs_pkg/msg/detail/wheel_data__rosidl_typesupport_fastrtps_c.h
-- Installing: /home/geert/kuka-ido/ros2_ws/install/kuka_msgs_pkg/include/kuka_msgs_pkg/kuka_msgs_pkg/msg/rosidl_typesupport_fastrtps_c__visibility_control.h
-- Installing: /home/geert/kuka-ido/ros2_ws/install/kuka_msgs_pkg/lib/libkuka_msgs_pkg__rosidl_typesupport_fastrtps_c.so
-- Set runtime path of "/home/geert/kuka-ido/ros2_ws/install/kuka_msgs_pkg/lib/libkuka_msgs_pkg__rosidl_typesupport_fastrtps_c.so" to ""
-- Up-to-date: /home/geert/kuka-ido/ros2_ws/install/kuka_msgs_pkg/include/kuka_msgs_pkg/kuka_msgs_pkg
-- Up-to-date: /home/geert/kuka-ido/ros2_ws/install/kuka_msgs_pkg/include/kuka_msgs_pkg/kuka_msgs_pkg/msg
-- Installing: /home/geert/kuka-ido/ros2_ws/install/kuka_msgs_pkg/include/kuka_msgs_pkg/kuka_msgs_pkg/msg/rosidl_typesupport_introspection_c__visibility_control.h
-- Up-to-date: /home/geert/kuka-ido/ros2_ws/install/kuka_msgs_pkg/include/kuka_msgs_pkg/kuka_msgs_pkg/msg/detail
-- Installing: /home/geert/kuka-ido/ros2_ws/install/kuka_msgs_pkg/include/kuka_msgs_pkg/kuka_msgs_pkg/msg/detail/wheel_data__rosidl_typesupport_introspection_c.h
-- Installing: /home/geert/kuka-ido/ros2_ws/install/kuka_msgs_pkg/include/kuka_msgs_pkg/kuka_msgs_pkg/msg/detail/wheel_data__type_support.c
-- Installing: /home/geert/kuka-ido/ros2_ws/install/kuka_msgs_pkg/lib/libkuka_msgs_pkg__rosidl_typesupport_introspection_c.so
-- Set runtime path of "/home/geert/kuka-ido/ros2_ws/install/kuka_msgs_pkg/lib/libkuka_msgs_pkg__rosidl_typesupport_introspection_c.so" to ""
-- Installing: /home/geert/kuka-ido/ros2_ws/install/kuka_msgs_pkg/lib/libkuka_msgs_pkg__rosidl_typesupport_c.so
-- Set runtime path of "/home/geert/kuka-ido/ros2_ws/install/kuka_msgs_pkg/lib/libkuka_msgs_pkg__rosidl_typesupport_c.so" to ""
-- Up-to-date: /home/geert/kuka-ido/ros2_ws/install/kuka_msgs_pkg/include/kuka_msgs_pkg/kuka_msgs_pkg
-- Up-to-date: /home/geert/kuka-ido/ros2_ws/install/kuka_msgs_pkg/include/kuka_msgs_pkg/kuka_msgs_pkg/msg
-- Up-to-date: /home/geert/kuka-ido/ros2_ws/install/kuka_msgs_pkg/include/kuka_msgs_pkg/kuka_msgs_pkg/msg/detail
-- Installing: /home/geert/kuka-ido/ros2_ws/install/kuka_msgs_pkg/include/kuka_msgs_pkg/kuka_msgs_pkg/msg/detail/wheel_data__struct.hpp
-- Installing: /home/geert/kuka-ido/ros2_ws/install/kuka_msgs_pkg/include/kuka_msgs_pkg/kuka_msgs_pkg/msg/detail/wheel_data__traits.hpp
-- Installing: /home/geert/kuka-ido/ros2_ws/install/kuka_msgs_pkg/include/kuka_msgs_pkg/kuka_msgs_pkg/msg/detail/wheel_data__builder.hpp
-- Installing: /home/geert/kuka-ido/ros2_ws/install/kuka_msgs_pkg/include/kuka_msgs_pkg/kuka_msgs_pkg/msg/wheel_data.hpp
-- Up-to-date: /home/geert/kuka-ido/ros2_ws/install/kuka_msgs_pkg/include/kuka_msgs_pkg/kuka_msgs_pkg
-- Up-to-date: /home/geert/kuka-ido/ros2_ws/install/kuka_msgs_pkg/include/kuka_msgs_pkg/kuka_msgs_pkg/msg
-- Installing: /home/geert/kuka-ido/ros2_ws/install/kuka_msgs_pkg/include/kuka_msgs_pkg/kuka_msgs_pkg/msg/rosidl_typesupport_fastrtps_cpp__visibility_control.h
-- Up-to-date: /home/geert/kuka-ido/ros2_ws/install/kuka_msgs_pkg/include/kuka_msgs_pkg/kuka_msgs_pkg/msg/detail
-- Installing: /home/geert/kuka-ido/ros2_ws/install/kuka_msgs_pkg/include/kuka_msgs_pkg/kuka_msgs_pkg/msg/detail/wheel_data__rosidl_typesupport_fastrtps_cpp.hpp
-- Up-to-date: /home/geert/kuka-ido/ros2_ws/install/kuka_msgs_pkg/include/kuka_msgs_pkg/kuka_msgs_pkg/msg/detail/dds_fastrtps
-- Installing: /home/geert/kuka-ido/ros2_ws/install/kuka_msgs_pkg/lib/libkuka_msgs_pkg__rosidl_typesupport_fastrtps_cpp.so
-- Set runtime path of "/home/geert/kuka-ido/ros2_ws/install/kuka_msgs_pkg/lib/libkuka_msgs_pkg__rosidl_typesupport_fastrtps_cpp.so" to ""
-- Up-to-date: /home/geert/kuka-ido/ros2_ws/install/kuka_msgs_pkg/include/kuka_msgs_pkg/kuka_msgs_pkg
-- Up-to-date: /home/geert/kuka-ido/ros2_ws/install/kuka_msgs_pkg/include/kuka_msgs_pkg/kuka_msgs_pkg/msg
-- Up-to-date: /home/geert/kuka-ido/ros2_ws/install/kuka_msgs_pkg/include/kuka_msgs_pkg/kuka_msgs_pkg/msg/detail
-- Installing: /home/geert/kuka-ido/ros2_ws/install/kuka_msgs_pkg/include/kuka_msgs_pkg/kuka_msgs_pkg/msg/detail/wheel_data__type_support.cpp
-- Installing: /home/geert/kuka-ido/ros2_ws/install/kuka_msgs_pkg/include/kuka_msgs_pkg/kuka_msgs_pkg/msg/detail/wheel_data__rosidl_typesupport_introspection_cpp.hpp
-- Installing: /home/geert/kuka-ido/ros2_ws/install/kuka_msgs_pkg/lib/libkuka_msgs_pkg__rosidl_typesupport_introspection_cpp.so
-- Set runtime path of "/home/geert/kuka-ido/ros2_ws/install/kuka_msgs_pkg/lib/libkuka_msgs_pkg__rosidl_typesupport_introspection_cpp.so" to ""
-- Installing: /home/geert/kuka-ido/ros2_ws/install/kuka_msgs_pkg/lib/libkuka_msgs_pkg__rosidl_typesupport_cpp.so
-- Set runtime path of "/home/geert/kuka-ido/ros2_ws/install/kuka_msgs_pkg/lib/libkuka_msgs_pkg__rosidl_typesupport_cpp.so" to ""
-- Installing: /home/geert/kuka-ido/ros2_ws/install/kuka_msgs_pkg/share/kuka_msgs_pkg/environment/pythonpath.sh
-- Installing: /home/geert/kuka-ido/ros2_ws/install/kuka_msgs_pkg/share/kuka_msgs_pkg/environment/pythonpath.dsv
-- Up-to-date: /home/geert/kuka-ido/ros2_ws/install/kuka_msgs_pkg/lib/python3.10/site-packages/kuka_msgs_pkg-0.0.0-py3.10.egg-info
-- Installing: /home/geert/kuka-ido/ros2_ws/install/kuka_msgs_pkg/lib/python3.10/site-packages/kuka_msgs_pkg-0.0.0-py3.10.egg-info/PKG-INFO
-- Installing: /home/geert/kuka-ido/ros2_ws/install/kuka_msgs_pkg/lib/python3.10/site-packages/kuka_msgs_pkg-0.0.0-py3.10.egg-info/top_level.txt
-- Installing: /home/geert/kuka-ido/ros2_ws/install/kuka_msgs_pkg/lib/python3.10/site-packages/kuka_msgs_pkg-0.0.0-py3.10.egg-info/dependency_links.txt
-- Installing: /home/geert/kuka-ido/ros2_ws/install/kuka_msgs_pkg/lib/python3.10/site-packages/kuka_msgs_pkg-0.0.0-py3.10.egg-info/SOURCES.txt
-- Up-to-date: /home/geert/kuka-ido/ros2_ws/install/kuka_msgs_pkg/lib/python3.10/site-packages/kuka_msgs_pkg
-- Installing: /home/geert/kuka-ido/ros2_ws/install/kuka_msgs_pkg/lib/python3.10/site-packages/kuka_msgs_pkg/_kuka_msgs_pkg_s.ep.rosidl_typesupport_introspection_c.c
-- Installing: /home/geert/kuka-ido/ros2_ws/install/kuka_msgs_pkg/lib/python3.10/site-packages/kuka_msgs_pkg/kuka_msgs_pkg_s__rosidl_typesupport_fastrtps_c.cpython-310-x86_64-linux-gnu.so
-- Installing: /home/geert/kuka-ido/ros2_ws/install/kuka_msgs_pkg/lib/python3.10/site-packages/kuka_msgs_pkg/libkuka_msgs_pkg__rosidl_generator_py.so
-- Installing: /home/geert/kuka-ido/ros2_ws/install/kuka_msgs_pkg/lib/python3.10/site-packages/kuka_msgs_pkg/_kuka_msgs_pkg_s.ep.rosidl_typesupport_c.c
-- Installing: /home/geert/kuka-ido/ros2_ws/install/kuka_msgs_pkg/lib/python3.10/site-packages/kuka_msgs_pkg/kuka_msgs_pkg_s__rosidl_typesupport_introspection_c.cpython-310-x86_64-linux-gnu.so
-- Up-to-date: /home/geert/kuka-ido/ros2_ws/install/kuka_msgs_pkg/lib/python3.10/site-packages/kuka_msgs_pkg/msg
-- Installing: /home/geert/kuka-ido/ros2_ws/install/kuka_msgs_pkg/lib/python3.10/site-packages/kuka_msgs_pkg/msg/_wheel_data_s.c
-- Installing: /home/geert/kuka-ido/ros2_ws/install/kuka_msgs_pkg/lib/python3.10/site-packages/kuka_msgs_pkg/msg/_wheel_data.py
-- Installing: /home/geert/kuka-ido/ros2_ws/install/kuka_msgs_pkg/lib/python3.10/site-packages/kuka_msgs_pkg/msg/__init__.py
-- Installing: /home/geert/kuka-ido/ros2_ws/install/kuka_msgs_pkg/lib/python3.10/site-packages/kuka_msgs_pkg/__init__.py
-- Installing: /home/geert/kuka-ido/ros2_ws/install/kuka_msgs_pkg/lib/python3.10/site-packages/kuka_msgs_pkg/_kuka_msgs_pkg_s.ep.rosidl_typesupport_fastrtps_c.c
-- Installing: /home/geert/kuka-ido/ros2_ws/install/kuka_msgs_pkg/lib/python3.10/site-packages/kuka_msgs_pkg/kuka_msgs_pkg_s__rosidl_typesupport_c.cpython-310-x86_64-linux-gnu.so
Listing '/home/geert/kuka-ido/ros2_ws/install/kuka_msgs_pkg/lib/python3.10/site-packages/kuka_msgs_pkg'...
Compiling '/home/geert/kuka-ido/ros2_ws/install/kuka_msgs_pkg/lib/python3.10/site-packages/kuka_msgs_pkg/__init__.py'...
Listing '/home/geert/kuka-ido/ros2_ws/install/kuka_msgs_pkg/lib/python3.10/site-packages/kuka_msgs_pkg/msg'...
Compiling '/home/geert/kuka-ido/ros2_ws/install/kuka_msgs_pkg/lib/python3.10/site-packages/kuka_msgs_pkg/msg/__init__.py'...
Compiling '/home/geert/kuka-ido/ros2_ws/install/kuka_msgs_pkg/lib/python3.10/site-packages/kuka_msgs_pkg/msg/_wheel_data.py'...
-- Installing: /home/geert/kuka-ido/ros2_ws/install/kuka_msgs_pkg/lib/python3.10/site-packages/kuka_msgs_pkg/kuka_msgs_pkg_s__rosidl_typesupport_fastrtps_c.cpython-310-x86_64-linux-gnu.so
-- Set runtime path of "/home/geert/kuka-ido/ros2_ws/install/kuka_msgs_pkg/lib/python3.10/site-packages/kuka_msgs_pkg/kuka_msgs_pkg_s__rosidl_typesupport_fastrtps_c.cpython-310-x86_64-linux-gnu.so" to ""
-- Installing: /home/geert/kuka-ido/ros2_ws/install/kuka_msgs_pkg/lib/python3.10/site-packages/kuka_msgs_pkg/kuka_msgs_pkg_s__rosidl_typesupport_introspection_c.cpython-310-x86_64-linux-gnu.so
-- Set runtime path of "/home/geert/kuka-ido/ros2_ws/install/kuka_msgs_pkg/lib/python3.10/site-packages/kuka_msgs_pkg/kuka_msgs_pkg_s__rosidl_typesupport_introspection_c.cpython-310-x86_64-linux-gnu.so" to ""
-- Installing: /home/geert/kuka-ido/ros2_ws/install/kuka_msgs_pkg/lib/python3.10/site-packages/kuka_msgs_pkg/kuka_msgs_pkg_s__rosidl_typesupport_c.cpython-310-x86_64-linux-gnu.so
-- Set runtime path of "/home/geert/kuka-ido/ros2_ws/install/kuka_msgs_pkg/lib/python3.10/site-packages/kuka_msgs_pkg/kuka_msgs_pkg_s__rosidl_typesupport_c.cpython-310-x86_64-linux-gnu.so" to ""
-- Installing: /home/geert/kuka-ido/ros2_ws/install/kuka_msgs_pkg/lib/libkuka_msgs_pkg__rosidl_generator_py.so
-- Set runtime path of "/home/geert/kuka-ido/ros2_ws/install/kuka_msgs_pkg/lib/libkuka_msgs_pkg__rosidl_generator_py.so" to ""
-- Installing: /home/geert/kuka-ido/ros2_ws/install/kuka_msgs_pkg/share/kuka_msgs_pkg/msg/WheelData.idl
-- Installing: /home/geert/kuka-ido/ros2_ws/install/kuka_msgs_pkg/share/kuka_msgs_pkg/msg/WheelData.msg
-- Installing: /home/geert/kuka-ido/ros2_ws/install/kuka_msgs_pkg/share/ament_index/resource_index/package_run_dependencies/kuka_msgs_pkg
-- Installing: /home/geert/kuka-ido/ros2_ws/install/kuka_msgs_pkg/share/ament_index/resource_index/parent_prefix_path/kuka_msgs_pkg
-- Up-to-date: /home/geert/kuka-ido/ros2_ws/install/kuka_msgs_pkg/share/kuka_msgs_pkg/environment/ament_prefix_path.sh
-- Installing: /home/geert/kuka-ido/ros2_ws/install/kuka_msgs_pkg/share/kuka_msgs_pkg/environment/ament_prefix_path.dsv
-- Up-to-date: /home/geert/kuka-ido/ros2_ws/install/kuka_msgs_pkg/share/kuka_msgs_pkg/environment/path.sh
-- Installing: /home/geert/kuka-ido/ros2_ws/install/kuka_msgs_pkg/share/kuka_msgs_pkg/environment/path.dsv
-- Installing: /home/geert/kuka-ido/ros2_ws/install/kuka_msgs_pkg/share/kuka_msgs_pkg/local_setup.bash
-- Installing: /home/geert/kuka-ido/ros2_ws/install/kuka_msgs_pkg/share/kuka_msgs_pkg/local_setup.sh
-- Installing: /home/geert/kuka-ido/ros2_ws/install/kuka_msgs_pkg/share/kuka_msgs_pkg/local_setup.zsh
-- Installing: /home/geert/kuka-ido/ros2_ws/install/kuka_msgs_pkg/share/kuka_msgs_pkg/local_setup.dsv
-- Installing: /home/geert/kuka-ido/ros2_ws/install/kuka_msgs_pkg/share/kuka_msgs_pkg/package.dsv
-- Installing: /home/geert/kuka-ido/ros2_ws/install/kuka_msgs_pkg/share/ament_index/resource_index/packages/kuka_msgs_pkg
-- Installing: /home/geert/kuka-ido/ros2_ws/install/kuka_msgs_pkg/share/kuka_msgs_pkg/cmake/export_kuka_msgs_pkg__rosidl_generator_cExport.cmake
-- Installing: /home/geert/kuka-ido/ros2_ws/install/kuka_msgs_pkg/share/kuka_msgs_pkg/cmake/export_kuka_msgs_pkg__rosidl_generator_cExport-noconfig.cmake
-- Installing: /home/geert/kuka-ido/ros2_ws/install/kuka_msgs_pkg/share/kuka_msgs_pkg/cmake/export_kuka_msgs_pkg__rosidl_typesupport_fastrtps_cExport.cmake
-- Installing: /home/geert/kuka-ido/ros2_ws/install/kuka_msgs_pkg/share/kuka_msgs_pkg/cmake/export_kuka_msgs_pkg__rosidl_typesupport_fastrtps_cExport-noconfig.cmake
-- Installing: /home/geert/kuka-ido/ros2_ws/install/kuka_msgs_pkg/share/kuka_msgs_pkg/cmake/kuka_msgs_pkg__rosidl_typesupport_introspection_cExport.cmake
-- Installing: /home/geert/kuka-ido/ros2_ws/install/kuka_msgs_pkg/share/kuka_msgs_pkg/cmake/kuka_msgs_pkg__rosidl_typesupport_introspection_cExport-noconfig.cmake
-- Installing: /home/geert/kuka-ido/ros2_ws/install/kuka_msgs_pkg/share/kuka_msgs_pkg/cmake/kuka_msgs_pkg__rosidl_typesupport_cExport.cmake
-- Installing: /home/geert/kuka-ido/ros2_ws/install/kuka_msgs_pkg/share/kuka_msgs_pkg/cmake/kuka_msgs_pkg__rosidl_typesupport_cExport-noconfig.cmake
-- Installing: /home/geert/kuka-ido/ros2_ws/install/kuka_msgs_pkg/share/kuka_msgs_pkg/cmake/export_kuka_msgs_pkg__rosidl_generator_cppExport.cmake
-- Installing: /home/geert/kuka-ido/ros2_ws/install/kuka_msgs_pkg/share/kuka_msgs_pkg/cmake/export_kuka_msgs_pkg__rosidl_typesupport_fastrtps_cppExport.cmake
-- Installing: /home/geert/kuka-ido/ros2_ws/install/kuka_msgs_pkg/share/kuka_msgs_pkg/cmake/export_kuka_msgs_pkg__rosidl_typesupport_fastrtps_cppExport-noconfig.cmake
-- Installing: /home/geert/kuka-ido/ros2_ws/install/kuka_msgs_pkg/share/kuka_msgs_pkg/cmake/kuka_msgs_pkg__rosidl_typesupport_introspection_cppExport.cmake
-- Installing: /home/geert/kuka-ido/ros2_ws/install/kuka_msgs_pkg/share/kuka_msgs_pkg/cmake/kuka_msgs_pkg__rosidl_typesupport_introspection_cppExport-noconfig.cmake
-- Installing: /home/geert/kuka-ido/ros2_ws/install/kuka_msgs_pkg/share/kuka_msgs_pkg/cmake/kuka_msgs_pkg__rosidl_typesupport_cppExport.cmake
-- Installing: /home/geert/kuka-ido/ros2_ws/install/kuka_msgs_pkg/share/kuka_msgs_pkg/cmake/kuka_msgs_pkg__rosidl_typesupport_cppExport-noconfig.cmake
-- Installing: /home/geert/kuka-ido/ros2_ws/install/kuka_msgs_pkg/share/kuka_msgs_pkg/cmake/export_kuka_msgs_pkg__rosidl_generator_pyExport.cmake
-- Installing: /home/geert/kuka-ido/ros2_ws/install/kuka_msgs_pkg/share/kuka_msgs_pkg/cmake/export_kuka_msgs_pkg__rosidl_generator_pyExport-noconfig.cmake
-- Installing: /home/geert/kuka-ido/ros2_ws/install/kuka_msgs_pkg/share/kuka_msgs_pkg/cmake/rosidl_cmake-extras.cmake
-- Installing: /home/geert/kuka-ido/ros2_ws/install/kuka_msgs_pkg/share/kuka_msgs_pkg/cmake/ament_cmake_export_include_directories-extras.cmake
-- Installing: /home/geert/kuka-ido/ros2_ws/install/kuka_msgs_pkg/share/kuka_msgs_pkg/cmake/ament_cmake_export_libraries-extras.cmake
-- Installing: /home/geert/kuka-ido/ros2_ws/install/kuka_msgs_pkg/share/kuka_msgs_pkg/cmake/ament_cmake_export_targets-extras.cmake
-- Installing: /home/geert/kuka-ido/ros2_ws/install/kuka_msgs_pkg/share/kuka_msgs_pkg/cmake/rosidl_cmake_export_typesupport_targets-extras.cmake
-- Installing: /home/geert/kuka-ido/ros2_ws/install/kuka_msgs_pkg/share/kuka_msgs_pkg/cmake/ament_cmake_export_dependencies-extras.cmake
-- Installing: /home/geert/kuka-ido/ros2_ws/install/kuka_msgs_pkg/share/kuka_msgs_pkg/cmake/rosidl_cmake_export_typesupport_libraries-extras.cmake
-- Installing: /home/geert/kuka-ido/ros2_ws/install/kuka_msgs_pkg/share/kuka_msgs_pkg/cmake/kuka_msgs_pkgConfig.cmake
-- Installing: /home/geert/kuka-ido/ros2_ws/install/kuka_msgs_pkg/share/kuka_msgs_pkg/cmake/kuka_msgs_pkgConfig-version.cmake
-- Installing: /home/geert/kuka-ido/ros2_ws/install/kuka_msgs_pkg/share/kuka_msgs_pkg/package.xml
