[0.476s] DEBUG:colcon:Command line arguments: ['/usr/bin/colcon', 'build']
[0.476s] DEBUG:colcon:Parsed command line arguments: Namespace(log_base=None, log_level=None, verb_name='build', build_base='build', install_base='install', merge_install=False, symlink_install=False, test_result_base=None, continue_on_error=False, executor='parallel', parallel_workers=1, event_handlers=None, ignore_user_meta=False, metas=['./colcon.meta'], base_paths=['.'], packages_ignore=None, packages_ignore_regex=None, paths=None, packages_up_to=None, packages_up_to_regex=None, packages_above=None, packages_above_and_dependencies=None, packages_above_depth=None, packages_select_by_dep=None, packages_skip_by_dep=None, packages_skip_up_to=None, packages_select_build_failed=False, packages_skip_build_finished=False, packages_select_test_failures=False, packages_skip_test_passed=False, packages_select=None, packages_skip=None, packages_select_regex=None, packages_skip_regex=None, packages_start=None, packages_end=None, allow_overriding=[], cmake_args=None, cmake_target=None, cmake_target_skip_unavailable=False, cmake_clean_cache=False, cmake_clean_first=False, cmake_force_configure=False, ament_cmake_args=None, catkin_cmake_args=None, catkin_skip_building_tests=False, verb_parser=<colcon_defaults.argument_parser.defaults.DefaultArgumentsDecorator object at 0x7f5a97fe6da0>, verb_extension=<colcon_core.verb.build.BuildVerb object at 0x7f5a98850a00>, main=<bound method BuildVerb.main of <colcon_core.verb.build.BuildVerb object at 0x7f5a98850a00>>)
[0.513s] Level 1:colcon.colcon_core.package_discovery:discover_packages(colcon_meta) check parameters
[0.513s] Level 1:colcon.colcon_core.package_discovery:discover_packages(recursive) check parameters
[0.513s] Level 1:colcon.colcon_core.package_discovery:discover_packages(ignore) check parameters
[0.513s] Level 1:colcon.colcon_core.package_discovery:discover_packages(path) check parameters
[0.513s] Level 1:colcon.colcon_core.package_discovery:discover_packages(colcon_meta) discover
[0.514s] Level 1:colcon.colcon_core.package_discovery:discover_packages(recursive) discover
[0.514s] INFO:colcon.colcon_core.package_discovery:Crawling recursively for packages in '/home/geert/kuka-ido/ros2_ws'
[0.514s] Level 1:colcon.colcon_core.package_identification:_identify(.) by extensions ['ignore', 'ignore_ament_install']
[0.514s] Level 1:colcon.colcon_core.package_identification:_identify(.) by extension 'ignore'
[0.514s] Level 1:colcon.colcon_core.package_identification:_identify(.) by extension 'ignore_ament_install'
[0.514s] Level 1:colcon.colcon_core.package_identification:_identify(.) by extensions ['colcon_pkg']
[0.514s] Level 1:colcon.colcon_core.package_identification:_identify(.) by extension 'colcon_pkg'
[0.514s] Level 1:colcon.colcon_core.package_identification:_identify(.) by extensions ['colcon_meta']
[0.514s] Level 1:colcon.colcon_core.package_identification:_identify(.) by extension 'colcon_meta'
[0.514s] Level 1:colcon.colcon_core.package_identification:_identify(.) by extensions ['ros']
[0.515s] Level 1:colcon.colcon_core.package_identification:_identify(.) by extension 'ros'
[0.528s] Level 1:colcon.colcon_core.package_identification:_identify(.) by extensions ['cmake', 'python']
[0.528s] Level 1:colcon.colcon_core.package_identification:_identify(.) by extension 'cmake'
[0.529s] Level 1:colcon.colcon_core.package_identification:_identify(.) by extension 'python'
[0.529s] Level 1:colcon.colcon_core.package_identification:_identify(.) by extensions ['python_setup_py']
[0.529s] Level 1:colcon.colcon_core.package_identification:_identify(.) by extension 'python_setup_py'
[0.529s] Level 1:colcon.colcon_core.package_identification:_identify(build) by extensions ['ignore', 'ignore_ament_install']
[0.529s] Level 1:colcon.colcon_core.package_identification:_identify(build) by extension 'ignore'
[0.529s] Level 1:colcon.colcon_core.package_identification:_identify(build) ignored
[0.529s] Level 1:colcon.colcon_core.package_identification:_identify(install) by extensions ['ignore', 'ignore_ament_install']
[0.529s] Level 1:colcon.colcon_core.package_identification:_identify(install) by extension 'ignore'
[0.529s] Level 1:colcon.colcon_core.package_identification:_identify(install) ignored
[0.529s] Level 1:colcon.colcon_core.package_identification:_identify(log) by extensions ['ignore', 'ignore_ament_install']
[0.529s] Level 1:colcon.colcon_core.package_identification:_identify(log) by extension 'ignore'
[0.529s] Level 1:colcon.colcon_core.package_identification:_identify(log) ignored
[0.530s] Level 1:colcon.colcon_core.package_identification:_identify(src) by extensions ['ignore', 'ignore_ament_install']
[0.530s] Level 1:colcon.colcon_core.package_identification:_identify(src) by extension 'ignore'
[0.530s] Level 1:colcon.colcon_core.package_identification:_identify(src) by extension 'ignore_ament_install'
[0.530s] Level 1:colcon.colcon_core.package_identification:_identify(src) by extensions ['colcon_pkg']
[0.530s] Level 1:colcon.colcon_core.package_identification:_identify(src) by extension 'colcon_pkg'
[0.530s] Level 1:colcon.colcon_core.package_identification:_identify(src) by extensions ['colcon_meta']
[0.530s] Level 1:colcon.colcon_core.package_identification:_identify(src) by extension 'colcon_meta'
[0.530s] Level 1:colcon.colcon_core.package_identification:_identify(src) by extensions ['ros']
[0.530s] Level 1:colcon.colcon_core.package_identification:_identify(src) by extension 'ros'
[0.530s] Level 1:colcon.colcon_core.package_identification:_identify(src) by extensions ['cmake', 'python']
[0.530s] Level 1:colcon.colcon_core.package_identification:_identify(src) by extension 'cmake'
[0.530s] Level 1:colcon.colcon_core.package_identification:_identify(src) by extension 'python'
[0.530s] Level 1:colcon.colcon_core.package_identification:_identify(src) by extensions ['python_setup_py']
[0.530s] Level 1:colcon.colcon_core.package_identification:_identify(src) by extension 'python_setup_py'
[0.530s] Level 1:colcon.colcon_core.package_identification:_identify(src/data_visualiser_pkg) by extensions ['ignore', 'ignore_ament_install']
[0.530s] Level 1:colcon.colcon_core.package_identification:_identify(src/data_visualiser_pkg) by extension 'ignore'
[0.531s] Level 1:colcon.colcon_core.package_identification:_identify(src/data_visualiser_pkg) by extension 'ignore_ament_install'
[0.531s] Level 1:colcon.colcon_core.package_identification:_identify(src/data_visualiser_pkg) by extensions ['colcon_pkg']
[0.531s] Level 1:colcon.colcon_core.package_identification:_identify(src/data_visualiser_pkg) by extension 'colcon_pkg'
[0.531s] Level 1:colcon.colcon_core.package_identification:_identify(src/data_visualiser_pkg) by extensions ['colcon_meta']
[0.531s] Level 1:colcon.colcon_core.package_identification:_identify(src/data_visualiser_pkg) by extension 'colcon_meta'
[0.531s] Level 1:colcon.colcon_core.package_identification:_identify(src/data_visualiser_pkg) by extensions ['ros']
[0.531s] Level 1:colcon.colcon_core.package_identification:_identify(src/data_visualiser_pkg) by extension 'ros'
[0.533s] DEBUG:colcon.colcon_core.package_identification:Package 'src/data_visualiser_pkg' with type 'ros.ament_python' and name 'data_visualiser_pkg'
[0.534s] Level 1:colcon.colcon_core.package_identification:_identify(src/joystick_to_serial_pkg) by extensions ['ignore', 'ignore_ament_install']
[0.534s] Level 1:colcon.colcon_core.package_identification:_identify(src/joystick_to_serial_pkg) by extension 'ignore'
[0.534s] Level 1:colcon.colcon_core.package_identification:_identify(src/joystick_to_serial_pkg) by extension 'ignore_ament_install'
[0.534s] Level 1:colcon.colcon_core.package_identification:_identify(src/joystick_to_serial_pkg) by extensions ['colcon_pkg']
[0.534s] Level 1:colcon.colcon_core.package_identification:_identify(src/joystick_to_serial_pkg) by extension 'colcon_pkg'
[0.534s] Level 1:colcon.colcon_core.package_identification:_identify(src/joystick_to_serial_pkg) by extensions ['colcon_meta']
[0.534s] Level 1:colcon.colcon_core.package_identification:_identify(src/joystick_to_serial_pkg) by extension 'colcon_meta'
[0.534s] Level 1:colcon.colcon_core.package_identification:_identify(src/joystick_to_serial_pkg) by extensions ['ros']
[0.534s] Level 1:colcon.colcon_core.package_identification:_identify(src/joystick_to_serial_pkg) by extension 'ros'
[0.535s] DEBUG:colcon.colcon_core.package_identification:Package 'src/joystick_to_serial_pkg' with type 'ros.ament_python' and name 'joystick_to_serial_pkg'
[0.535s] Level 1:colcon.colcon_core.package_identification:_identify(src/kuka_launch_pkg) by extensions ['ignore', 'ignore_ament_install']
[0.535s] Level 1:colcon.colcon_core.package_identification:_identify(src/kuka_launch_pkg) by extension 'ignore'
[0.535s] Level 1:colcon.colcon_core.package_identification:_identify(src/kuka_launch_pkg) by extension 'ignore_ament_install'
[0.536s] Level 1:colcon.colcon_core.package_identification:_identify(src/kuka_launch_pkg) by extensions ['colcon_pkg']
[0.536s] Level 1:colcon.colcon_core.package_identification:_identify(src/kuka_launch_pkg) by extension 'colcon_pkg'
[0.536s] Level 1:colcon.colcon_core.package_identification:_identify(src/kuka_launch_pkg) by extensions ['colcon_meta']
[0.536s] Level 1:colcon.colcon_core.package_identification:_identify(src/kuka_launch_pkg) by extension 'colcon_meta'
[0.536s] Level 1:colcon.colcon_core.package_identification:_identify(src/kuka_launch_pkg) by extensions ['ros']
[0.536s] Level 1:colcon.colcon_core.package_identification:_identify(src/kuka_launch_pkg) by extension 'ros'
[0.536s] DEBUG:colcon.colcon_core.package_identification:Package 'src/kuka_launch_pkg' with type 'ros.ament_python' and name 'kuka_launch_pkg'
[0.536s] Level 1:colcon.colcon_core.package_identification:_identify(src/kuka_msgs_pkg) by extensions ['ignore', 'ignore_ament_install']
[0.537s] Level 1:colcon.colcon_core.package_identification:_identify(src/kuka_msgs_pkg) by extension 'ignore'
[0.537s] Level 1:colcon.colcon_core.package_identification:_identify(src/kuka_msgs_pkg) by extension 'ignore_ament_install'
[0.537s] Level 1:colcon.colcon_core.package_identification:_identify(src/kuka_msgs_pkg) by extensions ['colcon_pkg']
[0.537s] Level 1:colcon.colcon_core.package_identification:_identify(src/kuka_msgs_pkg) by extension 'colcon_pkg'
[0.537s] Level 1:colcon.colcon_core.package_identification:_identify(src/kuka_msgs_pkg) by extensions ['colcon_meta']
[0.537s] Level 1:colcon.colcon_core.package_identification:_identify(src/kuka_msgs_pkg) by extension 'colcon_meta'
[0.537s] Level 1:colcon.colcon_core.package_identification:_identify(src/kuka_msgs_pkg) by extensions ['ros']
[0.537s] Level 1:colcon.colcon_core.package_identification:_identify(src/kuka_msgs_pkg) by extension 'ros'
[0.538s] DEBUG:colcon.colcon_core.package_identification:Package 'src/kuka_msgs_pkg' with type 'ros.ament_cmake' and name 'kuka_msgs_pkg'
[0.538s] Level 1:colcon.colcon_core.package_identification:_identify(src/serial_communication_pkg) by extensions ['ignore', 'ignore_ament_install']
[0.538s] Level 1:colcon.colcon_core.package_identification:_identify(src/serial_communication_pkg) by extension 'ignore'
[0.538s] Level 1:colcon.colcon_core.package_identification:_identify(src/serial_communication_pkg) by extension 'ignore_ament_install'
[0.538s] Level 1:colcon.colcon_core.package_identification:_identify(src/serial_communication_pkg) by extensions ['colcon_pkg']
[0.538s] Level 1:colcon.colcon_core.package_identification:_identify(src/serial_communication_pkg) by extension 'colcon_pkg'
[0.538s] Level 1:colcon.colcon_core.package_identification:_identify(src/serial_communication_pkg) by extensions ['colcon_meta']
[0.538s] Level 1:colcon.colcon_core.package_identification:_identify(src/serial_communication_pkg) by extension 'colcon_meta'
[0.538s] Level 1:colcon.colcon_core.package_identification:_identify(src/serial_communication_pkg) by extensions ['ros']
[0.538s] Level 1:colcon.colcon_core.package_identification:_identify(src/serial_communication_pkg) by extension 'ros'
[0.539s] DEBUG:colcon.colcon_core.package_identification:Package 'src/serial_communication_pkg' with type 'ros.ament_python' and name 'serial_communication_pkg'
[0.539s] Level 1:colcon.colcon_core.package_discovery:discover_packages(recursive) using defaults
[0.539s] Level 1:colcon.colcon_core.package_discovery:discover_packages(ignore) discover
[0.539s] Level 1:colcon.colcon_core.package_discovery:discover_packages(ignore) using defaults
[0.539s] Level 1:colcon.colcon_core.package_discovery:discover_packages(path) discover
[0.539s] Level 1:colcon.colcon_core.package_discovery:discover_packages(path) using defaults
[0.569s] Level 1:colcon.colcon_core.package_discovery:discover_packages(prefix_path) check parameters
[0.569s] Level 1:colcon.colcon_core.package_discovery:discover_packages(prefix_path) discover
[0.570s] WARNING:colcon.colcon_core.prefix_path.colcon:The path '/home/geert/kuka-ido/ros2_ws_kuka/install' in the environment variable COLCON_PREFIX_PATH doesn't exist
[0.570s] WARNING:colcon.colcon_ros.prefix_path.ament:The path '/home/geert/kuka-ido/ros2_ws_kuka/install/serial_communication_pkg' in the environment variable AMENT_PREFIX_PATH doesn't exist
[0.570s] WARNING:colcon.colcon_ros.prefix_path.ament:The path '/home/geert/kuka-ido/ros2_ws_kuka/install/data_visualiser_pkg' in the environment variable AMENT_PREFIX_PATH doesn't exist
[0.570s] WARNING:colcon.colcon_ros.prefix_path.ament:The path '/home/geert/kuka-ido/ros2_ws_kuka/install/kuka_msgs_pkg' in the environment variable AMENT_PREFIX_PATH doesn't exist
[0.571s] WARNING:colcon.colcon_ros.prefix_path.ament:The path '/home/geert/kuka-ido/ros2_ws_kuka/install/kuka_launch_pkg' in the environment variable AMENT_PREFIX_PATH doesn't exist
[0.571s] WARNING:colcon.colcon_ros.prefix_path.ament:The path '/home/geert/kuka-ido/ros2_ws_kuka/install/joystick_to_serial_pkg' in the environment variable AMENT_PREFIX_PATH doesn't exist
[0.571s] WARNING:colcon.colcon_ros.prefix_path.catkin:The path '/home/geert/kuka-ido/ros2_ws_kuka/install/kuka_msgs_pkg' in the environment variable CMAKE_PREFIX_PATH doesn't exist
[0.574s] DEBUG:colcon.colcon_installed_package_information.package_discovery:Found 296 installed packages in /opt/ros/iron
[0.576s] Level 1:colcon.colcon_core.package_discovery:discover_packages(prefix_path) using defaults
[0.684s] Level 5:colcon.colcon_core.verb:set package 'joystick_to_serial_pkg' build argument 'cmake_args' from command line to 'None'
[0.684s] Level 5:colcon.colcon_core.verb:set package 'joystick_to_serial_pkg' build argument 'cmake_target' from command line to 'None'
[0.684s] Level 5:colcon.colcon_core.verb:set package 'joystick_to_serial_pkg' build argument 'cmake_target_skip_unavailable' from command line to 'False'
[0.684s] Level 5:colcon.colcon_core.verb:set package 'joystick_to_serial_pkg' build argument 'cmake_clean_cache' from command line to 'False'
[0.684s] Level 5:colcon.colcon_core.verb:set package 'joystick_to_serial_pkg' build argument 'cmake_clean_first' from command line to 'False'
[0.684s] Level 5:colcon.colcon_core.verb:set package 'joystick_to_serial_pkg' build argument 'cmake_force_configure' from command line to 'False'
[0.684s] Level 5:colcon.colcon_core.verb:set package 'joystick_to_serial_pkg' build argument 'ament_cmake_args' from command line to 'None'
[0.684s] Level 5:colcon.colcon_core.verb:set package 'joystick_to_serial_pkg' build argument 'catkin_cmake_args' from command line to 'None'
[0.684s] Level 5:colcon.colcon_core.verb:set package 'joystick_to_serial_pkg' build argument 'catkin_skip_building_tests' from command line to 'False'
[0.684s] DEBUG:colcon.colcon_core.verb:Building package 'joystick_to_serial_pkg' with the following arguments: {'ament_cmake_args': None, 'build_base': '/home/geert/kuka-ido/ros2_ws/build/joystick_to_serial_pkg', 'catkin_cmake_args': None, 'catkin_skip_building_tests': False, 'cmake_args': None, 'cmake_clean_cache': False, 'cmake_clean_first': False, 'cmake_force_configure': False, 'cmake_target': None, 'cmake_target_skip_unavailable': False, 'install_base': '/home/geert/kuka-ido/ros2_ws/install/joystick_to_serial_pkg', 'merge_install': False, 'path': '/home/geert/kuka-ido/ros2_ws/src/joystick_to_serial_pkg', 'symlink_install': False, 'test_result_base': None}
[0.686s] Level 5:colcon.colcon_core.verb:set package 'kuka_launch_pkg' build argument 'cmake_args' from command line to 'None'
[0.686s] Level 5:colcon.colcon_core.verb:set package 'kuka_launch_pkg' build argument 'cmake_target' from command line to 'None'
[0.686s] Level 5:colcon.colcon_core.verb:set package 'kuka_launch_pkg' build argument 'cmake_target_skip_unavailable' from command line to 'False'
[0.686s] Level 5:colcon.colcon_core.verb:set package 'kuka_launch_pkg' build argument 'cmake_clean_cache' from command line to 'False'
[0.686s] Level 5:colcon.colcon_core.verb:set package 'kuka_launch_pkg' build argument 'cmake_clean_first' from command line to 'False'
[0.686s] Level 5:colcon.colcon_core.verb:set package 'kuka_launch_pkg' build argument 'cmake_force_configure' from command line to 'False'
[0.686s] Level 5:colcon.colcon_core.verb:set package 'kuka_launch_pkg' build argument 'ament_cmake_args' from command line to 'None'
[0.686s] Level 5:colcon.colcon_core.verb:set package 'kuka_launch_pkg' build argument 'catkin_cmake_args' from command line to 'None'
[0.686s] Level 5:colcon.colcon_core.verb:set package 'kuka_launch_pkg' build argument 'catkin_skip_building_tests' from command line to 'False'
[0.686s] DEBUG:colcon.colcon_core.verb:Building package 'kuka_launch_pkg' with the following arguments: {'ament_cmake_args': None, 'build_base': '/home/geert/kuka-ido/ros2_ws/build/kuka_launch_pkg', 'catkin_cmake_args': None, 'catkin_skip_building_tests': False, 'cmake_args': None, 'cmake_clean_cache': False, 'cmake_clean_first': False, 'cmake_force_configure': False, 'cmake_target': None, 'cmake_target_skip_unavailable': False, 'install_base': '/home/geert/kuka-ido/ros2_ws/install/kuka_launch_pkg', 'merge_install': False, 'path': '/home/geert/kuka-ido/ros2_ws/src/kuka_launch_pkg', 'symlink_install': False, 'test_result_base': None}
[0.687s] Level 5:colcon.colcon_core.verb:set package 'kuka_msgs_pkg' build argument 'cmake_args' from command line to 'None'
[0.687s] Level 5:colcon.colcon_core.verb:set package 'kuka_msgs_pkg' build argument 'cmake_target' from command line to 'None'
[0.687s] Level 5:colcon.colcon_core.verb:set package 'kuka_msgs_pkg' build argument 'cmake_target_skip_unavailable' from command line to 'False'
[0.687s] Level 5:colcon.colcon_core.verb:set package 'kuka_msgs_pkg' build argument 'cmake_clean_cache' from command line to 'False'
[0.688s] Level 5:colcon.colcon_core.verb:set package 'kuka_msgs_pkg' build argument 'cmake_clean_first' from command line to 'False'
[0.688s] Level 5:colcon.colcon_core.verb:set package 'kuka_msgs_pkg' build argument 'cmake_force_configure' from command line to 'False'
[0.688s] Level 5:colcon.colcon_core.verb:set package 'kuka_msgs_pkg' build argument 'ament_cmake_args' from command line to 'None'
[0.688s] Level 5:colcon.colcon_core.verb:set package 'kuka_msgs_pkg' build argument 'catkin_cmake_args' from command line to 'None'
[0.688s] Level 5:colcon.colcon_core.verb:set package 'kuka_msgs_pkg' build argument 'catkin_skip_building_tests' from command line to 'False'
[0.688s] DEBUG:colcon.colcon_core.verb:Building package 'kuka_msgs_pkg' with the following arguments: {'ament_cmake_args': None, 'build_base': '/home/geert/kuka-ido/ros2_ws/build/kuka_msgs_pkg', 'catkin_cmake_args': None, 'catkin_skip_building_tests': False, 'cmake_args': None, 'cmake_clean_cache': False, 'cmake_clean_first': False, 'cmake_force_configure': False, 'cmake_target': None, 'cmake_target_skip_unavailable': False, 'install_base': '/home/geert/kuka-ido/ros2_ws/install/kuka_msgs_pkg', 'merge_install': False, 'path': '/home/geert/kuka-ido/ros2_ws/src/kuka_msgs_pkg', 'symlink_install': False, 'test_result_base': None}
[0.689s] Level 5:colcon.colcon_core.verb:set package 'data_visualiser_pkg' build argument 'cmake_args' from command line to 'None'
[0.689s] Level 5:colcon.colcon_core.verb:set package 'data_visualiser_pkg' build argument 'cmake_target' from command line to 'None'
[0.689s] Level 5:colcon.colcon_core.verb:set package 'data_visualiser_pkg' build argument 'cmake_target_skip_unavailable' from command line to 'False'
[0.689s] Level 5:colcon.colcon_core.verb:set package 'data_visualiser_pkg' build argument 'cmake_clean_cache' from command line to 'False'
[0.689s] Level 5:colcon.colcon_core.verb:set package 'data_visualiser_pkg' build argument 'cmake_clean_first' from command line to 'False'
[0.689s] Level 5:colcon.colcon_core.verb:set package 'data_visualiser_pkg' build argument 'cmake_force_configure' from command line to 'False'
[0.689s] Level 5:colcon.colcon_core.verb:set package 'data_visualiser_pkg' build argument 'ament_cmake_args' from command line to 'None'
[0.689s] Level 5:colcon.colcon_core.verb:set package 'data_visualiser_pkg' build argument 'catkin_cmake_args' from command line to 'None'
[0.689s] Level 5:colcon.colcon_core.verb:set package 'data_visualiser_pkg' build argument 'catkin_skip_building_tests' from command line to 'False'
[0.689s] DEBUG:colcon.colcon_core.verb:Building package 'data_visualiser_pkg' with the following arguments: {'ament_cmake_args': None, 'build_base': '/home/geert/kuka-ido/ros2_ws/build/data_visualiser_pkg', 'catkin_cmake_args': None, 'catkin_skip_building_tests': False, 'cmake_args': None, 'cmake_clean_cache': False, 'cmake_clean_first': False, 'cmake_force_configure': False, 'cmake_target': None, 'cmake_target_skip_unavailable': False, 'install_base': '/home/geert/kuka-ido/ros2_ws/install/data_visualiser_pkg', 'merge_install': False, 'path': '/home/geert/kuka-ido/ros2_ws/src/data_visualiser_pkg', 'symlink_install': False, 'test_result_base': None}
[0.691s] Level 5:colcon.colcon_core.verb:set package 'serial_communication_pkg' build argument 'cmake_args' from command line to 'None'
[0.691s] Level 5:colcon.colcon_core.verb:set package 'serial_communication_pkg' build argument 'cmake_target' from command line to 'None'
[0.691s] Level 5:colcon.colcon_core.verb:set package 'serial_communication_pkg' build argument 'cmake_target_skip_unavailable' from command line to 'False'
[0.691s] Level 5:colcon.colcon_core.verb:set package 'serial_communication_pkg' build argument 'cmake_clean_cache' from command line to 'False'
[0.691s] Level 5:colcon.colcon_core.verb:set package 'serial_communication_pkg' build argument 'cmake_clean_first' from command line to 'False'
[0.691s] Level 5:colcon.colcon_core.verb:set package 'serial_communication_pkg' build argument 'cmake_force_configure' from command line to 'False'
[0.691s] Level 5:colcon.colcon_core.verb:set package 'serial_communication_pkg' build argument 'ament_cmake_args' from command line to 'None'
[0.691s] Level 5:colcon.colcon_core.verb:set package 'serial_communication_pkg' build argument 'catkin_cmake_args' from command line to 'None'
[0.691s] Level 5:colcon.colcon_core.verb:set package 'serial_communication_pkg' build argument 'catkin_skip_building_tests' from command line to 'False'
[0.691s] DEBUG:colcon.colcon_core.verb:Building package 'serial_communication_pkg' with the following arguments: {'ament_cmake_args': None, 'build_base': '/home/geert/kuka-ido/ros2_ws/build/serial_communication_pkg', 'catkin_cmake_args': None, 'catkin_skip_building_tests': False, 'cmake_args': None, 'cmake_clean_cache': False, 'cmake_clean_first': False, 'cmake_force_configure': False, 'cmake_target': None, 'cmake_target_skip_unavailable': False, 'install_base': '/home/geert/kuka-ido/ros2_ws/install/serial_communication_pkg', 'merge_install': False, 'path': '/home/geert/kuka-ido/ros2_ws/src/serial_communication_pkg', 'symlink_install': False, 'test_result_base': None}
[0.692s] INFO:colcon.colcon_core.executor:Executing jobs using 'parallel' executor
[0.697s] DEBUG:colcon.colcon_parallel_executor.executor.parallel:run_until_complete
[0.697s] INFO:colcon.colcon_ros.task.ament_cmake.build:Building ROS package in '/home/geert/kuka-ido/ros2_ws/src/kuka_msgs_pkg' with build type 'ament_cmake'
[0.697s] INFO:colcon.colcon_cmake.task.cmake.build:Building CMake package in '/home/geert/kuka-ido/ros2_ws/src/kuka_msgs_pkg'
[0.701s] INFO:colcon.colcon_core.plugin_system:Skipping extension 'colcon_core.shell.bat': Not used on non-Windows systems
[0.702s] INFO:colcon.colcon_core.shell:Skip shell extension 'powershell' for command environment: Not usable outside of PowerShell
[0.702s] DEBUG:colcon.colcon_core.shell:Skip shell extension 'dsv' for command environment
[0.712s] DEBUG:colcon.colcon_core.event_handler.log_command:Invoking command in '/home/geert/kuka-ido/ros2_ws/build/kuka_msgs_pkg': CMAKE_PREFIX_PATH=${CMAKE_PREFIX_PATH}:/home/geert/kuka-ido/ros2_ws_kuka/install/serial_communication_pkg:/home/geert/kuka-ido/ros2_ws_kuka/install/data_visualiser_pkg:/home/geert/kuka-ido/ros2_ws_kuka/install/kuka_launch_pkg:/home/geert/kuka-ido/ros2_ws_kuka/install/joystick_to_serial_pkg:/opt/ros/iron /usr/bin/cmake --build /home/geert/kuka-ido/ros2_ws/build/kuka_msgs_pkg -- -j1 -l1
[1.456s] DEBUG:colcon.colcon_core.event_handler.log_command:Invoked command in '/home/geert/kuka-ido/ros2_ws/build/kuka_msgs_pkg' returned '0': CMAKE_PREFIX_PATH=${CMAKE_PREFIX_PATH}:/home/geert/kuka-ido/ros2_ws_kuka/install/serial_communication_pkg:/home/geert/kuka-ido/ros2_ws_kuka/install/data_visualiser_pkg:/home/geert/kuka-ido/ros2_ws_kuka/install/kuka_launch_pkg:/home/geert/kuka-ido/ros2_ws_kuka/install/joystick_to_serial_pkg:/opt/ros/iron /usr/bin/cmake --build /home/geert/kuka-ido/ros2_ws/build/kuka_msgs_pkg -- -j1 -l1
[1.523s] DEBUG:colcon.colcon_core.event_handler.log_command:Invoking command in '/home/geert/kuka-ido/ros2_ws/build/kuka_msgs_pkg': CMAKE_PREFIX_PATH=${CMAKE_PREFIX_PATH}:/home/geert/kuka-ido/ros2_ws_kuka/install/serial_communication_pkg:/home/geert/kuka-ido/ros2_ws_kuka/install/data_visualiser_pkg:/home/geert/kuka-ido/ros2_ws_kuka/install/kuka_launch_pkg:/home/geert/kuka-ido/ros2_ws_kuka/install/joystick_to_serial_pkg:/opt/ros/iron /usr/bin/cmake --install /home/geert/kuka-ido/ros2_ws/build/kuka_msgs_pkg
[1.626s] Level 1:colcon.colcon_core.environment:create_environment_scripts_only(kuka_msgs_pkg)
[1.632s] Level 1:colcon.colcon_core.environment:checking '/home/geert/kuka-ido/ros2_ws/install/kuka_msgs_pkg' for CMake module files
[1.632s] Level 1:colcon.colcon_core.environment:checking '/home/geert/kuka-ido/ros2_ws/install/kuka_msgs_pkg' for CMake config files
[1.633s] Level 1:colcon.colcon_core.shell:create_environment_hook('kuka_msgs_pkg', 'cmake_prefix_path')
[1.634s] INFO:colcon.colcon_core.shell:Creating environment hook '/home/geert/kuka-ido/ros2_ws/install/kuka_msgs_pkg/share/kuka_msgs_pkg/hook/cmake_prefix_path.ps1'
[1.635s] DEBUG:colcon.colcon_core.event_handler.log_command:Invoked command in '/home/geert/kuka-ido/ros2_ws/build/kuka_msgs_pkg' returned '0': CMAKE_PREFIX_PATH=${CMAKE_PREFIX_PATH}:/home/geert/kuka-ido/ros2_ws_kuka/install/serial_communication_pkg:/home/geert/kuka-ido/ros2_ws_kuka/install/data_visualiser_pkg:/home/geert/kuka-ido/ros2_ws_kuka/install/kuka_launch_pkg:/home/geert/kuka-ido/ros2_ws_kuka/install/joystick_to_serial_pkg:/opt/ros/iron /usr/bin/cmake --install /home/geert/kuka-ido/ros2_ws/build/kuka_msgs_pkg
[1.635s] INFO:colcon.colcon_core.shell:Creating environment descriptor '/home/geert/kuka-ido/ros2_ws/install/kuka_msgs_pkg/share/kuka_msgs_pkg/hook/cmake_prefix_path.dsv'
[1.636s] INFO:colcon.colcon_core.shell:Creating environment hook '/home/geert/kuka-ido/ros2_ws/install/kuka_msgs_pkg/share/kuka_msgs_pkg/hook/cmake_prefix_path.sh'
[1.637s] Level 1:colcon.colcon_core.environment:checking '/home/geert/kuka-ido/ros2_ws/install/kuka_msgs_pkg/lib'
[1.637s] Level 1:colcon.colcon_core.shell:create_environment_hook('kuka_msgs_pkg', 'ld_library_path_lib')
[1.639s] INFO:colcon.colcon_core.shell:Creating environment hook '/home/geert/kuka-ido/ros2_ws/install/kuka_msgs_pkg/share/kuka_msgs_pkg/hook/ld_library_path_lib.ps1'
[1.639s] INFO:colcon.colcon_core.shell:Creating environment descriptor '/home/geert/kuka-ido/ros2_ws/install/kuka_msgs_pkg/share/kuka_msgs_pkg/hook/ld_library_path_lib.dsv'
[1.640s] INFO:colcon.colcon_core.shell:Creating environment hook '/home/geert/kuka-ido/ros2_ws/install/kuka_msgs_pkg/share/kuka_msgs_pkg/hook/ld_library_path_lib.sh'
[1.640s] Level 1:colcon.colcon_core.environment:checking '/home/geert/kuka-ido/ros2_ws/install/kuka_msgs_pkg/bin'
[1.640s] Level 1:colcon.colcon_core.environment:checking '/home/geert/kuka-ido/ros2_ws/install/kuka_msgs_pkg/lib/pkgconfig/kuka_msgs_pkg.pc'
[1.640s] Level 1:colcon.colcon_core.environment:checking '/home/geert/kuka-ido/ros2_ws/install/kuka_msgs_pkg/lib/python3.10/site-packages'
[1.640s] Level 1:colcon.colcon_core.shell:create_environment_hook('kuka_msgs_pkg', 'pythonpath')
[1.642s] INFO:colcon.colcon_core.shell:Creating environment hook '/home/geert/kuka-ido/ros2_ws/install/kuka_msgs_pkg/share/kuka_msgs_pkg/hook/pythonpath.ps1'
[1.643s] INFO:colcon.colcon_core.shell:Creating environment descriptor '/home/geert/kuka-ido/ros2_ws/install/kuka_msgs_pkg/share/kuka_msgs_pkg/hook/pythonpath.dsv'
[1.643s] INFO:colcon.colcon_core.shell:Creating environment hook '/home/geert/kuka-ido/ros2_ws/install/kuka_msgs_pkg/share/kuka_msgs_pkg/hook/pythonpath.sh'
[1.644s] Level 1:colcon.colcon_core.environment:checking '/home/geert/kuka-ido/ros2_ws/install/kuka_msgs_pkg/bin'
[1.646s] INFO:colcon.colcon_core.shell:Creating package script '/home/geert/kuka-ido/ros2_ws/install/kuka_msgs_pkg/share/kuka_msgs_pkg/package.ps1'
[1.647s] INFO:colcon.colcon_core.shell:Creating package descriptor '/home/geert/kuka-ido/ros2_ws/install/kuka_msgs_pkg/share/kuka_msgs_pkg/package.dsv'
[1.648s] INFO:colcon.colcon_core.shell:Creating package script '/home/geert/kuka-ido/ros2_ws/install/kuka_msgs_pkg/share/kuka_msgs_pkg/package.sh'
[1.649s] INFO:colcon.colcon_core.shell:Creating package script '/home/geert/kuka-ido/ros2_ws/install/kuka_msgs_pkg/share/kuka_msgs_pkg/package.bash'
[1.650s] INFO:colcon.colcon_core.shell:Creating package script '/home/geert/kuka-ido/ros2_ws/install/kuka_msgs_pkg/share/kuka_msgs_pkg/package.zsh'
[1.651s] Level 1:colcon.colcon_core.environment:create_file_with_runtime_dependencies(/home/geert/kuka-ido/ros2_ws/install/kuka_msgs_pkg/share/colcon-core/packages/kuka_msgs_pkg)
[1.712s] Level 1:colcon.colcon_core.environment:create_environment_scripts_only(kuka_msgs_pkg)
[1.714s] Level 1:colcon.colcon_core.environment:checking '/home/geert/kuka-ido/ros2_ws/install/kuka_msgs_pkg' for CMake module files
[1.715s] Level 1:colcon.colcon_core.environment:checking '/home/geert/kuka-ido/ros2_ws/install/kuka_msgs_pkg' for CMake config files
[1.715s] Level 1:colcon.colcon_core.shell:create_environment_hook('kuka_msgs_pkg', 'cmake_prefix_path')
[1.717s] INFO:colcon.colcon_core.shell:Creating environment hook '/home/geert/kuka-ido/ros2_ws/install/kuka_msgs_pkg/share/kuka_msgs_pkg/hook/cmake_prefix_path.ps1'
[1.717s] INFO:colcon.colcon_core.shell:Creating environment descriptor '/home/geert/kuka-ido/ros2_ws/install/kuka_msgs_pkg/share/kuka_msgs_pkg/hook/cmake_prefix_path.dsv'
[1.718s] INFO:colcon.colcon_core.shell:Creating environment hook '/home/geert/kuka-ido/ros2_ws/install/kuka_msgs_pkg/share/kuka_msgs_pkg/hook/cmake_prefix_path.sh'
[1.719s] Level 1:colcon.colcon_core.environment:checking '/home/geert/kuka-ido/ros2_ws/install/kuka_msgs_pkg/lib'
[1.719s] Level 1:colcon.colcon_core.shell:create_environment_hook('kuka_msgs_pkg', 'ld_library_path_lib')
[1.721s] INFO:colcon.colcon_core.shell:Creating environment hook '/home/geert/kuka-ido/ros2_ws/install/kuka_msgs_pkg/share/kuka_msgs_pkg/hook/ld_library_path_lib.ps1'
[1.721s] INFO:colcon.colcon_core.shell:Creating environment descriptor '/home/geert/kuka-ido/ros2_ws/install/kuka_msgs_pkg/share/kuka_msgs_pkg/hook/ld_library_path_lib.dsv'
[1.726s] INFO:colcon.colcon_core.shell:Creating environment hook '/home/geert/kuka-ido/ros2_ws/install/kuka_msgs_pkg/share/kuka_msgs_pkg/hook/ld_library_path_lib.sh'
[1.727s] Level 1:colcon.colcon_core.environment:checking '/home/geert/kuka-ido/ros2_ws/install/kuka_msgs_pkg/bin'
[1.727s] Level 1:colcon.colcon_core.environment:checking '/home/geert/kuka-ido/ros2_ws/install/kuka_msgs_pkg/lib/pkgconfig/kuka_msgs_pkg.pc'
[1.727s] Level 1:colcon.colcon_core.environment:checking '/home/geert/kuka-ido/ros2_ws/install/kuka_msgs_pkg/lib/python3.10/site-packages'
[1.728s] Level 1:colcon.colcon_core.shell:create_environment_hook('kuka_msgs_pkg', 'pythonpath')
[1.730s] INFO:colcon.colcon_core.shell:Creating environment hook '/home/geert/kuka-ido/ros2_ws/install/kuka_msgs_pkg/share/kuka_msgs_pkg/hook/pythonpath.ps1'
[1.730s] INFO:colcon.colcon_core.shell:Creating environment descriptor '/home/geert/kuka-ido/ros2_ws/install/kuka_msgs_pkg/share/kuka_msgs_pkg/hook/pythonpath.dsv'
[1.730s] INFO:colcon.colcon_core.shell:Creating environment hook '/home/geert/kuka-ido/ros2_ws/install/kuka_msgs_pkg/share/kuka_msgs_pkg/hook/pythonpath.sh'
[1.731s] Level 1:colcon.colcon_core.environment:checking '/home/geert/kuka-ido/ros2_ws/install/kuka_msgs_pkg/bin'
[1.733s] INFO:colcon.colcon_core.shell:Creating package script '/home/geert/kuka-ido/ros2_ws/install/kuka_msgs_pkg/share/kuka_msgs_pkg/package.ps1'
[1.734s] INFO:colcon.colcon_core.shell:Creating package descriptor '/home/geert/kuka-ido/ros2_ws/install/kuka_msgs_pkg/share/kuka_msgs_pkg/package.dsv'
[1.734s] INFO:colcon.colcon_core.shell:Creating package script '/home/geert/kuka-ido/ros2_ws/install/kuka_msgs_pkg/share/kuka_msgs_pkg/package.sh'
[1.735s] INFO:colcon.colcon_core.shell:Creating package script '/home/geert/kuka-ido/ros2_ws/install/kuka_msgs_pkg/share/kuka_msgs_pkg/package.bash'
[1.735s] INFO:colcon.colcon_core.shell:Creating package script '/home/geert/kuka-ido/ros2_ws/install/kuka_msgs_pkg/share/kuka_msgs_pkg/package.zsh'
[1.736s] Level 1:colcon.colcon_core.environment:create_file_with_runtime_dependencies(/home/geert/kuka-ido/ros2_ws/install/kuka_msgs_pkg/share/colcon-core/packages/kuka_msgs_pkg)
[1.737s] INFO:colcon.colcon_ros.task.ament_python.build:Building ROS package in '/home/geert/kuka-ido/ros2_ws/src/joystick_to_serial_pkg' with build type 'ament_python'
[1.737s] Level 1:colcon.colcon_core.shell:create_environment_hook('joystick_to_serial_pkg', 'ament_prefix_path')
[1.739s] INFO:colcon.colcon_core.shell:Creating environment hook '/home/geert/kuka-ido/ros2_ws/install/joystick_to_serial_pkg/share/joystick_to_serial_pkg/hook/ament_prefix_path.ps1'
[1.740s] INFO:colcon.colcon_core.shell:Creating environment descriptor '/home/geert/kuka-ido/ros2_ws/install/joystick_to_serial_pkg/share/joystick_to_serial_pkg/hook/ament_prefix_path.dsv'
[1.740s] INFO:colcon.colcon_core.shell:Creating environment hook '/home/geert/kuka-ido/ros2_ws/install/joystick_to_serial_pkg/share/joystick_to_serial_pkg/hook/ament_prefix_path.sh'
[1.743s] INFO:colcon.colcon_core.shell:Skip shell extension 'powershell' for command environment: Not usable outside of PowerShell
[1.743s] DEBUG:colcon.colcon_core.shell:Skip shell extension 'dsv' for command environment
[2.132s] INFO:colcon.colcon_core.task.python.build:Building Python package in '/home/geert/kuka-ido/ros2_ws/src/joystick_to_serial_pkg'
[2.134s] INFO:colcon.colcon_core.shell:Skip shell extension 'powershell' for command environment: Not usable outside of PowerShell
[2.134s] DEBUG:colcon.colcon_core.shell:Skip shell extension 'dsv' for command environment
[2.624s] DEBUG:colcon.colcon_core.event_handler.log_command:Invoking command in '/home/geert/kuka-ido/ros2_ws/src/joystick_to_serial_pkg': PYTHONPATH=/home/geert/kuka-ido/ros2_ws/build/joystick_to_serial_pkg/prefix_override:/home/geert/kuka-ido/ros2_ws/install/joystick_to_serial_pkg/lib/python3.10/site-packages:${PYTHONPATH} /usr/bin/python3 setup.py egg_info --egg-base ../../build/joystick_to_serial_pkg build --build-base /home/geert/kuka-ido/ros2_ws/build/joystick_to_serial_pkg/build install --record /home/geert/kuka-ido/ros2_ws/build/joystick_to_serial_pkg/install.log --single-version-externally-managed
[3.102s] Level 1:colcon.colcon_core.environment:checking '/home/geert/kuka-ido/ros2_ws/install/joystick_to_serial_pkg' for CMake module files
[3.103s] DEBUG:colcon.colcon_core.event_handler.log_command:Invoked command in '/home/geert/kuka-ido/ros2_ws/src/joystick_to_serial_pkg' returned '0': PYTHONPATH=/home/geert/kuka-ido/ros2_ws/build/joystick_to_serial_pkg/prefix_override:/home/geert/kuka-ido/ros2_ws/install/joystick_to_serial_pkg/lib/python3.10/site-packages:${PYTHONPATH} /usr/bin/python3 setup.py egg_info --egg-base ../../build/joystick_to_serial_pkg build --build-base /home/geert/kuka-ido/ros2_ws/build/joystick_to_serial_pkg/build install --record /home/geert/kuka-ido/ros2_ws/build/joystick_to_serial_pkg/install.log --single-version-externally-managed
[3.104s] Level 1:colcon.colcon_core.environment:checking '/home/geert/kuka-ido/ros2_ws/install/joystick_to_serial_pkg' for CMake config files
[3.104s] Level 1:colcon.colcon_core.environment:checking '/home/geert/kuka-ido/ros2_ws/install/joystick_to_serial_pkg/lib'
[3.104s] Level 1:colcon.colcon_core.environment:checking '/home/geert/kuka-ido/ros2_ws/install/joystick_to_serial_pkg/bin'
[3.104s] Level 1:colcon.colcon_core.environment:checking '/home/geert/kuka-ido/ros2_ws/install/joystick_to_serial_pkg/lib/pkgconfig/joystick_to_serial_pkg.pc'
[3.105s] Level 1:colcon.colcon_core.environment:checking '/home/geert/kuka-ido/ros2_ws/install/joystick_to_serial_pkg/lib/python3.10/site-packages'
[3.105s] Level 1:colcon.colcon_core.shell:create_environment_hook('joystick_to_serial_pkg', 'pythonpath')
[3.107s] INFO:colcon.colcon_core.shell:Creating environment hook '/home/geert/kuka-ido/ros2_ws/install/joystick_to_serial_pkg/share/joystick_to_serial_pkg/hook/pythonpath.ps1'
[3.107s] INFO:colcon.colcon_core.shell:Creating environment descriptor '/home/geert/kuka-ido/ros2_ws/install/joystick_to_serial_pkg/share/joystick_to_serial_pkg/hook/pythonpath.dsv'
[3.107s] INFO:colcon.colcon_core.shell:Creating environment hook '/home/geert/kuka-ido/ros2_ws/install/joystick_to_serial_pkg/share/joystick_to_serial_pkg/hook/pythonpath.sh'
[3.108s] Level 1:colcon.colcon_core.environment:checking '/home/geert/kuka-ido/ros2_ws/install/joystick_to_serial_pkg/bin'
[3.108s] Level 1:colcon.colcon_core.environment:create_environment_scripts_only(joystick_to_serial_pkg)
[3.110s] INFO:colcon.colcon_core.shell:Creating package script '/home/geert/kuka-ido/ros2_ws/install/joystick_to_serial_pkg/share/joystick_to_serial_pkg/package.ps1'
[3.111s] INFO:colcon.colcon_core.shell:Creating package descriptor '/home/geert/kuka-ido/ros2_ws/install/joystick_to_serial_pkg/share/joystick_to_serial_pkg/package.dsv'
[3.111s] INFO:colcon.colcon_core.shell:Creating package script '/home/geert/kuka-ido/ros2_ws/install/joystick_to_serial_pkg/share/joystick_to_serial_pkg/package.sh'
[3.112s] INFO:colcon.colcon_core.shell:Creating package script '/home/geert/kuka-ido/ros2_ws/install/joystick_to_serial_pkg/share/joystick_to_serial_pkg/package.bash'
[3.112s] INFO:colcon.colcon_core.shell:Creating package script '/home/geert/kuka-ido/ros2_ws/install/joystick_to_serial_pkg/share/joystick_to_serial_pkg/package.zsh'
[3.112s] Level 1:colcon.colcon_core.environment:create_file_with_runtime_dependencies(/home/geert/kuka-ido/ros2_ws/install/joystick_to_serial_pkg/share/colcon-core/packages/joystick_to_serial_pkg)
[3.113s] INFO:colcon.colcon_ros.task.ament_python.build:Building ROS package in '/home/geert/kuka-ido/ros2_ws/src/kuka_launch_pkg' with build type 'ament_python'
[3.113s] Level 1:colcon.colcon_core.shell:create_environment_hook('kuka_launch_pkg', 'ament_prefix_path')
[3.115s] INFO:colcon.colcon_core.shell:Creating environment hook '/home/geert/kuka-ido/ros2_ws/install/kuka_launch_pkg/share/kuka_launch_pkg/hook/ament_prefix_path.ps1'
[3.116s] INFO:colcon.colcon_core.shell:Creating environment descriptor '/home/geert/kuka-ido/ros2_ws/install/kuka_launch_pkg/share/kuka_launch_pkg/hook/ament_prefix_path.dsv'
[3.116s] INFO:colcon.colcon_core.shell:Creating environment hook '/home/geert/kuka-ido/ros2_ws/install/kuka_launch_pkg/share/kuka_launch_pkg/hook/ament_prefix_path.sh'
[3.118s] INFO:colcon.colcon_core.shell:Skip shell extension 'powershell' for command environment: Not usable outside of PowerShell
[3.118s] DEBUG:colcon.colcon_core.shell:Skip shell extension 'dsv' for command environment
[3.505s] INFO:colcon.colcon_core.task.python.build:Building Python package in '/home/geert/kuka-ido/ros2_ws/src/kuka_launch_pkg'
[3.507s] INFO:colcon.colcon_core.shell:Skip shell extension 'powershell' for command environment: Not usable outside of PowerShell
[3.507s] DEBUG:colcon.colcon_core.shell:Skip shell extension 'dsv' for command environment
[4.186s] DEBUG:colcon.colcon_core.event_handler.log_command:Invoking command in '/home/geert/kuka-ido/ros2_ws/src/kuka_launch_pkg': PYTHONPATH=/home/geert/kuka-ido/ros2_ws/build/kuka_launch_pkg/prefix_override:/home/geert/kuka-ido/ros2_ws/install/kuka_launch_pkg/lib/python3.10/site-packages:${PYTHONPATH} /usr/bin/python3 setup.py egg_info --egg-base ../../build/kuka_launch_pkg build --build-base /home/geert/kuka-ido/ros2_ws/build/kuka_launch_pkg/build install --record /home/geert/kuka-ido/ros2_ws/build/kuka_launch_pkg/install.log --single-version-externally-managed
[4.912s] Level 1:colcon.colcon_core.environment:checking '/home/geert/kuka-ido/ros2_ws/install/kuka_launch_pkg' for CMake module files
[4.913s] Level 1:colcon.colcon_core.environment:checking '/home/geert/kuka-ido/ros2_ws/install/kuka_launch_pkg' for CMake config files
[4.913s] Level 1:colcon.colcon_core.environment:checking '/home/geert/kuka-ido/ros2_ws/install/kuka_launch_pkg/lib'
[4.913s] Level 1:colcon.colcon_core.environment:checking '/home/geert/kuka-ido/ros2_ws/install/kuka_launch_pkg/bin'
[4.913s] Level 1:colcon.colcon_core.environment:checking '/home/geert/kuka-ido/ros2_ws/install/kuka_launch_pkg/lib/pkgconfig/kuka_launch_pkg.pc'
[4.914s] Level 1:colcon.colcon_core.environment:checking '/home/geert/kuka-ido/ros2_ws/install/kuka_launch_pkg/lib/python3.10/site-packages'
[4.914s] Level 1:colcon.colcon_core.shell:create_environment_hook('kuka_launch_pkg', 'pythonpath')
[4.916s] INFO:colcon.colcon_core.shell:Creating environment hook '/home/geert/kuka-ido/ros2_ws/install/kuka_launch_pkg/share/kuka_launch_pkg/hook/pythonpath.ps1'
[4.917s] DEBUG:colcon.colcon_core.event_handler.log_command:Invoked command in '/home/geert/kuka-ido/ros2_ws/src/kuka_launch_pkg' returned '0': PYTHONPATH=/home/geert/kuka-ido/ros2_ws/build/kuka_launch_pkg/prefix_override:/home/geert/kuka-ido/ros2_ws/install/kuka_launch_pkg/lib/python3.10/site-packages:${PYTHONPATH} /usr/bin/python3 setup.py egg_info --egg-base ../../build/kuka_launch_pkg build --build-base /home/geert/kuka-ido/ros2_ws/build/kuka_launch_pkg/build install --record /home/geert/kuka-ido/ros2_ws/build/kuka_launch_pkg/install.log --single-version-externally-managed
[4.917s] INFO:colcon.colcon_core.shell:Creating environment descriptor '/home/geert/kuka-ido/ros2_ws/install/kuka_launch_pkg/share/kuka_launch_pkg/hook/pythonpath.dsv'
[4.917s] INFO:colcon.colcon_core.shell:Creating environment hook '/home/geert/kuka-ido/ros2_ws/install/kuka_launch_pkg/share/kuka_launch_pkg/hook/pythonpath.sh'
[4.918s] Level 1:colcon.colcon_core.environment:checking '/home/geert/kuka-ido/ros2_ws/install/kuka_launch_pkg/bin'
[4.918s] Level 1:colcon.colcon_core.environment:create_environment_scripts_only(kuka_launch_pkg)
[4.920s] INFO:colcon.colcon_core.shell:Creating package script '/home/geert/kuka-ido/ros2_ws/install/kuka_launch_pkg/share/kuka_launch_pkg/package.ps1'
[4.920s] INFO:colcon.colcon_core.shell:Creating package descriptor '/home/geert/kuka-ido/ros2_ws/install/kuka_launch_pkg/share/kuka_launch_pkg/package.dsv'
[4.921s] INFO:colcon.colcon_core.shell:Creating package script '/home/geert/kuka-ido/ros2_ws/install/kuka_launch_pkg/share/kuka_launch_pkg/package.sh'
[4.921s] INFO:colcon.colcon_core.shell:Creating package script '/home/geert/kuka-ido/ros2_ws/install/kuka_launch_pkg/share/kuka_launch_pkg/package.bash'
[4.922s] INFO:colcon.colcon_core.shell:Creating package script '/home/geert/kuka-ido/ros2_ws/install/kuka_launch_pkg/share/kuka_launch_pkg/package.zsh'
[4.922s] Level 1:colcon.colcon_core.environment:create_file_with_runtime_dependencies(/home/geert/kuka-ido/ros2_ws/install/kuka_launch_pkg/share/colcon-core/packages/kuka_launch_pkg)
[4.924s] INFO:colcon.colcon_ros.task.ament_python.build:Building ROS package in '/home/geert/kuka-ido/ros2_ws/src/data_visualiser_pkg' with build type 'ament_python'
[4.925s] Level 1:colcon.colcon_core.shell:create_environment_hook('data_visualiser_pkg', 'ament_prefix_path')
[4.927s] INFO:colcon.colcon_core.shell:Creating environment hook '/home/geert/kuka-ido/ros2_ws/install/data_visualiser_pkg/share/data_visualiser_pkg/hook/ament_prefix_path.ps1'
[4.927s] INFO:colcon.colcon_core.shell:Creating environment descriptor '/home/geert/kuka-ido/ros2_ws/install/data_visualiser_pkg/share/data_visualiser_pkg/hook/ament_prefix_path.dsv'
[4.928s] INFO:colcon.colcon_core.shell:Creating environment hook '/home/geert/kuka-ido/ros2_ws/install/data_visualiser_pkg/share/data_visualiser_pkg/hook/ament_prefix_path.sh'
[4.930s] INFO:colcon.colcon_core.shell:Skip shell extension 'powershell' for command environment: Not usable outside of PowerShell
[4.930s] DEBUG:colcon.colcon_core.shell:Skip shell extension 'dsv' for command environment
[5.427s] INFO:colcon.colcon_core.task.python.build:Building Python package in '/home/geert/kuka-ido/ros2_ws/src/data_visualiser_pkg'
[5.429s] INFO:colcon.colcon_core.shell:Skip shell extension 'powershell' for command environment: Not usable outside of PowerShell
[5.429s] DEBUG:colcon.colcon_core.shell:Skip shell extension 'dsv' for command environment
[6.026s] DEBUG:colcon.colcon_core.event_handler.log_command:Invoking command in '/home/geert/kuka-ido/ros2_ws/src/data_visualiser_pkg': AMENT_PREFIX_PATH=/home/geert/ros2_ws_git/install/kuka_msgs_pkg:${AMENT_PREFIX_PATH} CMAKE_PREFIX_PATH=/home/geert/kuka-ido/ros2_ws/install/kuka_msgs_pkg:${CMAKE_PREFIX_PATH} LD_LIBRARY_PATH=/home/geert/ros2_ws_git/install/kuka_msgs_pkg/lib:/home/geert/kuka-ido/ros2_ws/install/kuka_msgs_pkg/lib:${LD_LIBRARY_PATH} PYTHONPATH=/home/geert/kuka-ido/ros2_ws/build/data_visualiser_pkg/prefix_override:/home/geert/kuka-ido/ros2_ws/install/data_visualiser_pkg/lib/python3.10/site-packages:/home/geert/ros2_ws_git/install/kuka_msgs_pkg/lib/python3.10/site-packages:/home/geert/kuka-ido/ros2_ws/install/kuka_msgs_pkg/lib/python3.10/site-packages:${PYTHONPATH} /usr/bin/python3 setup.py egg_info --egg-base ../../build/data_visualiser_pkg build --build-base /home/geert/kuka-ido/ros2_ws/build/data_visualiser_pkg/build install --record /home/geert/kuka-ido/ros2_ws/build/data_visualiser_pkg/install.log --single-version-externally-managed
[6.423s] Level 1:colcon.colcon_core.environment:checking '/home/geert/kuka-ido/ros2_ws/install/data_visualiser_pkg' for CMake module files
[6.423s] DEBUG:colcon.colcon_core.event_handler.log_command:Invoked command in '/home/geert/kuka-ido/ros2_ws/src/data_visualiser_pkg' returned '0': AMENT_PREFIX_PATH=/home/geert/ros2_ws_git/install/kuka_msgs_pkg:${AMENT_PREFIX_PATH} CMAKE_PREFIX_PATH=/home/geert/kuka-ido/ros2_ws/install/kuka_msgs_pkg:${CMAKE_PREFIX_PATH} LD_LIBRARY_PATH=/home/geert/ros2_ws_git/install/kuka_msgs_pkg/lib:/home/geert/kuka-ido/ros2_ws/install/kuka_msgs_pkg/lib:${LD_LIBRARY_PATH} PYTHONPATH=/home/geert/kuka-ido/ros2_ws/build/data_visualiser_pkg/prefix_override:/home/geert/kuka-ido/ros2_ws/install/data_visualiser_pkg/lib/python3.10/site-packages:/home/geert/ros2_ws_git/install/kuka_msgs_pkg/lib/python3.10/site-packages:/home/geert/kuka-ido/ros2_ws/install/kuka_msgs_pkg/lib/python3.10/site-packages:${PYTHONPATH} /usr/bin/python3 setup.py egg_info --egg-base ../../build/data_visualiser_pkg build --build-base /home/geert/kuka-ido/ros2_ws/build/data_visualiser_pkg/build install --record /home/geert/kuka-ido/ros2_ws/build/data_visualiser_pkg/install.log --single-version-externally-managed
[6.424s] Level 1:colcon.colcon_core.environment:checking '/home/geert/kuka-ido/ros2_ws/install/data_visualiser_pkg' for CMake config files
[6.424s] Level 1:colcon.colcon_core.environment:checking '/home/geert/kuka-ido/ros2_ws/install/data_visualiser_pkg/lib'
[6.424s] Level 1:colcon.colcon_core.environment:checking '/home/geert/kuka-ido/ros2_ws/install/data_visualiser_pkg/bin'
[6.424s] Level 1:colcon.colcon_core.environment:checking '/home/geert/kuka-ido/ros2_ws/install/data_visualiser_pkg/lib/pkgconfig/data_visualiser_pkg.pc'
[6.425s] Level 1:colcon.colcon_core.environment:checking '/home/geert/kuka-ido/ros2_ws/install/data_visualiser_pkg/lib/python3.10/site-packages'
[6.425s] Level 1:colcon.colcon_core.shell:create_environment_hook('data_visualiser_pkg', 'pythonpath')
[6.427s] INFO:colcon.colcon_core.shell:Creating environment hook '/home/geert/kuka-ido/ros2_ws/install/data_visualiser_pkg/share/data_visualiser_pkg/hook/pythonpath.ps1'
[6.427s] INFO:colcon.colcon_core.shell:Creating environment descriptor '/home/geert/kuka-ido/ros2_ws/install/data_visualiser_pkg/share/data_visualiser_pkg/hook/pythonpath.dsv'
[6.427s] INFO:colcon.colcon_core.shell:Creating environment hook '/home/geert/kuka-ido/ros2_ws/install/data_visualiser_pkg/share/data_visualiser_pkg/hook/pythonpath.sh'
[6.428s] Level 1:colcon.colcon_core.environment:checking '/home/geert/kuka-ido/ros2_ws/install/data_visualiser_pkg/bin'
[6.428s] Level 1:colcon.colcon_core.environment:create_environment_scripts_only(data_visualiser_pkg)
[6.430s] INFO:colcon.colcon_core.shell:Creating package script '/home/geert/kuka-ido/ros2_ws/install/data_visualiser_pkg/share/data_visualiser_pkg/package.ps1'
[6.430s] INFO:colcon.colcon_core.shell:Creating package descriptor '/home/geert/kuka-ido/ros2_ws/install/data_visualiser_pkg/share/data_visualiser_pkg/package.dsv'
[6.431s] INFO:colcon.colcon_core.shell:Creating package script '/home/geert/kuka-ido/ros2_ws/install/data_visualiser_pkg/share/data_visualiser_pkg/package.sh'
[6.432s] INFO:colcon.colcon_core.shell:Creating package script '/home/geert/kuka-ido/ros2_ws/install/data_visualiser_pkg/share/data_visualiser_pkg/package.bash'
[6.432s] INFO:colcon.colcon_core.shell:Creating package script '/home/geert/kuka-ido/ros2_ws/install/data_visualiser_pkg/share/data_visualiser_pkg/package.zsh'
[6.432s] Level 1:colcon.colcon_core.environment:create_file_with_runtime_dependencies(/home/geert/kuka-ido/ros2_ws/install/data_visualiser_pkg/share/colcon-core/packages/data_visualiser_pkg)
[6.433s] INFO:colcon.colcon_ros.task.ament_python.build:Building ROS package in '/home/geert/kuka-ido/ros2_ws/src/serial_communication_pkg' with build type 'ament_python'
[6.434s] Level 1:colcon.colcon_core.shell:create_environment_hook('serial_communication_pkg', 'ament_prefix_path')
[6.435s] INFO:colcon.colcon_core.shell:Creating environment hook '/home/geert/kuka-ido/ros2_ws/install/serial_communication_pkg/share/serial_communication_pkg/hook/ament_prefix_path.ps1'
[6.436s] INFO:colcon.colcon_core.shell:Creating environment descriptor '/home/geert/kuka-ido/ros2_ws/install/serial_communication_pkg/share/serial_communication_pkg/hook/ament_prefix_path.dsv'
[6.436s] INFO:colcon.colcon_core.shell:Creating environment hook '/home/geert/kuka-ido/ros2_ws/install/serial_communication_pkg/share/serial_communication_pkg/hook/ament_prefix_path.sh'
[6.439s] INFO:colcon.colcon_core.shell:Skip shell extension 'powershell' for command environment: Not usable outside of PowerShell
[6.439s] DEBUG:colcon.colcon_core.shell:Skip shell extension 'dsv' for command environment
[6.919s] INFO:colcon.colcon_core.task.python.build:Building Python package in '/home/geert/kuka-ido/ros2_ws/src/serial_communication_pkg'
[6.921s] INFO:colcon.colcon_core.shell:Skip shell extension 'powershell' for command environment: Not usable outside of PowerShell
[6.921s] DEBUG:colcon.colcon_core.shell:Skip shell extension 'dsv' for command environment
[7.503s] DEBUG:colcon.colcon_core.event_handler.log_command:Invoking command in '/home/geert/kuka-ido/ros2_ws/src/serial_communication_pkg': AMENT_PREFIX_PATH=/home/geert/ros2_ws_git/install/kuka_msgs_pkg:${AMENT_PREFIX_PATH} CMAKE_PREFIX_PATH=/home/geert/kuka-ido/ros2_ws/install/kuka_msgs_pkg:${CMAKE_PREFIX_PATH} LD_LIBRARY_PATH=/home/geert/ros2_ws_git/install/kuka_msgs_pkg/lib:/home/geert/kuka-ido/ros2_ws/install/kuka_msgs_pkg/lib:${LD_LIBRARY_PATH} PYTHONPATH=/home/geert/kuka-ido/ros2_ws/build/serial_communication_pkg/prefix_override:/home/geert/kuka-ido/ros2_ws/install/serial_communication_pkg/lib/python3.10/site-packages:/home/geert/ros2_ws_git/install/kuka_msgs_pkg/lib/python3.10/site-packages:/home/geert/kuka-ido/ros2_ws/install/kuka_msgs_pkg/lib/python3.10/site-packages:${PYTHONPATH} /usr/bin/python3 setup.py egg_info --egg-base ../../build/serial_communication_pkg build --build-base /home/geert/kuka-ido/ros2_ws/build/serial_communication_pkg/build install --record /home/geert/kuka-ido/ros2_ws/build/serial_communication_pkg/install.log --single-version-externally-managed
[8.109s] Level 1:colcon.colcon_core.environment:checking '/home/geert/kuka-ido/ros2_ws/install/serial_communication_pkg' for CMake module files
[8.110s] DEBUG:colcon.colcon_core.event_handler.log_command:Invoked command in '/home/geert/kuka-ido/ros2_ws/src/serial_communication_pkg' returned '0': AMENT_PREFIX_PATH=/home/geert/ros2_ws_git/install/kuka_msgs_pkg:${AMENT_PREFIX_PATH} CMAKE_PREFIX_PATH=/home/geert/kuka-ido/ros2_ws/install/kuka_msgs_pkg:${CMAKE_PREFIX_PATH} LD_LIBRARY_PATH=/home/geert/ros2_ws_git/install/kuka_msgs_pkg/lib:/home/geert/kuka-ido/ros2_ws/install/kuka_msgs_pkg/lib:${LD_LIBRARY_PATH} PYTHONPATH=/home/geert/kuka-ido/ros2_ws/build/serial_communication_pkg/prefix_override:/home/geert/kuka-ido/ros2_ws/install/serial_communication_pkg/lib/python3.10/site-packages:/home/geert/ros2_ws_git/install/kuka_msgs_pkg/lib/python3.10/site-packages:/home/geert/kuka-ido/ros2_ws/install/kuka_msgs_pkg/lib/python3.10/site-packages:${PYTHONPATH} /usr/bin/python3 setup.py egg_info --egg-base ../../build/serial_communication_pkg build --build-base /home/geert/kuka-ido/ros2_ws/build/serial_communication_pkg/build install --record /home/geert/kuka-ido/ros2_ws/build/serial_communication_pkg/install.log --single-version-externally-managed
[8.110s] Level 1:colcon.colcon_core.environment:checking '/home/geert/kuka-ido/ros2_ws/install/serial_communication_pkg' for CMake config files
[8.111s] Level 1:colcon.colcon_core.environment:checking '/home/geert/kuka-ido/ros2_ws/install/serial_communication_pkg/lib'
[8.111s] Level 1:colcon.colcon_core.environment:checking '/home/geert/kuka-ido/ros2_ws/install/serial_communication_pkg/bin'
[8.111s] Level 1:colcon.colcon_core.environment:checking '/home/geert/kuka-ido/ros2_ws/install/serial_communication_pkg/lib/pkgconfig/serial_communication_pkg.pc'
[8.111s] Level 1:colcon.colcon_core.environment:checking '/home/geert/kuka-ido/ros2_ws/install/serial_communication_pkg/lib/python3.10/site-packages'
[8.111s] Level 1:colcon.colcon_core.shell:create_environment_hook('serial_communication_pkg', 'pythonpath')
[8.115s] INFO:colcon.colcon_core.shell:Creating environment hook '/home/geert/kuka-ido/ros2_ws/install/serial_communication_pkg/share/serial_communication_pkg/hook/pythonpath.ps1'
[8.116s] INFO:colcon.colcon_core.shell:Creating environment descriptor '/home/geert/kuka-ido/ros2_ws/install/serial_communication_pkg/share/serial_communication_pkg/hook/pythonpath.dsv'
[8.116s] INFO:colcon.colcon_core.shell:Creating environment hook '/home/geert/kuka-ido/ros2_ws/install/serial_communication_pkg/share/serial_communication_pkg/hook/pythonpath.sh'
[8.117s] Level 1:colcon.colcon_core.environment:checking '/home/geert/kuka-ido/ros2_ws/install/serial_communication_pkg/bin'
[8.117s] Level 1:colcon.colcon_core.environment:create_environment_scripts_only(serial_communication_pkg)
[8.119s] INFO:colcon.colcon_core.shell:Creating package script '/home/geert/kuka-ido/ros2_ws/install/serial_communication_pkg/share/serial_communication_pkg/package.ps1'
[8.120s] INFO:colcon.colcon_core.shell:Creating package descriptor '/home/geert/kuka-ido/ros2_ws/install/serial_communication_pkg/share/serial_communication_pkg/package.dsv'
[8.120s] INFO:colcon.colcon_core.shell:Creating package script '/home/geert/kuka-ido/ros2_ws/install/serial_communication_pkg/share/serial_communication_pkg/package.sh'
[8.122s] INFO:colcon.colcon_core.shell:Creating package script '/home/geert/kuka-ido/ros2_ws/install/serial_communication_pkg/share/serial_communication_pkg/package.bash'
[8.122s] INFO:colcon.colcon_core.shell:Creating package script '/home/geert/kuka-ido/ros2_ws/install/serial_communication_pkg/share/serial_communication_pkg/package.zsh'
[8.122s] Level 1:colcon.colcon_core.environment:create_file_with_runtime_dependencies(/home/geert/kuka-ido/ros2_ws/install/serial_communication_pkg/share/colcon-core/packages/serial_communication_pkg)
[8.123s] DEBUG:colcon.colcon_parallel_executor.executor.parallel:closing loop
[8.124s] DEBUG:colcon.colcon_parallel_executor.executor.parallel:loop closed
[8.124s] DEBUG:colcon.colcon_parallel_executor.executor.parallel:run_until_complete finished with '0'
[8.124s] DEBUG:colcon.colcon_core.event_reactor:joining thread
[8.140s] INFO:colcon.colcon_core.plugin_system:Skipping extension 'colcon_notification.desktop_notification.terminal_notifier': Not used on non-Darwin systems
[8.140s] INFO:colcon.colcon_core.plugin_system:Skipping extension 'colcon_notification.desktop_notification.win32': Not used on non-Windows systems
[8.140s] INFO:colcon.colcon_notification.desktop_notification:Sending desktop notification using 'notify2'
[8.155s] DEBUG:colcon.colcon_core.event_reactor:joined thread
[8.157s] INFO:colcon.colcon_core.shell:Creating prefix script '/home/geert/kuka-ido/ros2_ws/install/local_setup.ps1'
[8.164s] INFO:colcon.colcon_core.shell:Creating prefix util module '/home/geert/kuka-ido/ros2_ws/install/_local_setup_util_ps1.py'
[8.172s] INFO:colcon.colcon_core.shell:Creating prefix chain script '/home/geert/kuka-ido/ros2_ws/install/setup.ps1'
[8.175s] INFO:colcon.colcon_core.shell:Creating prefix script '/home/geert/kuka-ido/ros2_ws/install/local_setup.sh'
[8.176s] INFO:colcon.colcon_core.shell:Creating prefix util module '/home/geert/kuka-ido/ros2_ws/install/_local_setup_util_sh.py'
[8.177s] INFO:colcon.colcon_core.shell:Creating prefix chain script '/home/geert/kuka-ido/ros2_ws/install/setup.sh'
[8.182s] INFO:colcon.colcon_core.shell:Creating prefix script '/home/geert/kuka-ido/ros2_ws/install/local_setup.bash'
[8.186s] INFO:colcon.colcon_core.shell:Creating prefix chain script '/home/geert/kuka-ido/ros2_ws/install/setup.bash'
[8.191s] INFO:colcon.colcon_core.shell:Creating prefix script '/home/geert/kuka-ido/ros2_ws/install/local_setup.zsh'
[8.196s] INFO:colcon.colcon_core.shell:Creating prefix chain script '/home/geert/kuka-ido/ros2_ws/install/setup.zsh'
