[1.023s] Invoking command in '/home/geert/ros2_ws_git/src/joystick_to_serial_pkg': PYTHONPATH=/home/geert/ros2_ws_git/build/joystick_to_serial_pkg/prefix_override:/home/geert/ros2_ws_git/install/joystick_to_serial_pkg/lib/python3.10/site-packages:${PYTHONPATH} /usr/bin/python3 setup.py egg_info --egg-base ../../build/joystick_to_serial_pkg build --build-base /home/geert/ros2_ws_git/build/joystick_to_serial_pkg/build install --record /home/geert/ros2_ws_git/build/joystick_to_serial_pkg/install.log --single-version-externally-managed
[1.429s] running egg_info
[1.430s] writing ../../build/joystick_to_serial_pkg/joystick_to_serial_pkg.egg-info/PKG-INFO
[1.430s] writing dependency_links to ../../build/joystick_to_serial_pkg/joystick_to_serial_pkg.egg-info/dependency_links.txt
[1.431s] writing entry points to ../../build/joystick_to_serial_pkg/joystick_to_serial_pkg.egg-info/entry_points.txt
[1.435s] writing requirements to ../../build/joystick_to_serial_pkg/joystick_to_serial_pkg.egg-info/requires.txt
[1.436s] writing top-level names to ../../build/joystick_to_serial_pkg/joystick_to_serial_pkg.egg-info/top_level.txt
[1.440s] reading manifest file '../../build/joystick_to_serial_pkg/joystick_to_serial_pkg.egg-info/SOURCES.txt'
[1.442s] writing manifest file '../../build/joystick_to_serial_pkg/joystick_to_serial_pkg.egg-info/SOURCES.txt'
[1.443s] running build
[1.443s] running build_py
[1.443s] running install
[1.444s] /usr/lib/python3/dist-packages/setuptools/command/install.py:34: SetuptoolsDeprecationWarning: setup.py install is deprecated. Use build and pip and other standards-based tools.
[1.444s]   warnings.warn(
[1.445s] running install_lib
[1.446s] running install_data
[1.447s] running install_egg_info
[1.450s] removing '/home/geert/ros2_ws_git/install/joystick_to_serial_pkg/lib/python3.10/site-packages/joystick_to_serial_pkg-0.0.0-py3.10.egg-info' (and everything under it)
[1.450s] Copying ../../build/joystick_to_serial_pkg/joystick_to_serial_pkg.egg-info to /home/geert/ros2_ws_git/install/joystick_to_serial_pkg/lib/python3.10/site-packages/joystick_to_serial_pkg-0.0.0-py3.10.egg-info
[1.451s] running install_scripts
[1.481s] Installing joystick_to_serial_node script to /home/geert/ros2_ws_git/install/joystick_to_serial_pkg/lib/joystick_to_serial_pkg
[1.482s] writing list of installed files to '/home/geert/ros2_ws_git/build/joystick_to_serial_pkg/install.log'
[1.513s] Invoked command in '/home/geert/ros2_ws_git/src/joystick_to_serial_pkg' returned '0': PYTHONPATH=/home/geert/ros2_ws_git/build/joystick_to_serial_pkg/prefix_override:/home/geert/ros2_ws_git/install/joystick_to_serial_pkg/lib/python3.10/site-packages:${PYTHONPATH} /usr/bin/python3 setup.py egg_info --egg-base ../../build/joystick_to_serial_pkg build --build-base /home/geert/ros2_ws_git/build/joystick_to_serial_pkg/build install --record /home/geert/ros2_ws_git/build/joystick_to_serial_pkg/install.log --single-version-externally-managed
