[0.821s] DEBUG:colcon:Command line arguments: ['/usr/bin/colcon', 'build']
[0.821s] DEBUG:colcon:Parsed command line arguments: Namespace(log_base=None, log_level=None, verb_name='build', build_base='build', install_base='install', merge_install=False, symlink_install=False, test_result_base=None, continue_on_error=False, executor='parallel', parallel_workers=1, event_handlers=None, ignore_user_meta=False, metas=['./colcon.meta'], base_paths=['.'], packages_ignore=None, packages_ignore_regex=None, paths=None, packages_up_to=None, packages_up_to_regex=None, packages_above=None, packages_above_and_dependencies=None, packages_above_depth=None, packages_select_by_dep=None, packages_skip_by_dep=None, packages_skip_up_to=None, packages_select_build_failed=False, packages_skip_build_finished=False, packages_select_test_failures=False, packages_skip_test_passed=False, packages_select=None, packages_skip=None, packages_select_regex=None, packages_skip_regex=None, packages_start=None, packages_end=None, allow_overriding=[], cmake_args=None, cmake_target=None, cmake_target_skip_unavailable=False, cmake_clean_cache=False, cmake_clean_first=False, cmake_force_configure=False, ament_cmake_args=None, catkin_cmake_args=None, catkin_skip_building_tests=False, verb_parser=<colcon_defaults.argument_parser.defaults.DefaultArgumentsDecorator object at 0x7f8ec73ee200>, verb_extension=<colcon_core.verb.build.BuildVerb object at 0x7f8ec7c21360>, main=<bound method BuildVerb.main of <colcon_core.verb.build.BuildVerb object at 0x7f8ec7c21360>>)
[0.891s] Level 1:colcon.colcon_core.package_discovery:discover_packages(colcon_meta) check parameters
[0.891s] Level 1:colcon.colcon_core.package_discovery:discover_packages(recursive) check parameters
[0.891s] Level 1:colcon.colcon_core.package_discovery:discover_packages(ignore) check parameters
[0.891s] Level 1:colcon.colcon_core.package_discovery:discover_packages(path) check parameters
[0.891s] Level 1:colcon.colcon_core.package_discovery:discover_packages(colcon_meta) discover
[0.892s] Level 1:colcon.colcon_core.package_discovery:discover_packages(recursive) discover
[0.892s] INFO:colcon.colcon_core.package_discovery:Crawling recursively for packages in '/home/geert/kuka-ido/ros2_ws_kuka'
[0.892s] Level 1:colcon.colcon_core.package_identification:_identify(.) by extensions ['ignore', 'ignore_ament_install']
[0.892s] Level 1:colcon.colcon_core.package_identification:_identify(.) by extension 'ignore'
[0.892s] Level 1:colcon.colcon_core.package_identification:_identify(.) by extension 'ignore_ament_install'
[0.892s] Level 1:colcon.colcon_core.package_identification:_identify(.) by extensions ['colcon_pkg']
[0.892s] Level 1:colcon.colcon_core.package_identification:_identify(.) by extension 'colcon_pkg'
[0.892s] Level 1:colcon.colcon_core.package_identification:_identify(.) by extensions ['colcon_meta']
[0.892s] Level 1:colcon.colcon_core.package_identification:_identify(.) by extension 'colcon_meta'
[0.892s] Level 1:colcon.colcon_core.package_identification:_identify(.) by extensions ['ros']
[0.892s] Level 1:colcon.colcon_core.package_identification:_identify(.) by extension 'ros'
[0.909s] Level 1:colcon.colcon_core.package_identification:_identify(.) by extensions ['cmake', 'python']
[0.909s] Level 1:colcon.colcon_core.package_identification:_identify(.) by extension 'cmake'
[0.909s] Level 1:colcon.colcon_core.package_identification:_identify(.) by extension 'python'
[0.909s] Level 1:colcon.colcon_core.package_identification:_identify(.) by extensions ['python_setup_py']
[0.909s] Level 1:colcon.colcon_core.package_identification:_identify(.) by extension 'python_setup_py'
[0.909s] Level 1:colcon.colcon_core.package_identification:_identify(build) by extensions ['ignore', 'ignore_ament_install']
[0.909s] Level 1:colcon.colcon_core.package_identification:_identify(build) by extension 'ignore'
[0.909s] Level 1:colcon.colcon_core.package_identification:_identify(build) ignored
[0.909s] Level 1:colcon.colcon_core.package_identification:_identify(install) by extensions ['ignore', 'ignore_ament_install']
[0.909s] Level 1:colcon.colcon_core.package_identification:_identify(install) by extension 'ignore'
[0.909s] Level 1:colcon.colcon_core.package_identification:_identify(install) ignored
[0.910s] Level 1:colcon.colcon_core.package_identification:_identify(log) by extensions ['ignore', 'ignore_ament_install']
[0.910s] Level 1:colcon.colcon_core.package_identification:_identify(log) by extension 'ignore'
[0.910s] Level 1:colcon.colcon_core.package_identification:_identify(log) ignored
[0.910s] Level 1:colcon.colcon_core.package_identification:_identify(src) by extensions ['ignore', 'ignore_ament_install']
[0.910s] Level 1:colcon.colcon_core.package_identification:_identify(src) by extension 'ignore'
[0.910s] Level 1:colcon.colcon_core.package_identification:_identify(src) by extension 'ignore_ament_install'
[0.910s] Level 1:colcon.colcon_core.package_identification:_identify(src) by extensions ['colcon_pkg']
[0.910s] Level 1:colcon.colcon_core.package_identification:_identify(src) by extension 'colcon_pkg'
[0.910s] Level 1:colcon.colcon_core.package_identification:_identify(src) by extensions ['colcon_meta']
[0.910s] Level 1:colcon.colcon_core.package_identification:_identify(src) by extension 'colcon_meta'
[0.910s] Level 1:colcon.colcon_core.package_identification:_identify(src) by extensions ['ros']
[0.910s] Level 1:colcon.colcon_core.package_identification:_identify(src) by extension 'ros'
[0.910s] Level 1:colcon.colcon_core.package_identification:_identify(src) by extensions ['cmake', 'python']
[0.910s] Level 1:colcon.colcon_core.package_identification:_identify(src) by extension 'cmake'
[0.910s] Level 1:colcon.colcon_core.package_identification:_identify(src) by extension 'python'
[0.910s] Level 1:colcon.colcon_core.package_identification:_identify(src) by extensions ['python_setup_py']
[0.910s] Level 1:colcon.colcon_core.package_identification:_identify(src) by extension 'python_setup_py'
[0.911s] Level 1:colcon.colcon_core.package_identification:_identify(src/data_visualiser_pkg) by extensions ['ignore', 'ignore_ament_install']
[0.911s] Level 1:colcon.colcon_core.package_identification:_identify(src/data_visualiser_pkg) by extension 'ignore'
[0.911s] Level 1:colcon.colcon_core.package_identification:_identify(src/data_visualiser_pkg) by extension 'ignore_ament_install'
[0.911s] Level 1:colcon.colcon_core.package_identification:_identify(src/data_visualiser_pkg) by extensions ['colcon_pkg']
[0.911s] Level 1:colcon.colcon_core.package_identification:_identify(src/data_visualiser_pkg) by extension 'colcon_pkg'
[0.911s] Level 1:colcon.colcon_core.package_identification:_identify(src/data_visualiser_pkg) by extensions ['colcon_meta']
[0.911s] Level 1:colcon.colcon_core.package_identification:_identify(src/data_visualiser_pkg) by extension 'colcon_meta'
[0.911s] Level 1:colcon.colcon_core.package_identification:_identify(src/data_visualiser_pkg) by extensions ['ros']
[0.911s] Level 1:colcon.colcon_core.package_identification:_identify(src/data_visualiser_pkg) by extension 'ros'
[0.914s] DEBUG:colcon.colcon_core.package_identification:Package 'src/data_visualiser_pkg' with type 'ros.ament_python' and name 'data_visualiser_pkg'
[0.914s] Level 1:colcon.colcon_core.package_identification:_identify(src/joystick_to_serial_pkg) by extensions ['ignore', 'ignore_ament_install']
[0.915s] Level 1:colcon.colcon_core.package_identification:_identify(src/joystick_to_serial_pkg) by extension 'ignore'
[0.915s] Level 1:colcon.colcon_core.package_identification:_identify(src/joystick_to_serial_pkg) by extension 'ignore_ament_install'
[0.915s] Level 1:colcon.colcon_core.package_identification:_identify(src/joystick_to_serial_pkg) by extensions ['colcon_pkg']
[0.915s] Level 1:colcon.colcon_core.package_identification:_identify(src/joystick_to_serial_pkg) by extension 'colcon_pkg'
[0.915s] Level 1:colcon.colcon_core.package_identification:_identify(src/joystick_to_serial_pkg) by extensions ['colcon_meta']
[0.915s] Level 1:colcon.colcon_core.package_identification:_identify(src/joystick_to_serial_pkg) by extension 'colcon_meta'
[0.915s] Level 1:colcon.colcon_core.package_identification:_identify(src/joystick_to_serial_pkg) by extensions ['ros']
[0.915s] Level 1:colcon.colcon_core.package_identification:_identify(src/joystick_to_serial_pkg) by extension 'ros'
[0.916s] DEBUG:colcon.colcon_core.package_identification:Package 'src/joystick_to_serial_pkg' with type 'ros.ament_python' and name 'joystick_to_serial_pkg'
[0.916s] Level 1:colcon.colcon_core.package_identification:_identify(src/kuka_launch_pkg) by extensions ['ignore', 'ignore_ament_install']
[0.916s] Level 1:colcon.colcon_core.package_identification:_identify(src/kuka_launch_pkg) by extension 'ignore'
[0.916s] Level 1:colcon.colcon_core.package_identification:_identify(src/kuka_launch_pkg) by extension 'ignore_ament_install'
[0.916s] Level 1:colcon.colcon_core.package_identification:_identify(src/kuka_launch_pkg) by extensions ['colcon_pkg']
[0.917s] Level 1:colcon.colcon_core.package_identification:_identify(src/kuka_launch_pkg) by extension 'colcon_pkg'
[0.917s] Level 1:colcon.colcon_core.package_identification:_identify(src/kuka_launch_pkg) by extensions ['colcon_meta']
[0.917s] Level 1:colcon.colcon_core.package_identification:_identify(src/kuka_launch_pkg) by extension 'colcon_meta'
[0.917s] Level 1:colcon.colcon_core.package_identification:_identify(src/kuka_launch_pkg) by extensions ['ros']
[0.917s] Level 1:colcon.colcon_core.package_identification:_identify(src/kuka_launch_pkg) by extension 'ros'
[0.917s] DEBUG:colcon.colcon_core.package_identification:Package 'src/kuka_launch_pkg' with type 'ros.ament_python' and name 'kuka_launch_pkg'
[0.917s] Level 1:colcon.colcon_core.package_identification:_identify(src/kuka_msgs_pkg) by extensions ['ignore', 'ignore_ament_install']
[0.917s] Level 1:colcon.colcon_core.package_identification:_identify(src/kuka_msgs_pkg) by extension 'ignore'
[0.918s] Level 1:colcon.colcon_core.package_identification:_identify(src/kuka_msgs_pkg) by extension 'ignore_ament_install'
[0.918s] Level 1:colcon.colcon_core.package_identification:_identify(src/kuka_msgs_pkg) by extensions ['colcon_pkg']
[0.918s] Level 1:colcon.colcon_core.package_identification:_identify(src/kuka_msgs_pkg) by extension 'colcon_pkg'
[0.918s] Level 1:colcon.colcon_core.package_identification:_identify(src/kuka_msgs_pkg) by extensions ['colcon_meta']
[0.918s] Level 1:colcon.colcon_core.package_identification:_identify(src/kuka_msgs_pkg) by extension 'colcon_meta'
[0.918s] Level 1:colcon.colcon_core.package_identification:_identify(src/kuka_msgs_pkg) by extensions ['ros']
[0.918s] Level 1:colcon.colcon_core.package_identification:_identify(src/kuka_msgs_pkg) by extension 'ros'
[0.918s] DEBUG:colcon.colcon_core.package_identification:Package 'src/kuka_msgs_pkg' with type 'ros.ament_cmake' and name 'kuka_msgs_pkg'
[0.919s] Level 1:colcon.colcon_core.package_identification:_identify(src/serial_communication_pkg) by extensions ['ignore', 'ignore_ament_install']
[0.919s] Level 1:colcon.colcon_core.package_identification:_identify(src/serial_communication_pkg) by extension 'ignore'
[0.919s] Level 1:colcon.colcon_core.package_identification:_identify(src/serial_communication_pkg) by extension 'ignore_ament_install'
[0.919s] Level 1:colcon.colcon_core.package_identification:_identify(src/serial_communication_pkg) by extensions ['colcon_pkg']
[0.919s] Level 1:colcon.colcon_core.package_identification:_identify(src/serial_communication_pkg) by extension 'colcon_pkg'
[0.919s] Level 1:colcon.colcon_core.package_identification:_identify(src/serial_communication_pkg) by extensions ['colcon_meta']
[0.919s] Level 1:colcon.colcon_core.package_identification:_identify(src/serial_communication_pkg) by extension 'colcon_meta'
[0.919s] Level 1:colcon.colcon_core.package_identification:_identify(src/serial_communication_pkg) by extensions ['ros']
[0.919s] Level 1:colcon.colcon_core.package_identification:_identify(src/serial_communication_pkg) by extension 'ros'
[0.920s] DEBUG:colcon.colcon_core.package_identification:Package 'src/serial_communication_pkg' with type 'ros.ament_python' and name 'serial_communication_pkg'
[0.920s] Level 1:colcon.colcon_core.package_discovery:discover_packages(recursive) using defaults
[0.920s] Level 1:colcon.colcon_core.package_discovery:discover_packages(ignore) discover
[0.921s] Level 1:colcon.colcon_core.package_discovery:discover_packages(ignore) using defaults
[0.921s] Level 1:colcon.colcon_core.package_discovery:discover_packages(path) discover
[0.921s] Level 1:colcon.colcon_core.package_discovery:discover_packages(path) using defaults
[0.964s] Level 1:colcon.colcon_core.package_discovery:discover_packages(prefix_path) check parameters
[0.964s] Level 1:colcon.colcon_core.package_discovery:discover_packages(prefix_path) discover
[0.969s] DEBUG:colcon.colcon_installed_package_information.package_discovery:Found 296 installed packages in /opt/ros/iron
[0.972s] Level 1:colcon.colcon_core.package_discovery:discover_packages(prefix_path) using defaults
[1.054s] Level 5:colcon.colcon_core.verb:set package 'joystick_to_serial_pkg' build argument 'cmake_args' from command line to 'None'
[1.054s] Level 5:colcon.colcon_core.verb:set package 'joystick_to_serial_pkg' build argument 'cmake_target' from command line to 'None'
[1.054s] Level 5:colcon.colcon_core.verb:set package 'joystick_to_serial_pkg' build argument 'cmake_target_skip_unavailable' from command line to 'False'
[1.054s] Level 5:colcon.colcon_core.verb:set package 'joystick_to_serial_pkg' build argument 'cmake_clean_cache' from command line to 'False'
[1.054s] Level 5:colcon.colcon_core.verb:set package 'joystick_to_serial_pkg' build argument 'cmake_clean_first' from command line to 'False'
[1.054s] Level 5:colcon.colcon_core.verb:set package 'joystick_to_serial_pkg' build argument 'cmake_force_configure' from command line to 'False'
[1.054s] Level 5:colcon.colcon_core.verb:set package 'joystick_to_serial_pkg' build argument 'ament_cmake_args' from command line to 'None'
[1.054s] Level 5:colcon.colcon_core.verb:set package 'joystick_to_serial_pkg' build argument 'catkin_cmake_args' from command line to 'None'
[1.054s] Level 5:colcon.colcon_core.verb:set package 'joystick_to_serial_pkg' build argument 'catkin_skip_building_tests' from command line to 'False'
[1.054s] DEBUG:colcon.colcon_core.verb:Building package 'joystick_to_serial_pkg' with the following arguments: {'ament_cmake_args': None, 'build_base': '/home/geert/kuka-ido/ros2_ws_kuka/build/joystick_to_serial_pkg', 'catkin_cmake_args': None, 'catkin_skip_building_tests': False, 'cmake_args': None, 'cmake_clean_cache': False, 'cmake_clean_first': False, 'cmake_force_configure': False, 'cmake_target': None, 'cmake_target_skip_unavailable': False, 'install_base': '/home/geert/kuka-ido/ros2_ws_kuka/install/joystick_to_serial_pkg', 'merge_install': False, 'path': '/home/geert/kuka-ido/ros2_ws_kuka/src/joystick_to_serial_pkg', 'symlink_install': False, 'test_result_base': None}
[1.056s] Level 5:colcon.colcon_core.verb:set package 'kuka_launch_pkg' build argument 'cmake_args' from command line to 'None'
[1.056s] Level 5:colcon.colcon_core.verb:set package 'kuka_launch_pkg' build argument 'cmake_target' from command line to 'None'
[1.056s] Level 5:colcon.colcon_core.verb:set package 'kuka_launch_pkg' build argument 'cmake_target_skip_unavailable' from command line to 'False'
[1.056s] Level 5:colcon.colcon_core.verb:set package 'kuka_launch_pkg' build argument 'cmake_clean_cache' from command line to 'False'
[1.056s] Level 5:colcon.colcon_core.verb:set package 'kuka_launch_pkg' build argument 'cmake_clean_first' from command line to 'False'
[1.056s] Level 5:colcon.colcon_core.verb:set package 'kuka_launch_pkg' build argument 'cmake_force_configure' from command line to 'False'
[1.056s] Level 5:colcon.colcon_core.verb:set package 'kuka_launch_pkg' build argument 'ament_cmake_args' from command line to 'None'
[1.056s] Level 5:colcon.colcon_core.verb:set package 'kuka_launch_pkg' build argument 'catkin_cmake_args' from command line to 'None'
[1.056s] Level 5:colcon.colcon_core.verb:set package 'kuka_launch_pkg' build argument 'catkin_skip_building_tests' from command line to 'False'
[1.056s] DEBUG:colcon.colcon_core.verb:Building package 'kuka_launch_pkg' with the following arguments: {'ament_cmake_args': None, 'build_base': '/home/geert/kuka-ido/ros2_ws_kuka/build/kuka_launch_pkg', 'catkin_cmake_args': None, 'catkin_skip_building_tests': False, 'cmake_args': None, 'cmake_clean_cache': False, 'cmake_clean_first': False, 'cmake_force_configure': False, 'cmake_target': None, 'cmake_target_skip_unavailable': False, 'install_base': '/home/geert/kuka-ido/ros2_ws_kuka/install/kuka_launch_pkg', 'merge_install': False, 'path': '/home/geert/kuka-ido/ros2_ws_kuka/src/kuka_launch_pkg', 'symlink_install': False, 'test_result_base': None}
[1.057s] Level 5:colcon.colcon_core.verb:set package 'kuka_msgs_pkg' build argument 'cmake_args' from command line to 'None'
[1.057s] Level 5:colcon.colcon_core.verb:set package 'kuka_msgs_pkg' build argument 'cmake_target' from command line to 'None'
[1.057s] Level 5:colcon.colcon_core.verb:set package 'kuka_msgs_pkg' build argument 'cmake_target_skip_unavailable' from command line to 'False'
[1.057s] Level 5:colcon.colcon_core.verb:set package 'kuka_msgs_pkg' build argument 'cmake_clean_cache' from command line to 'False'
[1.057s] Level 5:colcon.colcon_core.verb:set package 'kuka_msgs_pkg' build argument 'cmake_clean_first' from command line to 'False'
[1.057s] Level 5:colcon.colcon_core.verb:set package 'kuka_msgs_pkg' build argument 'cmake_force_configure' from command line to 'False'
[1.058s] Level 5:colcon.colcon_core.verb:set package 'kuka_msgs_pkg' build argument 'ament_cmake_args' from command line to 'None'
[1.058s] Level 5:colcon.colcon_core.verb:set package 'kuka_msgs_pkg' build argument 'catkin_cmake_args' from command line to 'None'
[1.058s] Level 5:colcon.colcon_core.verb:set package 'kuka_msgs_pkg' build argument 'catkin_skip_building_tests' from command line to 'False'
[1.058s] DEBUG:colcon.colcon_core.verb:Building package 'kuka_msgs_pkg' with the following arguments: {'ament_cmake_args': None, 'build_base': '/home/geert/kuka-ido/ros2_ws_kuka/build/kuka_msgs_pkg', 'catkin_cmake_args': None, 'catkin_skip_building_tests': False, 'cmake_args': None, 'cmake_clean_cache': False, 'cmake_clean_first': False, 'cmake_force_configure': False, 'cmake_target': None, 'cmake_target_skip_unavailable': False, 'install_base': '/home/geert/kuka-ido/ros2_ws_kuka/install/kuka_msgs_pkg', 'merge_install': False, 'path': '/home/geert/kuka-ido/ros2_ws_kuka/src/kuka_msgs_pkg', 'symlink_install': False, 'test_result_base': None}
[1.059s] Level 5:colcon.colcon_core.verb:set package 'data_visualiser_pkg' build argument 'cmake_args' from command line to 'None'
[1.059s] Level 5:colcon.colcon_core.verb:set package 'data_visualiser_pkg' build argument 'cmake_target' from command line to 'None'
[1.059s] Level 5:colcon.colcon_core.verb:set package 'data_visualiser_pkg' build argument 'cmake_target_skip_unavailable' from command line to 'False'
[1.059s] Level 5:colcon.colcon_core.verb:set package 'data_visualiser_pkg' build argument 'cmake_clean_cache' from command line to 'False'
[1.059s] Level 5:colcon.colcon_core.verb:set package 'data_visualiser_pkg' build argument 'cmake_clean_first' from command line to 'False'
[1.059s] Level 5:colcon.colcon_core.verb:set package 'data_visualiser_pkg' build argument 'cmake_force_configure' from command line to 'False'
[1.059s] Level 5:colcon.colcon_core.verb:set package 'data_visualiser_pkg' build argument 'ament_cmake_args' from command line to 'None'
[1.059s] Level 5:colcon.colcon_core.verb:set package 'data_visualiser_pkg' build argument 'catkin_cmake_args' from command line to 'None'
[1.059s] Level 5:colcon.colcon_core.verb:set package 'data_visualiser_pkg' build argument 'catkin_skip_building_tests' from command line to 'False'
[1.059s] DEBUG:colcon.colcon_core.verb:Building package 'data_visualiser_pkg' with the following arguments: {'ament_cmake_args': None, 'build_base': '/home/geert/kuka-ido/ros2_ws_kuka/build/data_visualiser_pkg', 'catkin_cmake_args': None, 'catkin_skip_building_tests': False, 'cmake_args': None, 'cmake_clean_cache': False, 'cmake_clean_first': False, 'cmake_force_configure': False, 'cmake_target': None, 'cmake_target_skip_unavailable': False, 'install_base': '/home/geert/kuka-ido/ros2_ws_kuka/install/data_visualiser_pkg', 'merge_install': False, 'path': '/home/geert/kuka-ido/ros2_ws_kuka/src/data_visualiser_pkg', 'symlink_install': False, 'test_result_base': None}
[1.061s] Level 5:colcon.colcon_core.verb:set package 'serial_communication_pkg' build argument 'cmake_args' from command line to 'None'
[1.061s] Level 5:colcon.colcon_core.verb:set package 'serial_communication_pkg' build argument 'cmake_target' from command line to 'None'
[1.061s] Level 5:colcon.colcon_core.verb:set package 'serial_communication_pkg' build argument 'cmake_target_skip_unavailable' from command line to 'False'
[1.061s] Level 5:colcon.colcon_core.verb:set package 'serial_communication_pkg' build argument 'cmake_clean_cache' from command line to 'False'
[1.061s] Level 5:colcon.colcon_core.verb:set package 'serial_communication_pkg' build argument 'cmake_clean_first' from command line to 'False'
[1.061s] Level 5:colcon.colcon_core.verb:set package 'serial_communication_pkg' build argument 'cmake_force_configure' from command line to 'False'
[1.061s] Level 5:colcon.colcon_core.verb:set package 'serial_communication_pkg' build argument 'ament_cmake_args' from command line to 'None'
[1.061s] Level 5:colcon.colcon_core.verb:set package 'serial_communication_pkg' build argument 'catkin_cmake_args' from command line to 'None'
[1.061s] Level 5:colcon.colcon_core.verb:set package 'serial_communication_pkg' build argument 'catkin_skip_building_tests' from command line to 'False'
[1.061s] DEBUG:colcon.colcon_core.verb:Building package 'serial_communication_pkg' with the following arguments: {'ament_cmake_args': None, 'build_base': '/home/geert/kuka-ido/ros2_ws_kuka/build/serial_communication_pkg', 'catkin_cmake_args': None, 'catkin_skip_building_tests': False, 'cmake_args': None, 'cmake_clean_cache': False, 'cmake_clean_first': False, 'cmake_force_configure': False, 'cmake_target': None, 'cmake_target_skip_unavailable': False, 'install_base': '/home/geert/kuka-ido/ros2_ws_kuka/install/serial_communication_pkg', 'merge_install': False, 'path': '/home/geert/kuka-ido/ros2_ws_kuka/src/serial_communication_pkg', 'symlink_install': False, 'test_result_base': None}
[1.062s] INFO:colcon.colcon_core.executor:Executing jobs using 'parallel' executor
[1.066s] DEBUG:colcon.colcon_parallel_executor.executor.parallel:run_until_complete
[1.066s] INFO:colcon.colcon_ros.task.ament_cmake.build:Building ROS package in '/home/geert/kuka-ido/ros2_ws_kuka/src/kuka_msgs_pkg' with build type 'ament_cmake'
[1.066s] INFO:colcon.colcon_cmake.task.cmake.build:Building CMake package in '/home/geert/kuka-ido/ros2_ws_kuka/src/kuka_msgs_pkg'
[1.076s] INFO:colcon.colcon_core.plugin_system:Skipping extension 'colcon_core.shell.bat': Not used on non-Windows systems
[1.076s] INFO:colcon.colcon_core.shell:Skip shell extension 'powershell' for command environment: Not usable outside of PowerShell
[1.076s] DEBUG:colcon.colcon_core.shell:Skip shell extension 'dsv' for command environment
[1.087s] DEBUG:colcon.colcon_core.event_handler.log_command:Invoking command in '/home/geert/kuka-ido/ros2_ws_kuka/build/kuka_msgs_pkg': CMAKE_PREFIX_PATH=/opt/ros/iron /usr/bin/cmake --build /home/geert/kuka-ido/ros2_ws_kuka/build/kuka_msgs_pkg -- -j1 -l1
[1.890s] DEBUG:colcon.colcon_core.event_handler.log_command:Invoked command in '/home/geert/kuka-ido/ros2_ws_kuka/build/kuka_msgs_pkg' returned '0': CMAKE_PREFIX_PATH=/opt/ros/iron /usr/bin/cmake --build /home/geert/kuka-ido/ros2_ws_kuka/build/kuka_msgs_pkg -- -j1 -l1
[1.948s] DEBUG:colcon.colcon_core.event_handler.log_command:Invoking command in '/home/geert/kuka-ido/ros2_ws_kuka/build/kuka_msgs_pkg': CMAKE_PREFIX_PATH=/opt/ros/iron /usr/bin/cmake --install /home/geert/kuka-ido/ros2_ws_kuka/build/kuka_msgs_pkg
[2.042s] Level 1:colcon.colcon_core.environment:create_environment_scripts_only(kuka_msgs_pkg)
[2.043s] DEBUG:colcon.colcon_core.event_handler.log_command:Invoked command in '/home/geert/kuka-ido/ros2_ws_kuka/build/kuka_msgs_pkg' returned '0': CMAKE_PREFIX_PATH=/opt/ros/iron /usr/bin/cmake --install /home/geert/kuka-ido/ros2_ws_kuka/build/kuka_msgs_pkg
[2.055s] Level 1:colcon.colcon_core.environment:checking '/home/geert/kuka-ido/ros2_ws_kuka/install/kuka_msgs_pkg' for CMake module files
[2.056s] Level 1:colcon.colcon_core.environment:checking '/home/geert/kuka-ido/ros2_ws_kuka/install/kuka_msgs_pkg' for CMake config files
[2.057s] Level 1:colcon.colcon_core.shell:create_environment_hook('kuka_msgs_pkg', 'cmake_prefix_path')
[2.059s] INFO:colcon.colcon_core.shell:Creating environment hook '/home/geert/kuka-ido/ros2_ws_kuka/install/kuka_msgs_pkg/share/kuka_msgs_pkg/hook/cmake_prefix_path.ps1'
[2.065s] INFO:colcon.colcon_core.shell:Creating environment descriptor '/home/geert/kuka-ido/ros2_ws_kuka/install/kuka_msgs_pkg/share/kuka_msgs_pkg/hook/cmake_prefix_path.dsv'
[2.066s] INFO:colcon.colcon_core.shell:Creating environment hook '/home/geert/kuka-ido/ros2_ws_kuka/install/kuka_msgs_pkg/share/kuka_msgs_pkg/hook/cmake_prefix_path.sh'
[2.068s] Level 1:colcon.colcon_core.environment:checking '/home/geert/kuka-ido/ros2_ws_kuka/install/kuka_msgs_pkg/lib'
[2.068s] Level 1:colcon.colcon_core.shell:create_environment_hook('kuka_msgs_pkg', 'ld_library_path_lib')
[2.070s] INFO:colcon.colcon_core.shell:Creating environment hook '/home/geert/kuka-ido/ros2_ws_kuka/install/kuka_msgs_pkg/share/kuka_msgs_pkg/hook/ld_library_path_lib.ps1'
[2.070s] INFO:colcon.colcon_core.shell:Creating environment descriptor '/home/geert/kuka-ido/ros2_ws_kuka/install/kuka_msgs_pkg/share/kuka_msgs_pkg/hook/ld_library_path_lib.dsv'
[2.071s] INFO:colcon.colcon_core.shell:Creating environment hook '/home/geert/kuka-ido/ros2_ws_kuka/install/kuka_msgs_pkg/share/kuka_msgs_pkg/hook/ld_library_path_lib.sh'
[2.071s] Level 1:colcon.colcon_core.environment:checking '/home/geert/kuka-ido/ros2_ws_kuka/install/kuka_msgs_pkg/bin'
[2.071s] Level 1:colcon.colcon_core.environment:checking '/home/geert/kuka-ido/ros2_ws_kuka/install/kuka_msgs_pkg/lib/pkgconfig/kuka_msgs_pkg.pc'
[2.071s] Level 1:colcon.colcon_core.environment:checking '/home/geert/kuka-ido/ros2_ws_kuka/install/kuka_msgs_pkg/lib/python3.10/site-packages'
[2.072s] Level 1:colcon.colcon_core.shell:create_environment_hook('kuka_msgs_pkg', 'pythonpath')
[2.073s] INFO:colcon.colcon_core.shell:Creating environment hook '/home/geert/kuka-ido/ros2_ws_kuka/install/kuka_msgs_pkg/share/kuka_msgs_pkg/hook/pythonpath.ps1'
[2.074s] INFO:colcon.colcon_core.shell:Creating environment descriptor '/home/geert/kuka-ido/ros2_ws_kuka/install/kuka_msgs_pkg/share/kuka_msgs_pkg/hook/pythonpath.dsv'
[2.074s] INFO:colcon.colcon_core.shell:Creating environment hook '/home/geert/kuka-ido/ros2_ws_kuka/install/kuka_msgs_pkg/share/kuka_msgs_pkg/hook/pythonpath.sh'
[2.075s] Level 1:colcon.colcon_core.environment:checking '/home/geert/kuka-ido/ros2_ws_kuka/install/kuka_msgs_pkg/bin'
[2.077s] INFO:colcon.colcon_core.shell:Creating package script '/home/geert/kuka-ido/ros2_ws_kuka/install/kuka_msgs_pkg/share/kuka_msgs_pkg/package.ps1'
[2.078s] INFO:colcon.colcon_core.shell:Creating package descriptor '/home/geert/kuka-ido/ros2_ws_kuka/install/kuka_msgs_pkg/share/kuka_msgs_pkg/package.dsv'
[2.079s] INFO:colcon.colcon_core.shell:Creating package script '/home/geert/kuka-ido/ros2_ws_kuka/install/kuka_msgs_pkg/share/kuka_msgs_pkg/package.sh'
[2.084s] INFO:colcon.colcon_core.shell:Creating package script '/home/geert/kuka-ido/ros2_ws_kuka/install/kuka_msgs_pkg/share/kuka_msgs_pkg/package.bash'
[2.090s] INFO:colcon.colcon_core.shell:Creating package script '/home/geert/kuka-ido/ros2_ws_kuka/install/kuka_msgs_pkg/share/kuka_msgs_pkg/package.zsh'
[2.092s] Level 1:colcon.colcon_core.environment:create_file_with_runtime_dependencies(/home/geert/kuka-ido/ros2_ws_kuka/install/kuka_msgs_pkg/share/colcon-core/packages/kuka_msgs_pkg)
[2.156s] Level 1:colcon.colcon_core.environment:create_environment_scripts_only(kuka_msgs_pkg)
[2.159s] Level 1:colcon.colcon_core.environment:checking '/home/geert/kuka-ido/ros2_ws_kuka/install/kuka_msgs_pkg' for CMake module files
[2.162s] Level 1:colcon.colcon_core.environment:checking '/home/geert/kuka-ido/ros2_ws_kuka/install/kuka_msgs_pkg' for CMake config files
[2.162s] Level 1:colcon.colcon_core.shell:create_environment_hook('kuka_msgs_pkg', 'cmake_prefix_path')
[2.164s] INFO:colcon.colcon_core.shell:Creating environment hook '/home/geert/kuka-ido/ros2_ws_kuka/install/kuka_msgs_pkg/share/kuka_msgs_pkg/hook/cmake_prefix_path.ps1'
[2.165s] INFO:colcon.colcon_core.shell:Creating environment descriptor '/home/geert/kuka-ido/ros2_ws_kuka/install/kuka_msgs_pkg/share/kuka_msgs_pkg/hook/cmake_prefix_path.dsv'
[2.165s] INFO:colcon.colcon_core.shell:Creating environment hook '/home/geert/kuka-ido/ros2_ws_kuka/install/kuka_msgs_pkg/share/kuka_msgs_pkg/hook/cmake_prefix_path.sh'
[2.166s] Level 1:colcon.colcon_core.environment:checking '/home/geert/kuka-ido/ros2_ws_kuka/install/kuka_msgs_pkg/lib'
[2.166s] Level 1:colcon.colcon_core.shell:create_environment_hook('kuka_msgs_pkg', 'ld_library_path_lib')
[2.168s] INFO:colcon.colcon_core.shell:Creating environment hook '/home/geert/kuka-ido/ros2_ws_kuka/install/kuka_msgs_pkg/share/kuka_msgs_pkg/hook/ld_library_path_lib.ps1'
[2.168s] INFO:colcon.colcon_core.shell:Creating environment descriptor '/home/geert/kuka-ido/ros2_ws_kuka/install/kuka_msgs_pkg/share/kuka_msgs_pkg/hook/ld_library_path_lib.dsv'
[2.168s] INFO:colcon.colcon_core.shell:Creating environment hook '/home/geert/kuka-ido/ros2_ws_kuka/install/kuka_msgs_pkg/share/kuka_msgs_pkg/hook/ld_library_path_lib.sh'
[2.169s] Level 1:colcon.colcon_core.environment:checking '/home/geert/kuka-ido/ros2_ws_kuka/install/kuka_msgs_pkg/bin'
[2.169s] Level 1:colcon.colcon_core.environment:checking '/home/geert/kuka-ido/ros2_ws_kuka/install/kuka_msgs_pkg/lib/pkgconfig/kuka_msgs_pkg.pc'
[2.169s] Level 1:colcon.colcon_core.environment:checking '/home/geert/kuka-ido/ros2_ws_kuka/install/kuka_msgs_pkg/lib/python3.10/site-packages'
[2.169s] Level 1:colcon.colcon_core.shell:create_environment_hook('kuka_msgs_pkg', 'pythonpath')
[2.171s] INFO:colcon.colcon_core.shell:Creating environment hook '/home/geert/kuka-ido/ros2_ws_kuka/install/kuka_msgs_pkg/share/kuka_msgs_pkg/hook/pythonpath.ps1'
[2.171s] INFO:colcon.colcon_core.shell:Creating environment descriptor '/home/geert/kuka-ido/ros2_ws_kuka/install/kuka_msgs_pkg/share/kuka_msgs_pkg/hook/pythonpath.dsv'
[2.172s] INFO:colcon.colcon_core.shell:Creating environment hook '/home/geert/kuka-ido/ros2_ws_kuka/install/kuka_msgs_pkg/share/kuka_msgs_pkg/hook/pythonpath.sh'
[2.172s] Level 1:colcon.colcon_core.environment:checking '/home/geert/kuka-ido/ros2_ws_kuka/install/kuka_msgs_pkg/bin'
[2.174s] INFO:colcon.colcon_core.shell:Creating package script '/home/geert/kuka-ido/ros2_ws_kuka/install/kuka_msgs_pkg/share/kuka_msgs_pkg/package.ps1'
[2.175s] INFO:colcon.colcon_core.shell:Creating package descriptor '/home/geert/kuka-ido/ros2_ws_kuka/install/kuka_msgs_pkg/share/kuka_msgs_pkg/package.dsv'
[2.176s] INFO:colcon.colcon_core.shell:Creating package script '/home/geert/kuka-ido/ros2_ws_kuka/install/kuka_msgs_pkg/share/kuka_msgs_pkg/package.sh'
[2.176s] INFO:colcon.colcon_core.shell:Creating package script '/home/geert/kuka-ido/ros2_ws_kuka/install/kuka_msgs_pkg/share/kuka_msgs_pkg/package.bash'
[2.177s] INFO:colcon.colcon_core.shell:Creating package script '/home/geert/kuka-ido/ros2_ws_kuka/install/kuka_msgs_pkg/share/kuka_msgs_pkg/package.zsh'
[2.177s] Level 1:colcon.colcon_core.environment:create_file_with_runtime_dependencies(/home/geert/kuka-ido/ros2_ws_kuka/install/kuka_msgs_pkg/share/colcon-core/packages/kuka_msgs_pkg)
[2.178s] INFO:colcon.colcon_ros.task.ament_python.build:Building ROS package in '/home/geert/kuka-ido/ros2_ws_kuka/src/joystick_to_serial_pkg' with build type 'ament_python'
[2.178s] Level 1:colcon.colcon_core.shell:create_environment_hook('joystick_to_serial_pkg', 'ament_prefix_path')
[2.180s] INFO:colcon.colcon_core.shell:Creating environment hook '/home/geert/kuka-ido/ros2_ws_kuka/install/joystick_to_serial_pkg/share/joystick_to_serial_pkg/hook/ament_prefix_path.ps1'
[2.180s] INFO:colcon.colcon_core.shell:Creating environment descriptor '/home/geert/kuka-ido/ros2_ws_kuka/install/joystick_to_serial_pkg/share/joystick_to_serial_pkg/hook/ament_prefix_path.dsv'
[2.181s] INFO:colcon.colcon_core.shell:Creating environment hook '/home/geert/kuka-ido/ros2_ws_kuka/install/joystick_to_serial_pkg/share/joystick_to_serial_pkg/hook/ament_prefix_path.sh'
[2.192s] INFO:colcon.colcon_core.shell:Skip shell extension 'powershell' for command environment: Not usable outside of PowerShell
[2.192s] DEBUG:colcon.colcon_core.shell:Skip shell extension 'dsv' for command environment
[2.587s] INFO:colcon.colcon_core.task.python.build:Building Python package in '/home/geert/kuka-ido/ros2_ws_kuka/src/joystick_to_serial_pkg'
[2.589s] INFO:colcon.colcon_core.shell:Skip shell extension 'powershell' for command environment: Not usable outside of PowerShell
[2.589s] DEBUG:colcon.colcon_core.shell:Skip shell extension 'dsv' for command environment
[3.081s] DEBUG:colcon.colcon_core.event_handler.log_command:Invoking command in '/home/geert/kuka-ido/ros2_ws_kuka/src/joystick_to_serial_pkg': PYTHONPATH=/home/geert/kuka-ido/ros2_ws_kuka/build/joystick_to_serial_pkg/prefix_override:/home/geert/kuka-ido/ros2_ws_kuka/install/joystick_to_serial_pkg/lib/python3.10/site-packages:${PYTHONPATH} /usr/bin/python3 setup.py egg_info --egg-base ../../build/joystick_to_serial_pkg build --build-base /home/geert/kuka-ido/ros2_ws_kuka/build/joystick_to_serial_pkg/build install --record /home/geert/kuka-ido/ros2_ws_kuka/build/joystick_to_serial_pkg/install.log --single-version-externally-managed
[3.496s] Level 1:colcon.colcon_core.environment:checking '/home/geert/kuka-ido/ros2_ws_kuka/install/joystick_to_serial_pkg' for CMake module files
[3.497s] Level 1:colcon.colcon_core.environment:checking '/home/geert/kuka-ido/ros2_ws_kuka/install/joystick_to_serial_pkg' for CMake config files
[3.497s] Level 1:colcon.colcon_core.environment:checking '/home/geert/kuka-ido/ros2_ws_kuka/install/joystick_to_serial_pkg/lib'
[3.497s] Level 1:colcon.colcon_core.environment:checking '/home/geert/kuka-ido/ros2_ws_kuka/install/joystick_to_serial_pkg/bin'
[3.498s] Level 1:colcon.colcon_core.environment:checking '/home/geert/kuka-ido/ros2_ws_kuka/install/joystick_to_serial_pkg/lib/pkgconfig/joystick_to_serial_pkg.pc'
[3.498s] Level 1:colcon.colcon_core.environment:checking '/home/geert/kuka-ido/ros2_ws_kuka/install/joystick_to_serial_pkg/lib/python3.10/site-packages'
[3.498s] Level 1:colcon.colcon_core.shell:create_environment_hook('joystick_to_serial_pkg', 'pythonpath')
[3.500s] INFO:colcon.colcon_core.shell:Creating environment hook '/home/geert/kuka-ido/ros2_ws_kuka/install/joystick_to_serial_pkg/share/joystick_to_serial_pkg/hook/pythonpath.ps1'
[3.500s] INFO:colcon.colcon_core.shell:Creating environment descriptor '/home/geert/kuka-ido/ros2_ws_kuka/install/joystick_to_serial_pkg/share/joystick_to_serial_pkg/hook/pythonpath.dsv'
[3.500s] DEBUG:colcon.colcon_core.event_handler.log_command:Invoked command in '/home/geert/kuka-ido/ros2_ws_kuka/src/joystick_to_serial_pkg' returned '0': PYTHONPATH=/home/geert/kuka-ido/ros2_ws_kuka/build/joystick_to_serial_pkg/prefix_override:/home/geert/kuka-ido/ros2_ws_kuka/install/joystick_to_serial_pkg/lib/python3.10/site-packages:${PYTHONPATH} /usr/bin/python3 setup.py egg_info --egg-base ../../build/joystick_to_serial_pkg build --build-base /home/geert/kuka-ido/ros2_ws_kuka/build/joystick_to_serial_pkg/build install --record /home/geert/kuka-ido/ros2_ws_kuka/build/joystick_to_serial_pkg/install.log --single-version-externally-managed
[3.501s] INFO:colcon.colcon_core.shell:Creating environment hook '/home/geert/kuka-ido/ros2_ws_kuka/install/joystick_to_serial_pkg/share/joystick_to_serial_pkg/hook/pythonpath.sh'
[3.501s] Level 1:colcon.colcon_core.environment:checking '/home/geert/kuka-ido/ros2_ws_kuka/install/joystick_to_serial_pkg/bin'
[3.501s] Level 1:colcon.colcon_core.environment:create_environment_scripts_only(joystick_to_serial_pkg)
[3.503s] INFO:colcon.colcon_core.shell:Creating package script '/home/geert/kuka-ido/ros2_ws_kuka/install/joystick_to_serial_pkg/share/joystick_to_serial_pkg/package.ps1'
[3.504s] INFO:colcon.colcon_core.shell:Creating package descriptor '/home/geert/kuka-ido/ros2_ws_kuka/install/joystick_to_serial_pkg/share/joystick_to_serial_pkg/package.dsv'
[3.504s] INFO:colcon.colcon_core.shell:Creating package script '/home/geert/kuka-ido/ros2_ws_kuka/install/joystick_to_serial_pkg/share/joystick_to_serial_pkg/package.sh'
[3.505s] INFO:colcon.colcon_core.shell:Creating package script '/home/geert/kuka-ido/ros2_ws_kuka/install/joystick_to_serial_pkg/share/joystick_to_serial_pkg/package.bash'
[3.505s] INFO:colcon.colcon_core.shell:Creating package script '/home/geert/kuka-ido/ros2_ws_kuka/install/joystick_to_serial_pkg/share/joystick_to_serial_pkg/package.zsh'
[3.505s] Level 1:colcon.colcon_core.environment:create_file_with_runtime_dependencies(/home/geert/kuka-ido/ros2_ws_kuka/install/joystick_to_serial_pkg/share/colcon-core/packages/joystick_to_serial_pkg)
[3.506s] INFO:colcon.colcon_ros.task.ament_python.build:Building ROS package in '/home/geert/kuka-ido/ros2_ws_kuka/src/kuka_launch_pkg' with build type 'ament_python'
[3.506s] Level 1:colcon.colcon_core.shell:create_environment_hook('kuka_launch_pkg', 'ament_prefix_path')
[3.515s] INFO:colcon.colcon_core.shell:Creating environment hook '/home/geert/kuka-ido/ros2_ws_kuka/install/kuka_launch_pkg/share/kuka_launch_pkg/hook/ament_prefix_path.ps1'
[3.516s] INFO:colcon.colcon_core.shell:Creating environment descriptor '/home/geert/kuka-ido/ros2_ws_kuka/install/kuka_launch_pkg/share/kuka_launch_pkg/hook/ament_prefix_path.dsv'
[3.517s] INFO:colcon.colcon_core.shell:Creating environment hook '/home/geert/kuka-ido/ros2_ws_kuka/install/kuka_launch_pkg/share/kuka_launch_pkg/hook/ament_prefix_path.sh'
[3.519s] INFO:colcon.colcon_core.shell:Skip shell extension 'powershell' for command environment: Not usable outside of PowerShell
[3.519s] DEBUG:colcon.colcon_core.shell:Skip shell extension 'dsv' for command environment
[3.879s] INFO:colcon.colcon_core.task.python.build:Building Python package in '/home/geert/kuka-ido/ros2_ws_kuka/src/kuka_launch_pkg'
[3.881s] INFO:colcon.colcon_core.shell:Skip shell extension 'powershell' for command environment: Not usable outside of PowerShell
[3.881s] DEBUG:colcon.colcon_core.shell:Skip shell extension 'dsv' for command environment
[4.311s] DEBUG:colcon.colcon_core.event_handler.log_command:Invoking command in '/home/geert/kuka-ido/ros2_ws_kuka/src/kuka_launch_pkg': PYTHONPATH=/home/geert/kuka-ido/ros2_ws_kuka/build/kuka_launch_pkg/prefix_override:/home/geert/kuka-ido/ros2_ws_kuka/install/kuka_launch_pkg/lib/python3.10/site-packages:${PYTHONPATH} /usr/bin/python3 setup.py egg_info --egg-base ../../build/kuka_launch_pkg build --build-base /home/geert/kuka-ido/ros2_ws_kuka/build/kuka_launch_pkg/build install --record /home/geert/kuka-ido/ros2_ws_kuka/build/kuka_launch_pkg/install.log --single-version-externally-managed
[4.680s] Level 1:colcon.colcon_core.environment:checking '/home/geert/kuka-ido/ros2_ws_kuka/install/kuka_launch_pkg' for CMake module files
[4.680s] Level 1:colcon.colcon_core.environment:checking '/home/geert/kuka-ido/ros2_ws_kuka/install/kuka_launch_pkg' for CMake config files
[4.681s] Level 1:colcon.colcon_core.environment:checking '/home/geert/kuka-ido/ros2_ws_kuka/install/kuka_launch_pkg/lib'
[4.681s] Level 1:colcon.colcon_core.environment:checking '/home/geert/kuka-ido/ros2_ws_kuka/install/kuka_launch_pkg/bin'
[4.681s] Level 1:colcon.colcon_core.environment:checking '/home/geert/kuka-ido/ros2_ws_kuka/install/kuka_launch_pkg/lib/pkgconfig/kuka_launch_pkg.pc'
[4.682s] Level 1:colcon.colcon_core.environment:checking '/home/geert/kuka-ido/ros2_ws_kuka/install/kuka_launch_pkg/lib/python3.10/site-packages'
[4.682s] Level 1:colcon.colcon_core.shell:create_environment_hook('kuka_launch_pkg', 'pythonpath')
[4.683s] INFO:colcon.colcon_core.shell:Creating environment hook '/home/geert/kuka-ido/ros2_ws_kuka/install/kuka_launch_pkg/share/kuka_launch_pkg/hook/pythonpath.ps1'
[4.684s] INFO:colcon.colcon_core.shell:Creating environment descriptor '/home/geert/kuka-ido/ros2_ws_kuka/install/kuka_launch_pkg/share/kuka_launch_pkg/hook/pythonpath.dsv'
[4.684s] DEBUG:colcon.colcon_core.event_handler.log_command:Invoked command in '/home/geert/kuka-ido/ros2_ws_kuka/src/kuka_launch_pkg' returned '0': PYTHONPATH=/home/geert/kuka-ido/ros2_ws_kuka/build/kuka_launch_pkg/prefix_override:/home/geert/kuka-ido/ros2_ws_kuka/install/kuka_launch_pkg/lib/python3.10/site-packages:${PYTHONPATH} /usr/bin/python3 setup.py egg_info --egg-base ../../build/kuka_launch_pkg build --build-base /home/geert/kuka-ido/ros2_ws_kuka/build/kuka_launch_pkg/build install --record /home/geert/kuka-ido/ros2_ws_kuka/build/kuka_launch_pkg/install.log --single-version-externally-managed
[4.685s] INFO:colcon.colcon_core.shell:Creating environment hook '/home/geert/kuka-ido/ros2_ws_kuka/install/kuka_launch_pkg/share/kuka_launch_pkg/hook/pythonpath.sh'
[4.685s] Level 1:colcon.colcon_core.environment:checking '/home/geert/kuka-ido/ros2_ws_kuka/install/kuka_launch_pkg/bin'
[4.685s] Level 1:colcon.colcon_core.environment:create_environment_scripts_only(kuka_launch_pkg)
[4.687s] INFO:colcon.colcon_core.shell:Creating package script '/home/geert/kuka-ido/ros2_ws_kuka/install/kuka_launch_pkg/share/kuka_launch_pkg/package.ps1'
[4.688s] INFO:colcon.colcon_core.shell:Creating package descriptor '/home/geert/kuka-ido/ros2_ws_kuka/install/kuka_launch_pkg/share/kuka_launch_pkg/package.dsv'
[4.689s] INFO:colcon.colcon_core.shell:Creating package script '/home/geert/kuka-ido/ros2_ws_kuka/install/kuka_launch_pkg/share/kuka_launch_pkg/package.sh'
[4.690s] INFO:colcon.colcon_core.shell:Creating package script '/home/geert/kuka-ido/ros2_ws_kuka/install/kuka_launch_pkg/share/kuka_launch_pkg/package.bash'
[4.691s] INFO:colcon.colcon_core.shell:Creating package script '/home/geert/kuka-ido/ros2_ws_kuka/install/kuka_launch_pkg/share/kuka_launch_pkg/package.zsh'
[4.691s] Level 1:colcon.colcon_core.environment:create_file_with_runtime_dependencies(/home/geert/kuka-ido/ros2_ws_kuka/install/kuka_launch_pkg/share/colcon-core/packages/kuka_launch_pkg)
[4.692s] INFO:colcon.colcon_ros.task.ament_python.build:Building ROS package in '/home/geert/kuka-ido/ros2_ws_kuka/src/data_visualiser_pkg' with build type 'ament_python'
[4.692s] Level 1:colcon.colcon_core.shell:create_environment_hook('data_visualiser_pkg', 'ament_prefix_path')
[4.694s] INFO:colcon.colcon_core.shell:Creating environment hook '/home/geert/kuka-ido/ros2_ws_kuka/install/data_visualiser_pkg/share/data_visualiser_pkg/hook/ament_prefix_path.ps1'
[4.694s] INFO:colcon.colcon_core.shell:Creating environment descriptor '/home/geert/kuka-ido/ros2_ws_kuka/install/data_visualiser_pkg/share/data_visualiser_pkg/hook/ament_prefix_path.dsv'
[4.694s] INFO:colcon.colcon_core.shell:Creating environment hook '/home/geert/kuka-ido/ros2_ws_kuka/install/data_visualiser_pkg/share/data_visualiser_pkg/hook/ament_prefix_path.sh'
[4.696s] INFO:colcon.colcon_core.shell:Skip shell extension 'powershell' for command environment: Not usable outside of PowerShell
[4.697s] DEBUG:colcon.colcon_core.shell:Skip shell extension 'dsv' for command environment
[5.071s] INFO:colcon.colcon_core.task.python.build:Building Python package in '/home/geert/kuka-ido/ros2_ws_kuka/src/data_visualiser_pkg'
[5.073s] INFO:colcon.colcon_core.shell:Skip shell extension 'powershell' for command environment: Not usable outside of PowerShell
[5.073s] DEBUG:colcon.colcon_core.shell:Skip shell extension 'dsv' for command environment
[5.514s] DEBUG:colcon.colcon_core.event_handler.log_command:Invoking command in '/home/geert/kuka-ido/ros2_ws_kuka/src/data_visualiser_pkg': AMENT_PREFIX_PATH=/home/geert/ros2_ws_git/install/kuka_msgs_pkg:${AMENT_PREFIX_PATH} CMAKE_PREFIX_PATH=/home/geert/kuka-ido/ros2_ws_kuka/install/kuka_msgs_pkg LD_LIBRARY_PATH=/home/geert/ros2_ws_git/install/kuka_msgs_pkg/lib:/home/geert/kuka-ido/ros2_ws_kuka/install/kuka_msgs_pkg/lib:${LD_LIBRARY_PATH} PYTHONPATH=/home/geert/kuka-ido/ros2_ws_kuka/build/data_visualiser_pkg/prefix_override:/home/geert/kuka-ido/ros2_ws_kuka/install/data_visualiser_pkg/lib/python3.10/site-packages:/home/geert/ros2_ws_git/install/kuka_msgs_pkg/lib/python3.10/site-packages:/home/geert/kuka-ido/ros2_ws_kuka/install/kuka_msgs_pkg/lib/python3.10/site-packages:${PYTHONPATH} /usr/bin/python3 setup.py egg_info --egg-base ../../build/data_visualiser_pkg build --build-base /home/geert/kuka-ido/ros2_ws_kuka/build/data_visualiser_pkg/build install --record /home/geert/kuka-ido/ros2_ws_kuka/build/data_visualiser_pkg/install.log --single-version-externally-managed
[5.891s] Level 1:colcon.colcon_core.environment:checking '/home/geert/kuka-ido/ros2_ws_kuka/install/data_visualiser_pkg' for CMake module files
[5.891s] Level 1:colcon.colcon_core.environment:checking '/home/geert/kuka-ido/ros2_ws_kuka/install/data_visualiser_pkg' for CMake config files
[5.892s] Level 1:colcon.colcon_core.environment:checking '/home/geert/kuka-ido/ros2_ws_kuka/install/data_visualiser_pkg/lib'
[5.892s] Level 1:colcon.colcon_core.environment:checking '/home/geert/kuka-ido/ros2_ws_kuka/install/data_visualiser_pkg/bin'
[5.892s] Level 1:colcon.colcon_core.environment:checking '/home/geert/kuka-ido/ros2_ws_kuka/install/data_visualiser_pkg/lib/pkgconfig/data_visualiser_pkg.pc'
[5.892s] Level 1:colcon.colcon_core.environment:checking '/home/geert/kuka-ido/ros2_ws_kuka/install/data_visualiser_pkg/lib/python3.10/site-packages'
[5.892s] Level 1:colcon.colcon_core.shell:create_environment_hook('data_visualiser_pkg', 'pythonpath')
[5.894s] INFO:colcon.colcon_core.shell:Creating environment hook '/home/geert/kuka-ido/ros2_ws_kuka/install/data_visualiser_pkg/share/data_visualiser_pkg/hook/pythonpath.ps1'
[5.895s] DEBUG:colcon.colcon_core.event_handler.log_command:Invoked command in '/home/geert/kuka-ido/ros2_ws_kuka/src/data_visualiser_pkg' returned '0': AMENT_PREFIX_PATH=/home/geert/ros2_ws_git/install/kuka_msgs_pkg:${AMENT_PREFIX_PATH} CMAKE_PREFIX_PATH=/home/geert/kuka-ido/ros2_ws_kuka/install/kuka_msgs_pkg LD_LIBRARY_PATH=/home/geert/ros2_ws_git/install/kuka_msgs_pkg/lib:/home/geert/kuka-ido/ros2_ws_kuka/install/kuka_msgs_pkg/lib:${LD_LIBRARY_PATH} PYTHONPATH=/home/geert/kuka-ido/ros2_ws_kuka/build/data_visualiser_pkg/prefix_override:/home/geert/kuka-ido/ros2_ws_kuka/install/data_visualiser_pkg/lib/python3.10/site-packages:/home/geert/ros2_ws_git/install/kuka_msgs_pkg/lib/python3.10/site-packages:/home/geert/kuka-ido/ros2_ws_kuka/install/kuka_msgs_pkg/lib/python3.10/site-packages:${PYTHONPATH} /usr/bin/python3 setup.py egg_info --egg-base ../../build/data_visualiser_pkg build --build-base /home/geert/kuka-ido/ros2_ws_kuka/build/data_visualiser_pkg/build install --record /home/geert/kuka-ido/ros2_ws_kuka/build/data_visualiser_pkg/install.log --single-version-externally-managed
[5.895s] INFO:colcon.colcon_core.shell:Creating environment descriptor '/home/geert/kuka-ido/ros2_ws_kuka/install/data_visualiser_pkg/share/data_visualiser_pkg/hook/pythonpath.dsv'
[5.895s] INFO:colcon.colcon_core.shell:Creating environment hook '/home/geert/kuka-ido/ros2_ws_kuka/install/data_visualiser_pkg/share/data_visualiser_pkg/hook/pythonpath.sh'
[5.896s] Level 1:colcon.colcon_core.environment:checking '/home/geert/kuka-ido/ros2_ws_kuka/install/data_visualiser_pkg/bin'
[5.896s] Level 1:colcon.colcon_core.environment:create_environment_scripts_only(data_visualiser_pkg)
[5.898s] INFO:colcon.colcon_core.shell:Creating package script '/home/geert/kuka-ido/ros2_ws_kuka/install/data_visualiser_pkg/share/data_visualiser_pkg/package.ps1'
[5.898s] INFO:colcon.colcon_core.shell:Creating package descriptor '/home/geert/kuka-ido/ros2_ws_kuka/install/data_visualiser_pkg/share/data_visualiser_pkg/package.dsv'
[5.899s] INFO:colcon.colcon_core.shell:Creating package script '/home/geert/kuka-ido/ros2_ws_kuka/install/data_visualiser_pkg/share/data_visualiser_pkg/package.sh'
[5.899s] INFO:colcon.colcon_core.shell:Creating package script '/home/geert/kuka-ido/ros2_ws_kuka/install/data_visualiser_pkg/share/data_visualiser_pkg/package.bash'
[5.900s] INFO:colcon.colcon_core.shell:Creating package script '/home/geert/kuka-ido/ros2_ws_kuka/install/data_visualiser_pkg/share/data_visualiser_pkg/package.zsh'
[5.900s] Level 1:colcon.colcon_core.environment:create_file_with_runtime_dependencies(/home/geert/kuka-ido/ros2_ws_kuka/install/data_visualiser_pkg/share/colcon-core/packages/data_visualiser_pkg)
[5.901s] INFO:colcon.colcon_ros.task.ament_python.build:Building ROS package in '/home/geert/kuka-ido/ros2_ws_kuka/src/serial_communication_pkg' with build type 'ament_python'
[5.901s] Level 1:colcon.colcon_core.shell:create_environment_hook('serial_communication_pkg', 'ament_prefix_path')
[5.903s] INFO:colcon.colcon_core.shell:Creating environment hook '/home/geert/kuka-ido/ros2_ws_kuka/install/serial_communication_pkg/share/serial_communication_pkg/hook/ament_prefix_path.ps1'
[5.904s] INFO:colcon.colcon_core.shell:Creating environment descriptor '/home/geert/kuka-ido/ros2_ws_kuka/install/serial_communication_pkg/share/serial_communication_pkg/hook/ament_prefix_path.dsv'
[5.904s] INFO:colcon.colcon_core.shell:Creating environment hook '/home/geert/kuka-ido/ros2_ws_kuka/install/serial_communication_pkg/share/serial_communication_pkg/hook/ament_prefix_path.sh'
[5.913s] INFO:colcon.colcon_core.shell:Skip shell extension 'powershell' for command environment: Not usable outside of PowerShell
[5.913s] DEBUG:colcon.colcon_core.shell:Skip shell extension 'dsv' for command environment
[6.279s] INFO:colcon.colcon_core.task.python.build:Building Python package in '/home/geert/kuka-ido/ros2_ws_kuka/src/serial_communication_pkg'
[6.281s] INFO:colcon.colcon_core.shell:Skip shell extension 'powershell' for command environment: Not usable outside of PowerShell
[6.281s] DEBUG:colcon.colcon_core.shell:Skip shell extension 'dsv' for command environment
[6.699s] DEBUG:colcon.colcon_core.event_handler.log_command:Invoking command in '/home/geert/kuka-ido/ros2_ws_kuka/src/serial_communication_pkg': AMENT_PREFIX_PATH=/home/geert/ros2_ws_git/install/kuka_msgs_pkg:${AMENT_PREFIX_PATH} CMAKE_PREFIX_PATH=/home/geert/kuka-ido/ros2_ws_kuka/install/kuka_msgs_pkg LD_LIBRARY_PATH=/home/geert/ros2_ws_git/install/kuka_msgs_pkg/lib:/home/geert/kuka-ido/ros2_ws_kuka/install/kuka_msgs_pkg/lib:${LD_LIBRARY_PATH} PYTHONPATH=/home/geert/kuka-ido/ros2_ws_kuka/build/serial_communication_pkg/prefix_override:/home/geert/kuka-ido/ros2_ws_kuka/install/serial_communication_pkg/lib/python3.10/site-packages:/home/geert/ros2_ws_git/install/kuka_msgs_pkg/lib/python3.10/site-packages:/home/geert/kuka-ido/ros2_ws_kuka/install/kuka_msgs_pkg/lib/python3.10/site-packages:${PYTHONPATH} /usr/bin/python3 setup.py egg_info --egg-base ../../build/serial_communication_pkg build --build-base /home/geert/kuka-ido/ros2_ws_kuka/build/serial_communication_pkg/build install --record /home/geert/kuka-ido/ros2_ws_kuka/build/serial_communication_pkg/install.log --single-version-externally-managed
[7.092s] Level 1:colcon.colcon_core.environment:checking '/home/geert/kuka-ido/ros2_ws_kuka/install/serial_communication_pkg' for CMake module files
[7.093s] Level 1:colcon.colcon_core.environment:checking '/home/geert/kuka-ido/ros2_ws_kuka/install/serial_communication_pkg' for CMake config files
[7.093s] Level 1:colcon.colcon_core.environment:checking '/home/geert/kuka-ido/ros2_ws_kuka/install/serial_communication_pkg/lib'
[7.093s] Level 1:colcon.colcon_core.environment:checking '/home/geert/kuka-ido/ros2_ws_kuka/install/serial_communication_pkg/bin'
[7.093s] Level 1:colcon.colcon_core.environment:checking '/home/geert/kuka-ido/ros2_ws_kuka/install/serial_communication_pkg/lib/pkgconfig/serial_communication_pkg.pc'
[7.094s] Level 1:colcon.colcon_core.environment:checking '/home/geert/kuka-ido/ros2_ws_kuka/install/serial_communication_pkg/lib/python3.10/site-packages'
[7.094s] Level 1:colcon.colcon_core.shell:create_environment_hook('serial_communication_pkg', 'pythonpath')
[7.095s] INFO:colcon.colcon_core.shell:Creating environment hook '/home/geert/kuka-ido/ros2_ws_kuka/install/serial_communication_pkg/share/serial_communication_pkg/hook/pythonpath.ps1'
[7.097s] DEBUG:colcon.colcon_core.event_handler.log_command:Invoked command in '/home/geert/kuka-ido/ros2_ws_kuka/src/serial_communication_pkg' returned '0': AMENT_PREFIX_PATH=/home/geert/ros2_ws_git/install/kuka_msgs_pkg:${AMENT_PREFIX_PATH} CMAKE_PREFIX_PATH=/home/geert/kuka-ido/ros2_ws_kuka/install/kuka_msgs_pkg LD_LIBRARY_PATH=/home/geert/ros2_ws_git/install/kuka_msgs_pkg/lib:/home/geert/kuka-ido/ros2_ws_kuka/install/kuka_msgs_pkg/lib:${LD_LIBRARY_PATH} PYTHONPATH=/home/geert/kuka-ido/ros2_ws_kuka/build/serial_communication_pkg/prefix_override:/home/geert/kuka-ido/ros2_ws_kuka/install/serial_communication_pkg/lib/python3.10/site-packages:/home/geert/ros2_ws_git/install/kuka_msgs_pkg/lib/python3.10/site-packages:/home/geert/kuka-ido/ros2_ws_kuka/install/kuka_msgs_pkg/lib/python3.10/site-packages:${PYTHONPATH} /usr/bin/python3 setup.py egg_info --egg-base ../../build/serial_communication_pkg build --build-base /home/geert/kuka-ido/ros2_ws_kuka/build/serial_communication_pkg/build install --record /home/geert/kuka-ido/ros2_ws_kuka/build/serial_communication_pkg/install.log --single-version-externally-managed
[7.097s] INFO:colcon.colcon_core.shell:Creating environment descriptor '/home/geert/kuka-ido/ros2_ws_kuka/install/serial_communication_pkg/share/serial_communication_pkg/hook/pythonpath.dsv'
[7.097s] INFO:colcon.colcon_core.shell:Creating environment hook '/home/geert/kuka-ido/ros2_ws_kuka/install/serial_communication_pkg/share/serial_communication_pkg/hook/pythonpath.sh'
[7.098s] Level 1:colcon.colcon_core.environment:checking '/home/geert/kuka-ido/ros2_ws_kuka/install/serial_communication_pkg/bin'
[7.098s] Level 1:colcon.colcon_core.environment:create_environment_scripts_only(serial_communication_pkg)
[7.099s] INFO:colcon.colcon_core.shell:Creating package script '/home/geert/kuka-ido/ros2_ws_kuka/install/serial_communication_pkg/share/serial_communication_pkg/package.ps1'
[7.100s] INFO:colcon.colcon_core.shell:Creating package descriptor '/home/geert/kuka-ido/ros2_ws_kuka/install/serial_communication_pkg/share/serial_communication_pkg/package.dsv'
[7.100s] INFO:colcon.colcon_core.shell:Creating package script '/home/geert/kuka-ido/ros2_ws_kuka/install/serial_communication_pkg/share/serial_communication_pkg/package.sh'
[7.101s] INFO:colcon.colcon_core.shell:Creating package script '/home/geert/kuka-ido/ros2_ws_kuka/install/serial_communication_pkg/share/serial_communication_pkg/package.bash'
[7.101s] INFO:colcon.colcon_core.shell:Creating package script '/home/geert/kuka-ido/ros2_ws_kuka/install/serial_communication_pkg/share/serial_communication_pkg/package.zsh'
[7.102s] Level 1:colcon.colcon_core.environment:create_file_with_runtime_dependencies(/home/geert/kuka-ido/ros2_ws_kuka/install/serial_communication_pkg/share/colcon-core/packages/serial_communication_pkg)
[7.102s] DEBUG:colcon.colcon_parallel_executor.executor.parallel:closing loop
[7.103s] DEBUG:colcon.colcon_parallel_executor.executor.parallel:loop closed
[7.103s] DEBUG:colcon.colcon_parallel_executor.executor.parallel:run_until_complete finished with '0'
[7.103s] DEBUG:colcon.colcon_core.event_reactor:joining thread
[7.140s] INFO:colcon.colcon_core.plugin_system:Skipping extension 'colcon_notification.desktop_notification.terminal_notifier': Not used on non-Darwin systems
[7.140s] INFO:colcon.colcon_core.plugin_system:Skipping extension 'colcon_notification.desktop_notification.win32': Not used on non-Windows systems
[7.140s] INFO:colcon.colcon_notification.desktop_notification:Sending desktop notification using 'notify2'
[7.165s] DEBUG:colcon.colcon_core.event_reactor:joined thread
[7.167s] INFO:colcon.colcon_core.shell:Creating prefix script '/home/geert/kuka-ido/ros2_ws_kuka/install/local_setup.ps1'
[7.171s] INFO:colcon.colcon_core.shell:Creating prefix util module '/home/geert/kuka-ido/ros2_ws_kuka/install/_local_setup_util_ps1.py'
[7.181s] INFO:colcon.colcon_core.shell:Creating prefix chain script '/home/geert/kuka-ido/ros2_ws_kuka/install/setup.ps1'
[7.183s] INFO:colcon.colcon_core.shell:Creating prefix script '/home/geert/kuka-ido/ros2_ws_kuka/install/local_setup.sh'
[7.184s] INFO:colcon.colcon_core.shell:Creating prefix util module '/home/geert/kuka-ido/ros2_ws_kuka/install/_local_setup_util_sh.py'
[7.186s] INFO:colcon.colcon_core.shell:Creating prefix chain script '/home/geert/kuka-ido/ros2_ws_kuka/install/setup.sh'
[7.192s] INFO:colcon.colcon_core.shell:Creating prefix script '/home/geert/kuka-ido/ros2_ws_kuka/install/local_setup.bash'
[7.193s] INFO:colcon.colcon_core.shell:Creating prefix chain script '/home/geert/kuka-ido/ros2_ws_kuka/install/setup.bash'
[7.196s] INFO:colcon.colcon_core.shell:Creating prefix script '/home/geert/kuka-ido/ros2_ws_kuka/install/local_setup.zsh'
[7.197s] INFO:colcon.colcon_core.shell:Creating prefix chain script '/home/geert/kuka-ido/ros2_ws_kuka/install/setup.zsh'
