running egg_info
creating ../../build/kuka_launch_pkg/kuka_launch_pkg.egg-info
writing ../../build/kuka_launch_pkg/kuka_launch_pkg.egg-info/PKG-INFO
writing dependency_links to ../../build/kuka_launch_pkg/kuka_launch_pkg.egg-info/dependency_links.txt
writing entry points to ../../build/kuka_launch_pkg/kuka_launch_pkg.egg-info/entry_points.txt
writing requirements to ../../build/kuka_launch_pkg/kuka_launch_pkg.egg-info/requires.txt
writing top-level names to ../../build/kuka_launch_pkg/kuka_launch_pkg.egg-info/top_level.txt
writing manifest file '../../build/kuka_launch_pkg/kuka_launch_pkg.egg-info/SOURCES.txt'
reading manifest file '../../build/kuka_launch_pkg/kuka_launch_pkg.egg-info/SOURCES.txt'
writing manifest file '../../build/kuka_launch_pkg/kuka_launch_pkg.egg-info/SOURCES.txt'
running build
running build_py
creating /home/geert/kuka-ido/ros2_ws/build/kuka_launch_pkg/build
creating /home/geert/kuka-ido/ros2_ws/build/kuka_launch_pkg/build/lib
creating /home/geert/kuka-ido/ros2_ws/build/kuka_launch_pkg/build/lib/kuka_launch_pkg
copying kuka_launch_pkg/__init__.py -> /home/geert/kuka-ido/ros2_ws/build/kuka_launch_pkg/build/lib/kuka_launch_pkg
running install
/usr/lib/python3/dist-packages/setuptools/command/install.py:34: SetuptoolsDeprecationWarning: setup.py install is deprecated. Use build and pip and other standards-based tools.
  warnings.warn(
running install_lib
running install_data
running install_egg_info
removing '/home/geert/kuka-ido/ros2_ws/install/kuka_launch_pkg/lib/python3.10/site-packages/kuka_launch_pkg-0.0.0-py3.10.egg-info' (and everything under it)
Copying ../../build/kuka_launch_pkg/kuka_launch_pkg.egg-info to /home/geert/kuka-ido/ros2_ws/install/kuka_launch_pkg/lib/python3.10/site-packages/kuka_launch_pkg-0.0.0-py3.10.egg-info
running install_scripts
writing list of installed files to '/home/geert/kuka-ido/ros2_ws/build/kuka_launch_pkg/install.log'
