[0.937s] Invoking command in '/home/geert/kuka-ido/ros2_ws/src/kuka_launch_pkg': PYTHONPATH=/home/geert/kuka-ido/ros2_ws/build/kuka_launch_pkg/prefix_override:/home/geert/kuka-ido/ros2_ws/install/kuka_launch_pkg/lib/python3.10/site-packages:${PYTHONPATH} /usr/bin/python3 setup.py egg_info --egg-base ../../build/kuka_launch_pkg build --build-base /home/geert/kuka-ido/ros2_ws/build/kuka_launch_pkg/build install --record /home/geert/kuka-ido/ros2_ws/build/kuka_launch_pkg/install.log --single-version-externally-managed
[1.347s] running egg_info
[1.348s] creating ../../build/kuka_launch_pkg/kuka_launch_pkg.egg-info
[1.349s] writing ../../build/kuka_launch_pkg/kuka_launch_pkg.egg-info/PKG-INFO
[1.349s] writing dependency_links to ../../build/kuka_launch_pkg/kuka_launch_pkg.egg-info/dependency_links.txt
[1.349s] writing entry points to ../../build/kuka_launch_pkg/kuka_launch_pkg.egg-info/entry_points.txt
[1.349s] writing requirements to ../../build/kuka_launch_pkg/kuka_launch_pkg.egg-info/requires.txt
[1.350s] writing top-level names to ../../build/kuka_launch_pkg/kuka_launch_pkg.egg-info/top_level.txt
[1.350s] writing manifest file '../../build/kuka_launch_pkg/kuka_launch_pkg.egg-info/SOURCES.txt'
[1.352s] reading manifest file '../../build/kuka_launch_pkg/kuka_launch_pkg.egg-info/SOURCES.txt'
[1.353s] writing manifest file '../../build/kuka_launch_pkg/kuka_launch_pkg.egg-info/SOURCES.txt'
[1.354s] running build
[1.354s] running build_py
[1.354s] creating /home/geert/kuka-ido/ros2_ws/build/kuka_launch_pkg/build
[1.354s] creating /home/geert/kuka-ido/ros2_ws/build/kuka_launch_pkg/build/lib
[1.354s] creating /home/geert/kuka-ido/ros2_ws/build/kuka_launch_pkg/build/lib/kuka_launch_pkg
[1.355s] copying kuka_launch_pkg/__init__.py -> /home/geert/kuka-ido/ros2_ws/build/kuka_launch_pkg/build/lib/kuka_launch_pkg
[1.355s] running install
[1.355s] /usr/lib/python3/dist-packages/setuptools/command/install.py:34: SetuptoolsDeprecationWarning: setup.py install is deprecated. Use build and pip and other standards-based tools.
[1.356s]   warnings.warn(
[1.356s] running install_lib
[1.357s] running install_data
[1.359s] running install_egg_info
[1.360s] removing '/home/geert/kuka-ido/ros2_ws/install/kuka_launch_pkg/lib/python3.10/site-packages/kuka_launch_pkg-0.0.0-py3.10.egg-info' (and everything under it)
[1.361s] Copying ../../build/kuka_launch_pkg/kuka_launch_pkg.egg-info to /home/geert/kuka-ido/ros2_ws/install/kuka_launch_pkg/lib/python3.10/site-packages/kuka_launch_pkg-0.0.0-py3.10.egg-info
[1.362s] running install_scripts
[1.401s] writing list of installed files to '/home/geert/kuka-ido/ros2_ws/build/kuka_launch_pkg/install.log'
[1.427s] Invoked command in '/home/geert/kuka-ido/ros2_ws/src/kuka_launch_pkg' returned '0': PYTHONPATH=/home/geert/kuka-ido/ros2_ws/build/kuka_launch_pkg/prefix_override:/home/geert/kuka-ido/ros2_ws/install/kuka_launch_pkg/lib/python3.10/site-packages:${PYTHONPATH} /usr/bin/python3 setup.py egg_info --egg-base ../../build/kuka_launch_pkg build --build-base /home/geert/kuka-ido/ros2_ws/build/kuka_launch_pkg/build install --record /home/geert/kuka-ido/ros2_ws/build/kuka_launch_pkg/install.log --single-version-externally-managed
