[0.843s] Invoking command in '/home/geert/kuka-ido/ros2_ws/src/serial_communication_pkg': AMENT_PREFIX_PATH=/home/geert/ros2_ws_git/install/kuka_msgs_pkg:${AMENT_PREFIX_PATH} CMAKE_PREFIX_PATH=/home/geert/kuka-ido/ros2_ws/install/kuka_msgs_pkg LD_LIBRARY_PATH=/home/geert/ros2_ws_git/install/kuka_msgs_pkg/lib:/home/geert/kuka-ido/ros2_ws/install/kuka_msgs_pkg/lib:${LD_LIBRARY_PATH} PYTHONPATH=/home/geert/kuka-ido/ros2_ws/build/serial_communication_pkg/prefix_override:/home/geert/kuka-ido/ros2_ws/install/serial_communication_pkg/lib/python3.10/site-packages:/home/geert/ros2_ws_git/install/kuka_msgs_pkg/lib/python3.10/site-packages:/home/geert/kuka-ido/ros2_ws/install/kuka_msgs_pkg/lib/python3.10/site-packages:${PYTHONPATH} /usr/bin/python3 setup.py egg_info --egg-base ../../build/serial_communication_pkg build --build-base /home/geert/kuka-ido/ros2_ws/build/serial_communication_pkg/build install --record /home/geert/kuka-ido/ros2_ws/build/serial_communication_pkg/install.log --single-version-externally-managed
[1.171s] running egg_info
[1.172s] writing ../../build/serial_communication_pkg/serial_communication_pkg.egg-info/PKG-INFO
[1.184s] writing dependency_links to ../../build/serial_communication_pkg/serial_communication_pkg.egg-info/dependency_links.txt
[1.184s] writing entry points to ../../build/serial_communication_pkg/serial_communication_pkg.egg-info/entry_points.txt
[1.185s] writing requirements to ../../build/serial_communication_pkg/serial_communication_pkg.egg-info/requires.txt
[1.185s] writing top-level names to ../../build/serial_communication_pkg/serial_communication_pkg.egg-info/top_level.txt
[1.187s] reading manifest file '../../build/serial_communication_pkg/serial_communication_pkg.egg-info/SOURCES.txt'
[1.189s] writing manifest file '../../build/serial_communication_pkg/serial_communication_pkg.egg-info/SOURCES.txt'
[1.189s] running build
[1.189s] running build_py
[1.190s] running install
[1.190s] /usr/lib/python3/dist-packages/setuptools/command/install.py:34: SetuptoolsDeprecationWarning: setup.py install is deprecated. Use build and pip and other standards-based tools.
[1.190s]   warnings.warn(
[1.191s] running install_lib
[1.193s] running install_data
[1.193s] running install_egg_info
[1.195s] removing '/home/geert/kuka-ido/ros2_ws/install/serial_communication_pkg/lib/python3.10/site-packages/serial_communication_pkg-0.0.0-py3.10.egg-info' (and everything under it)
[1.195s] Copying ../../build/serial_communication_pkg/serial_communication_pkg.egg-info to /home/geert/kuka-ido/ros2_ws/install/serial_communication_pkg/lib/python3.10/site-packages/serial_communication_pkg-0.0.0-py3.10.egg-info
[1.201s] running install_scripts
[1.232s] Installing serial_communication_node script to /home/geert/kuka-ido/ros2_ws/install/serial_communication_pkg/lib/serial_communication_pkg
[1.233s] writing list of installed files to '/home/geert/kuka-ido/ros2_ws/build/serial_communication_pkg/install.log'
[1.258s] Invoked command in '/home/geert/kuka-ido/ros2_ws/src/serial_communication_pkg' returned '0': AMENT_PREFIX_PATH=/home/geert/ros2_ws_git/install/kuka_msgs_pkg:${AMENT_PREFIX_PATH} CMAKE_PREFIX_PATH=/home/geert/kuka-ido/ros2_ws/install/kuka_msgs_pkg LD_LIBRARY_PATH=/home/geert/ros2_ws_git/install/kuka_msgs_pkg/lib:/home/geert/kuka-ido/ros2_ws/install/kuka_msgs_pkg/lib:${LD_LIBRARY_PATH} PYTHONPATH=/home/geert/kuka-ido/ros2_ws/build/serial_communication_pkg/prefix_override:/home/geert/kuka-ido/ros2_ws/install/serial_communication_pkg/lib/python3.10/site-packages:/home/geert/ros2_ws_git/install/kuka_msgs_pkg/lib/python3.10/site-packages:/home/geert/kuka-ido/ros2_ws/install/kuka_msgs_pkg/lib/python3.10/site-packages:${PYTHONPATH} /usr/bin/python3 setup.py egg_info --egg-base ../../build/serial_communication_pkg build --build-base /home/geert/kuka-ido/ros2_ws/build/serial_communication_pkg/build install --record /home/geert/kuka-ido/ros2_ws/build/serial_communication_pkg/install.log --single-version-externally-managed
