running egg_info
creating ../../build/joystick_to_serial_pkg/joystick_to_serial_pkg.egg-info
writing ../../build/joystick_to_serial_pkg/joystick_to_serial_pkg.egg-info/PKG-INFO
writing dependency_links to ../../build/joystick_to_serial_pkg/joystick_to_serial_pkg.egg-info/dependency_links.txt
writing entry points to ../../build/joystick_to_serial_pkg/joystick_to_serial_pkg.egg-info/entry_points.txt
writing requirements to ../../build/joystick_to_serial_pkg/joystick_to_serial_pkg.egg-info/requires.txt
writing top-level names to ../../build/joystick_to_serial_pkg/joystick_to_serial_pkg.egg-info/top_level.txt
writing manifest file '../../build/joystick_to_serial_pkg/joystick_to_serial_pkg.egg-info/SOURCES.txt'
reading manifest file '../../build/joystick_to_serial_pkg/joystick_to_serial_pkg.egg-info/SOURCES.txt'
writing manifest file '../../build/joystick_to_serial_pkg/joystick_to_serial_pkg.egg-info/SOURCES.txt'
running build
running build_py
creating /home/geert/ros2_ws_git/build/joystick_to_serial_pkg/build
creating /home/geert/ros2_ws_git/build/joystick_to_serial_pkg/build/lib
creating /home/geert/ros2_ws_git/build/joystick_to_serial_pkg/build/lib/joystick_to_serial_pkg
copying joystick_to_serial_pkg/joystick_to_serial_node.py -> /home/geert/ros2_ws_git/build/joystick_to_serial_pkg/build/lib/joystick_to_serial_pkg
copying joystick_to_serial_pkg/__init__.py -> /home/geert/ros2_ws_git/build/joystick_to_serial_pkg/build/lib/joystick_to_serial_pkg
running install
/usr/lib/python3/dist-packages/setuptools/command/install.py:34: SetuptoolsDeprecationWarning: setup.py install is deprecated. Use build and pip and other standards-based tools.
  warnings.warn(
running install_lib
creating /home/geert/ros2_ws_git/install/joystick_to_serial_pkg/lib/python3.10/site-packages/joystick_to_serial_pkg
copying /home/geert/ros2_ws_git/build/joystick_to_serial_pkg/build/lib/joystick_to_serial_pkg/joystick_to_serial_node.py -> /home/geert/ros2_ws_git/install/joystick_to_serial_pkg/lib/python3.10/site-packages/joystick_to_serial_pkg
copying /home/geert/ros2_ws_git/build/joystick_to_serial_pkg/build/lib/joystick_to_serial_pkg/__init__.py -> /home/geert/ros2_ws_git/install/joystick_to_serial_pkg/lib/python3.10/site-packages/joystick_to_serial_pkg
byte-compiling /home/geert/ros2_ws_git/install/joystick_to_serial_pkg/lib/python3.10/site-packages/joystick_to_serial_pkg/joystick_to_serial_node.py to joystick_to_serial_node.cpython-310.pyc
byte-compiling /home/geert/ros2_ws_git/install/joystick_to_serial_pkg/lib/python3.10/site-packages/joystick_to_serial_pkg/__init__.py to __init__.cpython-310.pyc
running install_data
creating /home/geert/ros2_ws_git/install/joystick_to_serial_pkg/share/ament_index
creating /home/geert/ros2_ws_git/install/joystick_to_serial_pkg/share/ament_index/resource_index
creating /home/geert/ros2_ws_git/install/joystick_to_serial_pkg/share/ament_index/resource_index/packages
copying resource/joystick_to_serial_pkg -> /home/geert/ros2_ws_git/install/joystick_to_serial_pkg/share/ament_index/resource_index/packages
copying package.xml -> /home/geert/ros2_ws_git/install/joystick_to_serial_pkg/share/joystick_to_serial_pkg
running install_egg_info
Copying ../../build/joystick_to_serial_pkg/joystick_to_serial_pkg.egg-info to /home/geert/ros2_ws_git/install/joystick_to_serial_pkg/lib/python3.10/site-packages/joystick_to_serial_pkg-0.0.0-py3.10.egg-info
running install_scripts
writing list of installed files to '/home/geert/ros2_ws_git/build/joystick_to_serial_pkg/install.log'
