[0.954s] Invoking command in '/home/geert/ros2_ws_git/src/kuka_msgs_pkg': PYTHONPATH=/home/geert/ros2_ws_git/build/kuka_msgs_pkg/prefix_override:/home/geert/ros2_ws_git/install/kuka_msgs_pkg/lib/python3.10/site-packages:${PYTHONPATH} /usr/bin/python3 setup.py egg_info --egg-base ../../build/kuka_msgs_pkg build --build-base /home/geert/ros2_ws_git/build/kuka_msgs_pkg/build install --record /home/geert/ros2_ws_git/build/kuka_msgs_pkg/install.log --single-version-externally-managed
[1.348s] running egg_info
[1.349s] writing ../../build/kuka_msgs_pkg/kuka_msgs_pkg.egg-info/PKG-INFO
[1.349s] writing dependency_links to ../../build/kuka_msgs_pkg/kuka_msgs_pkg.egg-info/dependency_links.txt
[1.350s] writing entry points to ../../build/kuka_msgs_pkg/kuka_msgs_pkg.egg-info/entry_points.txt
[1.350s] writing requirements to ../../build/kuka_msgs_pkg/kuka_msgs_pkg.egg-info/requires.txt
[1.351s] writing top-level names to ../../build/kuka_msgs_pkg/kuka_msgs_pkg.egg-info/top_level.txt
[1.353s] reading manifest file '../../build/kuka_msgs_pkg/kuka_msgs_pkg.egg-info/SOURCES.txt'
[1.354s] writing manifest file '../../build/kuka_msgs_pkg/kuka_msgs_pkg.egg-info/SOURCES.txt'
[1.355s] running build
[1.355s] running build_py
[1.355s] running install
[1.356s] /usr/lib/python3/dist-packages/setuptools/command/install.py:34: SetuptoolsDeprecationWarning: setup.py install is deprecated. Use build and pip and other standards-based tools.
[1.356s]   warnings.warn(
[1.356s] running install_lib
[1.358s] running install_data
[1.359s] copying package.xml -> /home/geert/ros2_ws_git/install/kuka_msgs_pkg/share/kuka_msgs_pkg
[1.359s] running install_egg_info
[1.361s] removing '/home/geert/ros2_ws_git/install/kuka_msgs_pkg/lib/python3.10/site-packages/kuka_msgs_pkg-0.0.0-py3.10.egg-info' (and everything under it)
[1.361s] Copying ../../build/kuka_msgs_pkg/kuka_msgs_pkg.egg-info to /home/geert/ros2_ws_git/install/kuka_msgs_pkg/lib/python3.10/site-packages/kuka_msgs_pkg-0.0.0-py3.10.egg-info
[1.362s] running install_scripts
[1.390s] writing list of installed files to '/home/geert/ros2_ws_git/build/kuka_msgs_pkg/install.log'
[1.430s] Invoked command in '/home/geert/ros2_ws_git/src/kuka_msgs_pkg' returned '0': PYTHONPATH=/home/geert/ros2_ws_git/build/kuka_msgs_pkg/prefix_override:/home/geert/ros2_ws_git/install/kuka_msgs_pkg/lib/python3.10/site-packages:${PYTHONPATH} /usr/bin/python3 setup.py egg_info --egg-base ../../build/kuka_msgs_pkg build --build-base /home/geert/ros2_ws_git/build/kuka_msgs_pkg/build install --record /home/geert/ros2_ws_git/build/kuka_msgs_pkg/install.log --single-version-externally-managed
