[0.019s] Invoking command in '/home/geert/kuka-ido/ros2_ws/build/kuka_msgs_pkg': CMAKE_PREFIX_PATH=/opt/ros/iron /usr/bin/cmake --build /home/geert/kuka-ido/ros2_ws/build/kuka_msgs_pkg -- -j1 -l1
[0.066s] [0mCMake Error: The current CMakeCache.txt directory /home/geert/kuka-ido/ros2_ws/build/kuka_msgs_pkg/CMakeCache.txt is different than the directory /home/geert/ros2_ws_git/build/kuka_msgs_pkg where CMakeCache.txt was created. This may result in binaries being created in the wrong place. If you are not sure, reedit the CMakeCache.txt[0m
[0.147s] [  2%] Built target kuka_msgs_pkg__rosidl_generator_type_description
[0.165s] [  5%] Built target kuka_msgs_pkg__cpp
[0.192s] [ 20%] Built target kuka_msgs_pkg__rosidl_generator_c
[0.219s] [ 29%] Built target kuka_msgs_pkg__rosidl_typesupport_cpp
[0.247s] [ 38%] Built target kuka_msgs_pkg__rosidl_typesupport_fastrtps_c
[0.267s] [ 47%] Built target kuka_msgs_pkg__rosidl_typesupport_introspection_c
[0.290s] [ 55%] Built target kuka_msgs_pkg__rosidl_typesupport_c
[0.318s] [ 64%] Built target kuka_msgs_pkg__rosidl_typesupport_fastrtps_cpp
[0.338s] [ 73%] Built target kuka_msgs_pkg__rosidl_typesupport_introspection_cpp
[0.361s] [ 73%] Built target kuka_msgs_pkg
[0.390s] [ 73%] Built target ament_cmake_python_copy_kuka_msgs_pkg
[0.736s] running egg_info
[0.737s] writing kuka_msgs_pkg.egg-info/PKG-INFO
[0.737s] writing dependency_links to kuka_msgs_pkg.egg-info/dependency_links.txt
[0.738s] writing top-level names to kuka_msgs_pkg.egg-info/top_level.txt
[0.741s] reading manifest file 'kuka_msgs_pkg.egg-info/SOURCES.txt'
[0.742s] writing manifest file 'kuka_msgs_pkg.egg-info/SOURCES.txt'
[0.771s] [ 73%] Built target ament_cmake_python_build_kuka_msgs_pkg_egg
[0.790s] [ 76%] Built target kuka_msgs_pkg__py
[0.818s] [ 82%] Built target kuka_msgs_pkg__rosidl_generator_py
[0.837s] [ 88%] Built target kuka_msgs_pkg__rosidl_typesupport_fastrtps_c__pyext
[0.857s] [ 94%] Built target kuka_msgs_pkg__rosidl_typesupport_introspection_c__pyext
[0.881s] [100%] Built target kuka_msgs_pkg__rosidl_typesupport_c__pyext
[0.891s] Invoked command in '/home/geert/kuka-ido/ros2_ws/build/kuka_msgs_pkg' returned '0': CMAKE_PREFIX_PATH=/opt/ros/iron /usr/bin/cmake --build /home/geert/kuka-ido/ros2_ws/build/kuka_msgs_pkg -- -j1 -l1
[0.952s] Invoking command in '/home/geert/kuka-ido/ros2_ws/build/kuka_msgs_pkg': CMAKE_PREFIX_PATH=/opt/ros/iron /usr/bin/cmake --install /home/geert/kuka-ido/ros2_ws/build/kuka_msgs_pkg
[0.961s] -- Install configuration: ""
[0.961s] -- Up-to-date: /home/geert/ros2_ws_git/install/kuka_msgs_pkg/share/ament_index/resource_index/rosidl_interfaces/kuka_msgs_pkg
[0.961s] -- Up-to-date: /home/geert/ros2_ws_git/install/kuka_msgs_pkg/share/kuka_msgs_pkg/msg/SingleWheelData.json
[0.961s] -- Up-to-date: /home/geert/ros2_ws_git/install/kuka_msgs_pkg/include/kuka_msgs_pkg/kuka_msgs_pkg
[0.962s] -- Up-to-date: /home/geert/ros2_ws_git/install/kuka_msgs_pkg/include/kuka_msgs_pkg/kuka_msgs_pkg/msg
[0.963s] -- Up-to-date: /home/geert/ros2_ws_git/install/kuka_msgs_pkg/include/kuka_msgs_pkg/kuka_msgs_pkg/msg/detail
[0.963s] -- Up-to-date: /home/geert/ros2_ws_git/install/kuka_msgs_pkg/include/kuka_msgs_pkg/kuka_msgs_pkg/msg/detail/single_wheel_data__struct.h
[0.963s] -- Installing: /home/geert/ros2_ws_git/install/kuka_msgs_pkg/include/kuka_msgs_pkg/kuka_msgs_pkg/msg/detail/single_wheel_data__type_support.c
[0.964s] -- Up-to-date: /home/geert/ros2_ws_git/install/kuka_msgs_pkg/include/kuka_msgs_pkg/kuka_msgs_pkg/msg/detail/single_wheel_data__functions.c
[0.964s] -- Up-to-date: /home/geert/ros2_ws_git/install/kuka_msgs_pkg/include/kuka_msgs_pkg/kuka_msgs_pkg/msg/detail/single_wheel_data__type_support.h
[0.964s] -- Up-to-date: /home/geert/ros2_ws_git/install/kuka_msgs_pkg/include/kuka_msgs_pkg/kuka_msgs_pkg/msg/detail/single_wheel_data__description.c
[0.965s] -- Up-to-date: /home/geert/ros2_ws_git/install/kuka_msgs_pkg/include/kuka_msgs_pkg/kuka_msgs_pkg/msg/detail/single_wheel_data__functions.h
[0.965s] -- Up-to-date: /home/geert/ros2_ws_git/install/kuka_msgs_pkg/include/kuka_msgs_pkg/kuka_msgs_pkg/msg/rosidl_generator_c__visibility_control.h
[0.965s] -- Up-to-date: /home/geert/ros2_ws_git/install/kuka_msgs_pkg/include/kuka_msgs_pkg/kuka_msgs_pkg/msg/single_wheel_data.h
[0.965s] -- Up-to-date: /home/geert/ros2_ws_git/install/kuka_msgs_pkg/share/kuka_msgs_pkg/environment/library_path.sh
[0.965s] -- Up-to-date: /home/geert/ros2_ws_git/install/kuka_msgs_pkg/share/kuka_msgs_pkg/environment/library_path.dsv
[0.970s] -- Up-to-date: /home/geert/ros2_ws_git/install/kuka_msgs_pkg/lib/libkuka_msgs_pkg__rosidl_generator_c.so
[0.970s] -- Up-to-date: /home/geert/ros2_ws_git/install/kuka_msgs_pkg/include/kuka_msgs_pkg/kuka_msgs_pkg
[0.971s] -- Up-to-date: /home/geert/ros2_ws_git/install/kuka_msgs_pkg/include/kuka_msgs_pkg/kuka_msgs_pkg/msg
[0.972s] -- Up-to-date: /home/geert/ros2_ws_git/install/kuka_msgs_pkg/include/kuka_msgs_pkg/kuka_msgs_pkg/msg/detail
[0.972s] -- Up-to-date: /home/geert/ros2_ws_git/install/kuka_msgs_pkg/include/kuka_msgs_pkg/kuka_msgs_pkg/msg/detail/single_wheel_data__rosidl_typesupport_fastrtps_c.h
[0.972s] -- Up-to-date: /home/geert/ros2_ws_git/install/kuka_msgs_pkg/include/kuka_msgs_pkg/kuka_msgs_pkg/msg/rosidl_typesupport_fastrtps_c__visibility_control.h
[0.973s] -- Up-to-date: /home/geert/ros2_ws_git/install/kuka_msgs_pkg/lib/libkuka_msgs_pkg__rosidl_typesupport_fastrtps_c.so
[0.973s] -- Up-to-date: /home/geert/ros2_ws_git/install/kuka_msgs_pkg/include/kuka_msgs_pkg/kuka_msgs_pkg
[0.974s] -- Up-to-date: /home/geert/ros2_ws_git/install/kuka_msgs_pkg/include/kuka_msgs_pkg/kuka_msgs_pkg/msg
[0.974s] -- Up-to-date: /home/geert/ros2_ws_git/install/kuka_msgs_pkg/include/kuka_msgs_pkg/kuka_msgs_pkg/msg/rosidl_typesupport_introspection_c__visibility_control.h
[0.975s] -- Up-to-date: /home/geert/ros2_ws_git/install/kuka_msgs_pkg/include/kuka_msgs_pkg/kuka_msgs_pkg/msg/detail
[0.975s] -- Installing: /home/geert/ros2_ws_git/install/kuka_msgs_pkg/include/kuka_msgs_pkg/kuka_msgs_pkg/msg/detail/single_wheel_data__type_support.c
[0.975s] -- Up-to-date: /home/geert/ros2_ws_git/install/kuka_msgs_pkg/include/kuka_msgs_pkg/kuka_msgs_pkg/msg/detail/single_wheel_data__rosidl_typesupport_introspection_c.h
[0.976s] -- Up-to-date: /home/geert/ros2_ws_git/install/kuka_msgs_pkg/lib/libkuka_msgs_pkg__rosidl_typesupport_introspection_c.so
[0.977s] -- Up-to-date: /home/geert/ros2_ws_git/install/kuka_msgs_pkg/lib/libkuka_msgs_pkg__rosidl_typesupport_c.so
[0.977s] -- Up-to-date: /home/geert/ros2_ws_git/install/kuka_msgs_pkg/include/kuka_msgs_pkg/kuka_msgs_pkg
[0.978s] -- Up-to-date: /home/geert/ros2_ws_git/install/kuka_msgs_pkg/include/kuka_msgs_pkg/kuka_msgs_pkg/msg
[0.978s] -- Up-to-date: /home/geert/ros2_ws_git/install/kuka_msgs_pkg/include/kuka_msgs_pkg/kuka_msgs_pkg/msg/single_wheel_data.hpp
[0.978s] -- Up-to-date: /home/geert/ros2_ws_git/install/kuka_msgs_pkg/include/kuka_msgs_pkg/kuka_msgs_pkg/msg/detail
[0.978s] -- Up-to-date: /home/geert/ros2_ws_git/install/kuka_msgs_pkg/include/kuka_msgs_pkg/kuka_msgs_pkg/msg/detail/single_wheel_data__struct.hpp
[0.979s] -- Up-to-date: /home/geert/ros2_ws_git/install/kuka_msgs_pkg/include/kuka_msgs_pkg/kuka_msgs_pkg/msg/detail/single_wheel_data__builder.hpp
[0.979s] -- Up-to-date: /home/geert/ros2_ws_git/install/kuka_msgs_pkg/include/kuka_msgs_pkg/kuka_msgs_pkg/msg/detail/single_wheel_data__traits.hpp
[0.979s] -- Up-to-date: /home/geert/ros2_ws_git/install/kuka_msgs_pkg/include/kuka_msgs_pkg/kuka_msgs_pkg
[0.979s] -- Up-to-date: /home/geert/ros2_ws_git/install/kuka_msgs_pkg/include/kuka_msgs_pkg/kuka_msgs_pkg/msg
[0.979s] -- Up-to-date: /home/geert/ros2_ws_git/install/kuka_msgs_pkg/include/kuka_msgs_pkg/kuka_msgs_pkg/msg/rosidl_typesupport_fastrtps_cpp__visibility_control.h
[0.980s] -- Up-to-date: /home/geert/ros2_ws_git/install/kuka_msgs_pkg/include/kuka_msgs_pkg/kuka_msgs_pkg/msg/detail
[0.980s] -- Up-to-date: /home/geert/ros2_ws_git/install/kuka_msgs_pkg/include/kuka_msgs_pkg/kuka_msgs_pkg/msg/detail/dds_fastrtps
[0.980s] -- Up-to-date: /home/geert/ros2_ws_git/install/kuka_msgs_pkg/include/kuka_msgs_pkg/kuka_msgs_pkg/msg/detail/single_wheel_data__rosidl_typesupport_fastrtps_cpp.hpp
[0.981s] -- Up-to-date: /home/geert/ros2_ws_git/install/kuka_msgs_pkg/lib/libkuka_msgs_pkg__rosidl_typesupport_fastrtps_cpp.so
[0.982s] -- Up-to-date: /home/geert/ros2_ws_git/install/kuka_msgs_pkg/include/kuka_msgs_pkg/kuka_msgs_pkg
[0.982s] -- Up-to-date: /home/geert/ros2_ws_git/install/kuka_msgs_pkg/include/kuka_msgs_pkg/kuka_msgs_pkg/msg
[0.982s] -- Up-to-date: /home/geert/ros2_ws_git/install/kuka_msgs_pkg/include/kuka_msgs_pkg/kuka_msgs_pkg/msg/detail
[0.983s] -- Up-to-date: /home/geert/ros2_ws_git/install/kuka_msgs_pkg/include/kuka_msgs_pkg/kuka_msgs_pkg/msg/detail/single_wheel_data__type_support.cpp
[0.983s] -- Up-to-date: /home/geert/ros2_ws_git/install/kuka_msgs_pkg/include/kuka_msgs_pkg/kuka_msgs_pkg/msg/detail/single_wheel_data__rosidl_typesupport_introspection_cpp.hpp
[0.984s] -- Up-to-date: /home/geert/ros2_ws_git/install/kuka_msgs_pkg/lib/libkuka_msgs_pkg__rosidl_typesupport_introspection_cpp.so
[0.985s] -- Up-to-date: /home/geert/ros2_ws_git/install/kuka_msgs_pkg/lib/libkuka_msgs_pkg__rosidl_typesupport_cpp.so
[0.985s] -- Up-to-date: /home/geert/ros2_ws_git/install/kuka_msgs_pkg/share/kuka_msgs_pkg/environment/pythonpath.sh
[0.985s] -- Up-to-date: /home/geert/ros2_ws_git/install/kuka_msgs_pkg/share/kuka_msgs_pkg/environment/pythonpath.dsv
[0.985s] -- Up-to-date: /home/geert/ros2_ws_git/install/kuka_msgs_pkg/lib/python3.10/site-packages/kuka_msgs_pkg-0.0.0-py3.10.egg-info
[0.985s] -- Installing: /home/geert/ros2_ws_git/install/kuka_msgs_pkg/lib/python3.10/site-packages/kuka_msgs_pkg-0.0.0-py3.10.egg-info/PKG-INFO
[0.986s] -- Installing: /home/geert/ros2_ws_git/install/kuka_msgs_pkg/lib/python3.10/site-packages/kuka_msgs_pkg-0.0.0-py3.10.egg-info/top_level.txt
[0.986s] -- Installing: /home/geert/ros2_ws_git/install/kuka_msgs_pkg/lib/python3.10/site-packages/kuka_msgs_pkg-0.0.0-py3.10.egg-info/dependency_links.txt
[0.986s] -- Installing: /home/geert/ros2_ws_git/install/kuka_msgs_pkg/lib/python3.10/site-packages/kuka_msgs_pkg-0.0.0-py3.10.egg-info/SOURCES.txt
[0.986s] -- Up-to-date: /home/geert/ros2_ws_git/install/kuka_msgs_pkg/lib/python3.10/site-packages/kuka_msgs_pkg
[0.987s] -- Up-to-date: /home/geert/ros2_ws_git/install/kuka_msgs_pkg/lib/python3.10/site-packages/kuka_msgs_pkg/_kuka_msgs_pkg_s.ep.rosidl_typesupport_introspection_c.c
[0.987s] -- Up-to-date: /home/geert/ros2_ws_git/install/kuka_msgs_pkg/lib/python3.10/site-packages/kuka_msgs_pkg/kuka_msgs_pkg_s__rosidl_typesupport_fastrtps_c.cpython-310-x86_64-linux-gnu.so
[0.987s] -- Up-to-date: /home/geert/ros2_ws_git/install/kuka_msgs_pkg/lib/python3.10/site-packages/kuka_msgs_pkg/libkuka_msgs_pkg__rosidl_generator_py.so
[0.987s] -- Up-to-date: /home/geert/ros2_ws_git/install/kuka_msgs_pkg/lib/python3.10/site-packages/kuka_msgs_pkg/_kuka_msgs_pkg_s.ep.rosidl_typesupport_c.c
[0.987s] -- Up-to-date: /home/geert/ros2_ws_git/install/kuka_msgs_pkg/lib/python3.10/site-packages/kuka_msgs_pkg/kuka_msgs_pkg_s__rosidl_typesupport_introspection_c.cpython-310-x86_64-linux-gnu.so
[0.987s] -- Up-to-date: /home/geert/ros2_ws_git/install/kuka_msgs_pkg/lib/python3.10/site-packages/kuka_msgs_pkg/msg
[0.987s] -- Up-to-date: /home/geert/ros2_ws_git/install/kuka_msgs_pkg/lib/python3.10/site-packages/kuka_msgs_pkg/msg/_single_wheel_data.py
[0.987s] -- Up-to-date: /home/geert/ros2_ws_git/install/kuka_msgs_pkg/lib/python3.10/site-packages/kuka_msgs_pkg/msg/_single_wheel_data_s.c
[0.987s] -- Up-to-date: /home/geert/ros2_ws_git/install/kuka_msgs_pkg/lib/python3.10/site-packages/kuka_msgs_pkg/msg/__init__.py
[0.988s] -- Up-to-date: /home/geert/ros2_ws_git/install/kuka_msgs_pkg/lib/python3.10/site-packages/kuka_msgs_pkg/__init__.py
[0.988s] -- Up-to-date: /home/geert/ros2_ws_git/install/kuka_msgs_pkg/lib/python3.10/site-packages/kuka_msgs_pkg/_kuka_msgs_pkg_s.ep.rosidl_typesupport_fastrtps_c.c
[0.988s] -- Up-to-date: /home/geert/ros2_ws_git/install/kuka_msgs_pkg/lib/python3.10/site-packages/kuka_msgs_pkg/kuka_msgs_pkg_s__rosidl_typesupport_c.cpython-310-x86_64-linux-gnu.so
[1.021s] Listing '/home/geert/ros2_ws_git/install/kuka_msgs_pkg/lib/python3.10/site-packages/kuka_msgs_pkg'...
[1.021s] Listing '/home/geert/ros2_ws_git/install/kuka_msgs_pkg/lib/python3.10/site-packages/kuka_msgs_pkg/msg'...
[1.025s] -- Up-to-date: /home/geert/ros2_ws_git/install/kuka_msgs_pkg/lib/python3.10/site-packages/kuka_msgs_pkg/kuka_msgs_pkg_s__rosidl_typesupport_fastrtps_c.cpython-310-x86_64-linux-gnu.so
[1.026s] -- Up-to-date: /home/geert/ros2_ws_git/install/kuka_msgs_pkg/lib/python3.10/site-packages/kuka_msgs_pkg/kuka_msgs_pkg_s__rosidl_typesupport_introspection_c.cpython-310-x86_64-linux-gnu.so
[1.026s] -- Up-to-date: /home/geert/ros2_ws_git/install/kuka_msgs_pkg/lib/python3.10/site-packages/kuka_msgs_pkg/kuka_msgs_pkg_s__rosidl_typesupport_c.cpython-310-x86_64-linux-gnu.so
[1.027s] -- Up-to-date: /home/geert/ros2_ws_git/install/kuka_msgs_pkg/lib/libkuka_msgs_pkg__rosidl_generator_py.so
[1.028s] -- Up-to-date: /home/geert/ros2_ws_git/install/kuka_msgs_pkg/share/kuka_msgs_pkg/msg/SingleWheelData.idl
[1.028s] -- Up-to-date: /home/geert/ros2_ws_git/install/kuka_msgs_pkg/share/kuka_msgs_pkg/msg/SingleWheelData.msg
[1.028s] -- Up-to-date: /home/geert/ros2_ws_git/install/kuka_msgs_pkg/share/ament_index/resource_index/package_run_dependencies/kuka_msgs_pkg
[1.028s] -- Up-to-date: /home/geert/ros2_ws_git/install/kuka_msgs_pkg/share/ament_index/resource_index/parent_prefix_path/kuka_msgs_pkg
[1.029s] -- Up-to-date: /home/geert/ros2_ws_git/install/kuka_msgs_pkg/share/kuka_msgs_pkg/environment/ament_prefix_path.sh
[1.029s] -- Up-to-date: /home/geert/ros2_ws_git/install/kuka_msgs_pkg/share/kuka_msgs_pkg/environment/ament_prefix_path.dsv
[1.029s] -- Up-to-date: /home/geert/ros2_ws_git/install/kuka_msgs_pkg/share/kuka_msgs_pkg/environment/path.sh
[1.029s] -- Up-to-date: /home/geert/ros2_ws_git/install/kuka_msgs_pkg/share/kuka_msgs_pkg/environment/path.dsv
[1.029s] -- Up-to-date: /home/geert/ros2_ws_git/install/kuka_msgs_pkg/share/kuka_msgs_pkg/local_setup.bash
[1.030s] -- Up-to-date: /home/geert/ros2_ws_git/install/kuka_msgs_pkg/share/kuka_msgs_pkg/local_setup.sh
[1.030s] -- Up-to-date: /home/geert/ros2_ws_git/install/kuka_msgs_pkg/share/kuka_msgs_pkg/local_setup.zsh
[1.030s] -- Up-to-date: /home/geert/ros2_ws_git/install/kuka_msgs_pkg/share/kuka_msgs_pkg/local_setup.dsv
[1.030s] -- Up-to-date: /home/geert/ros2_ws_git/install/kuka_msgs_pkg/share/kuka_msgs_pkg/package.dsv
[1.030s] -- Up-to-date: /home/geert/ros2_ws_git/install/kuka_msgs_pkg/share/ament_index/resource_index/packages/kuka_msgs_pkg
[1.031s] -- Up-to-date: /home/geert/ros2_ws_git/install/kuka_msgs_pkg/share/kuka_msgs_pkg/cmake/export_kuka_msgs_pkg__rosidl_generator_cExport.cmake
[1.031s] -- Up-to-date: /home/geert/ros2_ws_git/install/kuka_msgs_pkg/share/kuka_msgs_pkg/cmake/export_kuka_msgs_pkg__rosidl_generator_cExport-noconfig.cmake
[1.032s] -- Up-to-date: /home/geert/ros2_ws_git/install/kuka_msgs_pkg/share/kuka_msgs_pkg/cmake/export_kuka_msgs_pkg__rosidl_typesupport_fastrtps_cExport.cmake
[1.032s] -- Up-to-date: /home/geert/ros2_ws_git/install/kuka_msgs_pkg/share/kuka_msgs_pkg/cmake/export_kuka_msgs_pkg__rosidl_typesupport_fastrtps_cExport-noconfig.cmake
[1.033s] -- Up-to-date: /home/geert/ros2_ws_git/install/kuka_msgs_pkg/share/kuka_msgs_pkg/cmake/kuka_msgs_pkg__rosidl_typesupport_introspection_cExport.cmake
[1.033s] -- Up-to-date: /home/geert/ros2_ws_git/install/kuka_msgs_pkg/share/kuka_msgs_pkg/cmake/kuka_msgs_pkg__rosidl_typesupport_introspection_cExport-noconfig.cmake
[1.033s] -- Up-to-date: /home/geert/ros2_ws_git/install/kuka_msgs_pkg/share/kuka_msgs_pkg/cmake/kuka_msgs_pkg__rosidl_typesupport_cExport.cmake
[1.034s] -- Up-to-date: /home/geert/ros2_ws_git/install/kuka_msgs_pkg/share/kuka_msgs_pkg/cmake/kuka_msgs_pkg__rosidl_typesupport_cExport-noconfig.cmake
[1.034s] -- Up-to-date: /home/geert/ros2_ws_git/install/kuka_msgs_pkg/share/kuka_msgs_pkg/cmake/export_kuka_msgs_pkg__rosidl_generator_cppExport.cmake
[1.035s] -- Up-to-date: /home/geert/ros2_ws_git/install/kuka_msgs_pkg/share/kuka_msgs_pkg/cmake/export_kuka_msgs_pkg__rosidl_typesupport_fastrtps_cppExport.cmake
[1.035s] -- Up-to-date: /home/geert/ros2_ws_git/install/kuka_msgs_pkg/share/kuka_msgs_pkg/cmake/export_kuka_msgs_pkg__rosidl_typesupport_fastrtps_cppExport-noconfig.cmake
[1.036s] -- Up-to-date: /home/geert/ros2_ws_git/install/kuka_msgs_pkg/share/kuka_msgs_pkg/cmake/kuka_msgs_pkg__rosidl_typesupport_introspection_cppExport.cmake
[1.036s] -- Up-to-date: /home/geert/ros2_ws_git/install/kuka_msgs_pkg/share/kuka_msgs_pkg/cmake/kuka_msgs_pkg__rosidl_typesupport_introspection_cppExport-noconfig.cmake
[1.037s] -- Up-to-date: /home/geert/ros2_ws_git/install/kuka_msgs_pkg/share/kuka_msgs_pkg/cmake/kuka_msgs_pkg__rosidl_typesupport_cppExport.cmake
[1.037s] -- Up-to-date: /home/geert/ros2_ws_git/install/kuka_msgs_pkg/share/kuka_msgs_pkg/cmake/kuka_msgs_pkg__rosidl_typesupport_cppExport-noconfig.cmake
[1.037s] -- Up-to-date: /home/geert/ros2_ws_git/install/kuka_msgs_pkg/share/kuka_msgs_pkg/cmake/export_kuka_msgs_pkg__rosidl_generator_pyExport.cmake
[1.038s] -- Up-to-date: /home/geert/ros2_ws_git/install/kuka_msgs_pkg/share/kuka_msgs_pkg/cmake/export_kuka_msgs_pkg__rosidl_generator_pyExport-noconfig.cmake
[1.038s] -- Up-to-date: /home/geert/ros2_ws_git/install/kuka_msgs_pkg/share/kuka_msgs_pkg/cmake/rosidl_cmake-extras.cmake
[1.038s] -- Up-to-date: /home/geert/ros2_ws_git/install/kuka_msgs_pkg/share/kuka_msgs_pkg/cmake/ament_cmake_export_include_directories-extras.cmake
[1.038s] -- Up-to-date: /home/geert/ros2_ws_git/install/kuka_msgs_pkg/share/kuka_msgs_pkg/cmake/ament_cmake_export_libraries-extras.cmake
[1.038s] -- Up-to-date: /home/geert/ros2_ws_git/install/kuka_msgs_pkg/share/kuka_msgs_pkg/cmake/ament_cmake_export_targets-extras.cmake
[1.038s] -- Up-to-date: /home/geert/ros2_ws_git/install/kuka_msgs_pkg/share/kuka_msgs_pkg/cmake/rosidl_cmake_export_typesupport_targets-extras.cmake
[1.039s] -- Up-to-date: /home/geert/ros2_ws_git/install/kuka_msgs_pkg/share/kuka_msgs_pkg/cmake/ament_cmake_export_dependencies-extras.cmake
[1.039s] -- Up-to-date: /home/geert/ros2_ws_git/install/kuka_msgs_pkg/share/kuka_msgs_pkg/cmake/rosidl_cmake_export_typesupport_libraries-extras.cmake
[1.039s] -- Up-to-date: /home/geert/ros2_ws_git/install/kuka_msgs_pkg/share/kuka_msgs_pkg/cmake/kuka_msgs_pkgConfig.cmake
[1.039s] -- Up-to-date: /home/geert/ros2_ws_git/install/kuka_msgs_pkg/share/kuka_msgs_pkg/cmake/kuka_msgs_pkgConfig-version.cmake
[1.039s] -- Up-to-date: /home/geert/ros2_ws_git/install/kuka_msgs_pkg/share/kuka_msgs_pkg/package.xml
[1.043s] Invoked command in '/home/geert/kuka-ido/ros2_ws/build/kuka_msgs_pkg' returned '0': CMAKE_PREFIX_PATH=/opt/ros/iron /usr/bin/cmake --install /home/geert/kuka-ido/ros2_ws/build/kuka_msgs_pkg
