[0.016s] Invoking command in '/home/geert/ros2_ws_git/build/kuka_msgs_pkg': CMAKE_PREFIX_PATH=${CMAKE_PREFIX_PATH}:/home/geert/ros2_ws_git/install/serial_communication_pkg:/home/geert/ros2_ws_git/install/data_visualiser_pkg:/home/geert/ros2_ws_git/install/kuka_launch_pkg:/home/geert/ros2_ws_git/install/joystick_to_serial_pkg:/opt/ros/iron /usr/bin/cmake --build /home/geert/ros2_ws_git/build/kuka_msgs_pkg -- -j1 -l1
[0.094s] [  2%] Built target kuka_msgs_pkg__rosidl_generator_type_description
[0.113s] [  5%] Built target kuka_msgs_pkg__cpp
[0.145s] [35m[1mConsolidate compiler generated dependencies of target kuka_msgs_pkg__rosidl_generator_c[0m
[0.162s] [ 20%] Built target kuka_msgs_pkg__rosidl_generator_c
[0.172s] [35m[1mConsolidate compiler generated dependencies of target kuka_msgs_pkg__rosidl_typesupport_cpp[0m
[0.185s] [ 29%] Built target kuka_msgs_pkg__rosidl_typesupport_cpp
[0.195s] [35m[1mConsolidate compiler generated dependencies of target kuka_msgs_pkg__rosidl_typesupport_fastrtps_c[0m
[0.207s] [ 38%] Built target kuka_msgs_pkg__rosidl_typesupport_fastrtps_c
[0.218s] [35m[1mConsolidate compiler generated dependencies of target kuka_msgs_pkg__rosidl_typesupport_introspection_c[0m
[0.228s] [ 47%] Built target kuka_msgs_pkg__rosidl_typesupport_introspection_c
[0.250s] [35m[1mConsolidate compiler generated dependencies of target kuka_msgs_pkg__rosidl_typesupport_c[0m
[0.266s] [ 55%] Built target kuka_msgs_pkg__rosidl_typesupport_c
[0.278s] [35m[1mConsolidate compiler generated dependencies of target kuka_msgs_pkg__rosidl_typesupport_fastrtps_cpp[0m
[0.293s] [ 64%] Built target kuka_msgs_pkg__rosidl_typesupport_fastrtps_cpp
[0.304s] [35m[1mConsolidate compiler generated dependencies of target kuka_msgs_pkg__rosidl_typesupport_introspection_cpp[0m
[0.318s] [ 73%] Built target kuka_msgs_pkg__rosidl_typesupport_introspection_cpp
[0.340s] [ 73%] Built target kuka_msgs_pkg
[0.377s] [ 73%] Built target ament_cmake_python_copy_kuka_msgs_pkg
[0.804s] running egg_info
[0.805s] writing kuka_msgs_pkg.egg-info/PKG-INFO
[0.806s] writing dependency_links to kuka_msgs_pkg.egg-info/dependency_links.txt
[0.806s] writing top-level names to kuka_msgs_pkg.egg-info/top_level.txt
[0.809s] reading manifest file 'kuka_msgs_pkg.egg-info/SOURCES.txt'
[0.810s] writing manifest file 'kuka_msgs_pkg.egg-info/SOURCES.txt'
[0.838s] [ 73%] Built target ament_cmake_python_build_kuka_msgs_pkg_egg
[0.866s] [ 76%] Built target kuka_msgs_pkg__py
[0.880s] [35m[1mConsolidate compiler generated dependencies of target kuka_msgs_pkg__rosidl_generator_py[0m
[0.894s] [ 82%] Built target kuka_msgs_pkg__rosidl_generator_py
[0.904s] [35m[1mConsolidate compiler generated dependencies of target kuka_msgs_pkg__rosidl_typesupport_fastrtps_c__pyext[0m
[0.917s] [ 88%] Built target kuka_msgs_pkg__rosidl_typesupport_fastrtps_c__pyext
[0.927s] [35m[1mConsolidate compiler generated dependencies of target kuka_msgs_pkg__rosidl_typesupport_introspection_c__pyext[0m
[0.940s] [ 94%] Built target kuka_msgs_pkg__rosidl_typesupport_introspection_c__pyext
[0.950s] [35m[1mConsolidate compiler generated dependencies of target kuka_msgs_pkg__rosidl_typesupport_c__pyext[0m
[0.963s] [100%] Built target kuka_msgs_pkg__rosidl_typesupport_c__pyext
[0.987s] Invoked command in '/home/geert/ros2_ws_git/build/kuka_msgs_pkg' returned '0': CMAKE_PREFIX_PATH=${CMAKE_PREFIX_PATH}:/home/geert/ros2_ws_git/install/serial_communication_pkg:/home/geert/ros2_ws_git/install/data_visualiser_pkg:/home/geert/ros2_ws_git/install/kuka_launch_pkg:/home/geert/ros2_ws_git/install/joystick_to_serial_pkg:/opt/ros/iron /usr/bin/cmake --build /home/geert/ros2_ws_git/build/kuka_msgs_pkg -- -j1 -l1
[1.087s] Invoking command in '/home/geert/ros2_ws_git/build/kuka_msgs_pkg': CMAKE_PREFIX_PATH=${CMAKE_PREFIX_PATH}:/home/geert/ros2_ws_git/install/serial_communication_pkg:/home/geert/ros2_ws_git/install/data_visualiser_pkg:/home/geert/ros2_ws_git/install/kuka_launch_pkg:/home/geert/ros2_ws_git/install/joystick_to_serial_pkg:/opt/ros/iron /usr/bin/cmake --install /home/geert/ros2_ws_git/build/kuka_msgs_pkg
[1.096s] -- Install configuration: ""
[1.096s] -- Up-to-date: /home/geert/ros2_ws_git/install/kuka_msgs_pkg/share/ament_index/resource_index/rosidl_interfaces/kuka_msgs_pkg
[1.096s] -- Up-to-date: /home/geert/ros2_ws_git/install/kuka_msgs_pkg/share/kuka_msgs_pkg/msg/SingleWheelData.json
[1.097s] -- Up-to-date: /home/geert/ros2_ws_git/install/kuka_msgs_pkg/include/kuka_msgs_pkg/kuka_msgs_pkg
[1.097s] -- Up-to-date: /home/geert/ros2_ws_git/install/kuka_msgs_pkg/include/kuka_msgs_pkg/kuka_msgs_pkg/msg
[1.097s] -- Up-to-date: /home/geert/ros2_ws_git/install/kuka_msgs_pkg/include/kuka_msgs_pkg/kuka_msgs_pkg/msg/detail
[1.097s] -- Up-to-date: /home/geert/ros2_ws_git/install/kuka_msgs_pkg/include/kuka_msgs_pkg/kuka_msgs_pkg/msg/detail/single_wheel_data__struct.h
[1.097s] -- Installing: /home/geert/ros2_ws_git/install/kuka_msgs_pkg/include/kuka_msgs_pkg/kuka_msgs_pkg/msg/detail/single_wheel_data__type_support.c
[1.098s] -- Up-to-date: /home/geert/ros2_ws_git/install/kuka_msgs_pkg/include/kuka_msgs_pkg/kuka_msgs_pkg/msg/detail/single_wheel_data__functions.c
[1.098s] -- Up-to-date: /home/geert/ros2_ws_git/install/kuka_msgs_pkg/include/kuka_msgs_pkg/kuka_msgs_pkg/msg/detail/single_wheel_data__type_support.h
[1.098s] -- Up-to-date: /home/geert/ros2_ws_git/install/kuka_msgs_pkg/include/kuka_msgs_pkg/kuka_msgs_pkg/msg/detail/single_wheel_data__description.c
[1.098s] -- Up-to-date: /home/geert/ros2_ws_git/install/kuka_msgs_pkg/include/kuka_msgs_pkg/kuka_msgs_pkg/msg/detail/single_wheel_data__functions.h
[1.098s] -- Up-to-date: /home/geert/ros2_ws_git/install/kuka_msgs_pkg/include/kuka_msgs_pkg/kuka_msgs_pkg/msg/rosidl_generator_c__visibility_control.h
[1.098s] -- Up-to-date: /home/geert/ros2_ws_git/install/kuka_msgs_pkg/include/kuka_msgs_pkg/kuka_msgs_pkg/msg/single_wheel_data.h
[1.099s] -- Up-to-date: /home/geert/ros2_ws_git/install/kuka_msgs_pkg/share/kuka_msgs_pkg/environment/library_path.sh
[1.099s] -- Up-to-date: /home/geert/ros2_ws_git/install/kuka_msgs_pkg/share/kuka_msgs_pkg/environment/library_path.dsv
[1.099s] -- Up-to-date: /home/geert/ros2_ws_git/install/kuka_msgs_pkg/lib/libkuka_msgs_pkg__rosidl_generator_c.so
[1.100s] -- Up-to-date: /home/geert/ros2_ws_git/install/kuka_msgs_pkg/include/kuka_msgs_pkg/kuka_msgs_pkg
[1.100s] -- Up-to-date: /home/geert/ros2_ws_git/install/kuka_msgs_pkg/include/kuka_msgs_pkg/kuka_msgs_pkg/msg
[1.100s] -- Up-to-date: /home/geert/ros2_ws_git/install/kuka_msgs_pkg/include/kuka_msgs_pkg/kuka_msgs_pkg/msg/detail
[1.100s] -- Up-to-date: /home/geert/ros2_ws_git/install/kuka_msgs_pkg/include/kuka_msgs_pkg/kuka_msgs_pkg/msg/detail/single_wheel_data__rosidl_typesupport_fastrtps_c.h
[1.100s] -- Up-to-date: /home/geert/ros2_ws_git/install/kuka_msgs_pkg/include/kuka_msgs_pkg/kuka_msgs_pkg/msg/rosidl_typesupport_fastrtps_c__visibility_control.h
[1.101s] -- Up-to-date: /home/geert/ros2_ws_git/install/kuka_msgs_pkg/lib/libkuka_msgs_pkg__rosidl_typesupport_fastrtps_c.so
[1.101s] -- Up-to-date: /home/geert/ros2_ws_git/install/kuka_msgs_pkg/include/kuka_msgs_pkg/kuka_msgs_pkg
[1.101s] -- Up-to-date: /home/geert/ros2_ws_git/install/kuka_msgs_pkg/include/kuka_msgs_pkg/kuka_msgs_pkg/msg
[1.101s] -- Up-to-date: /home/geert/ros2_ws_git/install/kuka_msgs_pkg/include/kuka_msgs_pkg/kuka_msgs_pkg/msg/rosidl_typesupport_introspection_c__visibility_control.h
[1.102s] -- Up-to-date: /home/geert/ros2_ws_git/install/kuka_msgs_pkg/include/kuka_msgs_pkg/kuka_msgs_pkg/msg/detail
[1.102s] -- Installing: /home/geert/ros2_ws_git/install/kuka_msgs_pkg/include/kuka_msgs_pkg/kuka_msgs_pkg/msg/detail/single_wheel_data__type_support.c
[1.102s] -- Up-to-date: /home/geert/ros2_ws_git/install/kuka_msgs_pkg/include/kuka_msgs_pkg/kuka_msgs_pkg/msg/detail/single_wheel_data__rosidl_typesupport_introspection_c.h
[1.102s] -- Up-to-date: /home/geert/ros2_ws_git/install/kuka_msgs_pkg/lib/libkuka_msgs_pkg__rosidl_typesupport_introspection_c.so
[1.103s] -- Up-to-date: /home/geert/ros2_ws_git/install/kuka_msgs_pkg/lib/libkuka_msgs_pkg__rosidl_typesupport_c.so
[1.103s] -- Up-to-date: /home/geert/ros2_ws_git/install/kuka_msgs_pkg/include/kuka_msgs_pkg/kuka_msgs_pkg
[1.103s] -- Up-to-date: /home/geert/ros2_ws_git/install/kuka_msgs_pkg/include/kuka_msgs_pkg/kuka_msgs_pkg/msg
[1.104s] -- Up-to-date: /home/geert/ros2_ws_git/install/kuka_msgs_pkg/include/kuka_msgs_pkg/kuka_msgs_pkg/msg/single_wheel_data.hpp
[1.104s] -- Up-to-date: /home/geert/ros2_ws_git/install/kuka_msgs_pkg/include/kuka_msgs_pkg/kuka_msgs_pkg/msg/detail
[1.104s] -- Up-to-date: /home/geert/ros2_ws_git/install/kuka_msgs_pkg/include/kuka_msgs_pkg/kuka_msgs_pkg/msg/detail/single_wheel_data__struct.hpp
[1.104s] -- Up-to-date: /home/geert/ros2_ws_git/install/kuka_msgs_pkg/include/kuka_msgs_pkg/kuka_msgs_pkg/msg/detail/single_wheel_data__builder.hpp
[1.104s] -- Up-to-date: /home/geert/ros2_ws_git/install/kuka_msgs_pkg/include/kuka_msgs_pkg/kuka_msgs_pkg/msg/detail/single_wheel_data__traits.hpp
[1.105s] -- Up-to-date: /home/geert/ros2_ws_git/install/kuka_msgs_pkg/include/kuka_msgs_pkg/kuka_msgs_pkg
[1.105s] -- Up-to-date: /home/geert/ros2_ws_git/install/kuka_msgs_pkg/include/kuka_msgs_pkg/kuka_msgs_pkg/msg
[1.105s] -- Up-to-date: /home/geert/ros2_ws_git/install/kuka_msgs_pkg/include/kuka_msgs_pkg/kuka_msgs_pkg/msg/rosidl_typesupport_fastrtps_cpp__visibility_control.h
[1.105s] -- Up-to-date: /home/geert/ros2_ws_git/install/kuka_msgs_pkg/include/kuka_msgs_pkg/kuka_msgs_pkg/msg/detail
[1.105s] -- Up-to-date: /home/geert/ros2_ws_git/install/kuka_msgs_pkg/include/kuka_msgs_pkg/kuka_msgs_pkg/msg/detail/dds_fastrtps
[1.106s] -- Up-to-date: /home/geert/ros2_ws_git/install/kuka_msgs_pkg/include/kuka_msgs_pkg/kuka_msgs_pkg/msg/detail/single_wheel_data__rosidl_typesupport_fastrtps_cpp.hpp
[1.106s] -- Up-to-date: /home/geert/ros2_ws_git/install/kuka_msgs_pkg/lib/libkuka_msgs_pkg__rosidl_typesupport_fastrtps_cpp.so
[1.106s] -- Up-to-date: /home/geert/ros2_ws_git/install/kuka_msgs_pkg/include/kuka_msgs_pkg/kuka_msgs_pkg
[1.106s] -- Up-to-date: /home/geert/ros2_ws_git/install/kuka_msgs_pkg/include/kuka_msgs_pkg/kuka_msgs_pkg/msg
[1.107s] -- Up-to-date: /home/geert/ros2_ws_git/install/kuka_msgs_pkg/include/kuka_msgs_pkg/kuka_msgs_pkg/msg/detail
[1.107s] -- Up-to-date: /home/geert/ros2_ws_git/install/kuka_msgs_pkg/include/kuka_msgs_pkg/kuka_msgs_pkg/msg/detail/single_wheel_data__type_support.cpp
[1.107s] -- Up-to-date: /home/geert/ros2_ws_git/install/kuka_msgs_pkg/include/kuka_msgs_pkg/kuka_msgs_pkg/msg/detail/single_wheel_data__rosidl_typesupport_introspection_cpp.hpp
[1.107s] -- Up-to-date: /home/geert/ros2_ws_git/install/kuka_msgs_pkg/lib/libkuka_msgs_pkg__rosidl_typesupport_introspection_cpp.so
[1.108s] -- Up-to-date: /home/geert/ros2_ws_git/install/kuka_msgs_pkg/lib/libkuka_msgs_pkg__rosidl_typesupport_cpp.so
[1.108s] -- Up-to-date: /home/geert/ros2_ws_git/install/kuka_msgs_pkg/share/kuka_msgs_pkg/environment/pythonpath.sh
[1.109s] -- Up-to-date: /home/geert/ros2_ws_git/install/kuka_msgs_pkg/share/kuka_msgs_pkg/environment/pythonpath.dsv
[1.109s] -- Up-to-date: /home/geert/ros2_ws_git/install/kuka_msgs_pkg/lib/python3.10/site-packages/kuka_msgs_pkg-0.0.0-py3.10.egg-info
[1.109s] -- Installing: /home/geert/ros2_ws_git/install/kuka_msgs_pkg/lib/python3.10/site-packages/kuka_msgs_pkg-0.0.0-py3.10.egg-info/PKG-INFO
[1.109s] -- Installing: /home/geert/ros2_ws_git/install/kuka_msgs_pkg/lib/python3.10/site-packages/kuka_msgs_pkg-0.0.0-py3.10.egg-info/top_level.txt
[1.109s] -- Installing: /home/geert/ros2_ws_git/install/kuka_msgs_pkg/lib/python3.10/site-packages/kuka_msgs_pkg-0.0.0-py3.10.egg-info/dependency_links.txt
[1.110s] -- Installing: /home/geert/ros2_ws_git/install/kuka_msgs_pkg/lib/python3.10/site-packages/kuka_msgs_pkg-0.0.0-py3.10.egg-info/SOURCES.txt
[1.110s] -- Up-to-date: /home/geert/ros2_ws_git/install/kuka_msgs_pkg/lib/python3.10/site-packages/kuka_msgs_pkg
[1.110s] -- Up-to-date: /home/geert/ros2_ws_git/install/kuka_msgs_pkg/lib/python3.10/site-packages/kuka_msgs_pkg/_kuka_msgs_pkg_s.ep.rosidl_typesupport_introspection_c.c
[1.110s] -- Up-to-date: /home/geert/ros2_ws_git/install/kuka_msgs_pkg/lib/python3.10/site-packages/kuka_msgs_pkg/kuka_msgs_pkg_s__rosidl_typesupport_fastrtps_c.cpython-310-x86_64-linux-gnu.so
[1.111s] -- Up-to-date: /home/geert/ros2_ws_git/install/kuka_msgs_pkg/lib/python3.10/site-packages/kuka_msgs_pkg/libkuka_msgs_pkg__rosidl_generator_py.so
[1.111s] -- Up-to-date: /home/geert/ros2_ws_git/install/kuka_msgs_pkg/lib/python3.10/site-packages/kuka_msgs_pkg/_kuka_msgs_pkg_s.ep.rosidl_typesupport_c.c
[1.111s] -- Up-to-date: /home/geert/ros2_ws_git/install/kuka_msgs_pkg/lib/python3.10/site-packages/kuka_msgs_pkg/kuka_msgs_pkg_s__rosidl_typesupport_introspection_c.cpython-310-x86_64-linux-gnu.so
[1.111s] -- Up-to-date: /home/geert/ros2_ws_git/install/kuka_msgs_pkg/lib/python3.10/site-packages/kuka_msgs_pkg/msg
[1.111s] -- Up-to-date: /home/geert/ros2_ws_git/install/kuka_msgs_pkg/lib/python3.10/site-packages/kuka_msgs_pkg/msg/_single_wheel_data.py
[1.111s] -- Up-to-date: /home/geert/ros2_ws_git/install/kuka_msgs_pkg/lib/python3.10/site-packages/kuka_msgs_pkg/msg/_single_wheel_data_s.c
[1.112s] -- Up-to-date: /home/geert/ros2_ws_git/install/kuka_msgs_pkg/lib/python3.10/site-packages/kuka_msgs_pkg/msg/__init__.py
[1.112s] -- Up-to-date: /home/geert/ros2_ws_git/install/kuka_msgs_pkg/lib/python3.10/site-packages/kuka_msgs_pkg/__init__.py
[1.112s] -- Up-to-date: /home/geert/ros2_ws_git/install/kuka_msgs_pkg/lib/python3.10/site-packages/kuka_msgs_pkg/_kuka_msgs_pkg_s.ep.rosidl_typesupport_fastrtps_c.c
[1.112s] -- Up-to-date: /home/geert/ros2_ws_git/install/kuka_msgs_pkg/lib/python3.10/site-packages/kuka_msgs_pkg/kuka_msgs_pkg_s__rosidl_typesupport_c.cpython-310-x86_64-linux-gnu.so
[1.151s] Listing '/home/geert/ros2_ws_git/install/kuka_msgs_pkg/lib/python3.10/site-packages/kuka_msgs_pkg'...
[1.151s] Listing '/home/geert/ros2_ws_git/install/kuka_msgs_pkg/lib/python3.10/site-packages/kuka_msgs_pkg/msg'...
[1.157s] -- Up-to-date: /home/geert/ros2_ws_git/install/kuka_msgs_pkg/lib/python3.10/site-packages/kuka_msgs_pkg/kuka_msgs_pkg_s__rosidl_typesupport_fastrtps_c.cpython-310-x86_64-linux-gnu.so
[1.158s] -- Up-to-date: /home/geert/ros2_ws_git/install/kuka_msgs_pkg/lib/python3.10/site-packages/kuka_msgs_pkg/kuka_msgs_pkg_s__rosidl_typesupport_introspection_c.cpython-310-x86_64-linux-gnu.so
[1.158s] -- Up-to-date: /home/geert/ros2_ws_git/install/kuka_msgs_pkg/lib/python3.10/site-packages/kuka_msgs_pkg/kuka_msgs_pkg_s__rosidl_typesupport_c.cpython-310-x86_64-linux-gnu.so
[1.159s] -- Up-to-date: /home/geert/ros2_ws_git/install/kuka_msgs_pkg/lib/libkuka_msgs_pkg__rosidl_generator_py.so
[1.159s] -- Up-to-date: /home/geert/ros2_ws_git/install/kuka_msgs_pkg/share/kuka_msgs_pkg/msg/SingleWheelData.idl
[1.159s] -- Up-to-date: /home/geert/ros2_ws_git/install/kuka_msgs_pkg/share/kuka_msgs_pkg/msg/SingleWheelData.msg
[1.160s] -- Up-to-date: /home/geert/ros2_ws_git/install/kuka_msgs_pkg/share/ament_index/resource_index/package_run_dependencies/kuka_msgs_pkg
[1.160s] -- Up-to-date: /home/geert/ros2_ws_git/install/kuka_msgs_pkg/share/ament_index/resource_index/parent_prefix_path/kuka_msgs_pkg
[1.160s] -- Up-to-date: /home/geert/ros2_ws_git/install/kuka_msgs_pkg/share/kuka_msgs_pkg/environment/ament_prefix_path.sh
[1.160s] -- Up-to-date: /home/geert/ros2_ws_git/install/kuka_msgs_pkg/share/kuka_msgs_pkg/environment/ament_prefix_path.dsv
[1.160s] -- Up-to-date: /home/geert/ros2_ws_git/install/kuka_msgs_pkg/share/kuka_msgs_pkg/environment/path.sh
[1.161s] -- Up-to-date: /home/geert/ros2_ws_git/install/kuka_msgs_pkg/share/kuka_msgs_pkg/environment/path.dsv
[1.161s] -- Up-to-date: /home/geert/ros2_ws_git/install/kuka_msgs_pkg/share/kuka_msgs_pkg/local_setup.bash
[1.161s] -- Up-to-date: /home/geert/ros2_ws_git/install/kuka_msgs_pkg/share/kuka_msgs_pkg/local_setup.sh
[1.161s] -- Up-to-date: /home/geert/ros2_ws_git/install/kuka_msgs_pkg/share/kuka_msgs_pkg/local_setup.zsh
[1.162s] -- Up-to-date: /home/geert/ros2_ws_git/install/kuka_msgs_pkg/share/kuka_msgs_pkg/local_setup.dsv
[1.162s] -- Installing: /home/geert/ros2_ws_git/install/kuka_msgs_pkg/share/kuka_msgs_pkg/package.dsv
[1.162s] -- Up-to-date: /home/geert/ros2_ws_git/install/kuka_msgs_pkg/share/ament_index/resource_index/packages/kuka_msgs_pkg
[1.162s] -- Up-to-date: /home/geert/ros2_ws_git/install/kuka_msgs_pkg/share/kuka_msgs_pkg/cmake/export_kuka_msgs_pkg__rosidl_generator_cExport.cmake
[1.163s] -- Up-to-date: /home/geert/ros2_ws_git/install/kuka_msgs_pkg/share/kuka_msgs_pkg/cmake/export_kuka_msgs_pkg__rosidl_generator_cExport-noconfig.cmake
[1.163s] -- Up-to-date: /home/geert/ros2_ws_git/install/kuka_msgs_pkg/share/kuka_msgs_pkg/cmake/export_kuka_msgs_pkg__rosidl_typesupport_fastrtps_cExport.cmake
[1.163s] -- Up-to-date: /home/geert/ros2_ws_git/install/kuka_msgs_pkg/share/kuka_msgs_pkg/cmake/export_kuka_msgs_pkg__rosidl_typesupport_fastrtps_cExport-noconfig.cmake
[1.163s] -- Up-to-date: /home/geert/ros2_ws_git/install/kuka_msgs_pkg/share/kuka_msgs_pkg/cmake/kuka_msgs_pkg__rosidl_typesupport_introspection_cExport.cmake
[1.164s] -- Up-to-date: /home/geert/ros2_ws_git/install/kuka_msgs_pkg/share/kuka_msgs_pkg/cmake/kuka_msgs_pkg__rosidl_typesupport_introspection_cExport-noconfig.cmake
[1.164s] -- Up-to-date: /home/geert/ros2_ws_git/install/kuka_msgs_pkg/share/kuka_msgs_pkg/cmake/kuka_msgs_pkg__rosidl_typesupport_cExport.cmake
[1.164s] -- Up-to-date: /home/geert/ros2_ws_git/install/kuka_msgs_pkg/share/kuka_msgs_pkg/cmake/kuka_msgs_pkg__rosidl_typesupport_cExport-noconfig.cmake
[1.164s] -- Up-to-date: /home/geert/ros2_ws_git/install/kuka_msgs_pkg/share/kuka_msgs_pkg/cmake/export_kuka_msgs_pkg__rosidl_generator_cppExport.cmake
[1.165s] -- Up-to-date: /home/geert/ros2_ws_git/install/kuka_msgs_pkg/share/kuka_msgs_pkg/cmake/export_kuka_msgs_pkg__rosidl_typesupport_fastrtps_cppExport.cmake
[1.165s] -- Up-to-date: /home/geert/ros2_ws_git/install/kuka_msgs_pkg/share/kuka_msgs_pkg/cmake/export_kuka_msgs_pkg__rosidl_typesupport_fastrtps_cppExport-noconfig.cmake
[1.165s] -- Up-to-date: /home/geert/ros2_ws_git/install/kuka_msgs_pkg/share/kuka_msgs_pkg/cmake/kuka_msgs_pkg__rosidl_typesupport_introspection_cppExport.cmake
[1.165s] -- Up-to-date: /home/geert/ros2_ws_git/install/kuka_msgs_pkg/share/kuka_msgs_pkg/cmake/kuka_msgs_pkg__rosidl_typesupport_introspection_cppExport-noconfig.cmake
[1.166s] -- Up-to-date: /home/geert/ros2_ws_git/install/kuka_msgs_pkg/share/kuka_msgs_pkg/cmake/kuka_msgs_pkg__rosidl_typesupport_cppExport.cmake
[1.166s] -- Up-to-date: /home/geert/ros2_ws_git/install/kuka_msgs_pkg/share/kuka_msgs_pkg/cmake/kuka_msgs_pkg__rosidl_typesupport_cppExport-noconfig.cmake
[1.166s] -- Up-to-date: /home/geert/ros2_ws_git/install/kuka_msgs_pkg/share/kuka_msgs_pkg/cmake/export_kuka_msgs_pkg__rosidl_generator_pyExport.cmake
[1.166s] -- Up-to-date: /home/geert/ros2_ws_git/install/kuka_msgs_pkg/share/kuka_msgs_pkg/cmake/export_kuka_msgs_pkg__rosidl_generator_pyExport-noconfig.cmake
[1.167s] -- Up-to-date: /home/geert/ros2_ws_git/install/kuka_msgs_pkg/share/kuka_msgs_pkg/cmake/rosidl_cmake-extras.cmake
[1.167s] -- Up-to-date: /home/geert/ros2_ws_git/install/kuka_msgs_pkg/share/kuka_msgs_pkg/cmake/ament_cmake_export_include_directories-extras.cmake
[1.167s] -- Up-to-date: /home/geert/ros2_ws_git/install/kuka_msgs_pkg/share/kuka_msgs_pkg/cmake/ament_cmake_export_libraries-extras.cmake
[1.167s] -- Up-to-date: /home/geert/ros2_ws_git/install/kuka_msgs_pkg/share/kuka_msgs_pkg/cmake/ament_cmake_export_targets-extras.cmake
[1.167s] -- Up-to-date: /home/geert/ros2_ws_git/install/kuka_msgs_pkg/share/kuka_msgs_pkg/cmake/rosidl_cmake_export_typesupport_targets-extras.cmake
[1.168s] -- Up-to-date: /home/geert/ros2_ws_git/install/kuka_msgs_pkg/share/kuka_msgs_pkg/cmake/ament_cmake_export_dependencies-extras.cmake
[1.168s] -- Up-to-date: /home/geert/ros2_ws_git/install/kuka_msgs_pkg/share/kuka_msgs_pkg/cmake/rosidl_cmake_export_typesupport_libraries-extras.cmake
[1.168s] -- Up-to-date: /home/geert/ros2_ws_git/install/kuka_msgs_pkg/share/kuka_msgs_pkg/cmake/kuka_msgs_pkgConfig.cmake
[1.168s] -- Up-to-date: /home/geert/ros2_ws_git/install/kuka_msgs_pkg/share/kuka_msgs_pkg/cmake/kuka_msgs_pkgConfig-version.cmake
[1.169s] -- Up-to-date: /home/geert/ros2_ws_git/install/kuka_msgs_pkg/share/kuka_msgs_pkg/package.xml
[1.185s] Invoked command in '/home/geert/ros2_ws_git/build/kuka_msgs_pkg' returned '0': CMAKE_PREFIX_PATH=${CMAKE_PREFIX_PATH}:/home/geert/ros2_ws_git/install/serial_communication_pkg:/home/geert/ros2_ws_git/install/data_visualiser_pkg:/home/geert/ros2_ws_git/install/kuka_launch_pkg:/home/geert/ros2_ws_git/install/joystick_to_serial_pkg:/opt/ros/iron /usr/bin/cmake --install /home/geert/ros2_ws_git/build/kuka_msgs_pkg
