[0.496s] DEBUG:colcon:Command line arguments: ['/usr/bin/colcon', 'build']
[0.496s] DEBUG:colcon:Parsed command line arguments: Namespace(log_base=None, log_level=None, verb_name='build', build_base='build', install_base='install', merge_install=False, symlink_install=False, test_result_base=None, continue_on_error=False, executor='parallel', parallel_workers=1, event_handlers=None, ignore_user_meta=False, metas=['./colcon.meta'], base_paths=['.'], packages_ignore=None, packages_ignore_regex=None, paths=None, packages_up_to=None, packages_up_to_regex=None, packages_above=None, packages_above_and_dependencies=None, packages_above_depth=None, packages_select_by_dep=None, packages_skip_by_dep=None, packages_skip_up_to=None, packages_select_build_failed=False, packages_skip_build_finished=False, packages_select_test_failures=False, packages_skip_test_passed=False, packages_select=None, packages_skip=None, packages_select_regex=None, packages_skip_regex=None, packages_start=None, packages_end=None, allow_overriding=[], cmake_args=None, cmake_target=None, cmake_target_skip_unavailable=False, cmake_clean_cache=False, cmake_clean_first=False, cmake_force_configure=False, ament_cmake_args=None, catkin_cmake_args=None, catkin_skip_building_tests=False, verb_parser=<colcon_defaults.argument_parser.defaults.DefaultArgumentsDecorator object at 0x7fea8f8c3dc0>, verb_extension=<colcon_core.verb.build.BuildVerb object at 0x7fea8f913910>, main=<bound method BuildVerb.main of <colcon_core.verb.build.BuildVerb object at 0x7fea8f913910>>)
[0.534s] Level 1:colcon.colcon_core.package_discovery:discover_packages(colcon_meta) check parameters
[0.534s] Level 1:colcon.colcon_core.package_discovery:discover_packages(recursive) check parameters
[0.534s] Level 1:colcon.colcon_core.package_discovery:discover_packages(ignore) check parameters
[0.534s] Level 1:colcon.colcon_core.package_discovery:discover_packages(path) check parameters
[0.534s] Level 1:colcon.colcon_core.package_discovery:discover_packages(colcon_meta) discover
[0.534s] Level 1:colcon.colcon_core.package_discovery:discover_packages(recursive) discover
[0.534s] INFO:colcon.colcon_core.package_discovery:Crawling recursively for packages in '/home/geert/ros2_ws_git'
[0.534s] Level 1:colcon.colcon_core.package_identification:_identify(.) by extensions ['ignore', 'ignore_ament_install']
[0.534s] Level 1:colcon.colcon_core.package_identification:_identify(.) by extension 'ignore'
[0.535s] Level 1:colcon.colcon_core.package_identification:_identify(.) by extension 'ignore_ament_install'
[0.535s] Level 1:colcon.colcon_core.package_identification:_identify(.) by extensions ['colcon_pkg']
[0.535s] Level 1:colcon.colcon_core.package_identification:_identify(.) by extension 'colcon_pkg'
[0.535s] Level 1:colcon.colcon_core.package_identification:_identify(.) by extensions ['colcon_meta']
[0.535s] Level 1:colcon.colcon_core.package_identification:_identify(.) by extension 'colcon_meta'
[0.535s] Level 1:colcon.colcon_core.package_identification:_identify(.) by extensions ['ros']
[0.535s] Level 1:colcon.colcon_core.package_identification:_identify(.) by extension 'ros'
[0.549s] Level 1:colcon.colcon_core.package_identification:_identify(.) by extensions ['cmake', 'python']
[0.549s] Level 1:colcon.colcon_core.package_identification:_identify(.) by extension 'cmake'
[0.550s] Level 1:colcon.colcon_core.package_identification:_identify(.) by extension 'python'
[0.550s] Level 1:colcon.colcon_core.package_identification:_identify(.) by extensions ['python_setup_py']
[0.550s] Level 1:colcon.colcon_core.package_identification:_identify(.) by extension 'python_setup_py'
[0.550s] Level 1:colcon.colcon_core.package_identification:_identify(build) by extensions ['ignore', 'ignore_ament_install']
[0.550s] Level 1:colcon.colcon_core.package_identification:_identify(build) by extension 'ignore'
[0.550s] Level 1:colcon.colcon_core.package_identification:_identify(build) ignored
[0.550s] Level 1:colcon.colcon_core.package_identification:_identify(install) by extensions ['ignore', 'ignore_ament_install']
[0.550s] Level 1:colcon.colcon_core.package_identification:_identify(install) by extension 'ignore'
[0.550s] Level 1:colcon.colcon_core.package_identification:_identify(install) ignored
[0.550s] Level 1:colcon.colcon_core.package_identification:_identify(log) by extensions ['ignore', 'ignore_ament_install']
[0.550s] Level 1:colcon.colcon_core.package_identification:_identify(log) by extension 'ignore'
[0.551s] Level 1:colcon.colcon_core.package_identification:_identify(log) ignored
[0.551s] Level 1:colcon.colcon_core.package_identification:_identify(src) by extensions ['ignore', 'ignore_ament_install']
[0.551s] Level 1:colcon.colcon_core.package_identification:_identify(src) by extension 'ignore'
[0.551s] Level 1:colcon.colcon_core.package_identification:_identify(src) by extension 'ignore_ament_install'
[0.551s] Level 1:colcon.colcon_core.package_identification:_identify(src) by extensions ['colcon_pkg']
[0.551s] Level 1:colcon.colcon_core.package_identification:_identify(src) by extension 'colcon_pkg'
[0.551s] Level 1:colcon.colcon_core.package_identification:_identify(src) by extensions ['colcon_meta']
[0.551s] Level 1:colcon.colcon_core.package_identification:_identify(src) by extension 'colcon_meta'
[0.551s] Level 1:colcon.colcon_core.package_identification:_identify(src) by extensions ['ros']
[0.551s] Level 1:colcon.colcon_core.package_identification:_identify(src) by extension 'ros'
[0.551s] Level 1:colcon.colcon_core.package_identification:_identify(src) by extensions ['cmake', 'python']
[0.551s] Level 1:colcon.colcon_core.package_identification:_identify(src) by extension 'cmake'
[0.551s] Level 1:colcon.colcon_core.package_identification:_identify(src) by extension 'python'
[0.551s] Level 1:colcon.colcon_core.package_identification:_identify(src) by extensions ['python_setup_py']
[0.551s] Level 1:colcon.colcon_core.package_identification:_identify(src) by extension 'python_setup_py'
[0.551s] Level 1:colcon.colcon_core.package_identification:_identify(src/data_visualiser_pkg) by extensions ['ignore', 'ignore_ament_install']
[0.552s] Level 1:colcon.colcon_core.package_identification:_identify(src/data_visualiser_pkg) by extension 'ignore'
[0.552s] Level 1:colcon.colcon_core.package_identification:_identify(src/data_visualiser_pkg) by extension 'ignore_ament_install'
[0.552s] Level 1:colcon.colcon_core.package_identification:_identify(src/data_visualiser_pkg) by extensions ['colcon_pkg']
[0.552s] Level 1:colcon.colcon_core.package_identification:_identify(src/data_visualiser_pkg) by extension 'colcon_pkg'
[0.552s] Level 1:colcon.colcon_core.package_identification:_identify(src/data_visualiser_pkg) by extensions ['colcon_meta']
[0.552s] Level 1:colcon.colcon_core.package_identification:_identify(src/data_visualiser_pkg) by extension 'colcon_meta'
[0.552s] Level 1:colcon.colcon_core.package_identification:_identify(src/data_visualiser_pkg) by extensions ['ros']
[0.552s] Level 1:colcon.colcon_core.package_identification:_identify(src/data_visualiser_pkg) by extension 'ros'
[0.555s] DEBUG:colcon.colcon_core.package_identification:Package 'src/data_visualiser_pkg' with type 'ros.ament_python' and name 'data_visualiser_pkg'
[0.555s] Level 1:colcon.colcon_core.package_identification:_identify(src/joystick_to_serial_pkg) by extensions ['ignore', 'ignore_ament_install']
[0.555s] Level 1:colcon.colcon_core.package_identification:_identify(src/joystick_to_serial_pkg) by extension 'ignore'
[0.555s] Level 1:colcon.colcon_core.package_identification:_identify(src/joystick_to_serial_pkg) by extension 'ignore_ament_install'
[0.555s] Level 1:colcon.colcon_core.package_identification:_identify(src/joystick_to_serial_pkg) by extensions ['colcon_pkg']
[0.555s] Level 1:colcon.colcon_core.package_identification:_identify(src/joystick_to_serial_pkg) by extension 'colcon_pkg'
[0.555s] Level 1:colcon.colcon_core.package_identification:_identify(src/joystick_to_serial_pkg) by extensions ['colcon_meta']
[0.555s] Level 1:colcon.colcon_core.package_identification:_identify(src/joystick_to_serial_pkg) by extension 'colcon_meta'
[0.556s] Level 1:colcon.colcon_core.package_identification:_identify(src/joystick_to_serial_pkg) by extensions ['ros']
[0.556s] Level 1:colcon.colcon_core.package_identification:_identify(src/joystick_to_serial_pkg) by extension 'ros'
[0.557s] DEBUG:colcon.colcon_core.package_identification:Package 'src/joystick_to_serial_pkg' with type 'ros.ament_python' and name 'joystick_to_serial_pkg'
[0.557s] Level 1:colcon.colcon_core.package_identification:_identify(src/kuka_launch_pkg) by extensions ['ignore', 'ignore_ament_install']
[0.557s] Level 1:colcon.colcon_core.package_identification:_identify(src/kuka_launch_pkg) by extension 'ignore'
[0.557s] Level 1:colcon.colcon_core.package_identification:_identify(src/kuka_launch_pkg) by extension 'ignore_ament_install'
[0.557s] Level 1:colcon.colcon_core.package_identification:_identify(src/kuka_launch_pkg) by extensions ['colcon_pkg']
[0.557s] Level 1:colcon.colcon_core.package_identification:_identify(src/kuka_launch_pkg) by extension 'colcon_pkg'
[0.557s] Level 1:colcon.colcon_core.package_identification:_identify(src/kuka_launch_pkg) by extensions ['colcon_meta']
[0.557s] Level 1:colcon.colcon_core.package_identification:_identify(src/kuka_launch_pkg) by extension 'colcon_meta'
[0.557s] Level 1:colcon.colcon_core.package_identification:_identify(src/kuka_launch_pkg) by extensions ['ros']
[0.557s] Level 1:colcon.colcon_core.package_identification:_identify(src/kuka_launch_pkg) by extension 'ros'
[0.558s] DEBUG:colcon.colcon_core.package_identification:Package 'src/kuka_launch_pkg' with type 'ros.ament_python' and name 'kuka_launch_pkg'
[0.558s] Level 1:colcon.colcon_core.package_identification:_identify(src/kuka_msgs_pkg) by extensions ['ignore', 'ignore_ament_install']
[0.558s] Level 1:colcon.colcon_core.package_identification:_identify(src/kuka_msgs_pkg) by extension 'ignore'
[0.558s] Level 1:colcon.colcon_core.package_identification:_identify(src/kuka_msgs_pkg) by extension 'ignore_ament_install'
[0.558s] Level 1:colcon.colcon_core.package_identification:_identify(src/kuka_msgs_pkg) by extensions ['colcon_pkg']
[0.558s] Level 1:colcon.colcon_core.package_identification:_identify(src/kuka_msgs_pkg) by extension 'colcon_pkg'
[0.558s] Level 1:colcon.colcon_core.package_identification:_identify(src/kuka_msgs_pkg) by extensions ['colcon_meta']
[0.559s] Level 1:colcon.colcon_core.package_identification:_identify(src/kuka_msgs_pkg) by extension 'colcon_meta'
[0.559s] Level 1:colcon.colcon_core.package_identification:_identify(src/kuka_msgs_pkg) by extensions ['ros']
[0.559s] Level 1:colcon.colcon_core.package_identification:_identify(src/kuka_msgs_pkg) by extension 'ros'
[0.559s] DEBUG:colcon.colcon_core.package_identification:Package 'src/kuka_msgs_pkg' with type 'ros.ament_python' and name 'kuka_msgs_pkg'
[0.559s] Level 1:colcon.colcon_core.package_identification:_identify(src/serial_communication_pkg) by extensions ['ignore', 'ignore_ament_install']
[0.559s] Level 1:colcon.colcon_core.package_identification:_identify(src/serial_communication_pkg) by extension 'ignore'
[0.560s] Level 1:colcon.colcon_core.package_identification:_identify(src/serial_communication_pkg) by extension 'ignore_ament_install'
[0.560s] Level 1:colcon.colcon_core.package_identification:_identify(src/serial_communication_pkg) by extensions ['colcon_pkg']
[0.560s] Level 1:colcon.colcon_core.package_identification:_identify(src/serial_communication_pkg) by extension 'colcon_pkg'
[0.560s] Level 1:colcon.colcon_core.package_identification:_identify(src/serial_communication_pkg) by extensions ['colcon_meta']
[0.560s] Level 1:colcon.colcon_core.package_identification:_identify(src/serial_communication_pkg) by extension 'colcon_meta'
[0.560s] Level 1:colcon.colcon_core.package_identification:_identify(src/serial_communication_pkg) by extensions ['ros']
[0.560s] Level 1:colcon.colcon_core.package_identification:_identify(src/serial_communication_pkg) by extension 'ros'
[0.561s] DEBUG:colcon.colcon_core.package_identification:Package 'src/serial_communication_pkg' with type 'ros.ament_python' and name 'serial_communication_pkg'
[0.561s] Level 1:colcon.colcon_core.package_discovery:discover_packages(recursive) using defaults
[0.561s] Level 1:colcon.colcon_core.package_discovery:discover_packages(ignore) discover
[0.561s] Level 1:colcon.colcon_core.package_discovery:discover_packages(ignore) using defaults
[0.561s] Level 1:colcon.colcon_core.package_discovery:discover_packages(path) discover
[0.561s] Level 1:colcon.colcon_core.package_discovery:discover_packages(path) using defaults
[0.596s] Level 1:colcon.colcon_core.package_discovery:discover_packages(prefix_path) check parameters
[0.597s] Level 1:colcon.colcon_core.package_discovery:discover_packages(prefix_path) discover
[0.613s] DEBUG:colcon.colcon_installed_package_information.package_discovery:Found 5 installed packages in /home/geert/ros2_ws_git/install
[0.614s] DEBUG:colcon.colcon_installed_package_information.package_discovery:Found 6 installed packages in /home/geert/ros2_ws_kuka/install
[0.618s] DEBUG:colcon.colcon_installed_package_information.package_discovery:Found 296 installed packages in /opt/ros/iron
[0.621s] Level 1:colcon.colcon_core.package_discovery:discover_packages(prefix_path) using defaults
[0.707s] Level 5:colcon.colcon_core.verb:set package 'joystick_to_serial_pkg' build argument 'cmake_args' from command line to 'None'
[0.707s] Level 5:colcon.colcon_core.verb:set package 'joystick_to_serial_pkg' build argument 'cmake_target' from command line to 'None'
[0.707s] Level 5:colcon.colcon_core.verb:set package 'joystick_to_serial_pkg' build argument 'cmake_target_skip_unavailable' from command line to 'False'
[0.707s] Level 5:colcon.colcon_core.verb:set package 'joystick_to_serial_pkg' build argument 'cmake_clean_cache' from command line to 'False'
[0.707s] Level 5:colcon.colcon_core.verb:set package 'joystick_to_serial_pkg' build argument 'cmake_clean_first' from command line to 'False'
[0.707s] Level 5:colcon.colcon_core.verb:set package 'joystick_to_serial_pkg' build argument 'cmake_force_configure' from command line to 'False'
[0.707s] Level 5:colcon.colcon_core.verb:set package 'joystick_to_serial_pkg' build argument 'ament_cmake_args' from command line to 'None'
[0.707s] Level 5:colcon.colcon_core.verb:set package 'joystick_to_serial_pkg' build argument 'catkin_cmake_args' from command line to 'None'
[0.707s] Level 5:colcon.colcon_core.verb:set package 'joystick_to_serial_pkg' build argument 'catkin_skip_building_tests' from command line to 'False'
[0.707s] DEBUG:colcon.colcon_core.verb:Building package 'joystick_to_serial_pkg' with the following arguments: {'ament_cmake_args': None, 'build_base': '/home/geert/ros2_ws_git/build/joystick_to_serial_pkg', 'catkin_cmake_args': None, 'catkin_skip_building_tests': False, 'cmake_args': None, 'cmake_clean_cache': False, 'cmake_clean_first': False, 'cmake_force_configure': False, 'cmake_target': None, 'cmake_target_skip_unavailable': False, 'install_base': '/home/geert/ros2_ws_git/install/joystick_to_serial_pkg', 'merge_install': False, 'path': '/home/geert/ros2_ws_git/src/joystick_to_serial_pkg', 'symlink_install': False, 'test_result_base': None}
[0.709s] Level 5:colcon.colcon_core.verb:set package 'kuka_launch_pkg' build argument 'cmake_args' from command line to 'None'
[0.709s] Level 5:colcon.colcon_core.verb:set package 'kuka_launch_pkg' build argument 'cmake_target' from command line to 'None'
[0.709s] Level 5:colcon.colcon_core.verb:set package 'kuka_launch_pkg' build argument 'cmake_target_skip_unavailable' from command line to 'False'
[0.709s] Level 5:colcon.colcon_core.verb:set package 'kuka_launch_pkg' build argument 'cmake_clean_cache' from command line to 'False'
[0.709s] Level 5:colcon.colcon_core.verb:set package 'kuka_launch_pkg' build argument 'cmake_clean_first' from command line to 'False'
[0.709s] Level 5:colcon.colcon_core.verb:set package 'kuka_launch_pkg' build argument 'cmake_force_configure' from command line to 'False'
[0.709s] Level 5:colcon.colcon_core.verb:set package 'kuka_launch_pkg' build argument 'ament_cmake_args' from command line to 'None'
[0.709s] Level 5:colcon.colcon_core.verb:set package 'kuka_launch_pkg' build argument 'catkin_cmake_args' from command line to 'None'
[0.709s] Level 5:colcon.colcon_core.verb:set package 'kuka_launch_pkg' build argument 'catkin_skip_building_tests' from command line to 'False'
[0.709s] DEBUG:colcon.colcon_core.verb:Building package 'kuka_launch_pkg' with the following arguments: {'ament_cmake_args': None, 'build_base': '/home/geert/ros2_ws_git/build/kuka_launch_pkg', 'catkin_cmake_args': None, 'catkin_skip_building_tests': False, 'cmake_args': None, 'cmake_clean_cache': False, 'cmake_clean_first': False, 'cmake_force_configure': False, 'cmake_target': None, 'cmake_target_skip_unavailable': False, 'install_base': '/home/geert/ros2_ws_git/install/kuka_launch_pkg', 'merge_install': False, 'path': '/home/geert/ros2_ws_git/src/kuka_launch_pkg', 'symlink_install': False, 'test_result_base': None}
[0.711s] Level 5:colcon.colcon_core.verb:set package 'kuka_msgs_pkg' build argument 'cmake_args' from command line to 'None'
[0.711s] Level 5:colcon.colcon_core.verb:set package 'kuka_msgs_pkg' build argument 'cmake_target' from command line to 'None'
[0.711s] Level 5:colcon.colcon_core.verb:set package 'kuka_msgs_pkg' build argument 'cmake_target_skip_unavailable' from command line to 'False'
[0.711s] Level 5:colcon.colcon_core.verb:set package 'kuka_msgs_pkg' build argument 'cmake_clean_cache' from command line to 'False'
[0.711s] Level 5:colcon.colcon_core.verb:set package 'kuka_msgs_pkg' build argument 'cmake_clean_first' from command line to 'False'
[0.711s] Level 5:colcon.colcon_core.verb:set package 'kuka_msgs_pkg' build argument 'cmake_force_configure' from command line to 'False'
[0.711s] Level 5:colcon.colcon_core.verb:set package 'kuka_msgs_pkg' build argument 'ament_cmake_args' from command line to 'None'
[0.711s] Level 5:colcon.colcon_core.verb:set package 'kuka_msgs_pkg' build argument 'catkin_cmake_args' from command line to 'None'
[0.711s] Level 5:colcon.colcon_core.verb:set package 'kuka_msgs_pkg' build argument 'catkin_skip_building_tests' from command line to 'False'
[0.711s] DEBUG:colcon.colcon_core.verb:Building package 'kuka_msgs_pkg' with the following arguments: {'ament_cmake_args': None, 'build_base': '/home/geert/ros2_ws_git/build/kuka_msgs_pkg', 'catkin_cmake_args': None, 'catkin_skip_building_tests': False, 'cmake_args': None, 'cmake_clean_cache': False, 'cmake_clean_first': False, 'cmake_force_configure': False, 'cmake_target': None, 'cmake_target_skip_unavailable': False, 'install_base': '/home/geert/ros2_ws_git/install/kuka_msgs_pkg', 'merge_install': False, 'path': '/home/geert/ros2_ws_git/src/kuka_msgs_pkg', 'symlink_install': False, 'test_result_base': None}
[0.712s] Level 5:colcon.colcon_core.verb:set package 'data_visualiser_pkg' build argument 'cmake_args' from command line to 'None'
[0.713s] Level 5:colcon.colcon_core.verb:set package 'data_visualiser_pkg' build argument 'cmake_target' from command line to 'None'
[0.713s] Level 5:colcon.colcon_core.verb:set package 'data_visualiser_pkg' build argument 'cmake_target_skip_unavailable' from command line to 'False'
[0.713s] Level 5:colcon.colcon_core.verb:set package 'data_visualiser_pkg' build argument 'cmake_clean_cache' from command line to 'False'
[0.713s] Level 5:colcon.colcon_core.verb:set package 'data_visualiser_pkg' build argument 'cmake_clean_first' from command line to 'False'
[0.713s] Level 5:colcon.colcon_core.verb:set package 'data_visualiser_pkg' build argument 'cmake_force_configure' from command line to 'False'
[0.713s] Level 5:colcon.colcon_core.verb:set package 'data_visualiser_pkg' build argument 'ament_cmake_args' from command line to 'None'
[0.713s] Level 5:colcon.colcon_core.verb:set package 'data_visualiser_pkg' build argument 'catkin_cmake_args' from command line to 'None'
[0.713s] Level 5:colcon.colcon_core.verb:set package 'data_visualiser_pkg' build argument 'catkin_skip_building_tests' from command line to 'False'
[0.713s] DEBUG:colcon.colcon_core.verb:Building package 'data_visualiser_pkg' with the following arguments: {'ament_cmake_args': None, 'build_base': '/home/geert/ros2_ws_git/build/data_visualiser_pkg', 'catkin_cmake_args': None, 'catkin_skip_building_tests': False, 'cmake_args': None, 'cmake_clean_cache': False, 'cmake_clean_first': False, 'cmake_force_configure': False, 'cmake_target': None, 'cmake_target_skip_unavailable': False, 'install_base': '/home/geert/ros2_ws_git/install/data_visualiser_pkg', 'merge_install': False, 'path': '/home/geert/ros2_ws_git/src/data_visualiser_pkg', 'symlink_install': False, 'test_result_base': None}
[0.714s] Level 5:colcon.colcon_core.verb:set package 'serial_communication_pkg' build argument 'cmake_args' from command line to 'None'
[0.714s] Level 5:colcon.colcon_core.verb:set package 'serial_communication_pkg' build argument 'cmake_target' from command line to 'None'
[0.714s] Level 5:colcon.colcon_core.verb:set package 'serial_communication_pkg' build argument 'cmake_target_skip_unavailable' from command line to 'False'
[0.714s] Level 5:colcon.colcon_core.verb:set package 'serial_communication_pkg' build argument 'cmake_clean_cache' from command line to 'False'
[0.714s] Level 5:colcon.colcon_core.verb:set package 'serial_communication_pkg' build argument 'cmake_clean_first' from command line to 'False'
[0.715s] Level 5:colcon.colcon_core.verb:set package 'serial_communication_pkg' build argument 'cmake_force_configure' from command line to 'False'
[0.715s] Level 5:colcon.colcon_core.verb:set package 'serial_communication_pkg' build argument 'ament_cmake_args' from command line to 'None'
[0.715s] Level 5:colcon.colcon_core.verb:set package 'serial_communication_pkg' build argument 'catkin_cmake_args' from command line to 'None'
[0.715s] Level 5:colcon.colcon_core.verb:set package 'serial_communication_pkg' build argument 'catkin_skip_building_tests' from command line to 'False'
[0.715s] DEBUG:colcon.colcon_core.verb:Building package 'serial_communication_pkg' with the following arguments: {'ament_cmake_args': None, 'build_base': '/home/geert/ros2_ws_git/build/serial_communication_pkg', 'catkin_cmake_args': None, 'catkin_skip_building_tests': False, 'cmake_args': None, 'cmake_clean_cache': False, 'cmake_clean_first': False, 'cmake_force_configure': False, 'cmake_target': None, 'cmake_target_skip_unavailable': False, 'install_base': '/home/geert/ros2_ws_git/install/serial_communication_pkg', 'merge_install': False, 'path': '/home/geert/ros2_ws_git/src/serial_communication_pkg', 'symlink_install': False, 'test_result_base': None}
[0.716s] INFO:colcon.colcon_core.executor:Executing jobs using 'parallel' executor
[0.720s] DEBUG:colcon.colcon_parallel_executor.executor.parallel:run_until_complete
[0.721s] INFO:colcon.colcon_ros.task.ament_python.build:Building ROS package in '/home/geert/ros2_ws_git/src/kuka_msgs_pkg' with build type 'ament_python'
[0.721s] Level 1:colcon.colcon_core.shell:create_environment_hook('kuka_msgs_pkg', 'ament_prefix_path')
[0.727s] INFO:colcon.colcon_core.plugin_system:Skipping extension 'colcon_core.shell.bat': Not used on non-Windows systems
[0.727s] INFO:colcon.colcon_core.shell:Creating environment hook '/home/geert/ros2_ws_git/install/kuka_msgs_pkg/share/kuka_msgs_pkg/hook/ament_prefix_path.ps1'
[0.728s] INFO:colcon.colcon_core.shell:Creating environment descriptor '/home/geert/ros2_ws_git/install/kuka_msgs_pkg/share/kuka_msgs_pkg/hook/ament_prefix_path.dsv'
[0.728s] INFO:colcon.colcon_core.shell:Creating environment hook '/home/geert/ros2_ws_git/install/kuka_msgs_pkg/share/kuka_msgs_pkg/hook/ament_prefix_path.sh'
[0.731s] INFO:colcon.colcon_core.shell:Skip shell extension 'powershell' for command environment: Not usable outside of PowerShell
[0.731s] DEBUG:colcon.colcon_core.shell:Skip shell extension 'dsv' for command environment
[1.187s] INFO:colcon.colcon_core.task.python.build:Building Python package in '/home/geert/ros2_ws_git/src/kuka_msgs_pkg'
[1.189s] INFO:colcon.colcon_core.shell:Skip shell extension 'powershell' for command environment: Not usable outside of PowerShell
[1.189s] DEBUG:colcon.colcon_core.shell:Skip shell extension 'dsv' for command environment
[1.753s] DEBUG:colcon.colcon_core.event_handler.log_command:Invoking command in '/home/geert/ros2_ws_git/src/kuka_msgs_pkg': PYTHONPATH=/home/geert/ros2_ws_git/build/kuka_msgs_pkg/prefix_override:/home/geert/ros2_ws_git/install/kuka_msgs_pkg/lib/python3.10/site-packages:${PYTHONPATH} /usr/bin/python3 setup.py egg_info --egg-base ../../build/kuka_msgs_pkg build --build-base /home/geert/ros2_ws_git/build/kuka_msgs_pkg/build install --record /home/geert/ros2_ws_git/build/kuka_msgs_pkg/install.log --single-version-externally-managed
[2.221s] DEBUG:colcon.colcon_core.event_handler.log_command:Invoked command in '/home/geert/ros2_ws_git/src/kuka_msgs_pkg' returned '0': PYTHONPATH=/home/geert/ros2_ws_git/build/kuka_msgs_pkg/prefix_override:/home/geert/ros2_ws_git/install/kuka_msgs_pkg/lib/python3.10/site-packages:${PYTHONPATH} /usr/bin/python3 setup.py egg_info --egg-base ../../build/kuka_msgs_pkg build --build-base /home/geert/ros2_ws_git/build/kuka_msgs_pkg/build install --record /home/geert/ros2_ws_git/build/kuka_msgs_pkg/install.log --single-version-externally-managed
[2.225s] Level 1:colcon.colcon_core.environment:checking '/home/geert/ros2_ws_git/install/kuka_msgs_pkg' for CMake module files
[2.226s] Level 1:colcon.colcon_core.environment:checking '/home/geert/ros2_ws_git/install/kuka_msgs_pkg' for CMake config files
[2.226s] Level 1:colcon.colcon_core.environment:checking '/home/geert/ros2_ws_git/install/kuka_msgs_pkg/lib'
[2.227s] Level 1:colcon.colcon_core.environment:checking '/home/geert/ros2_ws_git/install/kuka_msgs_pkg/bin'
[2.227s] Level 1:colcon.colcon_core.environment:checking '/home/geert/ros2_ws_git/install/kuka_msgs_pkg/lib/pkgconfig/kuka_msgs_pkg.pc'
[2.227s] Level 1:colcon.colcon_core.environment:checking '/home/geert/ros2_ws_git/install/kuka_msgs_pkg/lib/python3.10/site-packages'
[2.227s] Level 1:colcon.colcon_core.shell:create_environment_hook('kuka_msgs_pkg', 'pythonpath')
[2.229s] INFO:colcon.colcon_core.shell:Creating environment hook '/home/geert/ros2_ws_git/install/kuka_msgs_pkg/share/kuka_msgs_pkg/hook/pythonpath.ps1'
[2.230s] INFO:colcon.colcon_core.shell:Creating environment descriptor '/home/geert/ros2_ws_git/install/kuka_msgs_pkg/share/kuka_msgs_pkg/hook/pythonpath.dsv'
[2.230s] INFO:colcon.colcon_core.shell:Creating environment hook '/home/geert/ros2_ws_git/install/kuka_msgs_pkg/share/kuka_msgs_pkg/hook/pythonpath.sh'
[2.231s] Level 1:colcon.colcon_core.environment:checking '/home/geert/ros2_ws_git/install/kuka_msgs_pkg/bin'
[2.231s] Level 1:colcon.colcon_core.environment:create_environment_scripts_only(kuka_msgs_pkg)
[2.233s] INFO:colcon.colcon_core.shell:Creating package script '/home/geert/ros2_ws_git/install/kuka_msgs_pkg/share/kuka_msgs_pkg/package.ps1'
[2.234s] INFO:colcon.colcon_core.shell:Creating package descriptor '/home/geert/ros2_ws_git/install/kuka_msgs_pkg/share/kuka_msgs_pkg/package.dsv'
[2.235s] INFO:colcon.colcon_core.shell:Creating package script '/home/geert/ros2_ws_git/install/kuka_msgs_pkg/share/kuka_msgs_pkg/package.sh'
[2.236s] INFO:colcon.colcon_core.shell:Creating package script '/home/geert/ros2_ws_git/install/kuka_msgs_pkg/share/kuka_msgs_pkg/package.bash'
[2.237s] INFO:colcon.colcon_core.shell:Creating package script '/home/geert/ros2_ws_git/install/kuka_msgs_pkg/share/kuka_msgs_pkg/package.zsh'
[2.238s] Level 1:colcon.colcon_core.environment:create_file_with_runtime_dependencies(/home/geert/ros2_ws_git/install/kuka_msgs_pkg/share/colcon-core/packages/kuka_msgs_pkg)
[2.239s] INFO:colcon.colcon_ros.task.ament_python.build:Building ROS package in '/home/geert/ros2_ws_git/src/joystick_to_serial_pkg' with build type 'ament_python'
[2.240s] Level 1:colcon.colcon_core.shell:create_environment_hook('joystick_to_serial_pkg', 'ament_prefix_path')
[2.248s] INFO:colcon.colcon_core.shell:Creating environment hook '/home/geert/ros2_ws_git/install/joystick_to_serial_pkg/share/joystick_to_serial_pkg/hook/ament_prefix_path.ps1'
[2.249s] INFO:colcon.colcon_core.shell:Creating environment descriptor '/home/geert/ros2_ws_git/install/joystick_to_serial_pkg/share/joystick_to_serial_pkg/hook/ament_prefix_path.dsv'
[2.250s] INFO:colcon.colcon_core.shell:Creating environment hook '/home/geert/ros2_ws_git/install/joystick_to_serial_pkg/share/joystick_to_serial_pkg/hook/ament_prefix_path.sh'
[2.253s] INFO:colcon.colcon_core.shell:Skip shell extension 'powershell' for command environment: Not usable outside of PowerShell
[2.253s] DEBUG:colcon.colcon_core.shell:Skip shell extension 'dsv' for command environment
[2.706s] INFO:colcon.colcon_core.task.python.build:Building Python package in '/home/geert/ros2_ws_git/src/joystick_to_serial_pkg'
[2.708s] INFO:colcon.colcon_core.shell:Skip shell extension 'powershell' for command environment: Not usable outside of PowerShell
[2.708s] DEBUG:colcon.colcon_core.shell:Skip shell extension 'dsv' for command environment
[3.263s] DEBUG:colcon.colcon_core.event_handler.log_command:Invoking command in '/home/geert/ros2_ws_git/src/joystick_to_serial_pkg': PYTHONPATH=/home/geert/ros2_ws_git/build/joystick_to_serial_pkg/prefix_override:/home/geert/ros2_ws_git/install/joystick_to_serial_pkg/lib/python3.10/site-packages:${PYTHONPATH} /usr/bin/python3 setup.py egg_info --egg-base ../../build/joystick_to_serial_pkg build --build-base /home/geert/ros2_ws_git/build/joystick_to_serial_pkg/build install --record /home/geert/ros2_ws_git/build/joystick_to_serial_pkg/install.log --single-version-externally-managed
[3.747s] Level 1:colcon.colcon_core.environment:checking '/home/geert/ros2_ws_git/install/joystick_to_serial_pkg' for CMake module files
[3.748s] Level 1:colcon.colcon_core.environment:checking '/home/geert/ros2_ws_git/install/joystick_to_serial_pkg' for CMake config files
[3.749s] Level 1:colcon.colcon_core.environment:checking '/home/geert/ros2_ws_git/install/joystick_to_serial_pkg/lib'
[3.749s] Level 1:colcon.colcon_core.environment:checking '/home/geert/ros2_ws_git/install/joystick_to_serial_pkg/bin'
[3.749s] Level 1:colcon.colcon_core.environment:checking '/home/geert/ros2_ws_git/install/joystick_to_serial_pkg/lib/pkgconfig/joystick_to_serial_pkg.pc'
[3.749s] Level 1:colcon.colcon_core.environment:checking '/home/geert/ros2_ws_git/install/joystick_to_serial_pkg/lib/python3.10/site-packages'
[3.749s] Level 1:colcon.colcon_core.shell:create_environment_hook('joystick_to_serial_pkg', 'pythonpath')
[3.752s] INFO:colcon.colcon_core.shell:Creating environment hook '/home/geert/ros2_ws_git/install/joystick_to_serial_pkg/share/joystick_to_serial_pkg/hook/pythonpath.ps1'
[3.752s] DEBUG:colcon.colcon_core.event_handler.log_command:Invoked command in '/home/geert/ros2_ws_git/src/joystick_to_serial_pkg' returned '0': PYTHONPATH=/home/geert/ros2_ws_git/build/joystick_to_serial_pkg/prefix_override:/home/geert/ros2_ws_git/install/joystick_to_serial_pkg/lib/python3.10/site-packages:${PYTHONPATH} /usr/bin/python3 setup.py egg_info --egg-base ../../build/joystick_to_serial_pkg build --build-base /home/geert/ros2_ws_git/build/joystick_to_serial_pkg/build install --record /home/geert/ros2_ws_git/build/joystick_to_serial_pkg/install.log --single-version-externally-managed
[3.753s] INFO:colcon.colcon_core.shell:Creating environment descriptor '/home/geert/ros2_ws_git/install/joystick_to_serial_pkg/share/joystick_to_serial_pkg/hook/pythonpath.dsv'
[3.754s] INFO:colcon.colcon_core.shell:Creating environment hook '/home/geert/ros2_ws_git/install/joystick_to_serial_pkg/share/joystick_to_serial_pkg/hook/pythonpath.sh'
[3.755s] Level 1:colcon.colcon_core.environment:checking '/home/geert/ros2_ws_git/install/joystick_to_serial_pkg/bin'
[3.755s] Level 1:colcon.colcon_core.environment:create_environment_scripts_only(joystick_to_serial_pkg)
[3.757s] INFO:colcon.colcon_core.shell:Creating package script '/home/geert/ros2_ws_git/install/joystick_to_serial_pkg/share/joystick_to_serial_pkg/package.ps1'
[3.757s] INFO:colcon.colcon_core.shell:Creating package descriptor '/home/geert/ros2_ws_git/install/joystick_to_serial_pkg/share/joystick_to_serial_pkg/package.dsv'
[3.758s] INFO:colcon.colcon_core.shell:Creating package script '/home/geert/ros2_ws_git/install/joystick_to_serial_pkg/share/joystick_to_serial_pkg/package.sh'
[3.758s] INFO:colcon.colcon_core.shell:Creating package script '/home/geert/ros2_ws_git/install/joystick_to_serial_pkg/share/joystick_to_serial_pkg/package.bash'
[3.759s] INFO:colcon.colcon_core.shell:Creating package script '/home/geert/ros2_ws_git/install/joystick_to_serial_pkg/share/joystick_to_serial_pkg/package.zsh'
[3.759s] Level 1:colcon.colcon_core.environment:create_file_with_runtime_dependencies(/home/geert/ros2_ws_git/install/joystick_to_serial_pkg/share/colcon-core/packages/joystick_to_serial_pkg)
[3.760s] INFO:colcon.colcon_ros.task.ament_python.build:Building ROS package in '/home/geert/ros2_ws_git/src/kuka_launch_pkg' with build type 'ament_python'
[3.761s] Level 1:colcon.colcon_core.shell:create_environment_hook('kuka_launch_pkg', 'ament_prefix_path')
[3.763s] INFO:colcon.colcon_core.shell:Creating environment hook '/home/geert/ros2_ws_git/install/kuka_launch_pkg/share/kuka_launch_pkg/hook/ament_prefix_path.ps1'
[3.763s] INFO:colcon.colcon_core.shell:Creating environment descriptor '/home/geert/ros2_ws_git/install/kuka_launch_pkg/share/kuka_launch_pkg/hook/ament_prefix_path.dsv'
[3.763s] INFO:colcon.colcon_core.shell:Creating environment hook '/home/geert/ros2_ws_git/install/kuka_launch_pkg/share/kuka_launch_pkg/hook/ament_prefix_path.sh'
[3.766s] INFO:colcon.colcon_core.shell:Skip shell extension 'powershell' for command environment: Not usable outside of PowerShell
[3.766s] DEBUG:colcon.colcon_core.shell:Skip shell extension 'dsv' for command environment
[4.187s] INFO:colcon.colcon_core.task.python.build:Building Python package in '/home/geert/ros2_ws_git/src/kuka_launch_pkg'
[4.191s] INFO:colcon.colcon_core.shell:Skip shell extension 'powershell' for command environment: Not usable outside of PowerShell
[4.191s] DEBUG:colcon.colcon_core.shell:Skip shell extension 'dsv' for command environment
[4.708s] DEBUG:colcon.colcon_core.event_handler.log_command:Invoking command in '/home/geert/ros2_ws_git/src/kuka_launch_pkg': PYTHONPATH=/home/geert/ros2_ws_git/build/kuka_launch_pkg/prefix_override:/home/geert/ros2_ws_git/install/kuka_launch_pkg/lib/python3.10/site-packages:${PYTHONPATH} /usr/bin/python3 setup.py egg_info --egg-base ../../build/kuka_launch_pkg build --build-base /home/geert/ros2_ws_git/build/kuka_launch_pkg/build install --record /home/geert/ros2_ws_git/build/kuka_launch_pkg/install.log --single-version-externally-managed
[5.167s] Level 1:colcon.colcon_core.environment:checking '/home/geert/ros2_ws_git/install/kuka_launch_pkg' for CMake module files
[5.168s] Level 1:colcon.colcon_core.environment:checking '/home/geert/ros2_ws_git/install/kuka_launch_pkg' for CMake config files
[5.169s] DEBUG:colcon.colcon_core.event_handler.log_command:Invoked command in '/home/geert/ros2_ws_git/src/kuka_launch_pkg' returned '0': PYTHONPATH=/home/geert/ros2_ws_git/build/kuka_launch_pkg/prefix_override:/home/geert/ros2_ws_git/install/kuka_launch_pkg/lib/python3.10/site-packages:${PYTHONPATH} /usr/bin/python3 setup.py egg_info --egg-base ../../build/kuka_launch_pkg build --build-base /home/geert/ros2_ws_git/build/kuka_launch_pkg/build install --record /home/geert/ros2_ws_git/build/kuka_launch_pkg/install.log --single-version-externally-managed
[5.169s] Level 1:colcon.colcon_core.environment:checking '/home/geert/ros2_ws_git/install/kuka_launch_pkg/lib'
[5.169s] Level 1:colcon.colcon_core.environment:checking '/home/geert/ros2_ws_git/install/kuka_launch_pkg/bin'
[5.169s] Level 1:colcon.colcon_core.environment:checking '/home/geert/ros2_ws_git/install/kuka_launch_pkg/lib/pkgconfig/kuka_launch_pkg.pc'
[5.170s] Level 1:colcon.colcon_core.environment:checking '/home/geert/ros2_ws_git/install/kuka_launch_pkg/lib/python3.10/site-packages'
[5.170s] Level 1:colcon.colcon_core.shell:create_environment_hook('kuka_launch_pkg', 'pythonpath')
[5.172s] INFO:colcon.colcon_core.shell:Creating environment hook '/home/geert/ros2_ws_git/install/kuka_launch_pkg/share/kuka_launch_pkg/hook/pythonpath.ps1'
[5.173s] INFO:colcon.colcon_core.shell:Creating environment descriptor '/home/geert/ros2_ws_git/install/kuka_launch_pkg/share/kuka_launch_pkg/hook/pythonpath.dsv'
[5.173s] INFO:colcon.colcon_core.shell:Creating environment hook '/home/geert/ros2_ws_git/install/kuka_launch_pkg/share/kuka_launch_pkg/hook/pythonpath.sh'
[5.174s] Level 1:colcon.colcon_core.environment:checking '/home/geert/ros2_ws_git/install/kuka_launch_pkg/bin'
[5.174s] Level 1:colcon.colcon_core.environment:create_environment_scripts_only(kuka_launch_pkg)
[5.176s] INFO:colcon.colcon_core.shell:Creating package script '/home/geert/ros2_ws_git/install/kuka_launch_pkg/share/kuka_launch_pkg/package.ps1'
[5.177s] INFO:colcon.colcon_core.shell:Creating package descriptor '/home/geert/ros2_ws_git/install/kuka_launch_pkg/share/kuka_launch_pkg/package.dsv'
[5.177s] INFO:colcon.colcon_core.shell:Creating package script '/home/geert/ros2_ws_git/install/kuka_launch_pkg/share/kuka_launch_pkg/package.sh'
[5.178s] INFO:colcon.colcon_core.shell:Creating package script '/home/geert/ros2_ws_git/install/kuka_launch_pkg/share/kuka_launch_pkg/package.bash'
[5.179s] INFO:colcon.colcon_core.shell:Creating package script '/home/geert/ros2_ws_git/install/kuka_launch_pkg/share/kuka_launch_pkg/package.zsh'
[5.179s] Level 1:colcon.colcon_core.environment:create_file_with_runtime_dependencies(/home/geert/ros2_ws_git/install/kuka_launch_pkg/share/colcon-core/packages/kuka_launch_pkg)
[5.180s] INFO:colcon.colcon_ros.task.ament_python.build:Building ROS package in '/home/geert/ros2_ws_git/src/data_visualiser_pkg' with build type 'ament_python'
[5.181s] Level 1:colcon.colcon_core.shell:create_environment_hook('data_visualiser_pkg', 'ament_prefix_path')
[5.183s] INFO:colcon.colcon_core.shell:Creating environment hook '/home/geert/ros2_ws_git/install/data_visualiser_pkg/share/data_visualiser_pkg/hook/ament_prefix_path.ps1'
[5.183s] INFO:colcon.colcon_core.shell:Creating environment descriptor '/home/geert/ros2_ws_git/install/data_visualiser_pkg/share/data_visualiser_pkg/hook/ament_prefix_path.dsv'
[5.183s] INFO:colcon.colcon_core.shell:Creating environment hook '/home/geert/ros2_ws_git/install/data_visualiser_pkg/share/data_visualiser_pkg/hook/ament_prefix_path.sh'
[5.186s] INFO:colcon.colcon_core.shell:Skip shell extension 'powershell' for command environment: Not usable outside of PowerShell
[5.186s] DEBUG:colcon.colcon_core.shell:Skip shell extension 'dsv' for command environment
[5.624s] INFO:colcon.colcon_core.task.python.build:Building Python package in '/home/geert/ros2_ws_git/src/data_visualiser_pkg'
[5.627s] INFO:colcon.colcon_core.shell:Skip shell extension 'powershell' for command environment: Not usable outside of PowerShell
[5.627s] DEBUG:colcon.colcon_core.shell:Skip shell extension 'dsv' for command environment
[6.147s] DEBUG:colcon.colcon_core.event_handler.log_command:Invoking command in '/home/geert/ros2_ws_git/src/data_visualiser_pkg': AMENT_PREFIX_PATH=/home/geert/ros2_ws_git/install/kuka_msgs_pkg:/home/geert/ros2_ws_git/install/serial_communication_pkg:/home/geert/ros2_ws_git/install/data_visualiser_pkg:/home/geert/ros2_ws_git/install/kuka_launch_pkg:/home/geert/ros2_ws_git/install/joystick_to_serial_pkg:/home/geert/ros2_ws_kuka/install/serial_communication_pkg:/home/geert/ros2_ws_kuka/install/serial_communication:/home/geert/ros2_ws_kuka/install/ros_arduino_communication_pkg:/home/geert/ros2_ws_kuka/install/py_serial_node:/home/geert/ros2_ws_kuka/install/joystick_to_serial_pkg:/home/geert/ros2_ws_kuka/install/joystick_to_serial:/opt/ros/iron PYTHONPATH=/home/geert/ros2_ws_git/build/data_visualiser_pkg/prefix_override:/home/geert/ros2_ws_git/install/data_visualiser_pkg/lib/python3.10/site-packages:/home/geert/ros2_ws_git/install/kuka_msgs_pkg/lib/python3.10/site-packages:/home/geert/ros2_ws_git/install/serial_communication_pkg/lib/python3.10/site-packages:/home/geert/ros2_ws_git/install/data_visualiser_pkg/lib/python3.10/site-packages:/home/geert/ros2_ws_git/install/kuka_launch_pkg/lib/python3.10/site-packages:/home/geert/ros2_ws_git/install/joystick_to_serial_pkg/lib/python3.10/site-packages:/home/geert/ros2_ws_kuka/install/serial_communication_pkg/lib/python3.10/site-packages:/home/geert/ros2_ws_kuka/install/serial_communication/lib/python3.10/site-packages:/home/geert/ros2_ws_kuka/install/ros_arduino_communication_pkg/lib/python3.10/site-packages:/home/geert/ros2_ws_kuka/install/py_serial_node/lib/python3.10/site-packages:/home/geert/ros2_ws_kuka/install/joystick_to_serial_pkg/lib/python3.10/site-packages:/home/geert/ros2_ws_kuka/install/joystick_to_serial/lib/python3.10/site-packages:/opt/ros/iron/lib/python3.10/site-packages /usr/bin/python3 setup.py egg_info --egg-base ../../build/data_visualiser_pkg build --build-base /home/geert/ros2_ws_git/build/data_visualiser_pkg/build install --record /home/geert/ros2_ws_git/build/data_visualiser_pkg/install.log --single-version-externally-managed
[6.639s] Level 1:colcon.colcon_core.environment:checking '/home/geert/ros2_ws_git/install/data_visualiser_pkg' for CMake module files
[6.640s] DEBUG:colcon.colcon_core.event_handler.log_command:Invoked command in '/home/geert/ros2_ws_git/src/data_visualiser_pkg' returned '0': AMENT_PREFIX_PATH=/home/geert/ros2_ws_git/install/kuka_msgs_pkg:/home/geert/ros2_ws_git/install/serial_communication_pkg:/home/geert/ros2_ws_git/install/data_visualiser_pkg:/home/geert/ros2_ws_git/install/kuka_launch_pkg:/home/geert/ros2_ws_git/install/joystick_to_serial_pkg:/home/geert/ros2_ws_kuka/install/serial_communication_pkg:/home/geert/ros2_ws_kuka/install/serial_communication:/home/geert/ros2_ws_kuka/install/ros_arduino_communication_pkg:/home/geert/ros2_ws_kuka/install/py_serial_node:/home/geert/ros2_ws_kuka/install/joystick_to_serial_pkg:/home/geert/ros2_ws_kuka/install/joystick_to_serial:/opt/ros/iron PYTHONPATH=/home/geert/ros2_ws_git/build/data_visualiser_pkg/prefix_override:/home/geert/ros2_ws_git/install/data_visualiser_pkg/lib/python3.10/site-packages:/home/geert/ros2_ws_git/install/kuka_msgs_pkg/lib/python3.10/site-packages:/home/geert/ros2_ws_git/install/serial_communication_pkg/lib/python3.10/site-packages:/home/geert/ros2_ws_git/install/data_visualiser_pkg/lib/python3.10/site-packages:/home/geert/ros2_ws_git/install/kuka_launch_pkg/lib/python3.10/site-packages:/home/geert/ros2_ws_git/install/joystick_to_serial_pkg/lib/python3.10/site-packages:/home/geert/ros2_ws_kuka/install/serial_communication_pkg/lib/python3.10/site-packages:/home/geert/ros2_ws_kuka/install/serial_communication/lib/python3.10/site-packages:/home/geert/ros2_ws_kuka/install/ros_arduino_communication_pkg/lib/python3.10/site-packages:/home/geert/ros2_ws_kuka/install/py_serial_node/lib/python3.10/site-packages:/home/geert/ros2_ws_kuka/install/joystick_to_serial_pkg/lib/python3.10/site-packages:/home/geert/ros2_ws_kuka/install/joystick_to_serial/lib/python3.10/site-packages:/opt/ros/iron/lib/python3.10/site-packages /usr/bin/python3 setup.py egg_info --egg-base ../../build/data_visualiser_pkg build --build-base /home/geert/ros2_ws_git/build/data_visualiser_pkg/build install --record /home/geert/ros2_ws_git/build/data_visualiser_pkg/install.log --single-version-externally-managed
[6.640s] Level 1:colcon.colcon_core.environment:checking '/home/geert/ros2_ws_git/install/data_visualiser_pkg' for CMake config files
[6.642s] Level 1:colcon.colcon_core.environment:checking '/home/geert/ros2_ws_git/install/data_visualiser_pkg/lib'
[6.642s] Level 1:colcon.colcon_core.environment:checking '/home/geert/ros2_ws_git/install/data_visualiser_pkg/bin'
[6.642s] Level 1:colcon.colcon_core.environment:checking '/home/geert/ros2_ws_git/install/data_visualiser_pkg/lib/pkgconfig/data_visualiser_pkg.pc'
[6.642s] Level 1:colcon.colcon_core.environment:checking '/home/geert/ros2_ws_git/install/data_visualiser_pkg/lib/python3.10/site-packages'
[6.642s] Level 1:colcon.colcon_core.shell:create_environment_hook('data_visualiser_pkg', 'pythonpath')
[6.644s] INFO:colcon.colcon_core.shell:Creating environment hook '/home/geert/ros2_ws_git/install/data_visualiser_pkg/share/data_visualiser_pkg/hook/pythonpath.ps1'
[6.645s] INFO:colcon.colcon_core.shell:Creating environment descriptor '/home/geert/ros2_ws_git/install/data_visualiser_pkg/share/data_visualiser_pkg/hook/pythonpath.dsv'
[6.645s] INFO:colcon.colcon_core.shell:Creating environment hook '/home/geert/ros2_ws_git/install/data_visualiser_pkg/share/data_visualiser_pkg/hook/pythonpath.sh'
[6.646s] Level 1:colcon.colcon_core.environment:checking '/home/geert/ros2_ws_git/install/data_visualiser_pkg/bin'
[6.646s] Level 1:colcon.colcon_core.environment:create_environment_scripts_only(data_visualiser_pkg)
[6.649s] INFO:colcon.colcon_core.shell:Creating package script '/home/geert/ros2_ws_git/install/data_visualiser_pkg/share/data_visualiser_pkg/package.ps1'
[6.649s] INFO:colcon.colcon_core.shell:Creating package descriptor '/home/geert/ros2_ws_git/install/data_visualiser_pkg/share/data_visualiser_pkg/package.dsv'
[6.650s] INFO:colcon.colcon_core.shell:Creating package script '/home/geert/ros2_ws_git/install/data_visualiser_pkg/share/data_visualiser_pkg/package.sh'
[6.650s] INFO:colcon.colcon_core.shell:Creating package script '/home/geert/ros2_ws_git/install/data_visualiser_pkg/share/data_visualiser_pkg/package.bash'
[6.651s] INFO:colcon.colcon_core.shell:Creating package script '/home/geert/ros2_ws_git/install/data_visualiser_pkg/share/data_visualiser_pkg/package.zsh'
[6.651s] Level 1:colcon.colcon_core.environment:create_file_with_runtime_dependencies(/home/geert/ros2_ws_git/install/data_visualiser_pkg/share/colcon-core/packages/data_visualiser_pkg)
[6.652s] INFO:colcon.colcon_ros.task.ament_python.build:Building ROS package in '/home/geert/ros2_ws_git/src/serial_communication_pkg' with build type 'ament_python'
[6.653s] Level 1:colcon.colcon_core.shell:create_environment_hook('serial_communication_pkg', 'ament_prefix_path')
[6.655s] INFO:colcon.colcon_core.shell:Creating environment hook '/home/geert/ros2_ws_git/install/serial_communication_pkg/share/serial_communication_pkg/hook/ament_prefix_path.ps1'
[6.655s] INFO:colcon.colcon_core.shell:Creating environment descriptor '/home/geert/ros2_ws_git/install/serial_communication_pkg/share/serial_communication_pkg/hook/ament_prefix_path.dsv'
[6.656s] INFO:colcon.colcon_core.shell:Creating environment hook '/home/geert/ros2_ws_git/install/serial_communication_pkg/share/serial_communication_pkg/hook/ament_prefix_path.sh'
[6.659s] INFO:colcon.colcon_core.shell:Skip shell extension 'powershell' for command environment: Not usable outside of PowerShell
[6.659s] DEBUG:colcon.colcon_core.shell:Skip shell extension 'dsv' for command environment
[7.104s] INFO:colcon.colcon_core.task.python.build:Building Python package in '/home/geert/ros2_ws_git/src/serial_communication_pkg'
[7.106s] INFO:colcon.colcon_core.shell:Skip shell extension 'powershell' for command environment: Not usable outside of PowerShell
[7.106s] DEBUG:colcon.colcon_core.shell:Skip shell extension 'dsv' for command environment
[7.613s] DEBUG:colcon.colcon_core.event_handler.log_command:Invoking command in '/home/geert/ros2_ws_git/src/serial_communication_pkg': AMENT_PREFIX_PATH=/home/geert/ros2_ws_git/install/kuka_msgs_pkg:/home/geert/ros2_ws_git/install/serial_communication_pkg:/home/geert/ros2_ws_git/install/data_visualiser_pkg:/home/geert/ros2_ws_git/install/kuka_launch_pkg:/home/geert/ros2_ws_git/install/joystick_to_serial_pkg:/home/geert/ros2_ws_kuka/install/serial_communication_pkg:/home/geert/ros2_ws_kuka/install/serial_communication:/home/geert/ros2_ws_kuka/install/ros_arduino_communication_pkg:/home/geert/ros2_ws_kuka/install/py_serial_node:/home/geert/ros2_ws_kuka/install/joystick_to_serial_pkg:/home/geert/ros2_ws_kuka/install/joystick_to_serial:/opt/ros/iron PYTHONPATH=/home/geert/ros2_ws_git/build/serial_communication_pkg/prefix_override:/home/geert/ros2_ws_git/install/serial_communication_pkg/lib/python3.10/site-packages:/home/geert/ros2_ws_git/install/kuka_msgs_pkg/lib/python3.10/site-packages:/home/geert/ros2_ws_git/install/serial_communication_pkg/lib/python3.10/site-packages:/home/geert/ros2_ws_git/install/data_visualiser_pkg/lib/python3.10/site-packages:/home/geert/ros2_ws_git/install/kuka_launch_pkg/lib/python3.10/site-packages:/home/geert/ros2_ws_git/install/joystick_to_serial_pkg/lib/python3.10/site-packages:/home/geert/ros2_ws_kuka/install/serial_communication_pkg/lib/python3.10/site-packages:/home/geert/ros2_ws_kuka/install/serial_communication/lib/python3.10/site-packages:/home/geert/ros2_ws_kuka/install/ros_arduino_communication_pkg/lib/python3.10/site-packages:/home/geert/ros2_ws_kuka/install/py_serial_node/lib/python3.10/site-packages:/home/geert/ros2_ws_kuka/install/joystick_to_serial_pkg/lib/python3.10/site-packages:/home/geert/ros2_ws_kuka/install/joystick_to_serial/lib/python3.10/site-packages:/opt/ros/iron/lib/python3.10/site-packages /usr/bin/python3 setup.py egg_info --egg-base ../../build/serial_communication_pkg build --build-base /home/geert/ros2_ws_git/build/serial_communication_pkg/build install --record /home/geert/ros2_ws_git/build/serial_communication_pkg/install.log --single-version-externally-managed
[8.076s] Level 1:colcon.colcon_core.environment:checking '/home/geert/ros2_ws_git/install/serial_communication_pkg' for CMake module files
[8.077s] DEBUG:colcon.colcon_core.event_handler.log_command:Invoked command in '/home/geert/ros2_ws_git/src/serial_communication_pkg' returned '0': AMENT_PREFIX_PATH=/home/geert/ros2_ws_git/install/kuka_msgs_pkg:/home/geert/ros2_ws_git/install/serial_communication_pkg:/home/geert/ros2_ws_git/install/data_visualiser_pkg:/home/geert/ros2_ws_git/install/kuka_launch_pkg:/home/geert/ros2_ws_git/install/joystick_to_serial_pkg:/home/geert/ros2_ws_kuka/install/serial_communication_pkg:/home/geert/ros2_ws_kuka/install/serial_communication:/home/geert/ros2_ws_kuka/install/ros_arduino_communication_pkg:/home/geert/ros2_ws_kuka/install/py_serial_node:/home/geert/ros2_ws_kuka/install/joystick_to_serial_pkg:/home/geert/ros2_ws_kuka/install/joystick_to_serial:/opt/ros/iron PYTHONPATH=/home/geert/ros2_ws_git/build/serial_communication_pkg/prefix_override:/home/geert/ros2_ws_git/install/serial_communication_pkg/lib/python3.10/site-packages:/home/geert/ros2_ws_git/install/kuka_msgs_pkg/lib/python3.10/site-packages:/home/geert/ros2_ws_git/install/serial_communication_pkg/lib/python3.10/site-packages:/home/geert/ros2_ws_git/install/data_visualiser_pkg/lib/python3.10/site-packages:/home/geert/ros2_ws_git/install/kuka_launch_pkg/lib/python3.10/site-packages:/home/geert/ros2_ws_git/install/joystick_to_serial_pkg/lib/python3.10/site-packages:/home/geert/ros2_ws_kuka/install/serial_communication_pkg/lib/python3.10/site-packages:/home/geert/ros2_ws_kuka/install/serial_communication/lib/python3.10/site-packages:/home/geert/ros2_ws_kuka/install/ros_arduino_communication_pkg/lib/python3.10/site-packages:/home/geert/ros2_ws_kuka/install/py_serial_node/lib/python3.10/site-packages:/home/geert/ros2_ws_kuka/install/joystick_to_serial_pkg/lib/python3.10/site-packages:/home/geert/ros2_ws_kuka/install/joystick_to_serial/lib/python3.10/site-packages:/opt/ros/iron/lib/python3.10/site-packages /usr/bin/python3 setup.py egg_info --egg-base ../../build/serial_communication_pkg build --build-base /home/geert/ros2_ws_git/build/serial_communication_pkg/build install --record /home/geert/ros2_ws_git/build/serial_communication_pkg/install.log --single-version-externally-managed
[8.077s] Level 1:colcon.colcon_core.environment:checking '/home/geert/ros2_ws_git/install/serial_communication_pkg' for CMake config files
[8.078s] Level 1:colcon.colcon_core.environment:checking '/home/geert/ros2_ws_git/install/serial_communication_pkg/lib'
[8.078s] Level 1:colcon.colcon_core.environment:checking '/home/geert/ros2_ws_git/install/serial_communication_pkg/bin'
[8.078s] Level 1:colcon.colcon_core.environment:checking '/home/geert/ros2_ws_git/install/serial_communication_pkg/lib/pkgconfig/serial_communication_pkg.pc'
[8.079s] Level 1:colcon.colcon_core.environment:checking '/home/geert/ros2_ws_git/install/serial_communication_pkg/lib/python3.10/site-packages'
[8.079s] Level 1:colcon.colcon_core.shell:create_environment_hook('serial_communication_pkg', 'pythonpath')
[8.081s] INFO:colcon.colcon_core.shell:Creating environment hook '/home/geert/ros2_ws_git/install/serial_communication_pkg/share/serial_communication_pkg/hook/pythonpath.ps1'
[8.081s] INFO:colcon.colcon_core.shell:Creating environment descriptor '/home/geert/ros2_ws_git/install/serial_communication_pkg/share/serial_communication_pkg/hook/pythonpath.dsv'
[8.081s] INFO:colcon.colcon_core.shell:Creating environment hook '/home/geert/ros2_ws_git/install/serial_communication_pkg/share/serial_communication_pkg/hook/pythonpath.sh'
[8.082s] Level 1:colcon.colcon_core.environment:checking '/home/geert/ros2_ws_git/install/serial_communication_pkg/bin'
[8.082s] Level 1:colcon.colcon_core.environment:create_environment_scripts_only(serial_communication_pkg)
[8.084s] INFO:colcon.colcon_core.shell:Creating package script '/home/geert/ros2_ws_git/install/serial_communication_pkg/share/serial_communication_pkg/package.ps1'
[8.085s] INFO:colcon.colcon_core.shell:Creating package descriptor '/home/geert/ros2_ws_git/install/serial_communication_pkg/share/serial_communication_pkg/package.dsv'
[8.085s] INFO:colcon.colcon_core.shell:Creating package script '/home/geert/ros2_ws_git/install/serial_communication_pkg/share/serial_communication_pkg/package.sh'
[8.086s] INFO:colcon.colcon_core.shell:Creating package script '/home/geert/ros2_ws_git/install/serial_communication_pkg/share/serial_communication_pkg/package.bash'
[8.086s] INFO:colcon.colcon_core.shell:Creating package script '/home/geert/ros2_ws_git/install/serial_communication_pkg/share/serial_communication_pkg/package.zsh'
[8.087s] Level 1:colcon.colcon_core.environment:create_file_with_runtime_dependencies(/home/geert/ros2_ws_git/install/serial_communication_pkg/share/colcon-core/packages/serial_communication_pkg)
[8.088s] DEBUG:colcon.colcon_parallel_executor.executor.parallel:closing loop
[8.088s] DEBUG:colcon.colcon_parallel_executor.executor.parallel:loop closed
[8.088s] DEBUG:colcon.colcon_parallel_executor.executor.parallel:run_until_complete finished with '0'
[8.088s] DEBUG:colcon.colcon_core.event_reactor:joining thread
[8.094s] INFO:colcon.colcon_core.plugin_system:Skipping extension 'colcon_notification.desktop_notification.terminal_notifier': Not used on non-Darwin systems
[8.094s] INFO:colcon.colcon_core.plugin_system:Skipping extension 'colcon_notification.desktop_notification.win32': Not used on non-Windows systems
[8.094s] INFO:colcon.colcon_notification.desktop_notification:Sending desktop notification using 'notify2'
[8.110s] DEBUG:colcon.colcon_core.event_reactor:joined thread
[8.112s] INFO:colcon.colcon_core.shell:Creating prefix script '/home/geert/ros2_ws_git/install/local_setup.ps1'
[8.113s] INFO:colcon.colcon_core.shell:Creating prefix util module '/home/geert/ros2_ws_git/install/_local_setup_util_ps1.py'
[8.120s] INFO:colcon.colcon_core.shell:Creating prefix chain script '/home/geert/ros2_ws_git/install/setup.ps1'
[8.125s] INFO:colcon.colcon_core.shell:Creating prefix script '/home/geert/ros2_ws_git/install/local_setup.sh'
[8.125s] INFO:colcon.colcon_core.shell:Creating prefix util module '/home/geert/ros2_ws_git/install/_local_setup_util_sh.py'
[8.126s] INFO:colcon.colcon_core.shell:Creating prefix chain script '/home/geert/ros2_ws_git/install/setup.sh'
[8.128s] INFO:colcon.colcon_core.shell:Creating prefix script '/home/geert/ros2_ws_git/install/local_setup.bash'
[8.133s] INFO:colcon.colcon_core.shell:Creating prefix chain script '/home/geert/ros2_ws_git/install/setup.bash'
[8.140s] INFO:colcon.colcon_core.shell:Creating prefix script '/home/geert/ros2_ws_git/install/local_setup.zsh'
[8.141s] INFO:colcon.colcon_core.shell:Creating prefix chain script '/home/geert/ros2_ws_git/install/setup.zsh'
