running egg_info
creating ../../build/kuka_msgs_pkg/kuka_msgs_pkg.egg-info
writing ../../build/kuka_msgs_pkg/kuka_msgs_pkg.egg-info/PKG-INFO
writing dependency_links to ../../build/kuka_msgs_pkg/kuka_msgs_pkg.egg-info/dependency_links.txt
writing entry points to ../../build/kuka_msgs_pkg/kuka_msgs_pkg.egg-info/entry_points.txt
writing requirements to ../../build/kuka_msgs_pkg/kuka_msgs_pkg.egg-info/requires.txt
writing top-level names to ../../build/kuka_msgs_pkg/kuka_msgs_pkg.egg-info/top_level.txt
writing manifest file '../../build/kuka_msgs_pkg/kuka_msgs_pkg.egg-info/SOURCES.txt'
reading manifest file '../../build/kuka_msgs_pkg/kuka_msgs_pkg.egg-info/SOURCES.txt'
writing manifest file '../../build/kuka_msgs_pkg/kuka_msgs_pkg.egg-info/SOURCES.txt'
running build
running build_py
creating /home/geert/ros2_ws_git/build/kuka_msgs_pkg/build
creating /home/geert/ros2_ws_git/build/kuka_msgs_pkg/build/lib
creating /home/geert/ros2_ws_git/build/kuka_msgs_pkg/build/lib/kuka_msgs_pkg
copying kuka_msgs_pkg/__init__.py -> /home/geert/ros2_ws_git/build/kuka_msgs_pkg/build/lib/kuka_msgs_pkg
running install
running install_lib
creating /home/geert/ros2_ws_git/install/kuka_msgs_pkg/lib/python3.10/site-packages/kuka_msgs_pkg
copying /home/geert/ros2_ws_git/build/kuka_msgs_pkg/build/lib/kuka_msgs_pkg/__init__.py -> /home/geert/ros2_ws_git/install/kuka_msgs_pkg/lib/python3.10/site-packages/kuka_msgs_pkg
byte-compiling /home/geert/ros2_ws_git/install/kuka_msgs_pkg/lib/python3.10/site-packages/kuka_msgs_pkg/__init__.py to __init__.cpython-310.pyc
running install_data
creating /home/geert/ros2_ws_git/install/kuka_msgs_pkg/share/ament_index
creating /home/geert/ros2_ws_git/install/kuka_msgs_pkg/share/ament_index/resource_index
creating /home/geert/ros2_ws_git/install/kuka_msgs_pkg/share/ament_index/resource_index/packages
copying resource/kuka_msgs_pkg -> /home/geert/ros2_ws_git/install/kuka_msgs_pkg/share/ament_index/resource_index/packages
copying package.xml -> /home/geert/ros2_ws_git/install/kuka_msgs_pkg/share/kuka_msgs_pkg
running install_egg_info
Copying ../../build/kuka_msgs_pkg/kuka_msgs_pkg.egg-info to /home/geert/ros2_ws_git/install/kuka_msgs_pkg/lib/python3.10/site-packages/kuka_msgs_pkg-0.0.0-py3.10.egg-info
running install_scripts
writing list of installed files to '/home/geert/ros2_ws_git/build/kuka_msgs_pkg/install.log'
