[0.003s] Invoking command in '/home/geert/ros2_ws_git/build/kuka_msgs_pkg': CMAKE_PREFIX_PATH=/home/geert/ros2_ws_git/install/serial_communication_pkg:/home/geert/ros2_ws_git/install/data_visualiser_pkg:/home/geert/ros2_ws_git/install/kuka_msgs_pkg:/home/geert/ros2_ws_git/install/kuka_launch_pkg:/home/geert/ros2_ws_git/install/joystick_to_serial_pkg:/opt/ros/iron /usr/bin/cmake /home/geert/ros2_ws_git/src/kuka_msgs_pkg -DCMAKE_INSTALL_PREFIX=/home/geert/ros2_ws_git/install/kuka_msgs_pkg
[0.213s] -- The C compiler identification is GNU 11.3.0
[0.362s] -- The CXX compiler identification is GNU 11.3.0
[0.378s] -- Detecting C compiler ABI info
[0.472s] -- Detecting C compiler ABI info - done
[0.489s] -- Check for working C compiler: /usr/bin/cc - skipped
[0.490s] -- Detecting C compile features
[0.491s] -- Detecting C compile features - done
[0.495s] -- Detecting CXX compiler ABI info
[0.594s] -- Detecting CXX compiler ABI info - done
[0.610s] -- Check for working CXX compiler: /usr/bin/c++ - skipped
[0.611s] -- Detecting CXX compile features
[0.612s] -- Detecting CXX compile features - done
[0.631s] -- Found ament_cmake: 2.0.2 (/opt/ros/iron/share/ament_cmake/cmake)
[0.879s] -- Found Python3: /usr/bin/python3.10 (found version "3.10.6") found components: Interpreter 
[1.044s] -- Found rosidl_default_generators: 1.5.0 (/opt/ros/iron/share/rosidl_default_generators/cmake)
[1.056s] -- Using all available rosidl_typesupport_c: rosidl_typesupport_fastrtps_c;rosidl_typesupport_introspection_c
[1.169s] -- Using all available rosidl_typesupport_cpp: rosidl_typesupport_fastrtps_cpp;rosidl_typesupport_introspection_cpp
[1.254s] -- Found rosidl_adapter: 4.0.0 (/opt/ros/iron/share/rosidl_adapter/cmake)
[1.706s] -- Found ament_cmake_ros: 0.11.2 (/opt/ros/iron/share/ament_cmake_ros/cmake)
[1.975s] -- Using all available rosidl_typesupport_c: rosidl_typesupport_fastrtps_c;rosidl_typesupport_introspection_c
[2.303s] -- Using all available rosidl_typesupport_cpp: rosidl_typesupport_fastrtps_cpp;rosidl_typesupport_introspection_cpp
[2.334s] -- Found PythonInterp: /usr/bin/python3 (found suitable version "3.10.6", minimum required is "3.6") 
[2.337s] -- Found python_cmake_module: 0.10.2 (/opt/ros/iron/share/python_cmake_module/cmake)
[2.387s] -- Found PythonLibs: /usr/lib/x86_64-linux-gnu/libpython3.10.so (found suitable version "3.10.6", minimum required is "3.5") 
[2.388s] -- Using PYTHON_EXECUTABLE: /usr/bin/python3
[2.388s] -- Using PYTHON_INCLUDE_DIRS: /usr/include/python3.10
[2.388s] -- Using PYTHON_LIBRARIES: /usr/lib/x86_64-linux-gnu/libpython3.10.so
[2.414s] -- Found PythonExtra: .so  
[2.460s] -- Found ament_lint_auto: 0.14.1 (/opt/ros/iron/share/ament_lint_auto/cmake)
[2.511s] -- Added test 'lint_cmake' to check CMake code style
[2.513s] -- Added test 'xmllint' to check XML markup files
[2.518s] -- Configuring done
[2.554s] -- Generating done
[2.559s] -- Build files have been written to: /home/geert/ros2_ws_git/build/kuka_msgs_pkg
[2.567s] Invoked command in '/home/geert/ros2_ws_git/build/kuka_msgs_pkg' returned '0': CMAKE_PREFIX_PATH=/home/geert/ros2_ws_git/install/serial_communication_pkg:/home/geert/ros2_ws_git/install/data_visualiser_pkg:/home/geert/ros2_ws_git/install/kuka_msgs_pkg:/home/geert/ros2_ws_git/install/kuka_launch_pkg:/home/geert/ros2_ws_git/install/joystick_to_serial_pkg:/opt/ros/iron /usr/bin/cmake /home/geert/ros2_ws_git/src/kuka_msgs_pkg -DCMAKE_INSTALL_PREFIX=/home/geert/ros2_ws_git/install/kuka_msgs_pkg
[2.568s] Invoking command in '/home/geert/ros2_ws_git/build/kuka_msgs_pkg': CMAKE_PREFIX_PATH=/home/geert/ros2_ws_git/install/serial_communication_pkg:/home/geert/ros2_ws_git/install/data_visualiser_pkg:/home/geert/ros2_ws_git/install/kuka_msgs_pkg:/home/geert/ros2_ws_git/install/kuka_launch_pkg:/home/geert/ros2_ws_git/install/joystick_to_serial_pkg:/opt/ros/iron /usr/bin/cmake --build /home/geert/ros2_ws_git/build/kuka_msgs_pkg -- -j1 -l1
[2.629s] [  2%] [34m[1mGenerating type hashes for ROS interfaces[0m
[2.956s] [  2%] Built target kuka_msgs_pkg__rosidl_generator_type_description
[2.974s] [  5%] [34m[1mGenerating C++ code for ROS interfaces[0m
[3.428s] [  5%] Built target kuka_msgs_pkg__cpp
[3.438s] [  8%] [34m[1mGenerating C code for ROS interfaces[0m
[3.974s] [ 11%] [32mBuilding C object CMakeFiles/kuka_msgs_pkg__rosidl_generator_c.dir/rosidl_generator_c/kuka_msgs_pkg/msg/detail/single_wheel_data__description.c.o[0m
[4.047s] [ 14%] [32mBuilding C object CMakeFiles/kuka_msgs_pkg__rosidl_generator_c.dir/rosidl_generator_c/kuka_msgs_pkg/msg/detail/single_wheel_data__functions.c.o[0m
[4.115s] [ 17%] [32mBuilding C object CMakeFiles/kuka_msgs_pkg__rosidl_generator_c.dir/rosidl_generator_c/kuka_msgs_pkg/msg/detail/single_wheel_data__type_support.c.o[0m
[4.145s] [ 20%] [32m[1mLinking C shared library libkuka_msgs_pkg__rosidl_generator_c.so[0m
[4.181s] [ 20%] Built target kuka_msgs_pkg__rosidl_generator_c
[4.190s] [ 23%] [34m[1mGenerating C++ type support dispatch for ROS interfaces[0m
[4.573s] [ 26%] [32mBuilding CXX object CMakeFiles/kuka_msgs_pkg__rosidl_typesupport_cpp.dir/rosidl_typesupport_cpp/kuka_msgs_pkg/msg/single_wheel_data__type_support.cpp.o[0m
[5.107s] [ 29%] [32m[1mLinking CXX shared library libkuka_msgs_pkg__rosidl_typesupport_cpp.so[0m
[5.163s] [ 29%] Built target kuka_msgs_pkg__rosidl_typesupport_cpp
[5.172s] [ 32%] [34m[1mGenerating C type support for eProsima Fast-RTPS[0m
[5.612s] [ 35%] [32mBuilding CXX object CMakeFiles/kuka_msgs_pkg__rosidl_typesupport_fastrtps_c.dir/rosidl_typesupport_fastrtps_c/kuka_msgs_pkg/msg/detail/single_wheel_data__type_support_c.cpp.o[0m
[6.070s] [ 38%] [32m[1mLinking CXX shared library libkuka_msgs_pkg__rosidl_typesupport_fastrtps_c.so[0m
[6.144s] [ 38%] Built target kuka_msgs_pkg__rosidl_typesupport_fastrtps_c
[6.161s] [ 41%] [34m[1mGenerating C introspection for ROS interfaces[0m
[6.603s] [ 44%] [32mBuilding C object CMakeFiles/kuka_msgs_pkg__rosidl_typesupport_introspection_c.dir/rosidl_typesupport_introspection_c/kuka_msgs_pkg/msg/detail/single_wheel_data__type_support.c.o[0m
[6.642s] [ 47%] [32m[1mLinking C shared library libkuka_msgs_pkg__rosidl_typesupport_introspection_c.so[0m
[6.685s] [ 47%] Built target kuka_msgs_pkg__rosidl_typesupport_introspection_c
[6.695s] [ 50%] [34m[1mGenerating C type support dispatch for ROS interfaces[0m
[7.067s] [ 52%] [32mBuilding CXX object CMakeFiles/kuka_msgs_pkg__rosidl_typesupport_c.dir/rosidl_typesupport_c/kuka_msgs_pkg/msg/single_wheel_data__type_support.cpp.o[0m
[7.133s] [ 55%] [32m[1mLinking CXX shared library libkuka_msgs_pkg__rosidl_typesupport_c.so[0m
[7.191s] [ 55%] Built target kuka_msgs_pkg__rosidl_typesupport_c
[7.201s] [ 58%] [34m[1mGenerating C++ type support for eProsima Fast-RTPS[0m
[7.634s] [ 61%] [32mBuilding CXX object CMakeFiles/kuka_msgs_pkg__rosidl_typesupport_fastrtps_cpp.dir/rosidl_typesupport_fastrtps_cpp/kuka_msgs_pkg/msg/detail/dds_fastrtps/single_wheel_data__type_support.cpp.o[0m
[8.290s] [ 64%] [32m[1mLinking CXX shared library libkuka_msgs_pkg__rosidl_typesupport_fastrtps_cpp.so[0m
[8.388s] [ 64%] Built target kuka_msgs_pkg__rosidl_typesupport_fastrtps_cpp
[8.397s] [ 67%] [34m[1mGenerating C++ introspection for ROS interfaces[0m
[8.862s] [ 70%] [32mBuilding CXX object CMakeFiles/kuka_msgs_pkg__rosidl_typesupport_introspection_cpp.dir/rosidl_typesupport_introspection_cpp/kuka_msgs_pkg/msg/detail/single_wheel_data__type_support.cpp.o[0m
[9.370s] [ 73%] [32m[1mLinking CXX shared library libkuka_msgs_pkg__rosidl_typesupport_introspection_cpp.so[0m
[9.430s] [ 73%] Built target kuka_msgs_pkg__rosidl_typesupport_introspection_cpp
[9.448s] [ 73%] Built target kuka_msgs_pkg
[9.475s] [ 73%] Built target ament_cmake_python_copy_kuka_msgs_pkg
[9.896s] running egg_info
[9.897s] creating kuka_msgs_pkg.egg-info
[9.898s] writing kuka_msgs_pkg.egg-info/PKG-INFO
[9.898s] writing dependency_links to kuka_msgs_pkg.egg-info/dependency_links.txt
[9.898s] writing top-level names to kuka_msgs_pkg.egg-info/top_level.txt
[9.899s] writing manifest file 'kuka_msgs_pkg.egg-info/SOURCES.txt'
[9.902s] reading manifest file 'kuka_msgs_pkg.egg-info/SOURCES.txt'
[9.903s] writing manifest file 'kuka_msgs_pkg.egg-info/SOURCES.txt'
[9.942s] [ 73%] Built target ament_cmake_python_build_kuka_msgs_pkg_egg
[9.961s] [ 76%] [34m[1mGenerating Python code for ROS interfaces[0m
[10.542s] [ 76%] Built target kuka_msgs_pkg__py
[10.574s] [ 79%] [32mBuilding C object CMakeFiles/kuka_msgs_pkg__rosidl_generator_py.dir/rosidl_generator_py/kuka_msgs_pkg/msg/_single_wheel_data_s.c.o[0m
[10.761s] [ 82%] [32m[1mLinking C shared library rosidl_generator_py/kuka_msgs_pkg/libkuka_msgs_pkg__rosidl_generator_py.so[0m
[10.816s] [ 82%] Built target kuka_msgs_pkg__rosidl_generator_py
[10.836s] [ 85%] [32mBuilding C object CMakeFiles/kuka_msgs_pkg__rosidl_typesupport_fastrtps_c__pyext.dir/rosidl_generator_py/kuka_msgs_pkg/_kuka_msgs_pkg_s.ep.rosidl_typesupport_fastrtps_c.c.o[0m
[10.983s] [ 88%] [32m[1mLinking C shared library rosidl_generator_py/kuka_msgs_pkg/kuka_msgs_pkg_s__rosidl_typesupport_fastrtps_c.cpython-310-x86_64-linux-gnu.so[0m
[11.020s] [ 88%] Built target kuka_msgs_pkg__rosidl_typesupport_fastrtps_c__pyext
[11.039s] [ 91%] [32mBuilding C object CMakeFiles/kuka_msgs_pkg__rosidl_typesupport_introspection_c__pyext.dir/rosidl_generator_py/kuka_msgs_pkg/_kuka_msgs_pkg_s.ep.rosidl_typesupport_introspection_c.c.o[0m
[11.177s] [ 94%] [32m[1mLinking C shared library rosidl_generator_py/kuka_msgs_pkg/kuka_msgs_pkg_s__rosidl_typesupport_introspection_c.cpython-310-x86_64-linux-gnu.so[0m
[11.214s] [ 94%] Built target kuka_msgs_pkg__rosidl_typesupport_introspection_c__pyext
[11.233s] [ 97%] [32mBuilding C object CMakeFiles/kuka_msgs_pkg__rosidl_typesupport_c__pyext.dir/rosidl_generator_py/kuka_msgs_pkg/_kuka_msgs_pkg_s.ep.rosidl_typesupport_c.c.o[0m
[11.362s] [100%] [32m[1mLinking C shared library rosidl_generator_py/kuka_msgs_pkg/kuka_msgs_pkg_s__rosidl_typesupport_c.cpython-310-x86_64-linux-gnu.so[0m
[11.417s] [100%] Built target kuka_msgs_pkg__rosidl_typesupport_c__pyext
[11.429s] Invoked command in '/home/geert/ros2_ws_git/build/kuka_msgs_pkg' returned '0': CMAKE_PREFIX_PATH=/home/geert/ros2_ws_git/install/serial_communication_pkg:/home/geert/ros2_ws_git/install/data_visualiser_pkg:/home/geert/ros2_ws_git/install/kuka_msgs_pkg:/home/geert/ros2_ws_git/install/kuka_launch_pkg:/home/geert/ros2_ws_git/install/joystick_to_serial_pkg:/opt/ros/iron /usr/bin/cmake --build /home/geert/ros2_ws_git/build/kuka_msgs_pkg -- -j1 -l1
[11.517s] Invoking command in '/home/geert/ros2_ws_git/build/kuka_msgs_pkg': CMAKE_PREFIX_PATH=/home/geert/ros2_ws_git/install/serial_communication_pkg:/home/geert/ros2_ws_git/install/data_visualiser_pkg:/home/geert/ros2_ws_git/install/kuka_msgs_pkg:/home/geert/ros2_ws_git/install/kuka_launch_pkg:/home/geert/ros2_ws_git/install/joystick_to_serial_pkg:/opt/ros/iron /usr/bin/cmake --install /home/geert/ros2_ws_git/build/kuka_msgs_pkg
[11.526s] -- Install configuration: ""
[11.526s] -- Installing: /home/geert/ros2_ws_git/install/kuka_msgs_pkg/share/ament_index/resource_index/rosidl_interfaces/kuka_msgs_pkg
[11.527s] -- Installing: /home/geert/ros2_ws_git/install/kuka_msgs_pkg/share/kuka_msgs_pkg/msg/SingleWheelData.json
[11.527s] -- Installing: /home/geert/ros2_ws_git/install/kuka_msgs_pkg/include/kuka_msgs_pkg/kuka_msgs_pkg
[11.528s] -- Installing: /home/geert/ros2_ws_git/install/kuka_msgs_pkg/include/kuka_msgs_pkg/kuka_msgs_pkg/msg
[11.528s] -- Installing: /home/geert/ros2_ws_git/install/kuka_msgs_pkg/include/kuka_msgs_pkg/kuka_msgs_pkg/msg/detail
[11.528s] -- Installing: /home/geert/ros2_ws_git/install/kuka_msgs_pkg/include/kuka_msgs_pkg/kuka_msgs_pkg/msg/detail/single_wheel_data__struct.h
[11.528s] -- Installing: /home/geert/ros2_ws_git/install/kuka_msgs_pkg/include/kuka_msgs_pkg/kuka_msgs_pkg/msg/detail/single_wheel_data__type_support.c
[11.529s] -- Installing: /home/geert/ros2_ws_git/install/kuka_msgs_pkg/include/kuka_msgs_pkg/kuka_msgs_pkg/msg/detail/single_wheel_data__functions.c
[11.529s] -- Installing: /home/geert/ros2_ws_git/install/kuka_msgs_pkg/include/kuka_msgs_pkg/kuka_msgs_pkg/msg/detail/single_wheel_data__type_support.h
[11.529s] -- Installing: /home/geert/ros2_ws_git/install/kuka_msgs_pkg/include/kuka_msgs_pkg/kuka_msgs_pkg/msg/detail/single_wheel_data__description.c
[11.529s] -- Installing: /home/geert/ros2_ws_git/install/kuka_msgs_pkg/include/kuka_msgs_pkg/kuka_msgs_pkg/msg/detail/single_wheel_data__functions.h
[11.530s] -- Installing: /home/geert/ros2_ws_git/install/kuka_msgs_pkg/include/kuka_msgs_pkg/kuka_msgs_pkg/msg/rosidl_generator_c__visibility_control.h
[11.530s] -- Installing: /home/geert/ros2_ws_git/install/kuka_msgs_pkg/include/kuka_msgs_pkg/kuka_msgs_pkg/msg/single_wheel_data.h
[11.531s] -- Installing: /home/geert/ros2_ws_git/install/kuka_msgs_pkg/share/kuka_msgs_pkg/environment/library_path.sh
[11.531s] -- Installing: /home/geert/ros2_ws_git/install/kuka_msgs_pkg/share/kuka_msgs_pkg/environment/library_path.dsv
[11.531s] -- Installing: /home/geert/ros2_ws_git/install/kuka_msgs_pkg/lib/libkuka_msgs_pkg__rosidl_generator_c.so
[11.532s] -- Set runtime path of "/home/geert/ros2_ws_git/install/kuka_msgs_pkg/lib/libkuka_msgs_pkg__rosidl_generator_c.so" to ""
[11.532s] -- Up-to-date: /home/geert/ros2_ws_git/install/kuka_msgs_pkg/include/kuka_msgs_pkg/kuka_msgs_pkg
[11.532s] -- Up-to-date: /home/geert/ros2_ws_git/install/kuka_msgs_pkg/include/kuka_msgs_pkg/kuka_msgs_pkg/msg
[11.532s] -- Up-to-date: /home/geert/ros2_ws_git/install/kuka_msgs_pkg/include/kuka_msgs_pkg/kuka_msgs_pkg/msg/detail
[11.533s] -- Installing: /home/geert/ros2_ws_git/install/kuka_msgs_pkg/include/kuka_msgs_pkg/kuka_msgs_pkg/msg/detail/single_wheel_data__rosidl_typesupport_fastrtps_c.h
[11.533s] -- Installing: /home/geert/ros2_ws_git/install/kuka_msgs_pkg/include/kuka_msgs_pkg/kuka_msgs_pkg/msg/rosidl_typesupport_fastrtps_c__visibility_control.h
[11.533s] -- Installing: /home/geert/ros2_ws_git/install/kuka_msgs_pkg/lib/libkuka_msgs_pkg__rosidl_typesupport_fastrtps_c.so
[11.534s] -- Set runtime path of "/home/geert/ros2_ws_git/install/kuka_msgs_pkg/lib/libkuka_msgs_pkg__rosidl_typesupport_fastrtps_c.so" to ""
[11.534s] -- Up-to-date: /home/geert/ros2_ws_git/install/kuka_msgs_pkg/include/kuka_msgs_pkg/kuka_msgs_pkg
[11.534s] -- Up-to-date: /home/geert/ros2_ws_git/install/kuka_msgs_pkg/include/kuka_msgs_pkg/kuka_msgs_pkg/msg
[11.534s] -- Installing: /home/geert/ros2_ws_git/install/kuka_msgs_pkg/include/kuka_msgs_pkg/kuka_msgs_pkg/msg/rosidl_typesupport_introspection_c__visibility_control.h
[11.535s] -- Up-to-date: /home/geert/ros2_ws_git/install/kuka_msgs_pkg/include/kuka_msgs_pkg/kuka_msgs_pkg/msg/detail
[11.535s] -- Installing: /home/geert/ros2_ws_git/install/kuka_msgs_pkg/include/kuka_msgs_pkg/kuka_msgs_pkg/msg/detail/single_wheel_data__type_support.c
[11.535s] -- Installing: /home/geert/ros2_ws_git/install/kuka_msgs_pkg/include/kuka_msgs_pkg/kuka_msgs_pkg/msg/detail/single_wheel_data__rosidl_typesupport_introspection_c.h
[11.535s] -- Installing: /home/geert/ros2_ws_git/install/kuka_msgs_pkg/lib/libkuka_msgs_pkg__rosidl_typesupport_introspection_c.so
[11.536s] -- Set runtime path of "/home/geert/ros2_ws_git/install/kuka_msgs_pkg/lib/libkuka_msgs_pkg__rosidl_typesupport_introspection_c.so" to ""
[11.536s] -- Installing: /home/geert/ros2_ws_git/install/kuka_msgs_pkg/lib/libkuka_msgs_pkg__rosidl_typesupport_c.so
[11.537s] -- Set runtime path of "/home/geert/ros2_ws_git/install/kuka_msgs_pkg/lib/libkuka_msgs_pkg__rosidl_typesupport_c.so" to ""
[11.537s] -- Up-to-date: /home/geert/ros2_ws_git/install/kuka_msgs_pkg/include/kuka_msgs_pkg/kuka_msgs_pkg
[11.537s] -- Up-to-date: /home/geert/ros2_ws_git/install/kuka_msgs_pkg/include/kuka_msgs_pkg/kuka_msgs_pkg/msg
[11.537s] -- Installing: /home/geert/ros2_ws_git/install/kuka_msgs_pkg/include/kuka_msgs_pkg/kuka_msgs_pkg/msg/single_wheel_data.hpp
[11.538s] -- Up-to-date: /home/geert/ros2_ws_git/install/kuka_msgs_pkg/include/kuka_msgs_pkg/kuka_msgs_pkg/msg/detail
[11.538s] -- Installing: /home/geert/ros2_ws_git/install/kuka_msgs_pkg/include/kuka_msgs_pkg/kuka_msgs_pkg/msg/detail/single_wheel_data__struct.hpp
[11.538s] -- Installing: /home/geert/ros2_ws_git/install/kuka_msgs_pkg/include/kuka_msgs_pkg/kuka_msgs_pkg/msg/detail/single_wheel_data__builder.hpp
[11.538s] -- Installing: /home/geert/ros2_ws_git/install/kuka_msgs_pkg/include/kuka_msgs_pkg/kuka_msgs_pkg/msg/detail/single_wheel_data__traits.hpp
[11.539s] -- Up-to-date: /home/geert/ros2_ws_git/install/kuka_msgs_pkg/include/kuka_msgs_pkg/kuka_msgs_pkg
[11.539s] -- Up-to-date: /home/geert/ros2_ws_git/install/kuka_msgs_pkg/include/kuka_msgs_pkg/kuka_msgs_pkg/msg
[11.539s] -- Installing: /home/geert/ros2_ws_git/install/kuka_msgs_pkg/include/kuka_msgs_pkg/kuka_msgs_pkg/msg/rosidl_typesupport_fastrtps_cpp__visibility_control.h
[11.539s] -- Up-to-date: /home/geert/ros2_ws_git/install/kuka_msgs_pkg/include/kuka_msgs_pkg/kuka_msgs_pkg/msg/detail
[11.539s] -- Installing: /home/geert/ros2_ws_git/install/kuka_msgs_pkg/include/kuka_msgs_pkg/kuka_msgs_pkg/msg/detail/dds_fastrtps
[11.540s] -- Installing: /home/geert/ros2_ws_git/install/kuka_msgs_pkg/include/kuka_msgs_pkg/kuka_msgs_pkg/msg/detail/single_wheel_data__rosidl_typesupport_fastrtps_cpp.hpp
[11.541s] -- Installing: /home/geert/ros2_ws_git/install/kuka_msgs_pkg/lib/libkuka_msgs_pkg__rosidl_typesupport_fastrtps_cpp.so
[11.541s] -- Set runtime path of "/home/geert/ros2_ws_git/install/kuka_msgs_pkg/lib/libkuka_msgs_pkg__rosidl_typesupport_fastrtps_cpp.so" to ""
[11.541s] -- Up-to-date: /home/geert/ros2_ws_git/install/kuka_msgs_pkg/include/kuka_msgs_pkg/kuka_msgs_pkg
[11.542s] -- Up-to-date: /home/geert/ros2_ws_git/install/kuka_msgs_pkg/include/kuka_msgs_pkg/kuka_msgs_pkg/msg
[11.542s] -- Up-to-date: /home/geert/ros2_ws_git/install/kuka_msgs_pkg/include/kuka_msgs_pkg/kuka_msgs_pkg/msg/detail
[11.542s] -- Installing: /home/geert/ros2_ws_git/install/kuka_msgs_pkg/include/kuka_msgs_pkg/kuka_msgs_pkg/msg/detail/single_wheel_data__type_support.cpp
[11.542s] -- Installing: /home/geert/ros2_ws_git/install/kuka_msgs_pkg/include/kuka_msgs_pkg/kuka_msgs_pkg/msg/detail/single_wheel_data__rosidl_typesupport_introspection_cpp.hpp
[11.543s] -- Installing: /home/geert/ros2_ws_git/install/kuka_msgs_pkg/lib/libkuka_msgs_pkg__rosidl_typesupport_introspection_cpp.so
[11.543s] -- Set runtime path of "/home/geert/ros2_ws_git/install/kuka_msgs_pkg/lib/libkuka_msgs_pkg__rosidl_typesupport_introspection_cpp.so" to ""
[11.543s] -- Installing: /home/geert/ros2_ws_git/install/kuka_msgs_pkg/lib/libkuka_msgs_pkg__rosidl_typesupport_cpp.so
[11.544s] -- Set runtime path of "/home/geert/ros2_ws_git/install/kuka_msgs_pkg/lib/libkuka_msgs_pkg__rosidl_typesupport_cpp.so" to ""
[11.544s] -- Installing: /home/geert/ros2_ws_git/install/kuka_msgs_pkg/share/kuka_msgs_pkg/environment/pythonpath.sh
[11.545s] -- Installing: /home/geert/ros2_ws_git/install/kuka_msgs_pkg/share/kuka_msgs_pkg/environment/pythonpath.dsv
[11.545s] -- Up-to-date: /home/geert/ros2_ws_git/install/kuka_msgs_pkg/lib/python3.10/site-packages/kuka_msgs_pkg-0.0.0-py3.10.egg-info
[11.545s] -- Installing: /home/geert/ros2_ws_git/install/kuka_msgs_pkg/lib/python3.10/site-packages/kuka_msgs_pkg-0.0.0-py3.10.egg-info/PKG-INFO
[11.545s] -- Installing: /home/geert/ros2_ws_git/install/kuka_msgs_pkg/lib/python3.10/site-packages/kuka_msgs_pkg-0.0.0-py3.10.egg-info/top_level.txt
[11.546s] -- Installing: /home/geert/ros2_ws_git/install/kuka_msgs_pkg/lib/python3.10/site-packages/kuka_msgs_pkg-0.0.0-py3.10.egg-info/dependency_links.txt
[11.546s] -- Installing: /home/geert/ros2_ws_git/install/kuka_msgs_pkg/lib/python3.10/site-packages/kuka_msgs_pkg-0.0.0-py3.10.egg-info/SOURCES.txt
[11.546s] -- Up-to-date: /home/geert/ros2_ws_git/install/kuka_msgs_pkg/lib/python3.10/site-packages/kuka_msgs_pkg
[11.547s] -- Installing: /home/geert/ros2_ws_git/install/kuka_msgs_pkg/lib/python3.10/site-packages/kuka_msgs_pkg/_kuka_msgs_pkg_s.ep.rosidl_typesupport_introspection_c.c
[11.547s] -- Installing: /home/geert/ros2_ws_git/install/kuka_msgs_pkg/lib/python3.10/site-packages/kuka_msgs_pkg/kuka_msgs_pkg_s__rosidl_typesupport_fastrtps_c.cpython-310-x86_64-linux-gnu.so
[11.547s] -- Installing: /home/geert/ros2_ws_git/install/kuka_msgs_pkg/lib/python3.10/site-packages/kuka_msgs_pkg/libkuka_msgs_pkg__rosidl_generator_py.so
[11.548s] -- Installing: /home/geert/ros2_ws_git/install/kuka_msgs_pkg/lib/python3.10/site-packages/kuka_msgs_pkg/_kuka_msgs_pkg_s.ep.rosidl_typesupport_c.c
[11.548s] -- Installing: /home/geert/ros2_ws_git/install/kuka_msgs_pkg/lib/python3.10/site-packages/kuka_msgs_pkg/kuka_msgs_pkg_s__rosidl_typesupport_introspection_c.cpython-310-x86_64-linux-gnu.so
[11.548s] -- Installing: /home/geert/ros2_ws_git/install/kuka_msgs_pkg/lib/python3.10/site-packages/kuka_msgs_pkg/msg
[11.548s] -- Installing: /home/geert/ros2_ws_git/install/kuka_msgs_pkg/lib/python3.10/site-packages/kuka_msgs_pkg/msg/_single_wheel_data.py
[11.549s] -- Installing: /home/geert/ros2_ws_git/install/kuka_msgs_pkg/lib/python3.10/site-packages/kuka_msgs_pkg/msg/_single_wheel_data_s.c
[11.549s] -- Installing: /home/geert/ros2_ws_git/install/kuka_msgs_pkg/lib/python3.10/site-packages/kuka_msgs_pkg/msg/__init__.py
[11.549s] -- Installing: /home/geert/ros2_ws_git/install/kuka_msgs_pkg/lib/python3.10/site-packages/kuka_msgs_pkg/__init__.py
[11.549s] -- Installing: /home/geert/ros2_ws_git/install/kuka_msgs_pkg/lib/python3.10/site-packages/kuka_msgs_pkg/_kuka_msgs_pkg_s.ep.rosidl_typesupport_fastrtps_c.c
[11.550s] -- Installing: /home/geert/ros2_ws_git/install/kuka_msgs_pkg/lib/python3.10/site-packages/kuka_msgs_pkg/kuka_msgs_pkg_s__rosidl_typesupport_c.cpython-310-x86_64-linux-gnu.so
[11.629s] Listing '/home/geert/ros2_ws_git/install/kuka_msgs_pkg/lib/python3.10/site-packages/kuka_msgs_pkg'...
[11.629s] Compiling '/home/geert/ros2_ws_git/install/kuka_msgs_pkg/lib/python3.10/site-packages/kuka_msgs_pkg/__init__.py'...
[11.629s] Listing '/home/geert/ros2_ws_git/install/kuka_msgs_pkg/lib/python3.10/site-packages/kuka_msgs_pkg/msg'...
[11.629s] Compiling '/home/geert/ros2_ws_git/install/kuka_msgs_pkg/lib/python3.10/site-packages/kuka_msgs_pkg/msg/__init__.py'...
[11.629s] Compiling '/home/geert/ros2_ws_git/install/kuka_msgs_pkg/lib/python3.10/site-packages/kuka_msgs_pkg/msg/_single_wheel_data.py'...
[11.635s] -- Installing: /home/geert/ros2_ws_git/install/kuka_msgs_pkg/lib/python3.10/site-packages/kuka_msgs_pkg/kuka_msgs_pkg_s__rosidl_typesupport_fastrtps_c.cpython-310-x86_64-linux-gnu.so
[11.636s] -- Set runtime path of "/home/geert/ros2_ws_git/install/kuka_msgs_pkg/lib/python3.10/site-packages/kuka_msgs_pkg/kuka_msgs_pkg_s__rosidl_typesupport_fastrtps_c.cpython-310-x86_64-linux-gnu.so" to ""
[11.636s] -- Installing: /home/geert/ros2_ws_git/install/kuka_msgs_pkg/lib/python3.10/site-packages/kuka_msgs_pkg/kuka_msgs_pkg_s__rosidl_typesupport_introspection_c.cpython-310-x86_64-linux-gnu.so
[11.637s] -- Set runtime path of "/home/geert/ros2_ws_git/install/kuka_msgs_pkg/lib/python3.10/site-packages/kuka_msgs_pkg/kuka_msgs_pkg_s__rosidl_typesupport_introspection_c.cpython-310-x86_64-linux-gnu.so" to ""
[11.637s] -- Installing: /home/geert/ros2_ws_git/install/kuka_msgs_pkg/lib/python3.10/site-packages/kuka_msgs_pkg/kuka_msgs_pkg_s__rosidl_typesupport_c.cpython-310-x86_64-linux-gnu.so
[11.638s] -- Set runtime path of "/home/geert/ros2_ws_git/install/kuka_msgs_pkg/lib/python3.10/site-packages/kuka_msgs_pkg/kuka_msgs_pkg_s__rosidl_typesupport_c.cpython-310-x86_64-linux-gnu.so" to ""
[11.638s] -- Installing: /home/geert/ros2_ws_git/install/kuka_msgs_pkg/lib/libkuka_msgs_pkg__rosidl_generator_py.so
[11.638s] -- Set runtime path of "/home/geert/ros2_ws_git/install/kuka_msgs_pkg/lib/libkuka_msgs_pkg__rosidl_generator_py.so" to ""
[11.639s] -- Installing: /home/geert/ros2_ws_git/install/kuka_msgs_pkg/share/kuka_msgs_pkg/msg/SingleWheelData.idl
[11.639s] -- Installing: /home/geert/ros2_ws_git/install/kuka_msgs_pkg/share/kuka_msgs_pkg/msg/SingleWheelData.msg
[11.639s] -- Installing: /home/geert/ros2_ws_git/install/kuka_msgs_pkg/share/ament_index/resource_index/package_run_dependencies/kuka_msgs_pkg
[11.640s] -- Installing: /home/geert/ros2_ws_git/install/kuka_msgs_pkg/share/ament_index/resource_index/parent_prefix_path/kuka_msgs_pkg
[11.640s] -- Installing: /home/geert/ros2_ws_git/install/kuka_msgs_pkg/share/kuka_msgs_pkg/environment/ament_prefix_path.sh
[11.641s] -- Installing: /home/geert/ros2_ws_git/install/kuka_msgs_pkg/share/kuka_msgs_pkg/environment/ament_prefix_path.dsv
[11.641s] -- Installing: /home/geert/ros2_ws_git/install/kuka_msgs_pkg/share/kuka_msgs_pkg/environment/path.sh
[11.642s] -- Installing: /home/geert/ros2_ws_git/install/kuka_msgs_pkg/share/kuka_msgs_pkg/environment/path.dsv
[11.642s] -- Installing: /home/geert/ros2_ws_git/install/kuka_msgs_pkg/share/kuka_msgs_pkg/local_setup.bash
[11.642s] -- Installing: /home/geert/ros2_ws_git/install/kuka_msgs_pkg/share/kuka_msgs_pkg/local_setup.sh
[11.643s] -- Installing: /home/geert/ros2_ws_git/install/kuka_msgs_pkg/share/kuka_msgs_pkg/local_setup.zsh
[11.643s] -- Installing: /home/geert/ros2_ws_git/install/kuka_msgs_pkg/share/kuka_msgs_pkg/local_setup.dsv
[11.643s] -- Installing: /home/geert/ros2_ws_git/install/kuka_msgs_pkg/share/kuka_msgs_pkg/package.dsv
[11.644s] -- Installing: /home/geert/ros2_ws_git/install/kuka_msgs_pkg/share/ament_index/resource_index/packages/kuka_msgs_pkg
[11.644s] -- Installing: /home/geert/ros2_ws_git/install/kuka_msgs_pkg/share/kuka_msgs_pkg/cmake/export_kuka_msgs_pkg__rosidl_generator_cExport.cmake
[11.644s] -- Installing: /home/geert/ros2_ws_git/install/kuka_msgs_pkg/share/kuka_msgs_pkg/cmake/export_kuka_msgs_pkg__rosidl_generator_cExport-noconfig.cmake
[11.645s] -- Installing: /home/geert/ros2_ws_git/install/kuka_msgs_pkg/share/kuka_msgs_pkg/cmake/export_kuka_msgs_pkg__rosidl_typesupport_fastrtps_cExport.cmake
[11.645s] -- Installing: /home/geert/ros2_ws_git/install/kuka_msgs_pkg/share/kuka_msgs_pkg/cmake/export_kuka_msgs_pkg__rosidl_typesupport_fastrtps_cExport-noconfig.cmake
[11.646s] -- Installing: /home/geert/ros2_ws_git/install/kuka_msgs_pkg/share/kuka_msgs_pkg/cmake/kuka_msgs_pkg__rosidl_typesupport_introspection_cExport.cmake
[11.646s] -- Installing: /home/geert/ros2_ws_git/install/kuka_msgs_pkg/share/kuka_msgs_pkg/cmake/kuka_msgs_pkg__rosidl_typesupport_introspection_cExport-noconfig.cmake
[11.646s] -- Installing: /home/geert/ros2_ws_git/install/kuka_msgs_pkg/share/kuka_msgs_pkg/cmake/kuka_msgs_pkg__rosidl_typesupport_cExport.cmake
[11.646s] -- Installing: /home/geert/ros2_ws_git/install/kuka_msgs_pkg/share/kuka_msgs_pkg/cmake/kuka_msgs_pkg__rosidl_typesupport_cExport-noconfig.cmake
[11.647s] -- Installing: /home/geert/ros2_ws_git/install/kuka_msgs_pkg/share/kuka_msgs_pkg/cmake/export_kuka_msgs_pkg__rosidl_generator_cppExport.cmake
[11.647s] -- Installing: /home/geert/ros2_ws_git/install/kuka_msgs_pkg/share/kuka_msgs_pkg/cmake/export_kuka_msgs_pkg__rosidl_typesupport_fastrtps_cppExport.cmake
[11.647s] -- Installing: /home/geert/ros2_ws_git/install/kuka_msgs_pkg/share/kuka_msgs_pkg/cmake/export_kuka_msgs_pkg__rosidl_typesupport_fastrtps_cppExport-noconfig.cmake
[11.648s] -- Installing: /home/geert/ros2_ws_git/install/kuka_msgs_pkg/share/kuka_msgs_pkg/cmake/kuka_msgs_pkg__rosidl_typesupport_introspection_cppExport.cmake
[11.648s] -- Installing: /home/geert/ros2_ws_git/install/kuka_msgs_pkg/share/kuka_msgs_pkg/cmake/kuka_msgs_pkg__rosidl_typesupport_introspection_cppExport-noconfig.cmake
[11.648s] -- Installing: /home/geert/ros2_ws_git/install/kuka_msgs_pkg/share/kuka_msgs_pkg/cmake/kuka_msgs_pkg__rosidl_typesupport_cppExport.cmake
[11.649s] -- Installing: /home/geert/ros2_ws_git/install/kuka_msgs_pkg/share/kuka_msgs_pkg/cmake/kuka_msgs_pkg__rosidl_typesupport_cppExport-noconfig.cmake
[11.649s] -- Installing: /home/geert/ros2_ws_git/install/kuka_msgs_pkg/share/kuka_msgs_pkg/cmake/export_kuka_msgs_pkg__rosidl_generator_pyExport.cmake
[11.650s] -- Installing: /home/geert/ros2_ws_git/install/kuka_msgs_pkg/share/kuka_msgs_pkg/cmake/export_kuka_msgs_pkg__rosidl_generator_pyExport-noconfig.cmake
[11.650s] -- Installing: /home/geert/ros2_ws_git/install/kuka_msgs_pkg/share/kuka_msgs_pkg/cmake/rosidl_cmake-extras.cmake
[11.650s] -- Installing: /home/geert/ros2_ws_git/install/kuka_msgs_pkg/share/kuka_msgs_pkg/cmake/ament_cmake_export_include_directories-extras.cmake
[11.651s] -- Installing: /home/geert/ros2_ws_git/install/kuka_msgs_pkg/share/kuka_msgs_pkg/cmake/ament_cmake_export_libraries-extras.cmake
[11.651s] -- Installing: /home/geert/ros2_ws_git/install/kuka_msgs_pkg/share/kuka_msgs_pkg/cmake/ament_cmake_export_targets-extras.cmake
[11.651s] -- Installing: /home/geert/ros2_ws_git/install/kuka_msgs_pkg/share/kuka_msgs_pkg/cmake/rosidl_cmake_export_typesupport_targets-extras.cmake
[11.651s] -- Installing: /home/geert/ros2_ws_git/install/kuka_msgs_pkg/share/kuka_msgs_pkg/cmake/ament_cmake_export_dependencies-extras.cmake
[11.652s] -- Installing: /home/geert/ros2_ws_git/install/kuka_msgs_pkg/share/kuka_msgs_pkg/cmake/rosidl_cmake_export_typesupport_libraries-extras.cmake
[11.652s] -- Installing: /home/geert/ros2_ws_git/install/kuka_msgs_pkg/share/kuka_msgs_pkg/cmake/kuka_msgs_pkgConfig.cmake
[11.652s] -- Installing: /home/geert/ros2_ws_git/install/kuka_msgs_pkg/share/kuka_msgs_pkg/cmake/kuka_msgs_pkgConfig-version.cmake
[11.653s] -- Installing: /home/geert/ros2_ws_git/install/kuka_msgs_pkg/share/kuka_msgs_pkg/package.xml
[11.662s] Invoked command in '/home/geert/ros2_ws_git/build/kuka_msgs_pkg' returned '0': CMAKE_PREFIX_PATH=/home/geert/ros2_ws_git/install/serial_communication_pkg:/home/geert/ros2_ws_git/install/data_visualiser_pkg:/home/geert/ros2_ws_git/install/kuka_msgs_pkg:/home/geert/ros2_ws_git/install/kuka_launch_pkg:/home/geert/ros2_ws_git/install/joystick_to_serial_pkg:/opt/ros/iron /usr/bin/cmake --install /home/geert/ros2_ws_git/build/kuka_msgs_pkg
