[0.450s] DEBUG:colcon:Command line arguments: ['/usr/bin/colcon', 'build']
[0.450s] DEBUG:colcon:Parsed command line arguments: Namespace(log_base=None, log_level=None, verb_name='build', build_base='build', install_base='install', merge_install=False, symlink_install=False, test_result_base=None, continue_on_error=False, executor='parallel', parallel_workers=1, event_handlers=None, ignore_user_meta=False, metas=['./colcon.meta'], base_paths=['.'], packages_ignore=None, packages_ignore_regex=None, paths=None, packages_up_to=None, packages_up_to_regex=None, packages_above=None, packages_above_and_dependencies=None, packages_above_depth=None, packages_select_by_dep=None, packages_skip_by_dep=None, packages_skip_up_to=None, packages_select_build_failed=False, packages_skip_build_finished=False, packages_select_test_failures=False, packages_skip_test_passed=False, packages_select=None, packages_skip=None, packages_select_regex=None, packages_skip_regex=None, packages_start=None, packages_end=None, allow_overriding=[], cmake_args=None, cmake_target=None, cmake_target_skip_unavailable=False, cmake_clean_cache=False, cmake_clean_first=False, cmake_force_configure=False, ament_cmake_args=None, catkin_cmake_args=None, catkin_skip_building_tests=False, verb_parser=<colcon_defaults.argument_parser.defaults.DefaultArgumentsDecorator object at 0x7feef06da9e0>, verb_extension=<colcon_core.verb.build.BuildVerb object at 0x7feef0f2e7a0>, main=<bound method BuildVerb.main of <colcon_core.verb.build.BuildVerb object at 0x7feef0f2e7a0>>)
[0.484s] Level 1:colcon.colcon_core.package_discovery:discover_packages(colcon_meta) check parameters
[0.485s] Level 1:colcon.colcon_core.package_discovery:discover_packages(recursive) check parameters
[0.485s] Level 1:colcon.colcon_core.package_discovery:discover_packages(ignore) check parameters
[0.485s] Level 1:colcon.colcon_core.package_discovery:discover_packages(path) check parameters
[0.485s] Level 1:colcon.colcon_core.package_discovery:discover_packages(colcon_meta) discover
[0.485s] Level 1:colcon.colcon_core.package_discovery:discover_packages(recursive) discover
[0.485s] INFO:colcon.colcon_core.package_discovery:Crawling recursively for packages in '/home/geert/kuka-ido/ros2_ws'
[0.485s] Level 1:colcon.colcon_core.package_identification:_identify(.) by extensions ['ignore', 'ignore_ament_install']
[0.485s] Level 1:colcon.colcon_core.package_identification:_identify(.) by extension 'ignore'
[0.486s] Level 1:colcon.colcon_core.package_identification:_identify(.) by extension 'ignore_ament_install'
[0.486s] Level 1:colcon.colcon_core.package_identification:_identify(.) by extensions ['colcon_pkg']
[0.486s] Level 1:colcon.colcon_core.package_identification:_identify(.) by extension 'colcon_pkg'
[0.486s] Level 1:colcon.colcon_core.package_identification:_identify(.) by extensions ['colcon_meta']
[0.486s] Level 1:colcon.colcon_core.package_identification:_identify(.) by extension 'colcon_meta'
[0.486s] Level 1:colcon.colcon_core.package_identification:_identify(.) by extensions ['ros']
[0.486s] Level 1:colcon.colcon_core.package_identification:_identify(.) by extension 'ros'
[0.499s] Level 1:colcon.colcon_core.package_identification:_identify(.) by extensions ['cmake', 'python']
[0.499s] Level 1:colcon.colcon_core.package_identification:_identify(.) by extension 'cmake'
[0.499s] Level 1:colcon.colcon_core.package_identification:_identify(.) by extension 'python'
[0.499s] Level 1:colcon.colcon_core.package_identification:_identify(.) by extensions ['python_setup_py']
[0.500s] Level 1:colcon.colcon_core.package_identification:_identify(.) by extension 'python_setup_py'
[0.500s] Level 1:colcon.colcon_core.package_identification:_identify(build) by extensions ['ignore', 'ignore_ament_install']
[0.500s] Level 1:colcon.colcon_core.package_identification:_identify(build) by extension 'ignore'
[0.500s] Level 1:colcon.colcon_core.package_identification:_identify(build) ignored
[0.500s] Level 1:colcon.colcon_core.package_identification:_identify(install) by extensions ['ignore', 'ignore_ament_install']
[0.500s] Level 1:colcon.colcon_core.package_identification:_identify(install) by extension 'ignore'
[0.500s] Level 1:colcon.colcon_core.package_identification:_identify(install) ignored
[0.500s] Level 1:colcon.colcon_core.package_identification:_identify(log) by extensions ['ignore', 'ignore_ament_install']
[0.500s] Level 1:colcon.colcon_core.package_identification:_identify(log) by extension 'ignore'
[0.500s] Level 1:colcon.colcon_core.package_identification:_identify(log) ignored
[0.500s] Level 1:colcon.colcon_core.package_identification:_identify(src) by extensions ['ignore', 'ignore_ament_install']
[0.501s] Level 1:colcon.colcon_core.package_identification:_identify(src) by extension 'ignore'
[0.501s] Level 1:colcon.colcon_core.package_identification:_identify(src) by extension 'ignore_ament_install'
[0.501s] Level 1:colcon.colcon_core.package_identification:_identify(src) by extensions ['colcon_pkg']
[0.501s] Level 1:colcon.colcon_core.package_identification:_identify(src) by extension 'colcon_pkg'
[0.501s] Level 1:colcon.colcon_core.package_identification:_identify(src) by extensions ['colcon_meta']
[0.501s] Level 1:colcon.colcon_core.package_identification:_identify(src) by extension 'colcon_meta'
[0.501s] Level 1:colcon.colcon_core.package_identification:_identify(src) by extensions ['ros']
[0.501s] Level 1:colcon.colcon_core.package_identification:_identify(src) by extension 'ros'
[0.501s] Level 1:colcon.colcon_core.package_identification:_identify(src) by extensions ['cmake', 'python']
[0.501s] Level 1:colcon.colcon_core.package_identification:_identify(src) by extension 'cmake'
[0.501s] Level 1:colcon.colcon_core.package_identification:_identify(src) by extension 'python'
[0.501s] Level 1:colcon.colcon_core.package_identification:_identify(src) by extensions ['python_setup_py']
[0.501s] Level 1:colcon.colcon_core.package_identification:_identify(src) by extension 'python_setup_py'
[0.501s] Level 1:colcon.colcon_core.package_identification:_identify(src/joystick_to_serial_pkg) by extensions ['ignore', 'ignore_ament_install']
[0.501s] Level 1:colcon.colcon_core.package_identification:_identify(src/joystick_to_serial_pkg) by extension 'ignore'
[0.501s] Level 1:colcon.colcon_core.package_identification:_identify(src/joystick_to_serial_pkg) by extension 'ignore_ament_install'
[0.501s] Level 1:colcon.colcon_core.package_identification:_identify(src/joystick_to_serial_pkg) by extensions ['colcon_pkg']
[0.501s] Level 1:colcon.colcon_core.package_identification:_identify(src/joystick_to_serial_pkg) by extension 'colcon_pkg'
[0.502s] Level 1:colcon.colcon_core.package_identification:_identify(src/joystick_to_serial_pkg) by extensions ['colcon_meta']
[0.502s] Level 1:colcon.colcon_core.package_identification:_identify(src/joystick_to_serial_pkg) by extension 'colcon_meta'
[0.502s] Level 1:colcon.colcon_core.package_identification:_identify(src/joystick_to_serial_pkg) by extensions ['ros']
[0.502s] Level 1:colcon.colcon_core.package_identification:_identify(src/joystick_to_serial_pkg) by extension 'ros'
[0.505s] DEBUG:colcon.colcon_core.package_identification:Package 'src/joystick_to_serial_pkg' with type 'ros.ament_python' and name 'joystick_to_serial_pkg'
[0.505s] Level 1:colcon.colcon_core.package_identification:_identify(src/kuka_launch_pkg) by extensions ['ignore', 'ignore_ament_install']
[0.505s] Level 1:colcon.colcon_core.package_identification:_identify(src/kuka_launch_pkg) by extension 'ignore'
[0.505s] Level 1:colcon.colcon_core.package_identification:_identify(src/kuka_launch_pkg) by extension 'ignore_ament_install'
[0.505s] Level 1:colcon.colcon_core.package_identification:_identify(src/kuka_launch_pkg) by extensions ['colcon_pkg']
[0.505s] Level 1:colcon.colcon_core.package_identification:_identify(src/kuka_launch_pkg) by extension 'colcon_pkg'
[0.505s] Level 1:colcon.colcon_core.package_identification:_identify(src/kuka_launch_pkg) by extensions ['colcon_meta']
[0.505s] Level 1:colcon.colcon_core.package_identification:_identify(src/kuka_launch_pkg) by extension 'colcon_meta'
[0.505s] Level 1:colcon.colcon_core.package_identification:_identify(src/kuka_launch_pkg) by extensions ['ros']
[0.505s] Level 1:colcon.colcon_core.package_identification:_identify(src/kuka_launch_pkg) by extension 'ros'
[0.506s] DEBUG:colcon.colcon_core.package_identification:Package 'src/kuka_launch_pkg' with type 'ros.ament_python' and name 'kuka_launch_pkg'
[0.506s] Level 1:colcon.colcon_core.package_identification:_identify(src/kuka_msgs_pkg) by extensions ['ignore', 'ignore_ament_install']
[0.506s] Level 1:colcon.colcon_core.package_identification:_identify(src/kuka_msgs_pkg) by extension 'ignore'
[0.506s] Level 1:colcon.colcon_core.package_identification:_identify(src/kuka_msgs_pkg) by extension 'ignore_ament_install'
[0.506s] Level 1:colcon.colcon_core.package_identification:_identify(src/kuka_msgs_pkg) by extensions ['colcon_pkg']
[0.506s] Level 1:colcon.colcon_core.package_identification:_identify(src/kuka_msgs_pkg) by extension 'colcon_pkg'
[0.506s] Level 1:colcon.colcon_core.package_identification:_identify(src/kuka_msgs_pkg) by extensions ['colcon_meta']
[0.506s] Level 1:colcon.colcon_core.package_identification:_identify(src/kuka_msgs_pkg) by extension 'colcon_meta'
[0.506s] Level 1:colcon.colcon_core.package_identification:_identify(src/kuka_msgs_pkg) by extensions ['ros']
[0.506s] Level 1:colcon.colcon_core.package_identification:_identify(src/kuka_msgs_pkg) by extension 'ros'
[0.507s] DEBUG:colcon.colcon_core.package_identification:Package 'src/kuka_msgs_pkg' with type 'ros.ament_cmake' and name 'kuka_msgs_pkg'
[0.511s] Level 1:colcon.colcon_core.package_identification:_identify(src/serial_communication_pkg) by extensions ['ignore', 'ignore_ament_install']
[0.512s] Level 1:colcon.colcon_core.package_identification:_identify(src/serial_communication_pkg) by extension 'ignore'
[0.512s] Level 1:colcon.colcon_core.package_identification:_identify(src/serial_communication_pkg) by extension 'ignore_ament_install'
[0.512s] Level 1:colcon.colcon_core.package_identification:_identify(src/serial_communication_pkg) by extensions ['colcon_pkg']
[0.512s] Level 1:colcon.colcon_core.package_identification:_identify(src/serial_communication_pkg) by extension 'colcon_pkg'
[0.512s] Level 1:colcon.colcon_core.package_identification:_identify(src/serial_communication_pkg) by extensions ['colcon_meta']
[0.512s] Level 1:colcon.colcon_core.package_identification:_identify(src/serial_communication_pkg) by extension 'colcon_meta'
[0.512s] Level 1:colcon.colcon_core.package_identification:_identify(src/serial_communication_pkg) by extensions ['ros']
[0.512s] Level 1:colcon.colcon_core.package_identification:_identify(src/serial_communication_pkg) by extension 'ros'
[0.514s] DEBUG:colcon.colcon_core.package_identification:Package 'src/serial_communication_pkg' with type 'ros.ament_python' and name 'serial_communication_pkg'
[0.514s] Level 1:colcon.colcon_core.package_discovery:discover_packages(recursive) using defaults
[0.514s] Level 1:colcon.colcon_core.package_discovery:discover_packages(ignore) discover
[0.514s] Level 1:colcon.colcon_core.package_discovery:discover_packages(ignore) using defaults
[0.514s] Level 1:colcon.colcon_core.package_discovery:discover_packages(path) discover
[0.514s] Level 1:colcon.colcon_core.package_discovery:discover_packages(path) using defaults
[0.546s] Level 1:colcon.colcon_core.package_discovery:discover_packages(prefix_path) check parameters
[0.546s] Level 1:colcon.colcon_core.package_discovery:discover_packages(prefix_path) discover
[0.549s] DEBUG:colcon.colcon_installed_package_information.package_discovery:Found 5 installed packages in /home/geert/kuka-ido/ros2_ws/install
[0.552s] DEBUG:colcon.colcon_installed_package_information.package_discovery:Found 296 installed packages in /opt/ros/iron
[0.557s] Level 1:colcon.colcon_core.package_discovery:discover_packages(prefix_path) using defaults
[0.637s] WARNING:colcon.colcon_core.package_selection:Some selected packages are already built in one or more underlay workspaces:
	'kuka_msgs_pkg' is in: /home/geert/kuka-ido/ros2_ws/install/kuka_msgs_pkg
If a package in a merged underlay workspace is overridden and it installs headers, then all packages in the overlay must sort their include directories by workspace order. Failure to do so may result in build failures or undefined behavior at run time.
If the overridden package is used by another package in any underlay, then the overriding package in the overlay must be API and ABI compatible or undefined behavior at run time may occur.

If you understand the risks and want to override a package anyways, add the following to the command line:
	--allow-overriding kuka_msgs_pkg

This may be promoted to an error in a future release of colcon-override-check.
[0.639s] Level 5:colcon.colcon_core.verb:set package 'joystick_to_serial_pkg' build argument 'cmake_args' from command line to 'None'
[0.639s] Level 5:colcon.colcon_core.verb:set package 'joystick_to_serial_pkg' build argument 'cmake_target' from command line to 'None'
[0.639s] Level 5:colcon.colcon_core.verb:set package 'joystick_to_serial_pkg' build argument 'cmake_target_skip_unavailable' from command line to 'False'
[0.639s] Level 5:colcon.colcon_core.verb:set package 'joystick_to_serial_pkg' build argument 'cmake_clean_cache' from command line to 'False'
[0.639s] Level 5:colcon.colcon_core.verb:set package 'joystick_to_serial_pkg' build argument 'cmake_clean_first' from command line to 'False'
[0.639s] Level 5:colcon.colcon_core.verb:set package 'joystick_to_serial_pkg' build argument 'cmake_force_configure' from command line to 'False'
[0.639s] Level 5:colcon.colcon_core.verb:set package 'joystick_to_serial_pkg' build argument 'ament_cmake_args' from command line to 'None'
[0.639s] Level 5:colcon.colcon_core.verb:set package 'joystick_to_serial_pkg' build argument 'catkin_cmake_args' from command line to 'None'
[0.639s] Level 5:colcon.colcon_core.verb:set package 'joystick_to_serial_pkg' build argument 'catkin_skip_building_tests' from command line to 'False'
[0.639s] DEBUG:colcon.colcon_core.verb:Building package 'joystick_to_serial_pkg' with the following arguments: {'ament_cmake_args': None, 'build_base': '/home/geert/kuka-ido/ros2_ws/build/joystick_to_serial_pkg', 'catkin_cmake_args': None, 'catkin_skip_building_tests': False, 'cmake_args': None, 'cmake_clean_cache': False, 'cmake_clean_first': False, 'cmake_force_configure': False, 'cmake_target': None, 'cmake_target_skip_unavailable': False, 'install_base': '/home/geert/kuka-ido/ros2_ws/install/joystick_to_serial_pkg', 'merge_install': False, 'path': '/home/geert/kuka-ido/ros2_ws/src/joystick_to_serial_pkg', 'symlink_install': False, 'test_result_base': None}
[0.641s] Level 5:colcon.colcon_core.verb:set package 'kuka_launch_pkg' build argument 'cmake_args' from command line to 'None'
[0.641s] Level 5:colcon.colcon_core.verb:set package 'kuka_launch_pkg' build argument 'cmake_target' from command line to 'None'
[0.641s] Level 5:colcon.colcon_core.verb:set package 'kuka_launch_pkg' build argument 'cmake_target_skip_unavailable' from command line to 'False'
[0.641s] Level 5:colcon.colcon_core.verb:set package 'kuka_launch_pkg' build argument 'cmake_clean_cache' from command line to 'False'
[0.641s] Level 5:colcon.colcon_core.verb:set package 'kuka_launch_pkg' build argument 'cmake_clean_first' from command line to 'False'
[0.641s] Level 5:colcon.colcon_core.verb:set package 'kuka_launch_pkg' build argument 'cmake_force_configure' from command line to 'False'
[0.641s] Level 5:colcon.colcon_core.verb:set package 'kuka_launch_pkg' build argument 'ament_cmake_args' from command line to 'None'
[0.641s] Level 5:colcon.colcon_core.verb:set package 'kuka_launch_pkg' build argument 'catkin_cmake_args' from command line to 'None'
[0.641s] Level 5:colcon.colcon_core.verb:set package 'kuka_launch_pkg' build argument 'catkin_skip_building_tests' from command line to 'False'
[0.641s] DEBUG:colcon.colcon_core.verb:Building package 'kuka_launch_pkg' with the following arguments: {'ament_cmake_args': None, 'build_base': '/home/geert/kuka-ido/ros2_ws/build/kuka_launch_pkg', 'catkin_cmake_args': None, 'catkin_skip_building_tests': False, 'cmake_args': None, 'cmake_clean_cache': False, 'cmake_clean_first': False, 'cmake_force_configure': False, 'cmake_target': None, 'cmake_target_skip_unavailable': False, 'install_base': '/home/geert/kuka-ido/ros2_ws/install/kuka_launch_pkg', 'merge_install': False, 'path': '/home/geert/kuka-ido/ros2_ws/src/kuka_launch_pkg', 'symlink_install': False, 'test_result_base': None}
[0.643s] Level 5:colcon.colcon_core.verb:set package 'kuka_msgs_pkg' build argument 'cmake_args' from command line to 'None'
[0.643s] Level 5:colcon.colcon_core.verb:set package 'kuka_msgs_pkg' build argument 'cmake_target' from command line to 'None'
[0.643s] Level 5:colcon.colcon_core.verb:set package 'kuka_msgs_pkg' build argument 'cmake_target_skip_unavailable' from command line to 'False'
[0.643s] Level 5:colcon.colcon_core.verb:set package 'kuka_msgs_pkg' build argument 'cmake_clean_cache' from command line to 'False'
[0.643s] Level 5:colcon.colcon_core.verb:set package 'kuka_msgs_pkg' build argument 'cmake_clean_first' from command line to 'False'
[0.643s] Level 5:colcon.colcon_core.verb:set package 'kuka_msgs_pkg' build argument 'cmake_force_configure' from command line to 'False'
[0.643s] Level 5:colcon.colcon_core.verb:set package 'kuka_msgs_pkg' build argument 'ament_cmake_args' from command line to 'None'
[0.643s] Level 5:colcon.colcon_core.verb:set package 'kuka_msgs_pkg' build argument 'catkin_cmake_args' from command line to 'None'
[0.643s] Level 5:colcon.colcon_core.verb:set package 'kuka_msgs_pkg' build argument 'catkin_skip_building_tests' from command line to 'False'
[0.643s] DEBUG:colcon.colcon_core.verb:Building package 'kuka_msgs_pkg' with the following arguments: {'ament_cmake_args': None, 'build_base': '/home/geert/kuka-ido/ros2_ws/build/kuka_msgs_pkg', 'catkin_cmake_args': None, 'catkin_skip_building_tests': False, 'cmake_args': None, 'cmake_clean_cache': False, 'cmake_clean_first': False, 'cmake_force_configure': False, 'cmake_target': None, 'cmake_target_skip_unavailable': False, 'install_base': '/home/geert/kuka-ido/ros2_ws/install/kuka_msgs_pkg', 'merge_install': False, 'path': '/home/geert/kuka-ido/ros2_ws/src/kuka_msgs_pkg', 'symlink_install': False, 'test_result_base': None}
[0.644s] Level 5:colcon.colcon_core.verb:set package 'serial_communication_pkg' build argument 'cmake_args' from command line to 'None'
[0.644s] Level 5:colcon.colcon_core.verb:set package 'serial_communication_pkg' build argument 'cmake_target' from command line to 'None'
[0.644s] Level 5:colcon.colcon_core.verb:set package 'serial_communication_pkg' build argument 'cmake_target_skip_unavailable' from command line to 'False'
[0.644s] Level 5:colcon.colcon_core.verb:set package 'serial_communication_pkg' build argument 'cmake_clean_cache' from command line to 'False'
[0.645s] Level 5:colcon.colcon_core.verb:set package 'serial_communication_pkg' build argument 'cmake_clean_first' from command line to 'False'
[0.645s] Level 5:colcon.colcon_core.verb:set package 'serial_communication_pkg' build argument 'cmake_force_configure' from command line to 'False'
[0.645s] Level 5:colcon.colcon_core.verb:set package 'serial_communication_pkg' build argument 'ament_cmake_args' from command line to 'None'
[0.645s] Level 5:colcon.colcon_core.verb:set package 'serial_communication_pkg' build argument 'catkin_cmake_args' from command line to 'None'
[0.645s] Level 5:colcon.colcon_core.verb:set package 'serial_communication_pkg' build argument 'catkin_skip_building_tests' from command line to 'False'
[0.645s] DEBUG:colcon.colcon_core.verb:Building package 'serial_communication_pkg' with the following arguments: {'ament_cmake_args': None, 'build_base': '/home/geert/kuka-ido/ros2_ws/build/serial_communication_pkg', 'catkin_cmake_args': None, 'catkin_skip_building_tests': False, 'cmake_args': None, 'cmake_clean_cache': False, 'cmake_clean_first': False, 'cmake_force_configure': False, 'cmake_target': None, 'cmake_target_skip_unavailable': False, 'install_base': '/home/geert/kuka-ido/ros2_ws/install/serial_communication_pkg', 'merge_install': False, 'path': '/home/geert/kuka-ido/ros2_ws/src/serial_communication_pkg', 'symlink_install': False, 'test_result_base': None}
[0.646s] INFO:colcon.colcon_core.executor:Executing jobs using 'parallel' executor
[0.654s] DEBUG:colcon.colcon_parallel_executor.executor.parallel:run_until_complete
[0.654s] INFO:colcon.colcon_ros.task.ament_cmake.build:Building ROS package in '/home/geert/kuka-ido/ros2_ws/src/kuka_msgs_pkg' with build type 'ament_cmake'
[0.654s] INFO:colcon.colcon_cmake.task.cmake.build:Building CMake package in '/home/geert/kuka-ido/ros2_ws/src/kuka_msgs_pkg'
[0.659s] INFO:colcon.colcon_core.plugin_system:Skipping extension 'colcon_core.shell.bat': Not used on non-Windows systems
[0.660s] INFO:colcon.colcon_core.shell:Skip shell extension 'powershell' for command environment: Not usable outside of PowerShell
[0.660s] DEBUG:colcon.colcon_core.shell:Skip shell extension 'dsv' for command environment
[0.682s] DEBUG:colcon.colcon_core.event_handler.log_command:Invoking command in '/home/geert/kuka-ido/ros2_ws/build/kuka_msgs_pkg': CMAKE_PREFIX_PATH=${CMAKE_PREFIX_PATH}:/home/geert/kuka-ido/ros2_ws/install/serial_communication_pkg:/home/geert/kuka-ido/ros2_ws/install/data_visualiser_pkg:/home/geert/kuka-ido/ros2_ws/install/kuka_launch_pkg:/home/geert/kuka-ido/ros2_ws/install/joystick_to_serial_pkg:/opt/ros/iron /usr/bin/cmake --build /home/geert/kuka-ido/ros2_ws/build/kuka_msgs_pkg -- -j1 -l1
[1.451s] DEBUG:colcon.colcon_core.event_handler.log_command:Invoked command in '/home/geert/kuka-ido/ros2_ws/build/kuka_msgs_pkg' returned '0': CMAKE_PREFIX_PATH=${CMAKE_PREFIX_PATH}:/home/geert/kuka-ido/ros2_ws/install/serial_communication_pkg:/home/geert/kuka-ido/ros2_ws/install/data_visualiser_pkg:/home/geert/kuka-ido/ros2_ws/install/kuka_launch_pkg:/home/geert/kuka-ido/ros2_ws/install/joystick_to_serial_pkg:/opt/ros/iron /usr/bin/cmake --build /home/geert/kuka-ido/ros2_ws/build/kuka_msgs_pkg -- -j1 -l1
[1.517s] DEBUG:colcon.colcon_core.event_handler.log_command:Invoking command in '/home/geert/kuka-ido/ros2_ws/build/kuka_msgs_pkg': CMAKE_PREFIX_PATH=${CMAKE_PREFIX_PATH}:/home/geert/kuka-ido/ros2_ws/install/serial_communication_pkg:/home/geert/kuka-ido/ros2_ws/install/data_visualiser_pkg:/home/geert/kuka-ido/ros2_ws/install/kuka_launch_pkg:/home/geert/kuka-ido/ros2_ws/install/joystick_to_serial_pkg:/opt/ros/iron /usr/bin/cmake --install /home/geert/kuka-ido/ros2_ws/build/kuka_msgs_pkg
[1.598s] Level 1:colcon.colcon_core.environment:create_environment_scripts_only(kuka_msgs_pkg)
[1.604s] Level 1:colcon.colcon_core.environment:checking '/home/geert/kuka-ido/ros2_ws/install/kuka_msgs_pkg' for CMake module files
[1.605s] Level 1:colcon.colcon_core.environment:checking '/home/geert/kuka-ido/ros2_ws/install/kuka_msgs_pkg' for CMake config files
[1.605s] Level 1:colcon.colcon_core.shell:create_environment_hook('kuka_msgs_pkg', 'cmake_prefix_path')
[1.607s] INFO:colcon.colcon_core.shell:Creating environment hook '/home/geert/kuka-ido/ros2_ws/install/kuka_msgs_pkg/share/kuka_msgs_pkg/hook/cmake_prefix_path.ps1'
[1.608s] DEBUG:colcon.colcon_core.event_handler.log_command:Invoked command in '/home/geert/kuka-ido/ros2_ws/build/kuka_msgs_pkg' returned '0': CMAKE_PREFIX_PATH=${CMAKE_PREFIX_PATH}:/home/geert/kuka-ido/ros2_ws/install/serial_communication_pkg:/home/geert/kuka-ido/ros2_ws/install/data_visualiser_pkg:/home/geert/kuka-ido/ros2_ws/install/kuka_launch_pkg:/home/geert/kuka-ido/ros2_ws/install/joystick_to_serial_pkg:/opt/ros/iron /usr/bin/cmake --install /home/geert/kuka-ido/ros2_ws/build/kuka_msgs_pkg
[1.608s] INFO:colcon.colcon_core.shell:Creating environment descriptor '/home/geert/kuka-ido/ros2_ws/install/kuka_msgs_pkg/share/kuka_msgs_pkg/hook/cmake_prefix_path.dsv'
[1.609s] INFO:colcon.colcon_core.shell:Creating environment hook '/home/geert/kuka-ido/ros2_ws/install/kuka_msgs_pkg/share/kuka_msgs_pkg/hook/cmake_prefix_path.sh'
[1.610s] Level 1:colcon.colcon_core.environment:checking '/home/geert/kuka-ido/ros2_ws/install/kuka_msgs_pkg/lib'
[1.610s] Level 1:colcon.colcon_core.shell:create_environment_hook('kuka_msgs_pkg', 'ld_library_path_lib')
[1.612s] INFO:colcon.colcon_core.shell:Creating environment hook '/home/geert/kuka-ido/ros2_ws/install/kuka_msgs_pkg/share/kuka_msgs_pkg/hook/ld_library_path_lib.ps1'
[1.612s] INFO:colcon.colcon_core.shell:Creating environment descriptor '/home/geert/kuka-ido/ros2_ws/install/kuka_msgs_pkg/share/kuka_msgs_pkg/hook/ld_library_path_lib.dsv'
[1.618s] INFO:colcon.colcon_core.shell:Creating environment hook '/home/geert/kuka-ido/ros2_ws/install/kuka_msgs_pkg/share/kuka_msgs_pkg/hook/ld_library_path_lib.sh'
[1.622s] Level 1:colcon.colcon_core.environment:checking '/home/geert/kuka-ido/ros2_ws/install/kuka_msgs_pkg/bin'
[1.622s] Level 1:colcon.colcon_core.environment:checking '/home/geert/kuka-ido/ros2_ws/install/kuka_msgs_pkg/lib/pkgconfig/kuka_msgs_pkg.pc'
[1.622s] Level 1:colcon.colcon_core.environment:checking '/home/geert/kuka-ido/ros2_ws/install/kuka_msgs_pkg/lib/python3.10/site-packages'
[1.622s] Level 1:colcon.colcon_core.shell:create_environment_hook('kuka_msgs_pkg', 'pythonpath')
[1.625s] INFO:colcon.colcon_core.shell:Creating environment hook '/home/geert/kuka-ido/ros2_ws/install/kuka_msgs_pkg/share/kuka_msgs_pkg/hook/pythonpath.ps1'
[1.625s] INFO:colcon.colcon_core.shell:Creating environment descriptor '/home/geert/kuka-ido/ros2_ws/install/kuka_msgs_pkg/share/kuka_msgs_pkg/hook/pythonpath.dsv'
[1.625s] INFO:colcon.colcon_core.shell:Creating environment hook '/home/geert/kuka-ido/ros2_ws/install/kuka_msgs_pkg/share/kuka_msgs_pkg/hook/pythonpath.sh'
[1.626s] Level 1:colcon.colcon_core.environment:checking '/home/geert/kuka-ido/ros2_ws/install/kuka_msgs_pkg/bin'
[1.628s] INFO:colcon.colcon_core.shell:Creating package script '/home/geert/kuka-ido/ros2_ws/install/kuka_msgs_pkg/share/kuka_msgs_pkg/package.ps1'
[1.629s] INFO:colcon.colcon_core.shell:Creating package descriptor '/home/geert/kuka-ido/ros2_ws/install/kuka_msgs_pkg/share/kuka_msgs_pkg/package.dsv'
[1.630s] INFO:colcon.colcon_core.shell:Creating package script '/home/geert/kuka-ido/ros2_ws/install/kuka_msgs_pkg/share/kuka_msgs_pkg/package.sh'
[1.631s] INFO:colcon.colcon_core.shell:Creating package script '/home/geert/kuka-ido/ros2_ws/install/kuka_msgs_pkg/share/kuka_msgs_pkg/package.bash'
[1.632s] INFO:colcon.colcon_core.shell:Creating package script '/home/geert/kuka-ido/ros2_ws/install/kuka_msgs_pkg/share/kuka_msgs_pkg/package.zsh'
[1.633s] Level 1:colcon.colcon_core.environment:create_file_with_runtime_dependencies(/home/geert/kuka-ido/ros2_ws/install/kuka_msgs_pkg/share/colcon-core/packages/kuka_msgs_pkg)
[1.693s] Level 1:colcon.colcon_core.environment:create_environment_scripts_only(kuka_msgs_pkg)
[1.695s] Level 1:colcon.colcon_core.environment:checking '/home/geert/kuka-ido/ros2_ws/install/kuka_msgs_pkg' for CMake module files
[1.696s] Level 1:colcon.colcon_core.environment:checking '/home/geert/kuka-ido/ros2_ws/install/kuka_msgs_pkg' for CMake config files
[1.697s] Level 1:colcon.colcon_core.shell:create_environment_hook('kuka_msgs_pkg', 'cmake_prefix_path')
[1.699s] INFO:colcon.colcon_core.shell:Creating environment hook '/home/geert/kuka-ido/ros2_ws/install/kuka_msgs_pkg/share/kuka_msgs_pkg/hook/cmake_prefix_path.ps1'
[1.699s] INFO:colcon.colcon_core.shell:Creating environment descriptor '/home/geert/kuka-ido/ros2_ws/install/kuka_msgs_pkg/share/kuka_msgs_pkg/hook/cmake_prefix_path.dsv'
[1.700s] INFO:colcon.colcon_core.shell:Creating environment hook '/home/geert/kuka-ido/ros2_ws/install/kuka_msgs_pkg/share/kuka_msgs_pkg/hook/cmake_prefix_path.sh'
[1.700s] Level 1:colcon.colcon_core.environment:checking '/home/geert/kuka-ido/ros2_ws/install/kuka_msgs_pkg/lib'
[1.701s] Level 1:colcon.colcon_core.shell:create_environment_hook('kuka_msgs_pkg', 'ld_library_path_lib')
[1.702s] INFO:colcon.colcon_core.shell:Creating environment hook '/home/geert/kuka-ido/ros2_ws/install/kuka_msgs_pkg/share/kuka_msgs_pkg/hook/ld_library_path_lib.ps1'
[1.703s] INFO:colcon.colcon_core.shell:Creating environment descriptor '/home/geert/kuka-ido/ros2_ws/install/kuka_msgs_pkg/share/kuka_msgs_pkg/hook/ld_library_path_lib.dsv'
[1.703s] INFO:colcon.colcon_core.shell:Creating environment hook '/home/geert/kuka-ido/ros2_ws/install/kuka_msgs_pkg/share/kuka_msgs_pkg/hook/ld_library_path_lib.sh'
[1.703s] Level 1:colcon.colcon_core.environment:checking '/home/geert/kuka-ido/ros2_ws/install/kuka_msgs_pkg/bin'
[1.703s] Level 1:colcon.colcon_core.environment:checking '/home/geert/kuka-ido/ros2_ws/install/kuka_msgs_pkg/lib/pkgconfig/kuka_msgs_pkg.pc'
[1.704s] Level 1:colcon.colcon_core.environment:checking '/home/geert/kuka-ido/ros2_ws/install/kuka_msgs_pkg/lib/python3.10/site-packages'
[1.704s] Level 1:colcon.colcon_core.shell:create_environment_hook('kuka_msgs_pkg', 'pythonpath')
[1.706s] INFO:colcon.colcon_core.shell:Creating environment hook '/home/geert/kuka-ido/ros2_ws/install/kuka_msgs_pkg/share/kuka_msgs_pkg/hook/pythonpath.ps1'
[1.706s] INFO:colcon.colcon_core.shell:Creating environment descriptor '/home/geert/kuka-ido/ros2_ws/install/kuka_msgs_pkg/share/kuka_msgs_pkg/hook/pythonpath.dsv'
[1.707s] INFO:colcon.colcon_core.shell:Creating environment hook '/home/geert/kuka-ido/ros2_ws/install/kuka_msgs_pkg/share/kuka_msgs_pkg/hook/pythonpath.sh'
[1.707s] Level 1:colcon.colcon_core.environment:checking '/home/geert/kuka-ido/ros2_ws/install/kuka_msgs_pkg/bin'
[1.709s] INFO:colcon.colcon_core.shell:Creating package script '/home/geert/kuka-ido/ros2_ws/install/kuka_msgs_pkg/share/kuka_msgs_pkg/package.ps1'
[1.710s] INFO:colcon.colcon_core.shell:Creating package descriptor '/home/geert/kuka-ido/ros2_ws/install/kuka_msgs_pkg/share/kuka_msgs_pkg/package.dsv'
[1.711s] INFO:colcon.colcon_core.shell:Creating package script '/home/geert/kuka-ido/ros2_ws/install/kuka_msgs_pkg/share/kuka_msgs_pkg/package.sh'
[1.711s] INFO:colcon.colcon_core.shell:Creating package script '/home/geert/kuka-ido/ros2_ws/install/kuka_msgs_pkg/share/kuka_msgs_pkg/package.bash'
[1.712s] INFO:colcon.colcon_core.shell:Creating package script '/home/geert/kuka-ido/ros2_ws/install/kuka_msgs_pkg/share/kuka_msgs_pkg/package.zsh'
[1.712s] Level 1:colcon.colcon_core.environment:create_file_with_runtime_dependencies(/home/geert/kuka-ido/ros2_ws/install/kuka_msgs_pkg/share/colcon-core/packages/kuka_msgs_pkg)
[1.713s] INFO:colcon.colcon_ros.task.ament_python.build:Building ROS package in '/home/geert/kuka-ido/ros2_ws/src/joystick_to_serial_pkg' with build type 'ament_python'
[1.713s] Level 1:colcon.colcon_core.shell:create_environment_hook('joystick_to_serial_pkg', 'ament_prefix_path')
[1.723s] INFO:colcon.colcon_core.shell:Creating environment hook '/home/geert/kuka-ido/ros2_ws/install/joystick_to_serial_pkg/share/joystick_to_serial_pkg/hook/ament_prefix_path.ps1'
[1.724s] INFO:colcon.colcon_core.shell:Creating environment descriptor '/home/geert/kuka-ido/ros2_ws/install/joystick_to_serial_pkg/share/joystick_to_serial_pkg/hook/ament_prefix_path.dsv'
[1.724s] INFO:colcon.colcon_core.shell:Creating environment hook '/home/geert/kuka-ido/ros2_ws/install/joystick_to_serial_pkg/share/joystick_to_serial_pkg/hook/ament_prefix_path.sh'
[1.726s] INFO:colcon.colcon_core.shell:Skip shell extension 'powershell' for command environment: Not usable outside of PowerShell
[1.726s] DEBUG:colcon.colcon_core.shell:Skip shell extension 'dsv' for command environment
[2.108s] INFO:colcon.colcon_core.task.python.build:Building Python package in '/home/geert/kuka-ido/ros2_ws/src/joystick_to_serial_pkg'
[2.110s] INFO:colcon.colcon_core.shell:Skip shell extension 'powershell' for command environment: Not usable outside of PowerShell
[2.110s] DEBUG:colcon.colcon_core.shell:Skip shell extension 'dsv' for command environment
[2.564s] DEBUG:colcon.colcon_core.event_handler.log_command:Invoking command in '/home/geert/kuka-ido/ros2_ws/src/joystick_to_serial_pkg': PYTHONPATH=/home/geert/kuka-ido/ros2_ws/build/joystick_to_serial_pkg/prefix_override:/home/geert/kuka-ido/ros2_ws/install/joystick_to_serial_pkg/lib/python3.10/site-packages:${PYTHONPATH} /usr/bin/python3 setup.py egg_info --egg-base ../../build/joystick_to_serial_pkg build --build-base /home/geert/kuka-ido/ros2_ws/build/joystick_to_serial_pkg/build install --record /home/geert/kuka-ido/ros2_ws/build/joystick_to_serial_pkg/install.log --single-version-externally-managed
[2.982s] Level 1:colcon.colcon_core.environment:checking '/home/geert/kuka-ido/ros2_ws/install/joystick_to_serial_pkg' for CMake module files
[2.983s] Level 1:colcon.colcon_core.environment:checking '/home/geert/kuka-ido/ros2_ws/install/joystick_to_serial_pkg' for CMake config files
[2.983s] Level 1:colcon.colcon_core.environment:checking '/home/geert/kuka-ido/ros2_ws/install/joystick_to_serial_pkg/lib'
[2.984s] Level 1:colcon.colcon_core.environment:checking '/home/geert/kuka-ido/ros2_ws/install/joystick_to_serial_pkg/bin'
[2.984s] Level 1:colcon.colcon_core.environment:checking '/home/geert/kuka-ido/ros2_ws/install/joystick_to_serial_pkg/lib/pkgconfig/joystick_to_serial_pkg.pc'
[2.984s] Level 1:colcon.colcon_core.environment:checking '/home/geert/kuka-ido/ros2_ws/install/joystick_to_serial_pkg/lib/python3.10/site-packages'
[2.984s] Level 1:colcon.colcon_core.shell:create_environment_hook('joystick_to_serial_pkg', 'pythonpath')
[2.986s] INFO:colcon.colcon_core.shell:Creating environment hook '/home/geert/kuka-ido/ros2_ws/install/joystick_to_serial_pkg/share/joystick_to_serial_pkg/hook/pythonpath.ps1'
[2.986s] INFO:colcon.colcon_core.shell:Creating environment descriptor '/home/geert/kuka-ido/ros2_ws/install/joystick_to_serial_pkg/share/joystick_to_serial_pkg/hook/pythonpath.dsv'
[2.987s] DEBUG:colcon.colcon_core.event_handler.log_command:Invoked command in '/home/geert/kuka-ido/ros2_ws/src/joystick_to_serial_pkg' returned '0': PYTHONPATH=/home/geert/kuka-ido/ros2_ws/build/joystick_to_serial_pkg/prefix_override:/home/geert/kuka-ido/ros2_ws/install/joystick_to_serial_pkg/lib/python3.10/site-packages:${PYTHONPATH} /usr/bin/python3 setup.py egg_info --egg-base ../../build/joystick_to_serial_pkg build --build-base /home/geert/kuka-ido/ros2_ws/build/joystick_to_serial_pkg/build install --record /home/geert/kuka-ido/ros2_ws/build/joystick_to_serial_pkg/install.log --single-version-externally-managed
[2.988s] INFO:colcon.colcon_core.shell:Creating environment hook '/home/geert/kuka-ido/ros2_ws/install/joystick_to_serial_pkg/share/joystick_to_serial_pkg/hook/pythonpath.sh'
[2.989s] Level 1:colcon.colcon_core.environment:checking '/home/geert/kuka-ido/ros2_ws/install/joystick_to_serial_pkg/bin'
[2.989s] Level 1:colcon.colcon_core.environment:create_environment_scripts_only(joystick_to_serial_pkg)
[2.991s] INFO:colcon.colcon_core.shell:Creating package script '/home/geert/kuka-ido/ros2_ws/install/joystick_to_serial_pkg/share/joystick_to_serial_pkg/package.ps1'
[2.991s] INFO:colcon.colcon_core.shell:Creating package descriptor '/home/geert/kuka-ido/ros2_ws/install/joystick_to_serial_pkg/share/joystick_to_serial_pkg/package.dsv'
[2.992s] INFO:colcon.colcon_core.shell:Creating package script '/home/geert/kuka-ido/ros2_ws/install/joystick_to_serial_pkg/share/joystick_to_serial_pkg/package.sh'
[2.992s] INFO:colcon.colcon_core.shell:Creating package script '/home/geert/kuka-ido/ros2_ws/install/joystick_to_serial_pkg/share/joystick_to_serial_pkg/package.bash'
[2.992s] INFO:colcon.colcon_core.shell:Creating package script '/home/geert/kuka-ido/ros2_ws/install/joystick_to_serial_pkg/share/joystick_to_serial_pkg/package.zsh'
[2.993s] Level 1:colcon.colcon_core.environment:create_file_with_runtime_dependencies(/home/geert/kuka-ido/ros2_ws/install/joystick_to_serial_pkg/share/colcon-core/packages/joystick_to_serial_pkg)
[2.994s] INFO:colcon.colcon_ros.task.ament_python.build:Building ROS package in '/home/geert/kuka-ido/ros2_ws/src/kuka_launch_pkg' with build type 'ament_python'
[2.994s] Level 1:colcon.colcon_core.shell:create_environment_hook('kuka_launch_pkg', 'ament_prefix_path')
[2.996s] INFO:colcon.colcon_core.shell:Creating environment hook '/home/geert/kuka-ido/ros2_ws/install/kuka_launch_pkg/share/kuka_launch_pkg/hook/ament_prefix_path.ps1'
[2.997s] INFO:colcon.colcon_core.shell:Creating environment descriptor '/home/geert/kuka-ido/ros2_ws/install/kuka_launch_pkg/share/kuka_launch_pkg/hook/ament_prefix_path.dsv'
[2.997s] INFO:colcon.colcon_core.shell:Creating environment hook '/home/geert/kuka-ido/ros2_ws/install/kuka_launch_pkg/share/kuka_launch_pkg/hook/ament_prefix_path.sh'
[3.000s] INFO:colcon.colcon_core.shell:Skip shell extension 'powershell' for command environment: Not usable outside of PowerShell
[3.000s] DEBUG:colcon.colcon_core.shell:Skip shell extension 'dsv' for command environment
[3.382s] INFO:colcon.colcon_core.task.python.build:Building Python package in '/home/geert/kuka-ido/ros2_ws/src/kuka_launch_pkg'
[3.384s] INFO:colcon.colcon_core.shell:Skip shell extension 'powershell' for command environment: Not usable outside of PowerShell
[3.384s] DEBUG:colcon.colcon_core.shell:Skip shell extension 'dsv' for command environment
[3.845s] DEBUG:colcon.colcon_core.event_handler.log_command:Invoking command in '/home/geert/kuka-ido/ros2_ws/src/kuka_launch_pkg': PYTHONPATH=/home/geert/kuka-ido/ros2_ws/build/kuka_launch_pkg/prefix_override:/home/geert/kuka-ido/ros2_ws/install/kuka_launch_pkg/lib/python3.10/site-packages:${PYTHONPATH} /usr/bin/python3 setup.py egg_info --egg-base ../../build/kuka_launch_pkg build --build-base /home/geert/kuka-ido/ros2_ws/build/kuka_launch_pkg/build install --record /home/geert/kuka-ido/ros2_ws/build/kuka_launch_pkg/install.log --single-version-externally-managed
[4.265s] Level 1:colcon.colcon_core.environment:checking '/home/geert/kuka-ido/ros2_ws/install/kuka_launch_pkg' for CMake module files
[4.266s] Level 1:colcon.colcon_core.environment:checking '/home/geert/kuka-ido/ros2_ws/install/kuka_launch_pkg' for CMake config files
[4.266s] Level 1:colcon.colcon_core.environment:checking '/home/geert/kuka-ido/ros2_ws/install/kuka_launch_pkg/lib'
[4.266s] Level 1:colcon.colcon_core.environment:checking '/home/geert/kuka-ido/ros2_ws/install/kuka_launch_pkg/bin'
[4.266s] Level 1:colcon.colcon_core.environment:checking '/home/geert/kuka-ido/ros2_ws/install/kuka_launch_pkg/lib/pkgconfig/kuka_launch_pkg.pc'
[4.267s] Level 1:colcon.colcon_core.environment:checking '/home/geert/kuka-ido/ros2_ws/install/kuka_launch_pkg/lib/python3.10/site-packages'
[4.267s] Level 1:colcon.colcon_core.shell:create_environment_hook('kuka_launch_pkg', 'pythonpath')
[4.269s] INFO:colcon.colcon_core.shell:Creating environment hook '/home/geert/kuka-ido/ros2_ws/install/kuka_launch_pkg/share/kuka_launch_pkg/hook/pythonpath.ps1'
[4.269s] INFO:colcon.colcon_core.shell:Creating environment descriptor '/home/geert/kuka-ido/ros2_ws/install/kuka_launch_pkg/share/kuka_launch_pkg/hook/pythonpath.dsv'
[4.270s] DEBUG:colcon.colcon_core.event_handler.log_command:Invoked command in '/home/geert/kuka-ido/ros2_ws/src/kuka_launch_pkg' returned '0': PYTHONPATH=/home/geert/kuka-ido/ros2_ws/build/kuka_launch_pkg/prefix_override:/home/geert/kuka-ido/ros2_ws/install/kuka_launch_pkg/lib/python3.10/site-packages:${PYTHONPATH} /usr/bin/python3 setup.py egg_info --egg-base ../../build/kuka_launch_pkg build --build-base /home/geert/kuka-ido/ros2_ws/build/kuka_launch_pkg/build install --record /home/geert/kuka-ido/ros2_ws/build/kuka_launch_pkg/install.log --single-version-externally-managed
[4.270s] INFO:colcon.colcon_core.shell:Creating environment hook '/home/geert/kuka-ido/ros2_ws/install/kuka_launch_pkg/share/kuka_launch_pkg/hook/pythonpath.sh'
[4.271s] Level 1:colcon.colcon_core.environment:checking '/home/geert/kuka-ido/ros2_ws/install/kuka_launch_pkg/bin'
[4.271s] Level 1:colcon.colcon_core.environment:create_environment_scripts_only(kuka_launch_pkg)
[4.273s] INFO:colcon.colcon_core.shell:Creating package script '/home/geert/kuka-ido/ros2_ws/install/kuka_launch_pkg/share/kuka_launch_pkg/package.ps1'
[4.274s] INFO:colcon.colcon_core.shell:Creating package descriptor '/home/geert/kuka-ido/ros2_ws/install/kuka_launch_pkg/share/kuka_launch_pkg/package.dsv'
[4.274s] INFO:colcon.colcon_core.shell:Creating package script '/home/geert/kuka-ido/ros2_ws/install/kuka_launch_pkg/share/kuka_launch_pkg/package.sh'
[4.275s] INFO:colcon.colcon_core.shell:Creating package script '/home/geert/kuka-ido/ros2_ws/install/kuka_launch_pkg/share/kuka_launch_pkg/package.bash'
[4.275s] INFO:colcon.colcon_core.shell:Creating package script '/home/geert/kuka-ido/ros2_ws/install/kuka_launch_pkg/share/kuka_launch_pkg/package.zsh'
[4.275s] Level 1:colcon.colcon_core.environment:create_file_with_runtime_dependencies(/home/geert/kuka-ido/ros2_ws/install/kuka_launch_pkg/share/colcon-core/packages/kuka_launch_pkg)
[4.276s] INFO:colcon.colcon_ros.task.ament_python.build:Building ROS package in '/home/geert/kuka-ido/ros2_ws/src/serial_communication_pkg' with build type 'ament_python'
[4.276s] Level 1:colcon.colcon_core.shell:create_environment_hook('serial_communication_pkg', 'ament_prefix_path')
[4.278s] INFO:colcon.colcon_core.shell:Creating environment hook '/home/geert/kuka-ido/ros2_ws/install/serial_communication_pkg/share/serial_communication_pkg/hook/ament_prefix_path.ps1'
[4.279s] INFO:colcon.colcon_core.shell:Creating environment descriptor '/home/geert/kuka-ido/ros2_ws/install/serial_communication_pkg/share/serial_communication_pkg/hook/ament_prefix_path.dsv'
[4.279s] INFO:colcon.colcon_core.shell:Creating environment hook '/home/geert/kuka-ido/ros2_ws/install/serial_communication_pkg/share/serial_communication_pkg/hook/ament_prefix_path.sh'
[4.281s] INFO:colcon.colcon_core.shell:Skip shell extension 'powershell' for command environment: Not usable outside of PowerShell
[4.281s] DEBUG:colcon.colcon_core.shell:Skip shell extension 'dsv' for command environment
[4.663s] INFO:colcon.colcon_core.task.python.build:Building Python package in '/home/geert/kuka-ido/ros2_ws/src/serial_communication_pkg'
[4.665s] INFO:colcon.colcon_core.shell:Skip shell extension 'powershell' for command environment: Not usable outside of PowerShell
[4.665s] DEBUG:colcon.colcon_core.shell:Skip shell extension 'dsv' for command environment
[5.123s] DEBUG:colcon.colcon_core.event_handler.log_command:Invoking command in '/home/geert/kuka-ido/ros2_ws/src/serial_communication_pkg': AMENT_PREFIX_PATH=/home/geert/ros2_ws_git/install/kuka_msgs_pkg:${AMENT_PREFIX_PATH} LD_LIBRARY_PATH=/home/geert/ros2_ws_git/install/kuka_msgs_pkg/lib:${LD_LIBRARY_PATH} PYTHONPATH=/home/geert/kuka-ido/ros2_ws/build/serial_communication_pkg/prefix_override:/home/geert/kuka-ido/ros2_ws/install/serial_communication_pkg/lib/python3.10/site-packages:/home/geert/ros2_ws_git/install/kuka_msgs_pkg/lib/python3.10/site-packages:/home/geert/kuka-ido/ros2_ws/install/kuka_msgs_pkg/lib/python3.10/site-packages:/home/geert/kuka-ido/ros2_ws/install/serial_communication_pkg/lib/python3.10/site-packages:/home/geert/kuka-ido/ros2_ws/install/data_visualiser_pkg/lib/python3.10/site-packages:/home/geert/kuka-ido/ros2_ws/install/kuka_launch_pkg/lib/python3.10/site-packages:/home/geert/kuka-ido/ros2_ws/install/joystick_to_serial_pkg/lib/python3.10/site-packages:/opt/ros/iron/lib/python3.10/site-packages /usr/bin/python3 setup.py egg_info --egg-base ../../build/serial_communication_pkg build --build-base /home/geert/kuka-ido/ros2_ws/build/serial_communication_pkg/build install --record /home/geert/kuka-ido/ros2_ws/build/serial_communication_pkg/install.log --single-version-externally-managed
[5.549s] Level 1:colcon.colcon_core.environment:checking '/home/geert/kuka-ido/ros2_ws/install/serial_communication_pkg' for CMake module files
[5.550s] DEBUG:colcon.colcon_core.event_handler.log_command:Invoked command in '/home/geert/kuka-ido/ros2_ws/src/serial_communication_pkg' returned '0': AMENT_PREFIX_PATH=/home/geert/ros2_ws_git/install/kuka_msgs_pkg:${AMENT_PREFIX_PATH} LD_LIBRARY_PATH=/home/geert/ros2_ws_git/install/kuka_msgs_pkg/lib:${LD_LIBRARY_PATH} PYTHONPATH=/home/geert/kuka-ido/ros2_ws/build/serial_communication_pkg/prefix_override:/home/geert/kuka-ido/ros2_ws/install/serial_communication_pkg/lib/python3.10/site-packages:/home/geert/ros2_ws_git/install/kuka_msgs_pkg/lib/python3.10/site-packages:/home/geert/kuka-ido/ros2_ws/install/kuka_msgs_pkg/lib/python3.10/site-packages:/home/geert/kuka-ido/ros2_ws/install/serial_communication_pkg/lib/python3.10/site-packages:/home/geert/kuka-ido/ros2_ws/install/data_visualiser_pkg/lib/python3.10/site-packages:/home/geert/kuka-ido/ros2_ws/install/kuka_launch_pkg/lib/python3.10/site-packages:/home/geert/kuka-ido/ros2_ws/install/joystick_to_serial_pkg/lib/python3.10/site-packages:/opt/ros/iron/lib/python3.10/site-packages /usr/bin/python3 setup.py egg_info --egg-base ../../build/serial_communication_pkg build --build-base /home/geert/kuka-ido/ros2_ws/build/serial_communication_pkg/build install --record /home/geert/kuka-ido/ros2_ws/build/serial_communication_pkg/install.log --single-version-externally-managed
[5.551s] Level 1:colcon.colcon_core.environment:checking '/home/geert/kuka-ido/ros2_ws/install/serial_communication_pkg' for CMake config files
[5.551s] Level 1:colcon.colcon_core.environment:checking '/home/geert/kuka-ido/ros2_ws/install/serial_communication_pkg/lib'
[5.551s] Level 1:colcon.colcon_core.environment:checking '/home/geert/kuka-ido/ros2_ws/install/serial_communication_pkg/bin'
[5.551s] Level 1:colcon.colcon_core.environment:checking '/home/geert/kuka-ido/ros2_ws/install/serial_communication_pkg/lib/pkgconfig/serial_communication_pkg.pc'
[5.552s] Level 1:colcon.colcon_core.environment:checking '/home/geert/kuka-ido/ros2_ws/install/serial_communication_pkg/lib/python3.10/site-packages'
[5.552s] Level 1:colcon.colcon_core.shell:create_environment_hook('serial_communication_pkg', 'pythonpath')
[5.553s] INFO:colcon.colcon_core.shell:Creating environment hook '/home/geert/kuka-ido/ros2_ws/install/serial_communication_pkg/share/serial_communication_pkg/hook/pythonpath.ps1'
[5.554s] INFO:colcon.colcon_core.shell:Creating environment descriptor '/home/geert/kuka-ido/ros2_ws/install/serial_communication_pkg/share/serial_communication_pkg/hook/pythonpath.dsv'
[5.554s] INFO:colcon.colcon_core.shell:Creating environment hook '/home/geert/kuka-ido/ros2_ws/install/serial_communication_pkg/share/serial_communication_pkg/hook/pythonpath.sh'
[5.555s] Level 1:colcon.colcon_core.environment:checking '/home/geert/kuka-ido/ros2_ws/install/serial_communication_pkg/bin'
[5.555s] Level 1:colcon.colcon_core.environment:create_environment_scripts_only(serial_communication_pkg)
[5.557s] INFO:colcon.colcon_core.shell:Creating package script '/home/geert/kuka-ido/ros2_ws/install/serial_communication_pkg/share/serial_communication_pkg/package.ps1'
[5.557s] INFO:colcon.colcon_core.shell:Creating package descriptor '/home/geert/kuka-ido/ros2_ws/install/serial_communication_pkg/share/serial_communication_pkg/package.dsv'
[5.558s] INFO:colcon.colcon_core.shell:Creating package script '/home/geert/kuka-ido/ros2_ws/install/serial_communication_pkg/share/serial_communication_pkg/package.sh'
[5.558s] INFO:colcon.colcon_core.shell:Creating package script '/home/geert/kuka-ido/ros2_ws/install/serial_communication_pkg/share/serial_communication_pkg/package.bash'
[5.559s] INFO:colcon.colcon_core.shell:Creating package script '/home/geert/kuka-ido/ros2_ws/install/serial_communication_pkg/share/serial_communication_pkg/package.zsh'
[5.559s] Level 1:colcon.colcon_core.environment:create_file_with_runtime_dependencies(/home/geert/kuka-ido/ros2_ws/install/serial_communication_pkg/share/colcon-core/packages/serial_communication_pkg)
[5.560s] DEBUG:colcon.colcon_parallel_executor.executor.parallel:closing loop
[5.560s] DEBUG:colcon.colcon_parallel_executor.executor.parallel:loop closed
[5.560s] DEBUG:colcon.colcon_parallel_executor.executor.parallel:run_until_complete finished with '0'
[5.560s] DEBUG:colcon.colcon_core.event_reactor:joining thread
[5.573s] INFO:colcon.colcon_core.plugin_system:Skipping extension 'colcon_notification.desktop_notification.terminal_notifier': Not used on non-Darwin systems
[5.573s] INFO:colcon.colcon_core.plugin_system:Skipping extension 'colcon_notification.desktop_notification.win32': Not used on non-Windows systems
[5.573s] INFO:colcon.colcon_notification.desktop_notification:Sending desktop notification using 'notify2'
[5.599s] DEBUG:colcon.colcon_core.event_reactor:joined thread
[5.601s] INFO:colcon.colcon_core.shell:Creating prefix script '/home/geert/kuka-ido/ros2_ws/install/local_setup.ps1'
[5.604s] INFO:colcon.colcon_core.shell:Creating prefix util module '/home/geert/kuka-ido/ros2_ws/install/_local_setup_util_ps1.py'
[5.612s] INFO:colcon.colcon_core.shell:Creating prefix chain script '/home/geert/kuka-ido/ros2_ws/install/setup.ps1'
[5.614s] INFO:colcon.colcon_core.shell:Creating prefix script '/home/geert/kuka-ido/ros2_ws/install/local_setup.sh'
[5.615s] INFO:colcon.colcon_core.shell:Creating prefix util module '/home/geert/kuka-ido/ros2_ws/install/_local_setup_util_sh.py'
[5.622s] INFO:colcon.colcon_core.shell:Creating prefix chain script '/home/geert/kuka-ido/ros2_ws/install/setup.sh'
[5.624s] INFO:colcon.colcon_core.shell:Creating prefix script '/home/geert/kuka-ido/ros2_ws/install/local_setup.bash'
[5.625s] INFO:colcon.colcon_core.shell:Creating prefix chain script '/home/geert/kuka-ido/ros2_ws/install/setup.bash'
[5.627s] INFO:colcon.colcon_core.shell:Creating prefix script '/home/geert/kuka-ido/ros2_ws/install/local_setup.zsh'
[5.627s] INFO:colcon.colcon_core.shell:Creating prefix chain script '/home/geert/kuka-ido/ros2_ws/install/setup.zsh'
