[1.122s] Invoking command in '/home/geert/ros2_ws_git/src/data_visualiser_pkg': AMENT_PREFIX_PATH=/home/geert/ros2_ws_git/install/kuka_msgs_pkg:${AMENT_PREFIX_PATH} PYTHONPATH=/home/geert/ros2_ws_git/build/data_visualiser_pkg/prefix_override:/home/geert/ros2_ws_git/install/data_visualiser_pkg/lib/python3.10/site-packages:/home/geert/ros2_ws_git/install/kuka_msgs_pkg/lib/python3.10/site-packages:${PYTHONPATH} /usr/bin/python3 setup.py egg_info --egg-base ../../build/data_visualiser_pkg build --build-base /home/geert/ros2_ws_git/build/data_visualiser_pkg/build install --record /home/geert/ros2_ws_git/build/data_visualiser_pkg/install.log --single-version-externally-managed
[1.504s] running egg_info
[1.505s] creating ../../build/data_visualiser_pkg/data_visualiser_pkg.egg-info
[1.505s] writing ../../build/data_visualiser_pkg/data_visualiser_pkg.egg-info/PKG-INFO
[1.506s] writing dependency_links to ../../build/data_visualiser_pkg/data_visualiser_pkg.egg-info/dependency_links.txt
[1.506s] writing entry points to ../../build/data_visualiser_pkg/data_visualiser_pkg.egg-info/entry_points.txt
[1.507s] writing requirements to ../../build/data_visualiser_pkg/data_visualiser_pkg.egg-info/requires.txt
[1.507s] writing top-level names to ../../build/data_visualiser_pkg/data_visualiser_pkg.egg-info/top_level.txt
[1.509s] writing manifest file '../../build/data_visualiser_pkg/data_visualiser_pkg.egg-info/SOURCES.txt'
[1.511s] reading manifest file '../../build/data_visualiser_pkg/data_visualiser_pkg.egg-info/SOURCES.txt'
[1.513s] writing manifest file '../../build/data_visualiser_pkg/data_visualiser_pkg.egg-info/SOURCES.txt'
[1.520s] running build
[1.520s] running build_py
[1.520s] creating /home/geert/ros2_ws_git/build/data_visualiser_pkg/build
[1.521s] creating /home/geert/ros2_ws_git/build/data_visualiser_pkg/build/lib
[1.521s] creating /home/geert/ros2_ws_git/build/data_visualiser_pkg/build/lib/data_visualiser_pkg
[1.521s] copying data_visualiser_pkg/data_visualiser_node.py -> /home/geert/ros2_ws_git/build/data_visualiser_pkg/build/lib/data_visualiser_pkg
[1.521s] copying data_visualiser_pkg/__init__.py -> /home/geert/ros2_ws_git/build/data_visualiser_pkg/build/lib/data_visualiser_pkg
[1.522s] running install
[1.522s] /usr/lib/python3/dist-packages/setuptools/command/install.py:34: SetuptoolsDeprecationWarning: setup.py install is deprecated. Use build and pip and other standards-based tools.
[1.522s]   warnings.warn(
[1.523s] running install_lib
[1.526s] creating /home/geert/ros2_ws_git/install/data_visualiser_pkg/lib/python3.10/site-packages/data_visualiser_pkg
[1.527s] copying /home/geert/ros2_ws_git/build/data_visualiser_pkg/build/lib/data_visualiser_pkg/data_visualiser_node.py -> /home/geert/ros2_ws_git/install/data_visualiser_pkg/lib/python3.10/site-packages/data_visualiser_pkg
[1.527s] copying /home/geert/ros2_ws_git/build/data_visualiser_pkg/build/lib/data_visualiser_pkg/__init__.py -> /home/geert/ros2_ws_git/install/data_visualiser_pkg/lib/python3.10/site-packages/data_visualiser_pkg
[1.528s] byte-compiling /home/geert/ros2_ws_git/install/data_visualiser_pkg/lib/python3.10/site-packages/data_visualiser_pkg/data_visualiser_node.py to data_visualiser_node.cpython-310.pyc
[1.528s] byte-compiling /home/geert/ros2_ws_git/install/data_visualiser_pkg/lib/python3.10/site-packages/data_visualiser_pkg/__init__.py to __init__.cpython-310.pyc
[1.529s] running install_data
[1.530s] creating /home/geert/ros2_ws_git/install/data_visualiser_pkg/share/ament_index
[1.530s] creating /home/geert/ros2_ws_git/install/data_visualiser_pkg/share/ament_index/resource_index
[1.530s] creating /home/geert/ros2_ws_git/install/data_visualiser_pkg/share/ament_index/resource_index/packages
[1.530s] copying resource/data_visualiser_pkg -> /home/geert/ros2_ws_git/install/data_visualiser_pkg/share/ament_index/resource_index/packages
[1.531s] copying package.xml -> /home/geert/ros2_ws_git/install/data_visualiser_pkg/share/data_visualiser_pkg
[1.531s] running install_egg_info
[1.533s] Copying ../../build/data_visualiser_pkg/data_visualiser_pkg.egg-info to /home/geert/ros2_ws_git/install/data_visualiser_pkg/lib/python3.10/site-packages/data_visualiser_pkg-0.0.0-py3.10.egg-info
[1.534s] running install_scripts
[1.579s] Installing data_visualiser_node script to /home/geert/ros2_ws_git/install/data_visualiser_pkg/lib/data_visualiser_pkg
[1.580s] writing list of installed files to '/home/geert/ros2_ws_git/build/data_visualiser_pkg/install.log'
[1.621s] Invoked command in '/home/geert/ros2_ws_git/src/data_visualiser_pkg' returned '0': AMENT_PREFIX_PATH=/home/geert/ros2_ws_git/install/kuka_msgs_pkg:${AMENT_PREFIX_PATH} PYTHONPATH=/home/geert/ros2_ws_git/build/data_visualiser_pkg/prefix_override:/home/geert/ros2_ws_git/install/data_visualiser_pkg/lib/python3.10/site-packages:/home/geert/ros2_ws_git/install/kuka_msgs_pkg/lib/python3.10/site-packages:${PYTHONPATH} /usr/bin/python3 setup.py egg_info --egg-base ../../build/data_visualiser_pkg build --build-base /home/geert/ros2_ws_git/build/data_visualiser_pkg/build install --record /home/geert/ros2_ws_git/build/data_visualiser_pkg/install.log --single-version-externally-managed
