[1.963s] Invoking command in '/home/geert/ros2_ws_git/src/serial_communication_pkg': AMENT_PREFIX_PATH=/home/geert/ros2_ws_git/install/kuka_msgs_pkg:${AMENT_PREFIX_PATH} PYTHONPATH=/home/geert/ros2_ws_git/build/serial_communication_pkg/prefix_override:/home/geert/ros2_ws_git/install/serial_communication_pkg/lib/python3.10/site-packages:/home/geert/ros2_ws_git/install/kuka_msgs_pkg/lib/python3.10/site-packages:${PYTHONPATH} /usr/bin/python3 setup.py egg_info --egg-base ../../build/serial_communication_pkg build --build-base /home/geert/ros2_ws_git/build/serial_communication_pkg/build install --record /home/geert/ros2_ws_git/build/serial_communication_pkg/install.log --single-version-externally-managed
[2.419s] running egg_info
[2.420s] writing ../../build/serial_communication_pkg/serial_communication_pkg.egg-info/PKG-INFO
[2.421s] writing dependency_links to ../../build/serial_communication_pkg/serial_communication_pkg.egg-info/dependency_links.txt
[2.422s] writing entry points to ../../build/serial_communication_pkg/serial_communication_pkg.egg-info/entry_points.txt
[2.422s] writing requirements to ../../build/serial_communication_pkg/serial_communication_pkg.egg-info/requires.txt
[2.423s] writing top-level names to ../../build/serial_communication_pkg/serial_communication_pkg.egg-info/top_level.txt
[2.425s] reading manifest file '../../build/serial_communication_pkg/serial_communication_pkg.egg-info/SOURCES.txt'
[2.427s] writing manifest file '../../build/serial_communication_pkg/serial_communication_pkg.egg-info/SOURCES.txt'
[2.427s] running build
[2.427s] running build_py
[2.427s] copying serial_communication_pkg/serial_communication_node.py -> /home/geert/ros2_ws_git/build/serial_communication_pkg/build/lib/serial_communication_pkg
[2.428s] running install
[2.428s] /usr/lib/python3/dist-packages/setuptools/command/install.py:34: SetuptoolsDeprecationWarning: setup.py install is deprecated. Use build and pip and other standards-based tools.
[2.429s]   warnings.warn(
[2.429s] running install_lib
[2.431s] copying /home/geert/ros2_ws_git/build/serial_communication_pkg/build/lib/serial_communication_pkg/serial_communication_node.py -> /home/geert/ros2_ws_git/install/serial_communication_pkg/lib/python3.10/site-packages/serial_communication_pkg
[2.431s] byte-compiling /home/geert/ros2_ws_git/install/serial_communication_pkg/lib/python3.10/site-packages/serial_communication_pkg/serial_communication_node.py to serial_communication_node.cpython-310.pyc
[2.445s] running install_data
[2.446s] copying package.xml -> /home/geert/ros2_ws_git/install/serial_communication_pkg/share/serial_communication_pkg
[2.446s] running install_egg_info
[2.448s] removing '/home/geert/ros2_ws_git/install/serial_communication_pkg/lib/python3.10/site-packages/serial_communication_pkg-0.0.0-py3.10.egg-info' (and everything under it)
[2.448s] Copying ../../build/serial_communication_pkg/serial_communication_pkg.egg-info to /home/geert/ros2_ws_git/install/serial_communication_pkg/lib/python3.10/site-packages/serial_communication_pkg-0.0.0-py3.10.egg-info
[2.450s] running install_scripts
[2.485s] Installing serial_communication_node script to /home/geert/ros2_ws_git/install/serial_communication_pkg/lib/serial_communication_pkg
[2.485s] writing list of installed files to '/home/geert/ros2_ws_git/build/serial_communication_pkg/install.log'
[2.540s] Invoked command in '/home/geert/ros2_ws_git/src/serial_communication_pkg' returned '0': AMENT_PREFIX_PATH=/home/geert/ros2_ws_git/install/kuka_msgs_pkg:${AMENT_PREFIX_PATH} PYTHONPATH=/home/geert/ros2_ws_git/build/serial_communication_pkg/prefix_override:/home/geert/ros2_ws_git/install/serial_communication_pkg/lib/python3.10/site-packages:/home/geert/ros2_ws_git/install/kuka_msgs_pkg/lib/python3.10/site-packages:${PYTHONPATH} /usr/bin/python3 setup.py egg_info --egg-base ../../build/serial_communication_pkg build --build-base /home/geert/ros2_ws_git/build/serial_communication_pkg/build install --record /home/geert/ros2_ws_git/build/serial_communication_pkg/install.log --single-version-externally-managed
