[0mCMake Error: The current CMakeCache.txt directory /home/geert/kuka-ido/ros2_ws/build/kuka_msgs_pkg/CMakeCache.txt is different than the directory /home/geert/ros2_ws_git/build/kuka_msgs_pkg where CMakeCache.txt was created. This may result in binaries being created in the wrong place. If you are not sure, reedit the CMakeCache.txt[0m
[  2%] Built target kuka_msgs_pkg__rosidl_generator_type_description
[  5%] Built target kuka_msgs_pkg__cpp
[ 20%] Built target kuka_msgs_pkg__rosidl_generator_c
[ 29%] Built target kuka_msgs_pkg__rosidl_typesupport_cpp
[ 38%] Built target kuka_msgs_pkg__rosidl_typesupport_fastrtps_c
[ 47%] Built target kuka_msgs_pkg__rosidl_typesupport_introspection_c
[ 55%] Built target kuka_msgs_pkg__rosidl_typesupport_c
[ 64%] Built target kuka_msgs_pkg__rosidl_typesupport_fastrtps_cpp
[ 73%] Built target kuka_msgs_pkg__rosidl_typesupport_introspection_cpp
[ 73%] Built target kuka_msgs_pkg
[ 73%] Built target ament_cmake_python_copy_kuka_msgs_pkg
running egg_info
writing kuka_msgs_pkg.egg-info/PKG-INFO
writing dependency_links to kuka_msgs_pkg.egg-info/dependency_links.txt
writing top-level names to kuka_msgs_pkg.egg-info/top_level.txt
reading manifest file 'kuka_msgs_pkg.egg-info/SOURCES.txt'
writing manifest file 'kuka_msgs_pkg.egg-info/SOURCES.txt'
[ 73%] Built target ament_cmake_python_build_kuka_msgs_pkg_egg
[ 76%] Built target kuka_msgs_pkg__py
[ 82%] Built target kuka_msgs_pkg__rosidl_generator_py
[ 88%] Built target kuka_msgs_pkg__rosidl_typesupport_fastrtps_c__pyext
[ 94%] Built target kuka_msgs_pkg__rosidl_typesupport_introspection_c__pyext
[100%] Built target kuka_msgs_pkg__rosidl_typesupport_c__pyext
-- Install configuration: ""
-- Up-to-date: /home/geert/ros2_ws_git/install/kuka_msgs_pkg/share/ament_index/resource_index/rosidl_interfaces/kuka_msgs_pkg
-- Up-to-date: /home/geert/ros2_ws_git/install/kuka_msgs_pkg/share/kuka_msgs_pkg/msg/SingleWheelData.json
-- Up-to-date: /home/geert/ros2_ws_git/install/kuka_msgs_pkg/include/kuka_msgs_pkg/kuka_msgs_pkg
-- Up-to-date: /home/geert/ros2_ws_git/install/kuka_msgs_pkg/include/kuka_msgs_pkg/kuka_msgs_pkg/msg
-- Up-to-date: /home/geert/ros2_ws_git/install/kuka_msgs_pkg/include/kuka_msgs_pkg/kuka_msgs_pkg/msg/detail
-- Up-to-date: /home/geert/ros2_ws_git/install/kuka_msgs_pkg/include/kuka_msgs_pkg/kuka_msgs_pkg/msg/detail/single_wheel_data__struct.h
-- Installing: /home/geert/ros2_ws_git/install/kuka_msgs_pkg/include/kuka_msgs_pkg/kuka_msgs_pkg/msg/detail/single_wheel_data__type_support.c
-- Up-to-date: /home/geert/ros2_ws_git/install/kuka_msgs_pkg/include/kuka_msgs_pkg/kuka_msgs_pkg/msg/detail/single_wheel_data__functions.c
-- Up-to-date: /home/geert/ros2_ws_git/install/kuka_msgs_pkg/include/kuka_msgs_pkg/kuka_msgs_pkg/msg/detail/single_wheel_data__type_support.h
-- Up-to-date: /home/geert/ros2_ws_git/install/kuka_msgs_pkg/include/kuka_msgs_pkg/kuka_msgs_pkg/msg/detail/single_wheel_data__description.c
-- Up-to-date: /home/geert/ros2_ws_git/install/kuka_msgs_pkg/include/kuka_msgs_pkg/kuka_msgs_pkg/msg/detail/single_wheel_data__functions.h
-- Up-to-date: /home/geert/ros2_ws_git/install/kuka_msgs_pkg/include/kuka_msgs_pkg/kuka_msgs_pkg/msg/rosidl_generator_c__visibility_control.h
-- Up-to-date: /home/geert/ros2_ws_git/install/kuka_msgs_pkg/include/kuka_msgs_pkg/kuka_msgs_pkg/msg/single_wheel_data.h
-- Up-to-date: /home/geert/ros2_ws_git/install/kuka_msgs_pkg/share/kuka_msgs_pkg/environment/library_path.sh
-- Up-to-date: /home/geert/ros2_ws_git/install/kuka_msgs_pkg/share/kuka_msgs_pkg/environment/library_path.dsv
-- Up-to-date: /home/geert/ros2_ws_git/install/kuka_msgs_pkg/lib/libkuka_msgs_pkg__rosidl_generator_c.so
-- Up-to-date: /home/geert/ros2_ws_git/install/kuka_msgs_pkg/include/kuka_msgs_pkg/kuka_msgs_pkg
-- Up-to-date: /home/geert/ros2_ws_git/install/kuka_msgs_pkg/include/kuka_msgs_pkg/kuka_msgs_pkg/msg
-- Up-to-date: /home/geert/ros2_ws_git/install/kuka_msgs_pkg/include/kuka_msgs_pkg/kuka_msgs_pkg/msg/detail
-- Up-to-date: /home/geert/ros2_ws_git/install/kuka_msgs_pkg/include/kuka_msgs_pkg/kuka_msgs_pkg/msg/detail/single_wheel_data__rosidl_typesupport_fastrtps_c.h
-- Up-to-date: /home/geert/ros2_ws_git/install/kuka_msgs_pkg/include/kuka_msgs_pkg/kuka_msgs_pkg/msg/rosidl_typesupport_fastrtps_c__visibility_control.h
-- Up-to-date: /home/geert/ros2_ws_git/install/kuka_msgs_pkg/lib/libkuka_msgs_pkg__rosidl_typesupport_fastrtps_c.so
-- Up-to-date: /home/geert/ros2_ws_git/install/kuka_msgs_pkg/include/kuka_msgs_pkg/kuka_msgs_pkg
-- Up-to-date: /home/geert/ros2_ws_git/install/kuka_msgs_pkg/include/kuka_msgs_pkg/kuka_msgs_pkg/msg
-- Up-to-date: /home/geert/ros2_ws_git/install/kuka_msgs_pkg/include/kuka_msgs_pkg/kuka_msgs_pkg/msg/rosidl_typesupport_introspection_c__visibility_control.h
-- Up-to-date: /home/geert/ros2_ws_git/install/kuka_msgs_pkg/include/kuka_msgs_pkg/kuka_msgs_pkg/msg/detail
-- Installing: /home/geert/ros2_ws_git/install/kuka_msgs_pkg/include/kuka_msgs_pkg/kuka_msgs_pkg/msg/detail/single_wheel_data__type_support.c
-- Up-to-date: /home/geert/ros2_ws_git/install/kuka_msgs_pkg/include/kuka_msgs_pkg/kuka_msgs_pkg/msg/detail/single_wheel_data__rosidl_typesupport_introspection_c.h
-- Up-to-date: /home/geert/ros2_ws_git/install/kuka_msgs_pkg/lib/libkuka_msgs_pkg__rosidl_typesupport_introspection_c.so
-- Up-to-date: /home/geert/ros2_ws_git/install/kuka_msgs_pkg/lib/libkuka_msgs_pkg__rosidl_typesupport_c.so
-- Up-to-date: /home/geert/ros2_ws_git/install/kuka_msgs_pkg/include/kuka_msgs_pkg/kuka_msgs_pkg
-- Up-to-date: /home/geert/ros2_ws_git/install/kuka_msgs_pkg/include/kuka_msgs_pkg/kuka_msgs_pkg/msg
-- Up-to-date: /home/geert/ros2_ws_git/install/kuka_msgs_pkg/include/kuka_msgs_pkg/kuka_msgs_pkg/msg/single_wheel_data.hpp
-- Up-to-date: /home/geert/ros2_ws_git/install/kuka_msgs_pkg/include/kuka_msgs_pkg/kuka_msgs_pkg/msg/detail
-- Up-to-date: /home/geert/ros2_ws_git/install/kuka_msgs_pkg/include/kuka_msgs_pkg/kuka_msgs_pkg/msg/detail/single_wheel_data__struct.hpp
-- Up-to-date: /home/geert/ros2_ws_git/install/kuka_msgs_pkg/include/kuka_msgs_pkg/kuka_msgs_pkg/msg/detail/single_wheel_data__builder.hpp
-- Up-to-date: /home/geert/ros2_ws_git/install/kuka_msgs_pkg/include/kuka_msgs_pkg/kuka_msgs_pkg/msg/detail/single_wheel_data__traits.hpp
-- Up-to-date: /home/geert/ros2_ws_git/install/kuka_msgs_pkg/include/kuka_msgs_pkg/kuka_msgs_pkg
-- Up-to-date: /home/geert/ros2_ws_git/install/kuka_msgs_pkg/include/kuka_msgs_pkg/kuka_msgs_pkg/msg
-- Up-to-date: /home/geert/ros2_ws_git/install/kuka_msgs_pkg/include/kuka_msgs_pkg/kuka_msgs_pkg/msg/rosidl_typesupport_fastrtps_cpp__visibility_control.h
-- Up-to-date: /home/geert/ros2_ws_git/install/kuka_msgs_pkg/include/kuka_msgs_pkg/kuka_msgs_pkg/msg/detail
-- Up-to-date: /home/geert/ros2_ws_git/install/kuka_msgs_pkg/include/kuka_msgs_pkg/kuka_msgs_pkg/msg/detail/dds_fastrtps
-- Up-to-date: /home/geert/ros2_ws_git/install/kuka_msgs_pkg/include/kuka_msgs_pkg/kuka_msgs_pkg/msg/detail/single_wheel_data__rosidl_typesupport_fastrtps_cpp.hpp
-- Up-to-date: /home/geert/ros2_ws_git/install/kuka_msgs_pkg/lib/libkuka_msgs_pkg__rosidl_typesupport_fastrtps_cpp.so
-- Up-to-date: /home/geert/ros2_ws_git/install/kuka_msgs_pkg/include/kuka_msgs_pkg/kuka_msgs_pkg
-- Up-to-date: /home/geert/ros2_ws_git/install/kuka_msgs_pkg/include/kuka_msgs_pkg/kuka_msgs_pkg/msg
-- Up-to-date: /home/geert/ros2_ws_git/install/kuka_msgs_pkg/include/kuka_msgs_pkg/kuka_msgs_pkg/msg/detail
-- Up-to-date: /home/geert/ros2_ws_git/install/kuka_msgs_pkg/include/kuka_msgs_pkg/kuka_msgs_pkg/msg/detail/single_wheel_data__type_support.cpp
-- Up-to-date: /home/geert/ros2_ws_git/install/kuka_msgs_pkg/include/kuka_msgs_pkg/kuka_msgs_pkg/msg/detail/single_wheel_data__rosidl_typesupport_introspection_cpp.hpp
-- Up-to-date: /home/geert/ros2_ws_git/install/kuka_msgs_pkg/lib/libkuka_msgs_pkg__rosidl_typesupport_introspection_cpp.so
-- Up-to-date: /home/geert/ros2_ws_git/install/kuka_msgs_pkg/lib/libkuka_msgs_pkg__rosidl_typesupport_cpp.so
-- Up-to-date: /home/geert/ros2_ws_git/install/kuka_msgs_pkg/share/kuka_msgs_pkg/environment/pythonpath.sh
-- Up-to-date: /home/geert/ros2_ws_git/install/kuka_msgs_pkg/share/kuka_msgs_pkg/environment/pythonpath.dsv
-- Up-to-date: /home/geert/ros2_ws_git/install/kuka_msgs_pkg/lib/python3.10/site-packages/kuka_msgs_pkg-0.0.0-py3.10.egg-info
-- Installing: /home/geert/ros2_ws_git/install/kuka_msgs_pkg/lib/python3.10/site-packages/kuka_msgs_pkg-0.0.0-py3.10.egg-info/PKG-INFO
-- Installing: /home/geert/ros2_ws_git/install/kuka_msgs_pkg/lib/python3.10/site-packages/kuka_msgs_pkg-0.0.0-py3.10.egg-info/top_level.txt
-- Installing: /home/geert/ros2_ws_git/install/kuka_msgs_pkg/lib/python3.10/site-packages/kuka_msgs_pkg-0.0.0-py3.10.egg-info/dependency_links.txt
-- Installing: /home/geert/ros2_ws_git/install/kuka_msgs_pkg/lib/python3.10/site-packages/kuka_msgs_pkg-0.0.0-py3.10.egg-info/SOURCES.txt
-- Up-to-date: /home/geert/ros2_ws_git/install/kuka_msgs_pkg/lib/python3.10/site-packages/kuka_msgs_pkg
-- Up-to-date: /home/geert/ros2_ws_git/install/kuka_msgs_pkg/lib/python3.10/site-packages/kuka_msgs_pkg/_kuka_msgs_pkg_s.ep.rosidl_typesupport_introspection_c.c
-- Up-to-date: /home/geert/ros2_ws_git/install/kuka_msgs_pkg/lib/python3.10/site-packages/kuka_msgs_pkg/kuka_msgs_pkg_s__rosidl_typesupport_fastrtps_c.cpython-310-x86_64-linux-gnu.so
-- Up-to-date: /home/geert/ros2_ws_git/install/kuka_msgs_pkg/lib/python3.10/site-packages/kuka_msgs_pkg/libkuka_msgs_pkg__rosidl_generator_py.so
-- Up-to-date: /home/geert/ros2_ws_git/install/kuka_msgs_pkg/lib/python3.10/site-packages/kuka_msgs_pkg/_kuka_msgs_pkg_s.ep.rosidl_typesupport_c.c
-- Up-to-date: /home/geert/ros2_ws_git/install/kuka_msgs_pkg/lib/python3.10/site-packages/kuka_msgs_pkg/kuka_msgs_pkg_s__rosidl_typesupport_introspection_c.cpython-310-x86_64-linux-gnu.so
-- Up-to-date: /home/geert/ros2_ws_git/install/kuka_msgs_pkg/lib/python3.10/site-packages/kuka_msgs_pkg/msg
-- Up-to-date: /home/geert/ros2_ws_git/install/kuka_msgs_pkg/lib/python3.10/site-packages/kuka_msgs_pkg/msg/_single_wheel_data.py
-- Up-to-date: /home/geert/ros2_ws_git/install/kuka_msgs_pkg/lib/python3.10/site-packages/kuka_msgs_pkg/msg/_single_wheel_data_s.c
-- Up-to-date: /home/geert/ros2_ws_git/install/kuka_msgs_pkg/lib/python3.10/site-packages/kuka_msgs_pkg/msg/__init__.py
-- Up-to-date: /home/geert/ros2_ws_git/install/kuka_msgs_pkg/lib/python3.10/site-packages/kuka_msgs_pkg/__init__.py
-- Up-to-date: /home/geert/ros2_ws_git/install/kuka_msgs_pkg/lib/python3.10/site-packages/kuka_msgs_pkg/_kuka_msgs_pkg_s.ep.rosidl_typesupport_fastrtps_c.c
-- Up-to-date: /home/geert/ros2_ws_git/install/kuka_msgs_pkg/lib/python3.10/site-packages/kuka_msgs_pkg/kuka_msgs_pkg_s__rosidl_typesupport_c.cpython-310-x86_64-linux-gnu.so
Listing '/home/geert/ros2_ws_git/install/kuka_msgs_pkg/lib/python3.10/site-packages/kuka_msgs_pkg'...
Listing '/home/geert/ros2_ws_git/install/kuka_msgs_pkg/lib/python3.10/site-packages/kuka_msgs_pkg/msg'...
-- Up-to-date: /home/geert/ros2_ws_git/install/kuka_msgs_pkg/lib/python3.10/site-packages/kuka_msgs_pkg/kuka_msgs_pkg_s__rosidl_typesupport_fastrtps_c.cpython-310-x86_64-linux-gnu.so
-- Up-to-date: /home/geert/ros2_ws_git/install/kuka_msgs_pkg/lib/python3.10/site-packages/kuka_msgs_pkg/kuka_msgs_pkg_s__rosidl_typesupport_introspection_c.cpython-310-x86_64-linux-gnu.so
-- Up-to-date: /home/geert/ros2_ws_git/install/kuka_msgs_pkg/lib/python3.10/site-packages/kuka_msgs_pkg/kuka_msgs_pkg_s__rosidl_typesupport_c.cpython-310-x86_64-linux-gnu.so
-- Up-to-date: /home/geert/ros2_ws_git/install/kuka_msgs_pkg/lib/libkuka_msgs_pkg__rosidl_generator_py.so
-- Up-to-date: /home/geert/ros2_ws_git/install/kuka_msgs_pkg/share/kuka_msgs_pkg/msg/SingleWheelData.idl
-- Up-to-date: /home/geert/ros2_ws_git/install/kuka_msgs_pkg/share/kuka_msgs_pkg/msg/SingleWheelData.msg
-- Up-to-date: /home/geert/ros2_ws_git/install/kuka_msgs_pkg/share/ament_index/resource_index/package_run_dependencies/kuka_msgs_pkg
-- Up-to-date: /home/geert/ros2_ws_git/install/kuka_msgs_pkg/share/ament_index/resource_index/parent_prefix_path/kuka_msgs_pkg
-- Up-to-date: /home/geert/ros2_ws_git/install/kuka_msgs_pkg/share/kuka_msgs_pkg/environment/ament_prefix_path.sh
-- Up-to-date: /home/geert/ros2_ws_git/install/kuka_msgs_pkg/share/kuka_msgs_pkg/environment/ament_prefix_path.dsv
-- Up-to-date: /home/geert/ros2_ws_git/install/kuka_msgs_pkg/share/kuka_msgs_pkg/environment/path.sh
-- Up-to-date: /home/geert/ros2_ws_git/install/kuka_msgs_pkg/share/kuka_msgs_pkg/environment/path.dsv
-- Up-to-date: /home/geert/ros2_ws_git/install/kuka_msgs_pkg/share/kuka_msgs_pkg/local_setup.bash
-- Up-to-date: /home/geert/ros2_ws_git/install/kuka_msgs_pkg/share/kuka_msgs_pkg/local_setup.sh
-- Up-to-date: /home/geert/ros2_ws_git/install/kuka_msgs_pkg/share/kuka_msgs_pkg/local_setup.zsh
-- Up-to-date: /home/geert/ros2_ws_git/install/kuka_msgs_pkg/share/kuka_msgs_pkg/local_setup.dsv
-- Up-to-date: /home/geert/ros2_ws_git/install/kuka_msgs_pkg/share/kuka_msgs_pkg/package.dsv
-- Up-to-date: /home/geert/ros2_ws_git/install/kuka_msgs_pkg/share/ament_index/resource_index/packages/kuka_msgs_pkg
-- Up-to-date: /home/geert/ros2_ws_git/install/kuka_msgs_pkg/share/kuka_msgs_pkg/cmake/export_kuka_msgs_pkg__rosidl_generator_cExport.cmake
-- Up-to-date: /home/geert/ros2_ws_git/install/kuka_msgs_pkg/share/kuka_msgs_pkg/cmake/export_kuka_msgs_pkg__rosidl_generator_cExport-noconfig.cmake
-- Up-to-date: /home/geert/ros2_ws_git/install/kuka_msgs_pkg/share/kuka_msgs_pkg/cmake/export_kuka_msgs_pkg__rosidl_typesupport_fastrtps_cExport.cmake
-- Up-to-date: /home/geert/ros2_ws_git/install/kuka_msgs_pkg/share/kuka_msgs_pkg/cmake/export_kuka_msgs_pkg__rosidl_typesupport_fastrtps_cExport-noconfig.cmake
-- Up-to-date: /home/geert/ros2_ws_git/install/kuka_msgs_pkg/share/kuka_msgs_pkg/cmake/kuka_msgs_pkg__rosidl_typesupport_introspection_cExport.cmake
-- Up-to-date: /home/geert/ros2_ws_git/install/kuka_msgs_pkg/share/kuka_msgs_pkg/cmake/kuka_msgs_pkg__rosidl_typesupport_introspection_cExport-noconfig.cmake
-- Up-to-date: /home/geert/ros2_ws_git/install/kuka_msgs_pkg/share/kuka_msgs_pkg/cmake/kuka_msgs_pkg__rosidl_typesupport_cExport.cmake
-- Up-to-date: /home/geert/ros2_ws_git/install/kuka_msgs_pkg/share/kuka_msgs_pkg/cmake/kuka_msgs_pkg__rosidl_typesupport_cExport-noconfig.cmake
-- Up-to-date: /home/geert/ros2_ws_git/install/kuka_msgs_pkg/share/kuka_msgs_pkg/cmake/export_kuka_msgs_pkg__rosidl_generator_cppExport.cmake
-- Up-to-date: /home/geert/ros2_ws_git/install/kuka_msgs_pkg/share/kuka_msgs_pkg/cmake/export_kuka_msgs_pkg__rosidl_typesupport_fastrtps_cppExport.cmake
-- Up-to-date: /home/geert/ros2_ws_git/install/kuka_msgs_pkg/share/kuka_msgs_pkg/cmake/export_kuka_msgs_pkg__rosidl_typesupport_fastrtps_cppExport-noconfig.cmake
-- Up-to-date: /home/geert/ros2_ws_git/install/kuka_msgs_pkg/share/kuka_msgs_pkg/cmake/kuka_msgs_pkg__rosidl_typesupport_introspection_cppExport.cmake
-- Up-to-date: /home/geert/ros2_ws_git/install/kuka_msgs_pkg/share/kuka_msgs_pkg/cmake/kuka_msgs_pkg__rosidl_typesupport_introspection_cppExport-noconfig.cmake
-- Up-to-date: /home/geert/ros2_ws_git/install/kuka_msgs_pkg/share/kuka_msgs_pkg/cmake/kuka_msgs_pkg__rosidl_typesupport_cppExport.cmake
-- Up-to-date: /home/geert/ros2_ws_git/install/kuka_msgs_pkg/share/kuka_msgs_pkg/cmake/kuka_msgs_pkg__rosidl_typesupport_cppExport-noconfig.cmake
-- Up-to-date: /home/geert/ros2_ws_git/install/kuka_msgs_pkg/share/kuka_msgs_pkg/cmake/export_kuka_msgs_pkg__rosidl_generator_pyExport.cmake
-- Up-to-date: /home/geert/ros2_ws_git/install/kuka_msgs_pkg/share/kuka_msgs_pkg/cmake/export_kuka_msgs_pkg__rosidl_generator_pyExport-noconfig.cmake
-- Up-to-date: /home/geert/ros2_ws_git/install/kuka_msgs_pkg/share/kuka_msgs_pkg/cmake/rosidl_cmake-extras.cmake
-- Up-to-date: /home/geert/ros2_ws_git/install/kuka_msgs_pkg/share/kuka_msgs_pkg/cmake/ament_cmake_export_include_directories-extras.cmake
-- Up-to-date: /home/geert/ros2_ws_git/install/kuka_msgs_pkg/share/kuka_msgs_pkg/cmake/ament_cmake_export_libraries-extras.cmake
-- Up-to-date: /home/geert/ros2_ws_git/install/kuka_msgs_pkg/share/kuka_msgs_pkg/cmake/ament_cmake_export_targets-extras.cmake
-- Up-to-date: /home/geert/ros2_ws_git/install/kuka_msgs_pkg/share/kuka_msgs_pkg/cmake/rosidl_cmake_export_typesupport_targets-extras.cmake
-- Up-to-date: /home/geert/ros2_ws_git/install/kuka_msgs_pkg/share/kuka_msgs_pkg/cmake/ament_cmake_export_dependencies-extras.cmake
-- Up-to-date: /home/geert/ros2_ws_git/install/kuka_msgs_pkg/share/kuka_msgs_pkg/cmake/rosidl_cmake_export_typesupport_libraries-extras.cmake
-- Up-to-date: /home/geert/ros2_ws_git/install/kuka_msgs_pkg/share/kuka_msgs_pkg/cmake/kuka_msgs_pkgConfig.cmake
-- Up-to-date: /home/geert/ros2_ws_git/install/kuka_msgs_pkg/share/kuka_msgs_pkg/cmake/kuka_msgs_pkgConfig-version.cmake
-- Up-to-date: /home/geert/ros2_ws_git/install/kuka_msgs_pkg/share/kuka_msgs_pkg/package.xml
