[0.007s] Invoking command in '/home/geert/kuka-ido/ros2_ws/build/kuka_msgs_pkg': CMAKE_PREFIX_PATH=${CMAKE_PREFIX_PATH}:/home/geert/kuka-ido/ros2_ws/install/serial_communication_pkg:/home/geert/kuka-ido/ros2_ws/install/data_visualiser_pkg:/home/geert/kuka-ido/ros2_ws/install/kuka_launch_pkg:/home/geert/kuka-ido/ros2_ws/install/joystick_to_serial_pkg:/opt/ros/iron /usr/bin/cmake --build /home/geert/kuka-ido/ros2_ws/build/kuka_msgs_pkg -- -j1 -l1
[0.019s] [0mCMake Error: The current CMakeCache.txt directory /home/geert/kuka-ido/ros2_ws/build/kuka_msgs_pkg/CMakeCache.txt is different than the directory /home/geert/ros2_ws_git/build/kuka_msgs_pkg where CMakeCache.txt was created. This may result in binaries being created in the wrong place. If you are not sure, reedit the CMakeCache.txt[0m
[0.072s] [  2%] Built target kuka_msgs_pkg__rosidl_generator_type_description
[0.112s] [  5%] Built target kuka_msgs_pkg__cpp
[0.153s] [ 20%] Built target kuka_msgs_pkg__rosidl_generator_c
[0.173s] [ 29%] Built target kuka_msgs_pkg__rosidl_typesupport_cpp
[0.192s] [ 38%] Built target kuka_msgs_pkg__rosidl_typesupport_fastrtps_c
[0.231s] [ 47%] Built target kuka_msgs_pkg__rosidl_typesupport_introspection_c
[0.260s] [ 55%] Built target kuka_msgs_pkg__rosidl_typesupport_c
[0.281s] [ 64%] Built target kuka_msgs_pkg__rosidl_typesupport_fastrtps_cpp
[0.301s] [ 73%] Built target kuka_msgs_pkg__rosidl_typesupport_introspection_cpp
[0.334s] [ 73%] Built target kuka_msgs_pkg
[0.363s] [ 73%] Built target ament_cmake_python_copy_kuka_msgs_pkg
[0.760s] running egg_info
[0.761s] writing kuka_msgs_pkg.egg-info/PKG-INFO
[0.762s] writing dependency_links to kuka_msgs_pkg.egg-info/dependency_links.txt
[0.763s] writing top-level names to kuka_msgs_pkg.egg-info/top_level.txt
[0.765s] reading manifest file 'kuka_msgs_pkg.egg-info/SOURCES.txt'
[0.766s] writing manifest file 'kuka_msgs_pkg.egg-info/SOURCES.txt'
[0.791s] [ 73%] Built target ament_cmake_python_build_kuka_msgs_pkg_egg
[0.808s] [ 76%] Built target kuka_msgs_pkg__py
[0.839s] [ 82%] Built target kuka_msgs_pkg__rosidl_generator_py
[0.859s] [ 88%] Built target kuka_msgs_pkg__rosidl_typesupport_fastrtps_c__pyext
[0.881s] [ 94%] Built target kuka_msgs_pkg__rosidl_typesupport_introspection_c__pyext
[0.900s] [100%] Built target kuka_msgs_pkg__rosidl_typesupport_c__pyext
[0.910s] Invoked command in '/home/geert/kuka-ido/ros2_ws/build/kuka_msgs_pkg' returned '0': CMAKE_PREFIX_PATH=${CMAKE_PREFIX_PATH}:/home/geert/kuka-ido/ros2_ws/install/serial_communication_pkg:/home/geert/kuka-ido/ros2_ws/install/data_visualiser_pkg:/home/geert/kuka-ido/ros2_ws/install/kuka_launch_pkg:/home/geert/kuka-ido/ros2_ws/install/joystick_to_serial_pkg:/opt/ros/iron /usr/bin/cmake --build /home/geert/kuka-ido/ros2_ws/build/kuka_msgs_pkg -- -j1 -l1
[0.999s] Invoking command in '/home/geert/kuka-ido/ros2_ws/build/kuka_msgs_pkg': CMAKE_PREFIX_PATH=${CMAKE_PREFIX_PATH}:/home/geert/kuka-ido/ros2_ws/install/serial_communication_pkg:/home/geert/kuka-ido/ros2_ws/install/data_visualiser_pkg:/home/geert/kuka-ido/ros2_ws/install/kuka_launch_pkg:/home/geert/kuka-ido/ros2_ws/install/joystick_to_serial_pkg:/opt/ros/iron /usr/bin/cmake --install /home/geert/kuka-ido/ros2_ws/build/kuka_msgs_pkg
[1.008s] -- Install configuration: ""
[1.008s] -- Up-to-date: /home/geert/ros2_ws_git/install/kuka_msgs_pkg/share/ament_index/resource_index/rosidl_interfaces/kuka_msgs_pkg
[1.008s] -- Up-to-date: /home/geert/ros2_ws_git/install/kuka_msgs_pkg/share/kuka_msgs_pkg/msg/SingleWheelData.json
[1.008s] -- Up-to-date: /home/geert/ros2_ws_git/install/kuka_msgs_pkg/include/kuka_msgs_pkg/kuka_msgs_pkg
[1.009s] -- Up-to-date: /home/geert/ros2_ws_git/install/kuka_msgs_pkg/include/kuka_msgs_pkg/kuka_msgs_pkg/msg
[1.009s] -- Up-to-date: /home/geert/ros2_ws_git/install/kuka_msgs_pkg/include/kuka_msgs_pkg/kuka_msgs_pkg/msg/detail
[1.009s] -- Up-to-date: /home/geert/ros2_ws_git/install/kuka_msgs_pkg/include/kuka_msgs_pkg/kuka_msgs_pkg/msg/detail/single_wheel_data__struct.h
[1.009s] -- Installing: /home/geert/ros2_ws_git/install/kuka_msgs_pkg/include/kuka_msgs_pkg/kuka_msgs_pkg/msg/detail/single_wheel_data__type_support.c
[1.009s] -- Up-to-date: /home/geert/ros2_ws_git/install/kuka_msgs_pkg/include/kuka_msgs_pkg/kuka_msgs_pkg/msg/detail/single_wheel_data__functions.c
[1.009s] -- Up-to-date: /home/geert/ros2_ws_git/install/kuka_msgs_pkg/include/kuka_msgs_pkg/kuka_msgs_pkg/msg/detail/single_wheel_data__type_support.h
[1.010s] -- Up-to-date: /home/geert/ros2_ws_git/install/kuka_msgs_pkg/include/kuka_msgs_pkg/kuka_msgs_pkg/msg/detail/single_wheel_data__description.c
[1.010s] -- Up-to-date: /home/geert/ros2_ws_git/install/kuka_msgs_pkg/include/kuka_msgs_pkg/kuka_msgs_pkg/msg/detail/single_wheel_data__functions.h
[1.010s] -- Up-to-date: /home/geert/ros2_ws_git/install/kuka_msgs_pkg/include/kuka_msgs_pkg/kuka_msgs_pkg/msg/rosidl_generator_c__visibility_control.h
[1.010s] -- Up-to-date: /home/geert/ros2_ws_git/install/kuka_msgs_pkg/include/kuka_msgs_pkg/kuka_msgs_pkg/msg/single_wheel_data.h
[1.010s] -- Up-to-date: /home/geert/ros2_ws_git/install/kuka_msgs_pkg/share/kuka_msgs_pkg/environment/library_path.sh
[1.010s] -- Up-to-date: /home/geert/ros2_ws_git/install/kuka_msgs_pkg/share/kuka_msgs_pkg/environment/library_path.dsv
[1.011s] -- Up-to-date: /home/geert/ros2_ws_git/install/kuka_msgs_pkg/lib/libkuka_msgs_pkg__rosidl_generator_c.so
[1.011s] -- Up-to-date: /home/geert/ros2_ws_git/install/kuka_msgs_pkg/include/kuka_msgs_pkg/kuka_msgs_pkg
[1.011s] -- Up-to-date: /home/geert/ros2_ws_git/install/kuka_msgs_pkg/include/kuka_msgs_pkg/kuka_msgs_pkg/msg
[1.011s] -- Up-to-date: /home/geert/ros2_ws_git/install/kuka_msgs_pkg/include/kuka_msgs_pkg/kuka_msgs_pkg/msg/detail
[1.012s] -- Up-to-date: /home/geert/ros2_ws_git/install/kuka_msgs_pkg/include/kuka_msgs_pkg/kuka_msgs_pkg/msg/detail/single_wheel_data__rosidl_typesupport_fastrtps_c.h
[1.012s] -- Up-to-date: /home/geert/ros2_ws_git/install/kuka_msgs_pkg/include/kuka_msgs_pkg/kuka_msgs_pkg/msg/rosidl_typesupport_fastrtps_c__visibility_control.h
[1.012s] -- Up-to-date: /home/geert/ros2_ws_git/install/kuka_msgs_pkg/lib/libkuka_msgs_pkg__rosidl_typesupport_fastrtps_c.so
[1.013s] -- Up-to-date: /home/geert/ros2_ws_git/install/kuka_msgs_pkg/include/kuka_msgs_pkg/kuka_msgs_pkg
[1.013s] -- Up-to-date: /home/geert/ros2_ws_git/install/kuka_msgs_pkg/include/kuka_msgs_pkg/kuka_msgs_pkg/msg
[1.013s] -- Up-to-date: /home/geert/ros2_ws_git/install/kuka_msgs_pkg/include/kuka_msgs_pkg/kuka_msgs_pkg/msg/rosidl_typesupport_introspection_c__visibility_control.h
[1.013s] -- Up-to-date: /home/geert/ros2_ws_git/install/kuka_msgs_pkg/include/kuka_msgs_pkg/kuka_msgs_pkg/msg/detail
[1.013s] -- Installing: /home/geert/ros2_ws_git/install/kuka_msgs_pkg/include/kuka_msgs_pkg/kuka_msgs_pkg/msg/detail/single_wheel_data__type_support.c
[1.014s] -- Up-to-date: /home/geert/ros2_ws_git/install/kuka_msgs_pkg/include/kuka_msgs_pkg/kuka_msgs_pkg/msg/detail/single_wheel_data__rosidl_typesupport_introspection_c.h
[1.014s] -- Up-to-date: /home/geert/ros2_ws_git/install/kuka_msgs_pkg/lib/libkuka_msgs_pkg__rosidl_typesupport_introspection_c.so
[1.014s] -- Up-to-date: /home/geert/ros2_ws_git/install/kuka_msgs_pkg/lib/libkuka_msgs_pkg__rosidl_typesupport_c.so
[1.015s] -- Up-to-date: /home/geert/ros2_ws_git/install/kuka_msgs_pkg/include/kuka_msgs_pkg/kuka_msgs_pkg
[1.015s] -- Up-to-date: /home/geert/ros2_ws_git/install/kuka_msgs_pkg/include/kuka_msgs_pkg/kuka_msgs_pkg/msg
[1.015s] -- Up-to-date: /home/geert/ros2_ws_git/install/kuka_msgs_pkg/include/kuka_msgs_pkg/kuka_msgs_pkg/msg/single_wheel_data.hpp
[1.015s] -- Up-to-date: /home/geert/ros2_ws_git/install/kuka_msgs_pkg/include/kuka_msgs_pkg/kuka_msgs_pkg/msg/detail
[1.016s] -- Up-to-date: /home/geert/ros2_ws_git/install/kuka_msgs_pkg/include/kuka_msgs_pkg/kuka_msgs_pkg/msg/detail/single_wheel_data__struct.hpp
[1.017s] -- Up-to-date: /home/geert/ros2_ws_git/install/kuka_msgs_pkg/include/kuka_msgs_pkg/kuka_msgs_pkg/msg/detail/single_wheel_data__builder.hpp
[1.017s] -- Up-to-date: /home/geert/ros2_ws_git/install/kuka_msgs_pkg/include/kuka_msgs_pkg/kuka_msgs_pkg/msg/detail/single_wheel_data__traits.hpp
[1.017s] -- Up-to-date: /home/geert/ros2_ws_git/install/kuka_msgs_pkg/include/kuka_msgs_pkg/kuka_msgs_pkg
[1.017s] -- Up-to-date: /home/geert/ros2_ws_git/install/kuka_msgs_pkg/include/kuka_msgs_pkg/kuka_msgs_pkg/msg
[1.017s] -- Up-to-date: /home/geert/ros2_ws_git/install/kuka_msgs_pkg/include/kuka_msgs_pkg/kuka_msgs_pkg/msg/rosidl_typesupport_fastrtps_cpp__visibility_control.h
[1.017s] -- Up-to-date: /home/geert/ros2_ws_git/install/kuka_msgs_pkg/include/kuka_msgs_pkg/kuka_msgs_pkg/msg/detail
[1.018s] -- Up-to-date: /home/geert/ros2_ws_git/install/kuka_msgs_pkg/include/kuka_msgs_pkg/kuka_msgs_pkg/msg/detail/dds_fastrtps
[1.018s] -- Up-to-date: /home/geert/ros2_ws_git/install/kuka_msgs_pkg/include/kuka_msgs_pkg/kuka_msgs_pkg/msg/detail/single_wheel_data__rosidl_typesupport_fastrtps_cpp.hpp
[1.018s] -- Up-to-date: /home/geert/ros2_ws_git/install/kuka_msgs_pkg/lib/libkuka_msgs_pkg__rosidl_typesupport_fastrtps_cpp.so
[1.018s] -- Up-to-date: /home/geert/ros2_ws_git/install/kuka_msgs_pkg/include/kuka_msgs_pkg/kuka_msgs_pkg
[1.019s] -- Up-to-date: /home/geert/ros2_ws_git/install/kuka_msgs_pkg/include/kuka_msgs_pkg/kuka_msgs_pkg/msg
[1.019s] -- Up-to-date: /home/geert/ros2_ws_git/install/kuka_msgs_pkg/include/kuka_msgs_pkg/kuka_msgs_pkg/msg/detail
[1.019s] -- Up-to-date: /home/geert/ros2_ws_git/install/kuka_msgs_pkg/include/kuka_msgs_pkg/kuka_msgs_pkg/msg/detail/single_wheel_data__type_support.cpp
[1.019s] -- Up-to-date: /home/geert/ros2_ws_git/install/kuka_msgs_pkg/include/kuka_msgs_pkg/kuka_msgs_pkg/msg/detail/single_wheel_data__rosidl_typesupport_introspection_cpp.hpp
[1.019s] -- Up-to-date: /home/geert/ros2_ws_git/install/kuka_msgs_pkg/lib/libkuka_msgs_pkg__rosidl_typesupport_introspection_cpp.so
[1.020s] -- Up-to-date: /home/geert/ros2_ws_git/install/kuka_msgs_pkg/lib/libkuka_msgs_pkg__rosidl_typesupport_cpp.so
[1.020s] -- Up-to-date: /home/geert/ros2_ws_git/install/kuka_msgs_pkg/share/kuka_msgs_pkg/environment/pythonpath.sh
[1.020s] -- Up-to-date: /home/geert/ros2_ws_git/install/kuka_msgs_pkg/share/kuka_msgs_pkg/environment/pythonpath.dsv
[1.020s] -- Up-to-date: /home/geert/ros2_ws_git/install/kuka_msgs_pkg/lib/python3.10/site-packages/kuka_msgs_pkg-0.0.0-py3.10.egg-info
[1.021s] -- Installing: /home/geert/ros2_ws_git/install/kuka_msgs_pkg/lib/python3.10/site-packages/kuka_msgs_pkg-0.0.0-py3.10.egg-info/PKG-INFO
[1.021s] -- Installing: /home/geert/ros2_ws_git/install/kuka_msgs_pkg/lib/python3.10/site-packages/kuka_msgs_pkg-0.0.0-py3.10.egg-info/top_level.txt
[1.021s] -- Installing: /home/geert/ros2_ws_git/install/kuka_msgs_pkg/lib/python3.10/site-packages/kuka_msgs_pkg-0.0.0-py3.10.egg-info/dependency_links.txt
[1.021s] -- Installing: /home/geert/ros2_ws_git/install/kuka_msgs_pkg/lib/python3.10/site-packages/kuka_msgs_pkg-0.0.0-py3.10.egg-info/SOURCES.txt
[1.022s] -- Up-to-date: /home/geert/ros2_ws_git/install/kuka_msgs_pkg/lib/python3.10/site-packages/kuka_msgs_pkg
[1.022s] -- Up-to-date: /home/geert/ros2_ws_git/install/kuka_msgs_pkg/lib/python3.10/site-packages/kuka_msgs_pkg/_kuka_msgs_pkg_s.ep.rosidl_typesupport_introspection_c.c
[1.022s] -- Up-to-date: /home/geert/ros2_ws_git/install/kuka_msgs_pkg/lib/python3.10/site-packages/kuka_msgs_pkg/kuka_msgs_pkg_s__rosidl_typesupport_fastrtps_c.cpython-310-x86_64-linux-gnu.so
[1.022s] -- Up-to-date: /home/geert/ros2_ws_git/install/kuka_msgs_pkg/lib/python3.10/site-packages/kuka_msgs_pkg/libkuka_msgs_pkg__rosidl_generator_py.so
[1.022s] -- Up-to-date: /home/geert/ros2_ws_git/install/kuka_msgs_pkg/lib/python3.10/site-packages/kuka_msgs_pkg/_kuka_msgs_pkg_s.ep.rosidl_typesupport_c.c
[1.022s] -- Up-to-date: /home/geert/ros2_ws_git/install/kuka_msgs_pkg/lib/python3.10/site-packages/kuka_msgs_pkg/kuka_msgs_pkg_s__rosidl_typesupport_introspection_c.cpython-310-x86_64-linux-gnu.so
[1.023s] -- Up-to-date: /home/geert/ros2_ws_git/install/kuka_msgs_pkg/lib/python3.10/site-packages/kuka_msgs_pkg/msg
[1.023s] -- Up-to-date: /home/geert/ros2_ws_git/install/kuka_msgs_pkg/lib/python3.10/site-packages/kuka_msgs_pkg/msg/_single_wheel_data.py
[1.023s] -- Up-to-date: /home/geert/ros2_ws_git/install/kuka_msgs_pkg/lib/python3.10/site-packages/kuka_msgs_pkg/msg/_single_wheel_data_s.c
[1.023s] -- Up-to-date: /home/geert/ros2_ws_git/install/kuka_msgs_pkg/lib/python3.10/site-packages/kuka_msgs_pkg/msg/__init__.py
[1.023s] -- Up-to-date: /home/geert/ros2_ws_git/install/kuka_msgs_pkg/lib/python3.10/site-packages/kuka_msgs_pkg/__init__.py
[1.023s] -- Up-to-date: /home/geert/ros2_ws_git/install/kuka_msgs_pkg/lib/python3.10/site-packages/kuka_msgs_pkg/_kuka_msgs_pkg_s.ep.rosidl_typesupport_fastrtps_c.c
[1.024s] -- Up-to-date: /home/geert/ros2_ws_git/install/kuka_msgs_pkg/lib/python3.10/site-packages/kuka_msgs_pkg/kuka_msgs_pkg_s__rosidl_typesupport_c.cpython-310-x86_64-linux-gnu.so
[1.074s] Listing '/home/geert/ros2_ws_git/install/kuka_msgs_pkg/lib/python3.10/site-packages/kuka_msgs_pkg'...
[1.074s] Listing '/home/geert/ros2_ws_git/install/kuka_msgs_pkg/lib/python3.10/site-packages/kuka_msgs_pkg/msg'...
[1.082s] -- Up-to-date: /home/geert/ros2_ws_git/install/kuka_msgs_pkg/lib/python3.10/site-packages/kuka_msgs_pkg/kuka_msgs_pkg_s__rosidl_typesupport_fastrtps_c.cpython-310-x86_64-linux-gnu.so
[1.082s] -- Up-to-date: /home/geert/ros2_ws_git/install/kuka_msgs_pkg/lib/python3.10/site-packages/kuka_msgs_pkg/kuka_msgs_pkg_s__rosidl_typesupport_introspection_c.cpython-310-x86_64-linux-gnu.so
[1.083s] -- Up-to-date: /home/geert/ros2_ws_git/install/kuka_msgs_pkg/lib/python3.10/site-packages/kuka_msgs_pkg/kuka_msgs_pkg_s__rosidl_typesupport_c.cpython-310-x86_64-linux-gnu.so
[1.083s] -- Up-to-date: /home/geert/ros2_ws_git/install/kuka_msgs_pkg/lib/libkuka_msgs_pkg__rosidl_generator_py.so
[1.084s] -- Up-to-date: /home/geert/ros2_ws_git/install/kuka_msgs_pkg/share/kuka_msgs_pkg/msg/SingleWheelData.idl
[1.084s] -- Up-to-date: /home/geert/ros2_ws_git/install/kuka_msgs_pkg/share/kuka_msgs_pkg/msg/SingleWheelData.msg
[1.084s] -- Up-to-date: /home/geert/ros2_ws_git/install/kuka_msgs_pkg/share/ament_index/resource_index/package_run_dependencies/kuka_msgs_pkg
[1.084s] -- Up-to-date: /home/geert/ros2_ws_git/install/kuka_msgs_pkg/share/ament_index/resource_index/parent_prefix_path/kuka_msgs_pkg
[1.085s] -- Up-to-date: /home/geert/ros2_ws_git/install/kuka_msgs_pkg/share/kuka_msgs_pkg/environment/ament_prefix_path.sh
[1.085s] -- Up-to-date: /home/geert/ros2_ws_git/install/kuka_msgs_pkg/share/kuka_msgs_pkg/environment/ament_prefix_path.dsv
[1.085s] -- Up-to-date: /home/geert/ros2_ws_git/install/kuka_msgs_pkg/share/kuka_msgs_pkg/environment/path.sh
[1.085s] -- Up-to-date: /home/geert/ros2_ws_git/install/kuka_msgs_pkg/share/kuka_msgs_pkg/environment/path.dsv
[1.085s] -- Up-to-date: /home/geert/ros2_ws_git/install/kuka_msgs_pkg/share/kuka_msgs_pkg/local_setup.bash
[1.085s] -- Up-to-date: /home/geert/ros2_ws_git/install/kuka_msgs_pkg/share/kuka_msgs_pkg/local_setup.sh
[1.086s] -- Up-to-date: /home/geert/ros2_ws_git/install/kuka_msgs_pkg/share/kuka_msgs_pkg/local_setup.zsh
[1.086s] -- Up-to-date: /home/geert/ros2_ws_git/install/kuka_msgs_pkg/share/kuka_msgs_pkg/local_setup.dsv
[1.086s] -- Up-to-date: /home/geert/ros2_ws_git/install/kuka_msgs_pkg/share/kuka_msgs_pkg/package.dsv
[1.086s] -- Up-to-date: /home/geert/ros2_ws_git/install/kuka_msgs_pkg/share/ament_index/resource_index/packages/kuka_msgs_pkg
[1.086s] -- Up-to-date: /home/geert/ros2_ws_git/install/kuka_msgs_pkg/share/kuka_msgs_pkg/cmake/export_kuka_msgs_pkg__rosidl_generator_cExport.cmake
[1.087s] -- Up-to-date: /home/geert/ros2_ws_git/install/kuka_msgs_pkg/share/kuka_msgs_pkg/cmake/export_kuka_msgs_pkg__rosidl_generator_cExport-noconfig.cmake
[1.087s] -- Up-to-date: /home/geert/ros2_ws_git/install/kuka_msgs_pkg/share/kuka_msgs_pkg/cmake/export_kuka_msgs_pkg__rosidl_typesupport_fastrtps_cExport.cmake
[1.087s] -- Up-to-date: /home/geert/ros2_ws_git/install/kuka_msgs_pkg/share/kuka_msgs_pkg/cmake/export_kuka_msgs_pkg__rosidl_typesupport_fastrtps_cExport-noconfig.cmake
[1.087s] -- Up-to-date: /home/geert/ros2_ws_git/install/kuka_msgs_pkg/share/kuka_msgs_pkg/cmake/kuka_msgs_pkg__rosidl_typesupport_introspection_cExport.cmake
[1.088s] -- Up-to-date: /home/geert/ros2_ws_git/install/kuka_msgs_pkg/share/kuka_msgs_pkg/cmake/kuka_msgs_pkg__rosidl_typesupport_introspection_cExport-noconfig.cmake
[1.088s] -- Up-to-date: /home/geert/ros2_ws_git/install/kuka_msgs_pkg/share/kuka_msgs_pkg/cmake/kuka_msgs_pkg__rosidl_typesupport_cExport.cmake
[1.089s] -- Up-to-date: /home/geert/ros2_ws_git/install/kuka_msgs_pkg/share/kuka_msgs_pkg/cmake/kuka_msgs_pkg__rosidl_typesupport_cExport-noconfig.cmake
[1.089s] -- Up-to-date: /home/geert/ros2_ws_git/install/kuka_msgs_pkg/share/kuka_msgs_pkg/cmake/export_kuka_msgs_pkg__rosidl_generator_cppExport.cmake
[1.089s] -- Up-to-date: /home/geert/ros2_ws_git/install/kuka_msgs_pkg/share/kuka_msgs_pkg/cmake/export_kuka_msgs_pkg__rosidl_typesupport_fastrtps_cppExport.cmake
[1.089s] -- Up-to-date: /home/geert/ros2_ws_git/install/kuka_msgs_pkg/share/kuka_msgs_pkg/cmake/export_kuka_msgs_pkg__rosidl_typesupport_fastrtps_cppExport-noconfig.cmake
[1.090s] -- Up-to-date: /home/geert/ros2_ws_git/install/kuka_msgs_pkg/share/kuka_msgs_pkg/cmake/kuka_msgs_pkg__rosidl_typesupport_introspection_cppExport.cmake
[1.090s] -- Up-to-date: /home/geert/ros2_ws_git/install/kuka_msgs_pkg/share/kuka_msgs_pkg/cmake/kuka_msgs_pkg__rosidl_typesupport_introspection_cppExport-noconfig.cmake
[1.090s] -- Up-to-date: /home/geert/ros2_ws_git/install/kuka_msgs_pkg/share/kuka_msgs_pkg/cmake/kuka_msgs_pkg__rosidl_typesupport_cppExport.cmake
[1.090s] -- Up-to-date: /home/geert/ros2_ws_git/install/kuka_msgs_pkg/share/kuka_msgs_pkg/cmake/kuka_msgs_pkg__rosidl_typesupport_cppExport-noconfig.cmake
[1.091s] -- Up-to-date: /home/geert/ros2_ws_git/install/kuka_msgs_pkg/share/kuka_msgs_pkg/cmake/export_kuka_msgs_pkg__rosidl_generator_pyExport.cmake
[1.091s] -- Up-to-date: /home/geert/ros2_ws_git/install/kuka_msgs_pkg/share/kuka_msgs_pkg/cmake/export_kuka_msgs_pkg__rosidl_generator_pyExport-noconfig.cmake
[1.091s] -- Up-to-date: /home/geert/ros2_ws_git/install/kuka_msgs_pkg/share/kuka_msgs_pkg/cmake/rosidl_cmake-extras.cmake
[1.091s] -- Up-to-date: /home/geert/ros2_ws_git/install/kuka_msgs_pkg/share/kuka_msgs_pkg/cmake/ament_cmake_export_include_directories-extras.cmake
[1.091s] -- Up-to-date: /home/geert/ros2_ws_git/install/kuka_msgs_pkg/share/kuka_msgs_pkg/cmake/ament_cmake_export_libraries-extras.cmake
[1.092s] -- Up-to-date: /home/geert/ros2_ws_git/install/kuka_msgs_pkg/share/kuka_msgs_pkg/cmake/ament_cmake_export_targets-extras.cmake
[1.092s] -- Up-to-date: /home/geert/ros2_ws_git/install/kuka_msgs_pkg/share/kuka_msgs_pkg/cmake/rosidl_cmake_export_typesupport_targets-extras.cmake
[1.092s] -- Up-to-date: /home/geert/ros2_ws_git/install/kuka_msgs_pkg/share/kuka_msgs_pkg/cmake/ament_cmake_export_dependencies-extras.cmake
[1.092s] -- Up-to-date: /home/geert/ros2_ws_git/install/kuka_msgs_pkg/share/kuka_msgs_pkg/cmake/rosidl_cmake_export_typesupport_libraries-extras.cmake
[1.093s] -- Up-to-date: /home/geert/ros2_ws_git/install/kuka_msgs_pkg/share/kuka_msgs_pkg/cmake/kuka_msgs_pkgConfig.cmake
[1.093s] -- Up-to-date: /home/geert/ros2_ws_git/install/kuka_msgs_pkg/share/kuka_msgs_pkg/cmake/kuka_msgs_pkgConfig-version.cmake
[1.093s] -- Up-to-date: /home/geert/ros2_ws_git/install/kuka_msgs_pkg/share/kuka_msgs_pkg/package.xml
[1.105s] Invoked command in '/home/geert/kuka-ido/ros2_ws/build/kuka_msgs_pkg' returned '0': CMAKE_PREFIX_PATH=${CMAKE_PREFIX_PATH}:/home/geert/kuka-ido/ros2_ws/install/serial_communication_pkg:/home/geert/kuka-ido/ros2_ws/install/data_visualiser_pkg:/home/geert/kuka-ido/ros2_ws/install/kuka_launch_pkg:/home/geert/kuka-ido/ros2_ws/install/joystick_to_serial_pkg:/opt/ros/iron /usr/bin/cmake --install /home/geert/kuka-ido/ros2_ws/build/kuka_msgs_pkg
