[0.044s] Invoking command in '/home/geert/kuka-ido/ros2_ws/build/kuka_msgs_pkg': CMAKE_PREFIX_PATH=${CMAKE_PREFIX_PATH}:/home/geert/kuka-ido/ros2_ws/install/serial_communication_pkg:/home/geert/kuka-ido/ros2_ws/install/data_visualiser_pkg:/home/geert/kuka-ido/ros2_ws/install/kuka_launch_pkg:/home/geert/kuka-ido/ros2_ws/install/joystick_to_serial_pkg:/opt/ros/iron /usr/bin/cmake --build /home/geert/kuka-ido/ros2_ws/build/kuka_msgs_pkg -- -j1 -l1
[0.107s] [  2%] Built target kuka_msgs_pkg__rosidl_generator_type_description
[0.149s] [  5%] Built target kuka_msgs_pkg__cpp
[0.159s] [35m[1mConsolidate compiler generated dependencies of target kuka_msgs_pkg__rosidl_generator_c[0m
[0.171s] [ 20%] Built target kuka_msgs_pkg__rosidl_generator_c
[0.179s] [35m[1mConsolidate compiler generated dependencies of target kuka_msgs_pkg__rosidl_typesupport_cpp[0m
[0.192s] [ 29%] Built target kuka_msgs_pkg__rosidl_typesupport_cpp
[0.201s] [35m[1mConsolidate compiler generated dependencies of target kuka_msgs_pkg__rosidl_typesupport_fastrtps_c[0m
[0.215s] [ 38%] Built target kuka_msgs_pkg__rosidl_typesupport_fastrtps_c
[0.223s] [35m[1mConsolidate compiler generated dependencies of target kuka_msgs_pkg__rosidl_typesupport_introspection_c[0m
[0.232s] [ 47%] Built target kuka_msgs_pkg__rosidl_typesupport_introspection_c
[0.256s] [35m[1mConsolidate compiler generated dependencies of target kuka_msgs_pkg__rosidl_typesupport_c[0m
[0.266s] [ 55%] Built target kuka_msgs_pkg__rosidl_typesupport_c
[0.276s] [35m[1mConsolidate compiler generated dependencies of target kuka_msgs_pkg__rosidl_typesupport_fastrtps_cpp[0m
[0.288s] [ 64%] Built target kuka_msgs_pkg__rosidl_typesupport_fastrtps_cpp
[0.297s] [35m[1mConsolidate compiler generated dependencies of target kuka_msgs_pkg__rosidl_typesupport_introspection_cpp[0m
[0.308s] [ 73%] Built target kuka_msgs_pkg__rosidl_typesupport_introspection_cpp
[0.324s] [ 73%] Built target kuka_msgs_pkg
[0.358s] [ 73%] Built target ament_cmake_python_copy_kuka_msgs_pkg
[0.757s] running egg_info
[0.757s] writing kuka_msgs_pkg.egg-info/PKG-INFO
[0.758s] writing dependency_links to kuka_msgs_pkg.egg-info/dependency_links.txt
[0.758s] writing top-level names to kuka_msgs_pkg.egg-info/top_level.txt
[0.761s] reading manifest file 'kuka_msgs_pkg.egg-info/SOURCES.txt'
[0.762s] writing manifest file 'kuka_msgs_pkg.egg-info/SOURCES.txt'
[0.797s] [ 73%] Built target ament_cmake_python_build_kuka_msgs_pkg_egg
[0.815s] [ 76%] Built target kuka_msgs_pkg__py
[0.826s] [35m[1mConsolidate compiler generated dependencies of target kuka_msgs_pkg__rosidl_generator_py[0m
[0.840s] [ 82%] Built target kuka_msgs_pkg__rosidl_generator_py
[0.849s] [35m[1mConsolidate compiler generated dependencies of target kuka_msgs_pkg__rosidl_typesupport_fastrtps_c__pyext[0m
[0.873s] [ 88%] Built target kuka_msgs_pkg__rosidl_typesupport_fastrtps_c__pyext
[0.882s] [35m[1mConsolidate compiler generated dependencies of target kuka_msgs_pkg__rosidl_typesupport_introspection_c__pyext[0m
[0.894s] [ 94%] Built target kuka_msgs_pkg__rosidl_typesupport_introspection_c__pyext
[0.903s] [35m[1mConsolidate compiler generated dependencies of target kuka_msgs_pkg__rosidl_typesupport_c__pyext[0m
[0.914s] [100%] Built target kuka_msgs_pkg__rosidl_typesupport_c__pyext
[0.924s] Invoked command in '/home/geert/kuka-ido/ros2_ws/build/kuka_msgs_pkg' returned '0': CMAKE_PREFIX_PATH=${CMAKE_PREFIX_PATH}:/home/geert/kuka-ido/ros2_ws/install/serial_communication_pkg:/home/geert/kuka-ido/ros2_ws/install/data_visualiser_pkg:/home/geert/kuka-ido/ros2_ws/install/kuka_launch_pkg:/home/geert/kuka-ido/ros2_ws/install/joystick_to_serial_pkg:/opt/ros/iron /usr/bin/cmake --build /home/geert/kuka-ido/ros2_ws/build/kuka_msgs_pkg -- -j1 -l1
[1.013s] Invoking command in '/home/geert/kuka-ido/ros2_ws/build/kuka_msgs_pkg': CMAKE_PREFIX_PATH=${CMAKE_PREFIX_PATH}:/home/geert/kuka-ido/ros2_ws/install/serial_communication_pkg:/home/geert/kuka-ido/ros2_ws/install/data_visualiser_pkg:/home/geert/kuka-ido/ros2_ws/install/kuka_launch_pkg:/home/geert/kuka-ido/ros2_ws/install/joystick_to_serial_pkg:/opt/ros/iron /usr/bin/cmake --install /home/geert/kuka-ido/ros2_ws/build/kuka_msgs_pkg
[1.022s] -- Install configuration: ""
[1.022s] -- Up-to-date: /home/geert/kuka-ido/ros2_ws/install/kuka_msgs_pkg/share/ament_index/resource_index/rosidl_interfaces/kuka_msgs_pkg
[1.022s] -- Up-to-date: /home/geert/kuka-ido/ros2_ws/install/kuka_msgs_pkg/share/kuka_msgs_pkg/msg/WheelData.json
[1.023s] -- Up-to-date: /home/geert/kuka-ido/ros2_ws/install/kuka_msgs_pkg/include/kuka_msgs_pkg/kuka_msgs_pkg
[1.023s] -- Up-to-date: /home/geert/kuka-ido/ros2_ws/install/kuka_msgs_pkg/include/kuka_msgs_pkg/kuka_msgs_pkg/msg
[1.023s] -- Up-to-date: /home/geert/kuka-ido/ros2_ws/install/kuka_msgs_pkg/include/kuka_msgs_pkg/kuka_msgs_pkg/msg/detail
[1.024s] -- Up-to-date: /home/geert/kuka-ido/ros2_ws/install/kuka_msgs_pkg/include/kuka_msgs_pkg/kuka_msgs_pkg/msg/detail/wheel_data__type_support.h
[1.024s] -- Up-to-date: /home/geert/kuka-ido/ros2_ws/install/kuka_msgs_pkg/include/kuka_msgs_pkg/kuka_msgs_pkg/msg/detail/wheel_data__struct.h
[1.024s] -- Up-to-date: /home/geert/kuka-ido/ros2_ws/install/kuka_msgs_pkg/include/kuka_msgs_pkg/kuka_msgs_pkg/msg/detail/wheel_data__functions.h
[1.024s] -- Installing: /home/geert/kuka-ido/ros2_ws/install/kuka_msgs_pkg/include/kuka_msgs_pkg/kuka_msgs_pkg/msg/detail/wheel_data__type_support.c
[1.024s] -- Up-to-date: /home/geert/kuka-ido/ros2_ws/install/kuka_msgs_pkg/include/kuka_msgs_pkg/kuka_msgs_pkg/msg/detail/wheel_data__functions.c
[1.026s] -- Up-to-date: /home/geert/kuka-ido/ros2_ws/install/kuka_msgs_pkg/include/kuka_msgs_pkg/kuka_msgs_pkg/msg/detail/wheel_data__description.c
[1.026s] -- Up-to-date: /home/geert/kuka-ido/ros2_ws/install/kuka_msgs_pkg/include/kuka_msgs_pkg/kuka_msgs_pkg/msg/wheel_data.h
[1.026s] -- Up-to-date: /home/geert/kuka-ido/ros2_ws/install/kuka_msgs_pkg/include/kuka_msgs_pkg/kuka_msgs_pkg/msg/rosidl_generator_c__visibility_control.h
[1.026s] -- Up-to-date: /home/geert/kuka-ido/ros2_ws/install/kuka_msgs_pkg/share/kuka_msgs_pkg/environment/library_path.sh
[1.026s] -- Up-to-date: /home/geert/kuka-ido/ros2_ws/install/kuka_msgs_pkg/share/kuka_msgs_pkg/environment/library_path.dsv
[1.027s] -- Up-to-date: /home/geert/kuka-ido/ros2_ws/install/kuka_msgs_pkg/lib/libkuka_msgs_pkg__rosidl_generator_c.so
[1.027s] -- Up-to-date: /home/geert/kuka-ido/ros2_ws/install/kuka_msgs_pkg/include/kuka_msgs_pkg/kuka_msgs_pkg
[1.027s] -- Up-to-date: /home/geert/kuka-ido/ros2_ws/install/kuka_msgs_pkg/include/kuka_msgs_pkg/kuka_msgs_pkg/msg
[1.027s] -- Up-to-date: /home/geert/kuka-ido/ros2_ws/install/kuka_msgs_pkg/include/kuka_msgs_pkg/kuka_msgs_pkg/msg/detail
[1.028s] -- Up-to-date: /home/geert/kuka-ido/ros2_ws/install/kuka_msgs_pkg/include/kuka_msgs_pkg/kuka_msgs_pkg/msg/detail/wheel_data__rosidl_typesupport_fastrtps_c.h
[1.028s] -- Up-to-date: /home/geert/kuka-ido/ros2_ws/install/kuka_msgs_pkg/include/kuka_msgs_pkg/kuka_msgs_pkg/msg/rosidl_typesupport_fastrtps_c__visibility_control.h
[1.028s] -- Up-to-date: /home/geert/kuka-ido/ros2_ws/install/kuka_msgs_pkg/lib/libkuka_msgs_pkg__rosidl_typesupport_fastrtps_c.so
[1.028s] -- Up-to-date: /home/geert/kuka-ido/ros2_ws/install/kuka_msgs_pkg/include/kuka_msgs_pkg/kuka_msgs_pkg
[1.029s] -- Up-to-date: /home/geert/kuka-ido/ros2_ws/install/kuka_msgs_pkg/include/kuka_msgs_pkg/kuka_msgs_pkg/msg
[1.029s] -- Up-to-date: /home/geert/kuka-ido/ros2_ws/install/kuka_msgs_pkg/include/kuka_msgs_pkg/kuka_msgs_pkg/msg/rosidl_typesupport_introspection_c__visibility_control.h
[1.029s] -- Up-to-date: /home/geert/kuka-ido/ros2_ws/install/kuka_msgs_pkg/include/kuka_msgs_pkg/kuka_msgs_pkg/msg/detail
[1.029s] -- Up-to-date: /home/geert/kuka-ido/ros2_ws/install/kuka_msgs_pkg/include/kuka_msgs_pkg/kuka_msgs_pkg/msg/detail/wheel_data__rosidl_typesupport_introspection_c.h
[1.029s] -- Installing: /home/geert/kuka-ido/ros2_ws/install/kuka_msgs_pkg/include/kuka_msgs_pkg/kuka_msgs_pkg/msg/detail/wheel_data__type_support.c
[1.030s] -- Up-to-date: /home/geert/kuka-ido/ros2_ws/install/kuka_msgs_pkg/lib/libkuka_msgs_pkg__rosidl_typesupport_introspection_c.so
[1.030s] -- Up-to-date: /home/geert/kuka-ido/ros2_ws/install/kuka_msgs_pkg/lib/libkuka_msgs_pkg__rosidl_typesupport_c.so
[1.030s] -- Up-to-date: /home/geert/kuka-ido/ros2_ws/install/kuka_msgs_pkg/include/kuka_msgs_pkg/kuka_msgs_pkg
[1.031s] -- Up-to-date: /home/geert/kuka-ido/ros2_ws/install/kuka_msgs_pkg/include/kuka_msgs_pkg/kuka_msgs_pkg/msg
[1.031s] -- Up-to-date: /home/geert/kuka-ido/ros2_ws/install/kuka_msgs_pkg/include/kuka_msgs_pkg/kuka_msgs_pkg/msg/detail
[1.031s] -- Up-to-date: /home/geert/kuka-ido/ros2_ws/install/kuka_msgs_pkg/include/kuka_msgs_pkg/kuka_msgs_pkg/msg/detail/wheel_data__struct.hpp
[1.031s] -- Up-to-date: /home/geert/kuka-ido/ros2_ws/install/kuka_msgs_pkg/include/kuka_msgs_pkg/kuka_msgs_pkg/msg/detail/wheel_data__traits.hpp
[1.031s] -- Up-to-date: /home/geert/kuka-ido/ros2_ws/install/kuka_msgs_pkg/include/kuka_msgs_pkg/kuka_msgs_pkg/msg/detail/wheel_data__builder.hpp
[1.031s] -- Up-to-date: /home/geert/kuka-ido/ros2_ws/install/kuka_msgs_pkg/include/kuka_msgs_pkg/kuka_msgs_pkg/msg/wheel_data.hpp
[1.032s] -- Up-to-date: /home/geert/kuka-ido/ros2_ws/install/kuka_msgs_pkg/include/kuka_msgs_pkg/kuka_msgs_pkg
[1.032s] -- Up-to-date: /home/geert/kuka-ido/ros2_ws/install/kuka_msgs_pkg/include/kuka_msgs_pkg/kuka_msgs_pkg/msg
[1.032s] -- Up-to-date: /home/geert/kuka-ido/ros2_ws/install/kuka_msgs_pkg/include/kuka_msgs_pkg/kuka_msgs_pkg/msg/rosidl_typesupport_fastrtps_cpp__visibility_control.h
[1.032s] -- Up-to-date: /home/geert/kuka-ido/ros2_ws/install/kuka_msgs_pkg/include/kuka_msgs_pkg/kuka_msgs_pkg/msg/detail
[1.032s] -- Up-to-date: /home/geert/kuka-ido/ros2_ws/install/kuka_msgs_pkg/include/kuka_msgs_pkg/kuka_msgs_pkg/msg/detail/wheel_data__rosidl_typesupport_fastrtps_cpp.hpp
[1.032s] -- Up-to-date: /home/geert/kuka-ido/ros2_ws/install/kuka_msgs_pkg/include/kuka_msgs_pkg/kuka_msgs_pkg/msg/detail/dds_fastrtps
[1.033s] -- Up-to-date: /home/geert/kuka-ido/ros2_ws/install/kuka_msgs_pkg/lib/libkuka_msgs_pkg__rosidl_typesupport_fastrtps_cpp.so
[1.033s] -- Up-to-date: /home/geert/kuka-ido/ros2_ws/install/kuka_msgs_pkg/include/kuka_msgs_pkg/kuka_msgs_pkg
[1.033s] -- Up-to-date: /home/geert/kuka-ido/ros2_ws/install/kuka_msgs_pkg/include/kuka_msgs_pkg/kuka_msgs_pkg/msg
[1.034s] -- Up-to-date: /home/geert/kuka-ido/ros2_ws/install/kuka_msgs_pkg/include/kuka_msgs_pkg/kuka_msgs_pkg/msg/detail
[1.034s] -- Up-to-date: /home/geert/kuka-ido/ros2_ws/install/kuka_msgs_pkg/include/kuka_msgs_pkg/kuka_msgs_pkg/msg/detail/wheel_data__type_support.cpp
[1.034s] -- Up-to-date: /home/geert/kuka-ido/ros2_ws/install/kuka_msgs_pkg/include/kuka_msgs_pkg/kuka_msgs_pkg/msg/detail/wheel_data__rosidl_typesupport_introspection_cpp.hpp
[1.034s] -- Up-to-date: /home/geert/kuka-ido/ros2_ws/install/kuka_msgs_pkg/lib/libkuka_msgs_pkg__rosidl_typesupport_introspection_cpp.so
[1.035s] -- Up-to-date: /home/geert/kuka-ido/ros2_ws/install/kuka_msgs_pkg/lib/libkuka_msgs_pkg__rosidl_typesupport_cpp.so
[1.046s] -- Up-to-date: /home/geert/kuka-ido/ros2_ws/install/kuka_msgs_pkg/share/kuka_msgs_pkg/environment/pythonpath.sh
[1.046s] -- Up-to-date: /home/geert/kuka-ido/ros2_ws/install/kuka_msgs_pkg/share/kuka_msgs_pkg/environment/pythonpath.dsv
[1.047s] -- Up-to-date: /home/geert/kuka-ido/ros2_ws/install/kuka_msgs_pkg/lib/python3.10/site-packages/kuka_msgs_pkg-0.0.0-py3.10.egg-info
[1.047s] -- Installing: /home/geert/kuka-ido/ros2_ws/install/kuka_msgs_pkg/lib/python3.10/site-packages/kuka_msgs_pkg-0.0.0-py3.10.egg-info/PKG-INFO
[1.047s] -- Installing: /home/geert/kuka-ido/ros2_ws/install/kuka_msgs_pkg/lib/python3.10/site-packages/kuka_msgs_pkg-0.0.0-py3.10.egg-info/top_level.txt
[1.047s] -- Installing: /home/geert/kuka-ido/ros2_ws/install/kuka_msgs_pkg/lib/python3.10/site-packages/kuka_msgs_pkg-0.0.0-py3.10.egg-info/dependency_links.txt
[1.047s] -- Installing: /home/geert/kuka-ido/ros2_ws/install/kuka_msgs_pkg/lib/python3.10/site-packages/kuka_msgs_pkg-0.0.0-py3.10.egg-info/SOURCES.txt
[1.048s] -- Up-to-date: /home/geert/kuka-ido/ros2_ws/install/kuka_msgs_pkg/lib/python3.10/site-packages/kuka_msgs_pkg
[1.048s] -- Up-to-date: /home/geert/kuka-ido/ros2_ws/install/kuka_msgs_pkg/lib/python3.10/site-packages/kuka_msgs_pkg/_kuka_msgs_pkg_s.ep.rosidl_typesupport_introspection_c.c
[1.048s] -- Up-to-date: /home/geert/kuka-ido/ros2_ws/install/kuka_msgs_pkg/lib/python3.10/site-packages/kuka_msgs_pkg/kuka_msgs_pkg_s__rosidl_typesupport_fastrtps_c.cpython-310-x86_64-linux-gnu.so
[1.048s] -- Up-to-date: /home/geert/kuka-ido/ros2_ws/install/kuka_msgs_pkg/lib/python3.10/site-packages/kuka_msgs_pkg/libkuka_msgs_pkg__rosidl_generator_py.so
[1.048s] -- Up-to-date: /home/geert/kuka-ido/ros2_ws/install/kuka_msgs_pkg/lib/python3.10/site-packages/kuka_msgs_pkg/_kuka_msgs_pkg_s.ep.rosidl_typesupport_c.c
[1.049s] -- Up-to-date: /home/geert/kuka-ido/ros2_ws/install/kuka_msgs_pkg/lib/python3.10/site-packages/kuka_msgs_pkg/kuka_msgs_pkg_s__rosidl_typesupport_introspection_c.cpython-310-x86_64-linux-gnu.so
[1.049s] -- Up-to-date: /home/geert/kuka-ido/ros2_ws/install/kuka_msgs_pkg/lib/python3.10/site-packages/kuka_msgs_pkg/msg
[1.049s] -- Up-to-date: /home/geert/kuka-ido/ros2_ws/install/kuka_msgs_pkg/lib/python3.10/site-packages/kuka_msgs_pkg/msg/_wheel_data_s.c
[1.049s] -- Up-to-date: /home/geert/kuka-ido/ros2_ws/install/kuka_msgs_pkg/lib/python3.10/site-packages/kuka_msgs_pkg/msg/_wheel_data.py
[1.049s] -- Up-to-date: /home/geert/kuka-ido/ros2_ws/install/kuka_msgs_pkg/lib/python3.10/site-packages/kuka_msgs_pkg/msg/__init__.py
[1.049s] -- Up-to-date: /home/geert/kuka-ido/ros2_ws/install/kuka_msgs_pkg/lib/python3.10/site-packages/kuka_msgs_pkg/__init__.py
[1.049s] -- Up-to-date: /home/geert/kuka-ido/ros2_ws/install/kuka_msgs_pkg/lib/python3.10/site-packages/kuka_msgs_pkg/_kuka_msgs_pkg_s.ep.rosidl_typesupport_fastrtps_c.c
[1.050s] -- Up-to-date: /home/geert/kuka-ido/ros2_ws/install/kuka_msgs_pkg/lib/python3.10/site-packages/kuka_msgs_pkg/kuka_msgs_pkg_s__rosidl_typesupport_c.cpython-310-x86_64-linux-gnu.so
[1.103s] Listing '/home/geert/kuka-ido/ros2_ws/install/kuka_msgs_pkg/lib/python3.10/site-packages/kuka_msgs_pkg'...
[1.103s] Listing '/home/geert/kuka-ido/ros2_ws/install/kuka_msgs_pkg/lib/python3.10/site-packages/kuka_msgs_pkg/msg'...
[1.108s] -- Up-to-date: /home/geert/kuka-ido/ros2_ws/install/kuka_msgs_pkg/lib/python3.10/site-packages/kuka_msgs_pkg/kuka_msgs_pkg_s__rosidl_typesupport_fastrtps_c.cpython-310-x86_64-linux-gnu.so
[1.108s] -- Up-to-date: /home/geert/kuka-ido/ros2_ws/install/kuka_msgs_pkg/lib/python3.10/site-packages/kuka_msgs_pkg/kuka_msgs_pkg_s__rosidl_typesupport_introspection_c.cpython-310-x86_64-linux-gnu.so
[1.109s] -- Up-to-date: /home/geert/kuka-ido/ros2_ws/install/kuka_msgs_pkg/lib/python3.10/site-packages/kuka_msgs_pkg/kuka_msgs_pkg_s__rosidl_typesupport_c.cpython-310-x86_64-linux-gnu.so
[1.109s] -- Up-to-date: /home/geert/kuka-ido/ros2_ws/install/kuka_msgs_pkg/lib/libkuka_msgs_pkg__rosidl_generator_py.so
[1.109s] -- Up-to-date: /home/geert/kuka-ido/ros2_ws/install/kuka_msgs_pkg/share/kuka_msgs_pkg/msg/WheelData.idl
[1.110s] -- Up-to-date: /home/geert/kuka-ido/ros2_ws/install/kuka_msgs_pkg/share/kuka_msgs_pkg/msg/WheelData.msg
[1.110s] -- Up-to-date: /home/geert/kuka-ido/ros2_ws/install/kuka_msgs_pkg/share/ament_index/resource_index/package_run_dependencies/kuka_msgs_pkg
[1.110s] -- Up-to-date: /home/geert/kuka-ido/ros2_ws/install/kuka_msgs_pkg/share/ament_index/resource_index/parent_prefix_path/kuka_msgs_pkg
[1.110s] -- Up-to-date: /home/geert/kuka-ido/ros2_ws/install/kuka_msgs_pkg/share/kuka_msgs_pkg/environment/ament_prefix_path.sh
[1.110s] -- Up-to-date: /home/geert/kuka-ido/ros2_ws/install/kuka_msgs_pkg/share/kuka_msgs_pkg/environment/ament_prefix_path.dsv
[1.110s] -- Up-to-date: /home/geert/kuka-ido/ros2_ws/install/kuka_msgs_pkg/share/kuka_msgs_pkg/environment/path.sh
[1.111s] -- Up-to-date: /home/geert/kuka-ido/ros2_ws/install/kuka_msgs_pkg/share/kuka_msgs_pkg/environment/path.dsv
[1.111s] -- Up-to-date: /home/geert/kuka-ido/ros2_ws/install/kuka_msgs_pkg/share/kuka_msgs_pkg/local_setup.bash
[1.111s] -- Up-to-date: /home/geert/kuka-ido/ros2_ws/install/kuka_msgs_pkg/share/kuka_msgs_pkg/local_setup.sh
[1.111s] -- Up-to-date: /home/geert/kuka-ido/ros2_ws/install/kuka_msgs_pkg/share/kuka_msgs_pkg/local_setup.zsh
[1.111s] -- Up-to-date: /home/geert/kuka-ido/ros2_ws/install/kuka_msgs_pkg/share/kuka_msgs_pkg/local_setup.dsv
[1.112s] -- Installing: /home/geert/kuka-ido/ros2_ws/install/kuka_msgs_pkg/share/kuka_msgs_pkg/package.dsv
[1.112s] -- Up-to-date: /home/geert/kuka-ido/ros2_ws/install/kuka_msgs_pkg/share/ament_index/resource_index/packages/kuka_msgs_pkg
[1.112s] -- Up-to-date: /home/geert/kuka-ido/ros2_ws/install/kuka_msgs_pkg/share/kuka_msgs_pkg/cmake/export_kuka_msgs_pkg__rosidl_generator_cExport.cmake
[1.112s] -- Up-to-date: /home/geert/kuka-ido/ros2_ws/install/kuka_msgs_pkg/share/kuka_msgs_pkg/cmake/export_kuka_msgs_pkg__rosidl_generator_cExport-noconfig.cmake
[1.113s] -- Up-to-date: /home/geert/kuka-ido/ros2_ws/install/kuka_msgs_pkg/share/kuka_msgs_pkg/cmake/export_kuka_msgs_pkg__rosidl_typesupport_fastrtps_cExport.cmake
[1.113s] -- Up-to-date: /home/geert/kuka-ido/ros2_ws/install/kuka_msgs_pkg/share/kuka_msgs_pkg/cmake/export_kuka_msgs_pkg__rosidl_typesupport_fastrtps_cExport-noconfig.cmake
[1.113s] -- Up-to-date: /home/geert/kuka-ido/ros2_ws/install/kuka_msgs_pkg/share/kuka_msgs_pkg/cmake/kuka_msgs_pkg__rosidl_typesupport_introspection_cExport.cmake
[1.113s] -- Up-to-date: /home/geert/kuka-ido/ros2_ws/install/kuka_msgs_pkg/share/kuka_msgs_pkg/cmake/kuka_msgs_pkg__rosidl_typesupport_introspection_cExport-noconfig.cmake
[1.114s] -- Up-to-date: /home/geert/kuka-ido/ros2_ws/install/kuka_msgs_pkg/share/kuka_msgs_pkg/cmake/kuka_msgs_pkg__rosidl_typesupport_cExport.cmake
[1.114s] -- Up-to-date: /home/geert/kuka-ido/ros2_ws/install/kuka_msgs_pkg/share/kuka_msgs_pkg/cmake/kuka_msgs_pkg__rosidl_typesupport_cExport-noconfig.cmake
[1.114s] -- Up-to-date: /home/geert/kuka-ido/ros2_ws/install/kuka_msgs_pkg/share/kuka_msgs_pkg/cmake/export_kuka_msgs_pkg__rosidl_generator_cppExport.cmake
[1.114s] -- Up-to-date: /home/geert/kuka-ido/ros2_ws/install/kuka_msgs_pkg/share/kuka_msgs_pkg/cmake/export_kuka_msgs_pkg__rosidl_typesupport_fastrtps_cppExport.cmake
[1.114s] -- Up-to-date: /home/geert/kuka-ido/ros2_ws/install/kuka_msgs_pkg/share/kuka_msgs_pkg/cmake/export_kuka_msgs_pkg__rosidl_typesupport_fastrtps_cppExport-noconfig.cmake
[1.115s] -- Up-to-date: /home/geert/kuka-ido/ros2_ws/install/kuka_msgs_pkg/share/kuka_msgs_pkg/cmake/kuka_msgs_pkg__rosidl_typesupport_introspection_cppExport.cmake
[1.115s] -- Up-to-date: /home/geert/kuka-ido/ros2_ws/install/kuka_msgs_pkg/share/kuka_msgs_pkg/cmake/kuka_msgs_pkg__rosidl_typesupport_introspection_cppExport-noconfig.cmake
[1.115s] -- Up-to-date: /home/geert/kuka-ido/ros2_ws/install/kuka_msgs_pkg/share/kuka_msgs_pkg/cmake/kuka_msgs_pkg__rosidl_typesupport_cppExport.cmake
[1.115s] -- Up-to-date: /home/geert/kuka-ido/ros2_ws/install/kuka_msgs_pkg/share/kuka_msgs_pkg/cmake/kuka_msgs_pkg__rosidl_typesupport_cppExport-noconfig.cmake
[1.116s] -- Up-to-date: /home/geert/kuka-ido/ros2_ws/install/kuka_msgs_pkg/share/kuka_msgs_pkg/cmake/export_kuka_msgs_pkg__rosidl_generator_pyExport.cmake
[1.116s] -- Up-to-date: /home/geert/kuka-ido/ros2_ws/install/kuka_msgs_pkg/share/kuka_msgs_pkg/cmake/export_kuka_msgs_pkg__rosidl_generator_pyExport-noconfig.cmake
[1.116s] -- Up-to-date: /home/geert/kuka-ido/ros2_ws/install/kuka_msgs_pkg/share/kuka_msgs_pkg/cmake/rosidl_cmake-extras.cmake
[1.116s] -- Up-to-date: /home/geert/kuka-ido/ros2_ws/install/kuka_msgs_pkg/share/kuka_msgs_pkg/cmake/ament_cmake_export_include_directories-extras.cmake
[1.116s] -- Up-to-date: /home/geert/kuka-ido/ros2_ws/install/kuka_msgs_pkg/share/kuka_msgs_pkg/cmake/ament_cmake_export_libraries-extras.cmake
[1.116s] -- Up-to-date: /home/geert/kuka-ido/ros2_ws/install/kuka_msgs_pkg/share/kuka_msgs_pkg/cmake/ament_cmake_export_targets-extras.cmake
[1.117s] -- Up-to-date: /home/geert/kuka-ido/ros2_ws/install/kuka_msgs_pkg/share/kuka_msgs_pkg/cmake/rosidl_cmake_export_typesupport_targets-extras.cmake
[1.117s] -- Up-to-date: /home/geert/kuka-ido/ros2_ws/install/kuka_msgs_pkg/share/kuka_msgs_pkg/cmake/ament_cmake_export_dependencies-extras.cmake
[1.117s] -- Up-to-date: /home/geert/kuka-ido/ros2_ws/install/kuka_msgs_pkg/share/kuka_msgs_pkg/cmake/rosidl_cmake_export_typesupport_libraries-extras.cmake
[1.117s] -- Up-to-date: /home/geert/kuka-ido/ros2_ws/install/kuka_msgs_pkg/share/kuka_msgs_pkg/cmake/kuka_msgs_pkgConfig.cmake
[1.117s] -- Up-to-date: /home/geert/kuka-ido/ros2_ws/install/kuka_msgs_pkg/share/kuka_msgs_pkg/cmake/kuka_msgs_pkgConfig-version.cmake
[1.118s] -- Up-to-date: /home/geert/kuka-ido/ros2_ws/install/kuka_msgs_pkg/share/kuka_msgs_pkg/package.xml
[1.123s] Invoked command in '/home/geert/kuka-ido/ros2_ws/build/kuka_msgs_pkg' returned '0': CMAKE_PREFIX_PATH=${CMAKE_PREFIX_PATH}:/home/geert/kuka-ido/ros2_ws/install/serial_communication_pkg:/home/geert/kuka-ido/ros2_ws/install/data_visualiser_pkg:/home/geert/kuka-ido/ros2_ws/install/kuka_launch_pkg:/home/geert/kuka-ido/ros2_ws/install/joystick_to_serial_pkg:/opt/ros/iron /usr/bin/cmake --install /home/geert/kuka-ido/ros2_ws/build/kuka_msgs_pkg
