running egg_info
creating ../../build/data_visualiser_pkg/data_visualiser_pkg.egg-info
writing ../../build/data_visualiser_pkg/data_visualiser_pkg.egg-info/PKG-INFO
writing dependency_links to ../../build/data_visualiser_pkg/data_visualiser_pkg.egg-info/dependency_links.txt
writing entry points to ../../build/data_visualiser_pkg/data_visualiser_pkg.egg-info/entry_points.txt
writing requirements to ../../build/data_visualiser_pkg/data_visualiser_pkg.egg-info/requires.txt
writing top-level names to ../../build/data_visualiser_pkg/data_visualiser_pkg.egg-info/top_level.txt
writing manifest file '../../build/data_visualiser_pkg/data_visualiser_pkg.egg-info/SOURCES.txt'
reading manifest file '../../build/data_visualiser_pkg/data_visualiser_pkg.egg-info/SOURCES.txt'
writing manifest file '../../build/data_visualiser_pkg/data_visualiser_pkg.egg-info/SOURCES.txt'
running build
running build_py
creating /home/geert/ros2_ws_git/build/data_visualiser_pkg/build
creating /home/geert/ros2_ws_git/build/data_visualiser_pkg/build/lib
creating /home/geert/ros2_ws_git/build/data_visualiser_pkg/build/lib/data_visualiser_pkg
copying data_visualiser_pkg/data_visualiser_node.py -> /home/geert/ros2_ws_git/build/data_visualiser_pkg/build/lib/data_visualiser_pkg
copying data_visualiser_pkg/__init__.py -> /home/geert/ros2_ws_git/build/data_visualiser_pkg/build/lib/data_visualiser_pkg
running install
running install_lib
creating /home/geert/ros2_ws_git/install/data_visualiser_pkg/lib/python3.10/site-packages/data_visualiser_pkg
copying /home/geert/ros2_ws_git/build/data_visualiser_pkg/build/lib/data_visualiser_pkg/data_visualiser_node.py -> /home/geert/ros2_ws_git/install/data_visualiser_pkg/lib/python3.10/site-packages/data_visualiser_pkg
copying /home/geert/ros2_ws_git/build/data_visualiser_pkg/build/lib/data_visualiser_pkg/__init__.py -> /home/geert/ros2_ws_git/install/data_visualiser_pkg/lib/python3.10/site-packages/data_visualiser_pkg
byte-compiling /home/geert/ros2_ws_git/install/data_visualiser_pkg/lib/python3.10/site-packages/data_visualiser_pkg/data_visualiser_node.py to data_visualiser_node.cpython-310.pyc
byte-compiling /home/geert/ros2_ws_git/install/data_visualiser_pkg/lib/python3.10/site-packages/data_visualiser_pkg/__init__.py to __init__.cpython-310.pyc
running install_data
creating /home/geert/ros2_ws_git/install/data_visualiser_pkg/share/ament_index
creating /home/geert/ros2_ws_git/install/data_visualiser_pkg/share/ament_index/resource_index
creating /home/geert/ros2_ws_git/install/data_visualiser_pkg/share/ament_index/resource_index/packages
copying resource/data_visualiser_pkg -> /home/geert/ros2_ws_git/install/data_visualiser_pkg/share/ament_index/resource_index/packages
copying package.xml -> /home/geert/ros2_ws_git/install/data_visualiser_pkg/share/data_visualiser_pkg
running install_egg_info
Copying ../../build/data_visualiser_pkg/data_visualiser_pkg.egg-info to /home/geert/ros2_ws_git/install/data_visualiser_pkg/lib/python3.10/site-packages/data_visualiser_pkg-0.0.0-py3.10.egg-info
running install_scripts
Installing data_visualiser_node script to /home/geert/ros2_ws_git/install/data_visualiser_pkg/lib/data_visualiser_pkg
writing list of installed files to '/home/geert/ros2_ws_git/build/data_visualiser_pkg/install.log'
