[0.460s] DEBUG:colcon:Command line arguments: ['/usr/bin/colcon', 'build']
[0.460s] DEBUG:colcon:Parsed command line arguments: Namespace(log_base=None, log_level=None, verb_name='build', build_base='build', install_base='install', merge_install=False, symlink_install=False, test_result_base=None, continue_on_error=False, executor='parallel', parallel_workers=1, event_handlers=None, ignore_user_meta=False, metas=['./colcon.meta'], base_paths=['.'], packages_ignore=None, packages_ignore_regex=None, paths=None, packages_up_to=None, packages_up_to_regex=None, packages_above=None, packages_above_and_dependencies=None, packages_above_depth=None, packages_select_by_dep=None, packages_skip_by_dep=None, packages_skip_up_to=None, packages_select_build_failed=False, packages_skip_build_finished=False, packages_select_test_failures=False, packages_skip_test_passed=False, packages_select=None, packages_skip=None, packages_select_regex=None, packages_skip_regex=None, packages_start=None, packages_end=None, allow_overriding=[], cmake_args=None, cmake_target=None, cmake_target_skip_unavailable=False, cmake_clean_cache=False, cmake_clean_first=False, cmake_force_configure=False, ament_cmake_args=None, catkin_cmake_args=None, catkin_skip_building_tests=False, verb_parser=<colcon_defaults.argument_parser.defaults.DefaultArgumentsDecorator object at 0x7f89f3ec2920>, verb_extension=<colcon_core.verb.build.BuildVerb object at 0x7f89f4759060>, main=<bound method BuildVerb.main of <colcon_core.verb.build.BuildVerb object at 0x7f89f4759060>>)
[0.496s] Level 1:colcon.colcon_core.package_discovery:discover_packages(colcon_meta) check parameters
[0.496s] Level 1:colcon.colcon_core.package_discovery:discover_packages(recursive) check parameters
[0.496s] Level 1:colcon.colcon_core.package_discovery:discover_packages(ignore) check parameters
[0.496s] Level 1:colcon.colcon_core.package_discovery:discover_packages(path) check parameters
[0.496s] Level 1:colcon.colcon_core.package_discovery:discover_packages(colcon_meta) discover
[0.497s] Level 1:colcon.colcon_core.package_discovery:discover_packages(recursive) discover
[0.497s] INFO:colcon.colcon_core.package_discovery:Crawling recursively for packages in '/home/geert/ros2_ws_git'
[0.497s] Level 1:colcon.colcon_core.package_identification:_identify(.) by extensions ['ignore', 'ignore_ament_install']
[0.497s] Level 1:colcon.colcon_core.package_identification:_identify(.) by extension 'ignore'
[0.497s] Level 1:colcon.colcon_core.package_identification:_identify(.) by extension 'ignore_ament_install'
[0.497s] Level 1:colcon.colcon_core.package_identification:_identify(.) by extensions ['colcon_pkg']
[0.497s] Level 1:colcon.colcon_core.package_identification:_identify(.) by extension 'colcon_pkg'
[0.497s] Level 1:colcon.colcon_core.package_identification:_identify(.) by extensions ['colcon_meta']
[0.497s] Level 1:colcon.colcon_core.package_identification:_identify(.) by extension 'colcon_meta'
[0.497s] Level 1:colcon.colcon_core.package_identification:_identify(.) by extensions ['ros']
[0.497s] Level 1:colcon.colcon_core.package_identification:_identify(.) by extension 'ros'
[0.519s] Level 1:colcon.colcon_core.package_identification:_identify(.) by extensions ['cmake', 'python']
[0.519s] Level 1:colcon.colcon_core.package_identification:_identify(.) by extension 'cmake'
[0.519s] Level 1:colcon.colcon_core.package_identification:_identify(.) by extension 'python'
[0.519s] Level 1:colcon.colcon_core.package_identification:_identify(.) by extensions ['python_setup_py']
[0.519s] Level 1:colcon.colcon_core.package_identification:_identify(.) by extension 'python_setup_py'
[0.519s] Level 1:colcon.colcon_core.package_identification:_identify(build) by extensions ['ignore', 'ignore_ament_install']
[0.519s] Level 1:colcon.colcon_core.package_identification:_identify(build) by extension 'ignore'
[0.519s] Level 1:colcon.colcon_core.package_identification:_identify(build) ignored
[0.520s] Level 1:colcon.colcon_core.package_identification:_identify(install) by extensions ['ignore', 'ignore_ament_install']
[0.520s] Level 1:colcon.colcon_core.package_identification:_identify(install) by extension 'ignore'
[0.520s] Level 1:colcon.colcon_core.package_identification:_identify(install) ignored
[0.520s] Level 1:colcon.colcon_core.package_identification:_identify(log) by extensions ['ignore', 'ignore_ament_install']
[0.520s] Level 1:colcon.colcon_core.package_identification:_identify(log) by extension 'ignore'
[0.520s] Level 1:colcon.colcon_core.package_identification:_identify(log) ignored
[0.520s] Level 1:colcon.colcon_core.package_identification:_identify(src) by extensions ['ignore', 'ignore_ament_install']
[0.520s] Level 1:colcon.colcon_core.package_identification:_identify(src) by extension 'ignore'
[0.520s] Level 1:colcon.colcon_core.package_identification:_identify(src) by extension 'ignore_ament_install'
[0.520s] Level 1:colcon.colcon_core.package_identification:_identify(src) by extensions ['colcon_pkg']
[0.520s] Level 1:colcon.colcon_core.package_identification:_identify(src) by extension 'colcon_pkg'
[0.520s] Level 1:colcon.colcon_core.package_identification:_identify(src) by extensions ['colcon_meta']
[0.520s] Level 1:colcon.colcon_core.package_identification:_identify(src) by extension 'colcon_meta'
[0.520s] Level 1:colcon.colcon_core.package_identification:_identify(src) by extensions ['ros']
[0.521s] Level 1:colcon.colcon_core.package_identification:_identify(src) by extension 'ros'
[0.521s] Level 1:colcon.colcon_core.package_identification:_identify(src) by extensions ['cmake', 'python']
[0.521s] Level 1:colcon.colcon_core.package_identification:_identify(src) by extension 'cmake'
[0.521s] Level 1:colcon.colcon_core.package_identification:_identify(src) by extension 'python'
[0.521s] Level 1:colcon.colcon_core.package_identification:_identify(src) by extensions ['python_setup_py']
[0.521s] Level 1:colcon.colcon_core.package_identification:_identify(src) by extension 'python_setup_py'
[0.521s] Level 1:colcon.colcon_core.package_identification:_identify(src/data_visualiser_pkg) by extensions ['ignore', 'ignore_ament_install']
[0.521s] Level 1:colcon.colcon_core.package_identification:_identify(src/data_visualiser_pkg) by extension 'ignore'
[0.521s] Level 1:colcon.colcon_core.package_identification:_identify(src/data_visualiser_pkg) by extension 'ignore_ament_install'
[0.521s] Level 1:colcon.colcon_core.package_identification:_identify(src/data_visualiser_pkg) by extensions ['colcon_pkg']
[0.521s] Level 1:colcon.colcon_core.package_identification:_identify(src/data_visualiser_pkg) by extension 'colcon_pkg'
[0.521s] Level 1:colcon.colcon_core.package_identification:_identify(src/data_visualiser_pkg) by extensions ['colcon_meta']
[0.521s] Level 1:colcon.colcon_core.package_identification:_identify(src/data_visualiser_pkg) by extension 'colcon_meta'
[0.521s] Level 1:colcon.colcon_core.package_identification:_identify(src/data_visualiser_pkg) by extensions ['ros']
[0.521s] Level 1:colcon.colcon_core.package_identification:_identify(src/data_visualiser_pkg) by extension 'ros'
[0.526s] DEBUG:colcon.colcon_core.package_identification:Package 'src/data_visualiser_pkg' with type 'ros.ament_python' and name 'data_visualiser_pkg'
[0.526s] Level 1:colcon.colcon_core.package_identification:_identify(src/joystick_to_serial_pkg) by extensions ['ignore', 'ignore_ament_install']
[0.526s] Level 1:colcon.colcon_core.package_identification:_identify(src/joystick_to_serial_pkg) by extension 'ignore'
[0.526s] Level 1:colcon.colcon_core.package_identification:_identify(src/joystick_to_serial_pkg) by extension 'ignore_ament_install'
[0.526s] Level 1:colcon.colcon_core.package_identification:_identify(src/joystick_to_serial_pkg) by extensions ['colcon_pkg']
[0.526s] Level 1:colcon.colcon_core.package_identification:_identify(src/joystick_to_serial_pkg) by extension 'colcon_pkg'
[0.526s] Level 1:colcon.colcon_core.package_identification:_identify(src/joystick_to_serial_pkg) by extensions ['colcon_meta']
[0.526s] Level 1:colcon.colcon_core.package_identification:_identify(src/joystick_to_serial_pkg) by extension 'colcon_meta'
[0.527s] Level 1:colcon.colcon_core.package_identification:_identify(src/joystick_to_serial_pkg) by extensions ['ros']
[0.527s] Level 1:colcon.colcon_core.package_identification:_identify(src/joystick_to_serial_pkg) by extension 'ros'
[0.528s] DEBUG:colcon.colcon_core.package_identification:Package 'src/joystick_to_serial_pkg' with type 'ros.ament_python' and name 'joystick_to_serial_pkg'
[0.528s] Level 1:colcon.colcon_core.package_identification:_identify(src/kuka_launch_pkg) by extensions ['ignore', 'ignore_ament_install']
[0.528s] Level 1:colcon.colcon_core.package_identification:_identify(src/kuka_launch_pkg) by extension 'ignore'
[0.528s] Level 1:colcon.colcon_core.package_identification:_identify(src/kuka_launch_pkg) by extension 'ignore_ament_install'
[0.528s] Level 1:colcon.colcon_core.package_identification:_identify(src/kuka_launch_pkg) by extensions ['colcon_pkg']
[0.528s] Level 1:colcon.colcon_core.package_identification:_identify(src/kuka_launch_pkg) by extension 'colcon_pkg'
[0.528s] Level 1:colcon.colcon_core.package_identification:_identify(src/kuka_launch_pkg) by extensions ['colcon_meta']
[0.528s] Level 1:colcon.colcon_core.package_identification:_identify(src/kuka_launch_pkg) by extension 'colcon_meta'
[0.529s] Level 1:colcon.colcon_core.package_identification:_identify(src/kuka_launch_pkg) by extensions ['ros']
[0.529s] Level 1:colcon.colcon_core.package_identification:_identify(src/kuka_launch_pkg) by extension 'ros'
[0.529s] DEBUG:colcon.colcon_core.package_identification:Package 'src/kuka_launch_pkg' with type 'ros.ament_python' and name 'kuka_launch_pkg'
[0.529s] Level 1:colcon.colcon_core.package_identification:_identify(src/kuka_msgs_pkg) by extensions ['ignore', 'ignore_ament_install']
[0.530s] Level 1:colcon.colcon_core.package_identification:_identify(src/kuka_msgs_pkg) by extension 'ignore'
[0.530s] Level 1:colcon.colcon_core.package_identification:_identify(src/kuka_msgs_pkg) by extension 'ignore_ament_install'
[0.530s] Level 1:colcon.colcon_core.package_identification:_identify(src/kuka_msgs_pkg) by extensions ['colcon_pkg']
[0.530s] Level 1:colcon.colcon_core.package_identification:_identify(src/kuka_msgs_pkg) by extension 'colcon_pkg'
[0.530s] Level 1:colcon.colcon_core.package_identification:_identify(src/kuka_msgs_pkg) by extensions ['colcon_meta']
[0.530s] Level 1:colcon.colcon_core.package_identification:_identify(src/kuka_msgs_pkg) by extension 'colcon_meta'
[0.530s] Level 1:colcon.colcon_core.package_identification:_identify(src/kuka_msgs_pkg) by extensions ['ros']
[0.530s] Level 1:colcon.colcon_core.package_identification:_identify(src/kuka_msgs_pkg) by extension 'ros'
[0.531s] DEBUG:colcon.colcon_core.package_identification:Package 'src/kuka_msgs_pkg' with type 'ros.ament_cmake' and name 'kuka_msgs_pkg'
[0.531s] Level 1:colcon.colcon_core.package_identification:_identify(src/serial_communication_pkg) by extensions ['ignore', 'ignore_ament_install']
[0.531s] Level 1:colcon.colcon_core.package_identification:_identify(src/serial_communication_pkg) by extension 'ignore'
[0.531s] Level 1:colcon.colcon_core.package_identification:_identify(src/serial_communication_pkg) by extension 'ignore_ament_install'
[0.531s] Level 1:colcon.colcon_core.package_identification:_identify(src/serial_communication_pkg) by extensions ['colcon_pkg']
[0.531s] Level 1:colcon.colcon_core.package_identification:_identify(src/serial_communication_pkg) by extension 'colcon_pkg'
[0.531s] Level 1:colcon.colcon_core.package_identification:_identify(src/serial_communication_pkg) by extensions ['colcon_meta']
[0.531s] Level 1:colcon.colcon_core.package_identification:_identify(src/serial_communication_pkg) by extension 'colcon_meta'
[0.531s] Level 1:colcon.colcon_core.package_identification:_identify(src/serial_communication_pkg) by extensions ['ros']
[0.531s] Level 1:colcon.colcon_core.package_identification:_identify(src/serial_communication_pkg) by extension 'ros'
[0.533s] DEBUG:colcon.colcon_core.package_identification:Package 'src/serial_communication_pkg' with type 'ros.ament_python' and name 'serial_communication_pkg'
[0.533s] Level 1:colcon.colcon_core.package_discovery:discover_packages(recursive) using defaults
[0.533s] Level 1:colcon.colcon_core.package_discovery:discover_packages(ignore) discover
[0.533s] Level 1:colcon.colcon_core.package_discovery:discover_packages(ignore) using defaults
[0.533s] Level 1:colcon.colcon_core.package_discovery:discover_packages(path) discover
[0.533s] Level 1:colcon.colcon_core.package_discovery:discover_packages(path) using defaults
[0.566s] Level 1:colcon.colcon_core.package_discovery:discover_packages(prefix_path) check parameters
[0.566s] Level 1:colcon.colcon_core.package_discovery:discover_packages(prefix_path) discover
[0.570s] DEBUG:colcon.colcon_installed_package_information.package_discovery:Found 5 installed packages in /home/geert/ros2_ws_git/install
[0.573s] DEBUG:colcon.colcon_installed_package_information.package_discovery:Found 296 installed packages in /opt/ros/iron
[0.576s] Level 1:colcon.colcon_core.package_discovery:discover_packages(prefix_path) using defaults
[0.658s] Level 5:colcon.colcon_core.verb:set package 'joystick_to_serial_pkg' build argument 'cmake_args' from command line to 'None'
[0.658s] Level 5:colcon.colcon_core.verb:set package 'joystick_to_serial_pkg' build argument 'cmake_target' from command line to 'None'
[0.658s] Level 5:colcon.colcon_core.verb:set package 'joystick_to_serial_pkg' build argument 'cmake_target_skip_unavailable' from command line to 'False'
[0.658s] Level 5:colcon.colcon_core.verb:set package 'joystick_to_serial_pkg' build argument 'cmake_clean_cache' from command line to 'False'
[0.658s] Level 5:colcon.colcon_core.verb:set package 'joystick_to_serial_pkg' build argument 'cmake_clean_first' from command line to 'False'
[0.658s] Level 5:colcon.colcon_core.verb:set package 'joystick_to_serial_pkg' build argument 'cmake_force_configure' from command line to 'False'
[0.658s] Level 5:colcon.colcon_core.verb:set package 'joystick_to_serial_pkg' build argument 'ament_cmake_args' from command line to 'None'
[0.658s] Level 5:colcon.colcon_core.verb:set package 'joystick_to_serial_pkg' build argument 'catkin_cmake_args' from command line to 'None'
[0.658s] Level 5:colcon.colcon_core.verb:set package 'joystick_to_serial_pkg' build argument 'catkin_skip_building_tests' from command line to 'False'
[0.658s] DEBUG:colcon.colcon_core.verb:Building package 'joystick_to_serial_pkg' with the following arguments: {'ament_cmake_args': None, 'build_base': '/home/geert/ros2_ws_git/build/joystick_to_serial_pkg', 'catkin_cmake_args': None, 'catkin_skip_building_tests': False, 'cmake_args': None, 'cmake_clean_cache': False, 'cmake_clean_first': False, 'cmake_force_configure': False, 'cmake_target': None, 'cmake_target_skip_unavailable': False, 'install_base': '/home/geert/ros2_ws_git/install/joystick_to_serial_pkg', 'merge_install': False, 'path': '/home/geert/ros2_ws_git/src/joystick_to_serial_pkg', 'symlink_install': False, 'test_result_base': None}
[0.660s] Level 5:colcon.colcon_core.verb:set package 'kuka_launch_pkg' build argument 'cmake_args' from command line to 'None'
[0.660s] Level 5:colcon.colcon_core.verb:set package 'kuka_launch_pkg' build argument 'cmake_target' from command line to 'None'
[0.660s] Level 5:colcon.colcon_core.verb:set package 'kuka_launch_pkg' build argument 'cmake_target_skip_unavailable' from command line to 'False'
[0.660s] Level 5:colcon.colcon_core.verb:set package 'kuka_launch_pkg' build argument 'cmake_clean_cache' from command line to 'False'
[0.660s] Level 5:colcon.colcon_core.verb:set package 'kuka_launch_pkg' build argument 'cmake_clean_first' from command line to 'False'
[0.660s] Level 5:colcon.colcon_core.verb:set package 'kuka_launch_pkg' build argument 'cmake_force_configure' from command line to 'False'
[0.660s] Level 5:colcon.colcon_core.verb:set package 'kuka_launch_pkg' build argument 'ament_cmake_args' from command line to 'None'
[0.660s] Level 5:colcon.colcon_core.verb:set package 'kuka_launch_pkg' build argument 'catkin_cmake_args' from command line to 'None'
[0.660s] Level 5:colcon.colcon_core.verb:set package 'kuka_launch_pkg' build argument 'catkin_skip_building_tests' from command line to 'False'
[0.660s] DEBUG:colcon.colcon_core.verb:Building package 'kuka_launch_pkg' with the following arguments: {'ament_cmake_args': None, 'build_base': '/home/geert/ros2_ws_git/build/kuka_launch_pkg', 'catkin_cmake_args': None, 'catkin_skip_building_tests': False, 'cmake_args': None, 'cmake_clean_cache': False, 'cmake_clean_first': False, 'cmake_force_configure': False, 'cmake_target': None, 'cmake_target_skip_unavailable': False, 'install_base': '/home/geert/ros2_ws_git/install/kuka_launch_pkg', 'merge_install': False, 'path': '/home/geert/ros2_ws_git/src/kuka_launch_pkg', 'symlink_install': False, 'test_result_base': None}
[0.662s] Level 5:colcon.colcon_core.verb:set package 'kuka_msgs_pkg' build argument 'cmake_args' from command line to 'None'
[0.662s] Level 5:colcon.colcon_core.verb:set package 'kuka_msgs_pkg' build argument 'cmake_target' from command line to 'None'
[0.662s] Level 5:colcon.colcon_core.verb:set package 'kuka_msgs_pkg' build argument 'cmake_target_skip_unavailable' from command line to 'False'
[0.662s] Level 5:colcon.colcon_core.verb:set package 'kuka_msgs_pkg' build argument 'cmake_clean_cache' from command line to 'False'
[0.662s] Level 5:colcon.colcon_core.verb:set package 'kuka_msgs_pkg' build argument 'cmake_clean_first' from command line to 'False'
[0.662s] Level 5:colcon.colcon_core.verb:set package 'kuka_msgs_pkg' build argument 'cmake_force_configure' from command line to 'False'
[0.662s] Level 5:colcon.colcon_core.verb:set package 'kuka_msgs_pkg' build argument 'ament_cmake_args' from command line to 'None'
[0.662s] Level 5:colcon.colcon_core.verb:set package 'kuka_msgs_pkg' build argument 'catkin_cmake_args' from command line to 'None'
[0.662s] Level 5:colcon.colcon_core.verb:set package 'kuka_msgs_pkg' build argument 'catkin_skip_building_tests' from command line to 'False'
[0.662s] DEBUG:colcon.colcon_core.verb:Building package 'kuka_msgs_pkg' with the following arguments: {'ament_cmake_args': None, 'build_base': '/home/geert/ros2_ws_git/build/kuka_msgs_pkg', 'catkin_cmake_args': None, 'catkin_skip_building_tests': False, 'cmake_args': None, 'cmake_clean_cache': False, 'cmake_clean_first': False, 'cmake_force_configure': False, 'cmake_target': None, 'cmake_target_skip_unavailable': False, 'install_base': '/home/geert/ros2_ws_git/install/kuka_msgs_pkg', 'merge_install': False, 'path': '/home/geert/ros2_ws_git/src/kuka_msgs_pkg', 'symlink_install': False, 'test_result_base': None}
[0.663s] Level 5:colcon.colcon_core.verb:set package 'data_visualiser_pkg' build argument 'cmake_args' from command line to 'None'
[0.663s] Level 5:colcon.colcon_core.verb:set package 'data_visualiser_pkg' build argument 'cmake_target' from command line to 'None'
[0.663s] Level 5:colcon.colcon_core.verb:set package 'data_visualiser_pkg' build argument 'cmake_target_skip_unavailable' from command line to 'False'
[0.664s] Level 5:colcon.colcon_core.verb:set package 'data_visualiser_pkg' build argument 'cmake_clean_cache' from command line to 'False'
[0.664s] Level 5:colcon.colcon_core.verb:set package 'data_visualiser_pkg' build argument 'cmake_clean_first' from command line to 'False'
[0.664s] Level 5:colcon.colcon_core.verb:set package 'data_visualiser_pkg' build argument 'cmake_force_configure' from command line to 'False'
[0.664s] Level 5:colcon.colcon_core.verb:set package 'data_visualiser_pkg' build argument 'ament_cmake_args' from command line to 'None'
[0.664s] Level 5:colcon.colcon_core.verb:set package 'data_visualiser_pkg' build argument 'catkin_cmake_args' from command line to 'None'
[0.664s] Level 5:colcon.colcon_core.verb:set package 'data_visualiser_pkg' build argument 'catkin_skip_building_tests' from command line to 'False'
[0.664s] DEBUG:colcon.colcon_core.verb:Building package 'data_visualiser_pkg' with the following arguments: {'ament_cmake_args': None, 'build_base': '/home/geert/ros2_ws_git/build/data_visualiser_pkg', 'catkin_cmake_args': None, 'catkin_skip_building_tests': False, 'cmake_args': None, 'cmake_clean_cache': False, 'cmake_clean_first': False, 'cmake_force_configure': False, 'cmake_target': None, 'cmake_target_skip_unavailable': False, 'install_base': '/home/geert/ros2_ws_git/install/data_visualiser_pkg', 'merge_install': False, 'path': '/home/geert/ros2_ws_git/src/data_visualiser_pkg', 'symlink_install': False, 'test_result_base': None}
[0.665s] Level 5:colcon.colcon_core.verb:set package 'serial_communication_pkg' build argument 'cmake_args' from command line to 'None'
[0.665s] Level 5:colcon.colcon_core.verb:set package 'serial_communication_pkg' build argument 'cmake_target' from command line to 'None'
[0.665s] Level 5:colcon.colcon_core.verb:set package 'serial_communication_pkg' build argument 'cmake_target_skip_unavailable' from command line to 'False'
[0.665s] Level 5:colcon.colcon_core.verb:set package 'serial_communication_pkg' build argument 'cmake_clean_cache' from command line to 'False'
[0.665s] Level 5:colcon.colcon_core.verb:set package 'serial_communication_pkg' build argument 'cmake_clean_first' from command line to 'False'
[0.665s] Level 5:colcon.colcon_core.verb:set package 'serial_communication_pkg' build argument 'cmake_force_configure' from command line to 'False'
[0.665s] Level 5:colcon.colcon_core.verb:set package 'serial_communication_pkg' build argument 'ament_cmake_args' from command line to 'None'
[0.666s] Level 5:colcon.colcon_core.verb:set package 'serial_communication_pkg' build argument 'catkin_cmake_args' from command line to 'None'
[0.666s] Level 5:colcon.colcon_core.verb:set package 'serial_communication_pkg' build argument 'catkin_skip_building_tests' from command line to 'False'
[0.666s] DEBUG:colcon.colcon_core.verb:Building package 'serial_communication_pkg' with the following arguments: {'ament_cmake_args': None, 'build_base': '/home/geert/ros2_ws_git/build/serial_communication_pkg', 'catkin_cmake_args': None, 'catkin_skip_building_tests': False, 'cmake_args': None, 'cmake_clean_cache': False, 'cmake_clean_first': False, 'cmake_force_configure': False, 'cmake_target': None, 'cmake_target_skip_unavailable': False, 'install_base': '/home/geert/ros2_ws_git/install/serial_communication_pkg', 'merge_install': False, 'path': '/home/geert/ros2_ws_git/src/serial_communication_pkg', 'symlink_install': False, 'test_result_base': None}
[0.667s] INFO:colcon.colcon_core.executor:Executing jobs using 'parallel' executor
[0.671s] DEBUG:colcon.colcon_parallel_executor.executor.parallel:run_until_complete
[0.671s] INFO:colcon.colcon_ros.task.ament_cmake.build:Building ROS package in '/home/geert/ros2_ws_git/src/kuka_msgs_pkg' with build type 'ament_cmake'
[0.671s] INFO:colcon.colcon_cmake.task.cmake.build:Building CMake package in '/home/geert/ros2_ws_git/src/kuka_msgs_pkg'
[0.676s] INFO:colcon.colcon_core.plugin_system:Skipping extension 'colcon_core.shell.bat': Not used on non-Windows systems
[0.676s] INFO:colcon.colcon_core.shell:Skip shell extension 'powershell' for command environment: Not usable outside of PowerShell
[0.676s] DEBUG:colcon.colcon_core.shell:Skip shell extension 'dsv' for command environment
[0.687s] DEBUG:colcon.colcon_core.event_handler.log_command:Invoking command in '/home/geert/ros2_ws_git/build/kuka_msgs_pkg': CMAKE_PREFIX_PATH=/home/geert/ros2_ws_git/install/serial_communication_pkg:/home/geert/ros2_ws_git/install/data_visualiser_pkg:/home/geert/ros2_ws_git/install/kuka_msgs_pkg:/home/geert/ros2_ws_git/install/kuka_launch_pkg:/home/geert/ros2_ws_git/install/joystick_to_serial_pkg:/opt/ros/iron /usr/bin/cmake /home/geert/ros2_ws_git/src/kuka_msgs_pkg -DCMAKE_INSTALL_PREFIX=/home/geert/ros2_ws_git/install/kuka_msgs_pkg
[3.251s] DEBUG:colcon.colcon_core.event_handler.log_command:Invoked command in '/home/geert/ros2_ws_git/build/kuka_msgs_pkg' returned '0': CMAKE_PREFIX_PATH=/home/geert/ros2_ws_git/install/serial_communication_pkg:/home/geert/ros2_ws_git/install/data_visualiser_pkg:/home/geert/ros2_ws_git/install/kuka_msgs_pkg:/home/geert/ros2_ws_git/install/kuka_launch_pkg:/home/geert/ros2_ws_git/install/joystick_to_serial_pkg:/opt/ros/iron /usr/bin/cmake /home/geert/ros2_ws_git/src/kuka_msgs_pkg -DCMAKE_INSTALL_PREFIX=/home/geert/ros2_ws_git/install/kuka_msgs_pkg
[3.251s] DEBUG:colcon.colcon_core.event_handler.log_command:Invoking command in '/home/geert/ros2_ws_git/build/kuka_msgs_pkg': CMAKE_PREFIX_PATH=/home/geert/ros2_ws_git/install/serial_communication_pkg:/home/geert/ros2_ws_git/install/data_visualiser_pkg:/home/geert/ros2_ws_git/install/kuka_msgs_pkg:/home/geert/ros2_ws_git/install/kuka_launch_pkg:/home/geert/ros2_ws_git/install/joystick_to_serial_pkg:/opt/ros/iron /usr/bin/cmake --build /home/geert/ros2_ws_git/build/kuka_msgs_pkg -- -j1 -l1
[12.113s] DEBUG:colcon.colcon_core.event_handler.log_command:Invoked command in '/home/geert/ros2_ws_git/build/kuka_msgs_pkg' returned '0': CMAKE_PREFIX_PATH=/home/geert/ros2_ws_git/install/serial_communication_pkg:/home/geert/ros2_ws_git/install/data_visualiser_pkg:/home/geert/ros2_ws_git/install/kuka_msgs_pkg:/home/geert/ros2_ws_git/install/kuka_launch_pkg:/home/geert/ros2_ws_git/install/joystick_to_serial_pkg:/opt/ros/iron /usr/bin/cmake --build /home/geert/ros2_ws_git/build/kuka_msgs_pkg -- -j1 -l1
[12.200s] DEBUG:colcon.colcon_core.event_handler.log_command:Invoking command in '/home/geert/ros2_ws_git/build/kuka_msgs_pkg': CMAKE_PREFIX_PATH=/home/geert/ros2_ws_git/install/serial_communication_pkg:/home/geert/ros2_ws_git/install/data_visualiser_pkg:/home/geert/ros2_ws_git/install/kuka_msgs_pkg:/home/geert/ros2_ws_git/install/kuka_launch_pkg:/home/geert/ros2_ws_git/install/joystick_to_serial_pkg:/opt/ros/iron /usr/bin/cmake --install /home/geert/ros2_ws_git/build/kuka_msgs_pkg
[12.338s] Level 1:colcon.colcon_core.environment:create_environment_scripts_only(kuka_msgs_pkg)
[12.345s] DEBUG:colcon.colcon_core.event_handler.log_command:Invoked command in '/home/geert/ros2_ws_git/build/kuka_msgs_pkg' returned '0': CMAKE_PREFIX_PATH=/home/geert/ros2_ws_git/install/serial_communication_pkg:/home/geert/ros2_ws_git/install/data_visualiser_pkg:/home/geert/ros2_ws_git/install/kuka_msgs_pkg:/home/geert/ros2_ws_git/install/kuka_launch_pkg:/home/geert/ros2_ws_git/install/joystick_to_serial_pkg:/opt/ros/iron /usr/bin/cmake --install /home/geert/ros2_ws_git/build/kuka_msgs_pkg
[12.358s] Level 1:colcon.colcon_core.environment:checking '/home/geert/ros2_ws_git/install/kuka_msgs_pkg' for CMake module files
[12.359s] Level 1:colcon.colcon_core.environment:checking '/home/geert/ros2_ws_git/install/kuka_msgs_pkg' for CMake config files
[12.359s] Level 1:colcon.colcon_core.shell:create_environment_hook('kuka_msgs_pkg', 'cmake_prefix_path')
[12.361s] INFO:colcon.colcon_core.shell:Creating environment hook '/home/geert/ros2_ws_git/install/kuka_msgs_pkg/share/kuka_msgs_pkg/hook/cmake_prefix_path.ps1'
[12.363s] INFO:colcon.colcon_core.shell:Creating environment descriptor '/home/geert/ros2_ws_git/install/kuka_msgs_pkg/share/kuka_msgs_pkg/hook/cmake_prefix_path.dsv'
[12.363s] INFO:colcon.colcon_core.shell:Creating environment hook '/home/geert/ros2_ws_git/install/kuka_msgs_pkg/share/kuka_msgs_pkg/hook/cmake_prefix_path.sh'
[12.364s] Level 1:colcon.colcon_core.environment:checking '/home/geert/ros2_ws_git/install/kuka_msgs_pkg/lib'
[12.364s] Level 1:colcon.colcon_core.shell:create_environment_hook('kuka_msgs_pkg', 'ld_library_path_lib')
[12.367s] INFO:colcon.colcon_core.shell:Creating environment hook '/home/geert/ros2_ws_git/install/kuka_msgs_pkg/share/kuka_msgs_pkg/hook/ld_library_path_lib.ps1'
[12.367s] INFO:colcon.colcon_core.shell:Creating environment descriptor '/home/geert/ros2_ws_git/install/kuka_msgs_pkg/share/kuka_msgs_pkg/hook/ld_library_path_lib.dsv'
[12.367s] INFO:colcon.colcon_core.shell:Creating environment hook '/home/geert/ros2_ws_git/install/kuka_msgs_pkg/share/kuka_msgs_pkg/hook/ld_library_path_lib.sh'
[12.368s] Level 1:colcon.colcon_core.environment:checking '/home/geert/ros2_ws_git/install/kuka_msgs_pkg/bin'
[12.368s] Level 1:colcon.colcon_core.environment:checking '/home/geert/ros2_ws_git/install/kuka_msgs_pkg/lib/pkgconfig/kuka_msgs_pkg.pc'
[12.368s] Level 1:colcon.colcon_core.environment:checking '/home/geert/ros2_ws_git/install/kuka_msgs_pkg/lib/python3.10/site-packages'
[12.368s] Level 1:colcon.colcon_core.shell:create_environment_hook('kuka_msgs_pkg', 'pythonpath')
[12.370s] INFO:colcon.colcon_core.shell:Creating environment hook '/home/geert/ros2_ws_git/install/kuka_msgs_pkg/share/kuka_msgs_pkg/hook/pythonpath.ps1'
[12.371s] INFO:colcon.colcon_core.shell:Creating environment descriptor '/home/geert/ros2_ws_git/install/kuka_msgs_pkg/share/kuka_msgs_pkg/hook/pythonpath.dsv'
[12.371s] INFO:colcon.colcon_core.shell:Creating environment hook '/home/geert/ros2_ws_git/install/kuka_msgs_pkg/share/kuka_msgs_pkg/hook/pythonpath.sh'
[12.372s] Level 1:colcon.colcon_core.environment:checking '/home/geert/ros2_ws_git/install/kuka_msgs_pkg/bin'
[12.374s] INFO:colcon.colcon_core.shell:Creating package script '/home/geert/ros2_ws_git/install/kuka_msgs_pkg/share/kuka_msgs_pkg/package.ps1'
[12.376s] INFO:colcon.colcon_core.shell:Creating package descriptor '/home/geert/ros2_ws_git/install/kuka_msgs_pkg/share/kuka_msgs_pkg/package.dsv'
[12.377s] INFO:colcon.colcon_core.shell:Creating package script '/home/geert/ros2_ws_git/install/kuka_msgs_pkg/share/kuka_msgs_pkg/package.sh'
[12.378s] INFO:colcon.colcon_core.shell:Creating package script '/home/geert/ros2_ws_git/install/kuka_msgs_pkg/share/kuka_msgs_pkg/package.bash'
[12.379s] INFO:colcon.colcon_core.shell:Creating package script '/home/geert/ros2_ws_git/install/kuka_msgs_pkg/share/kuka_msgs_pkg/package.zsh'
[12.380s] Level 1:colcon.colcon_core.environment:create_file_with_runtime_dependencies(/home/geert/ros2_ws_git/install/kuka_msgs_pkg/share/colcon-core/packages/kuka_msgs_pkg)
[12.457s] Level 1:colcon.colcon_core.environment:create_environment_scripts_only(kuka_msgs_pkg)
[12.461s] Level 1:colcon.colcon_core.environment:checking '/home/geert/ros2_ws_git/install/kuka_msgs_pkg' for CMake module files
[12.462s] Level 1:colcon.colcon_core.environment:checking '/home/geert/ros2_ws_git/install/kuka_msgs_pkg' for CMake config files
[12.462s] Level 1:colcon.colcon_core.shell:create_environment_hook('kuka_msgs_pkg', 'cmake_prefix_path')
[12.464s] INFO:colcon.colcon_core.shell:Creating environment hook '/home/geert/ros2_ws_git/install/kuka_msgs_pkg/share/kuka_msgs_pkg/hook/cmake_prefix_path.ps1'
[12.465s] INFO:colcon.colcon_core.shell:Creating environment descriptor '/home/geert/ros2_ws_git/install/kuka_msgs_pkg/share/kuka_msgs_pkg/hook/cmake_prefix_path.dsv'
[12.465s] INFO:colcon.colcon_core.shell:Creating environment hook '/home/geert/ros2_ws_git/install/kuka_msgs_pkg/share/kuka_msgs_pkg/hook/cmake_prefix_path.sh'
[12.466s] Level 1:colcon.colcon_core.environment:checking '/home/geert/ros2_ws_git/install/kuka_msgs_pkg/lib'
[12.466s] Level 1:colcon.colcon_core.shell:create_environment_hook('kuka_msgs_pkg', 'ld_library_path_lib')
[12.468s] INFO:colcon.colcon_core.shell:Creating environment hook '/home/geert/ros2_ws_git/install/kuka_msgs_pkg/share/kuka_msgs_pkg/hook/ld_library_path_lib.ps1'
[12.468s] INFO:colcon.colcon_core.shell:Creating environment descriptor '/home/geert/ros2_ws_git/install/kuka_msgs_pkg/share/kuka_msgs_pkg/hook/ld_library_path_lib.dsv'
[12.469s] INFO:colcon.colcon_core.shell:Creating environment hook '/home/geert/ros2_ws_git/install/kuka_msgs_pkg/share/kuka_msgs_pkg/hook/ld_library_path_lib.sh'
[12.469s] Level 1:colcon.colcon_core.environment:checking '/home/geert/ros2_ws_git/install/kuka_msgs_pkg/bin'
[12.469s] Level 1:colcon.colcon_core.environment:checking '/home/geert/ros2_ws_git/install/kuka_msgs_pkg/lib/pkgconfig/kuka_msgs_pkg.pc'
[12.470s] Level 1:colcon.colcon_core.environment:checking '/home/geert/ros2_ws_git/install/kuka_msgs_pkg/lib/python3.10/site-packages'
[12.470s] Level 1:colcon.colcon_core.shell:create_environment_hook('kuka_msgs_pkg', 'pythonpath')
[12.472s] INFO:colcon.colcon_core.shell:Creating environment hook '/home/geert/ros2_ws_git/install/kuka_msgs_pkg/share/kuka_msgs_pkg/hook/pythonpath.ps1'
[12.472s] INFO:colcon.colcon_core.shell:Creating environment descriptor '/home/geert/ros2_ws_git/install/kuka_msgs_pkg/share/kuka_msgs_pkg/hook/pythonpath.dsv'
[12.473s] INFO:colcon.colcon_core.shell:Creating environment hook '/home/geert/ros2_ws_git/install/kuka_msgs_pkg/share/kuka_msgs_pkg/hook/pythonpath.sh'
[12.473s] Level 1:colcon.colcon_core.environment:checking '/home/geert/ros2_ws_git/install/kuka_msgs_pkg/bin'
[12.476s] INFO:colcon.colcon_core.shell:Creating package script '/home/geert/ros2_ws_git/install/kuka_msgs_pkg/share/kuka_msgs_pkg/package.ps1'
[12.476s] INFO:colcon.colcon_core.shell:Creating package descriptor '/home/geert/ros2_ws_git/install/kuka_msgs_pkg/share/kuka_msgs_pkg/package.dsv'
[12.477s] INFO:colcon.colcon_core.shell:Creating package script '/home/geert/ros2_ws_git/install/kuka_msgs_pkg/share/kuka_msgs_pkg/package.sh'
[12.478s] INFO:colcon.colcon_core.shell:Creating package script '/home/geert/ros2_ws_git/install/kuka_msgs_pkg/share/kuka_msgs_pkg/package.bash'
[12.478s] INFO:colcon.colcon_core.shell:Creating package script '/home/geert/ros2_ws_git/install/kuka_msgs_pkg/share/kuka_msgs_pkg/package.zsh'
[12.479s] Level 1:colcon.colcon_core.environment:create_file_with_runtime_dependencies(/home/geert/ros2_ws_git/install/kuka_msgs_pkg/share/colcon-core/packages/kuka_msgs_pkg)
[12.480s] INFO:colcon.colcon_ros.task.ament_python.build:Building ROS package in '/home/geert/ros2_ws_git/src/joystick_to_serial_pkg' with build type 'ament_python'
[12.480s] Level 1:colcon.colcon_core.shell:create_environment_hook('joystick_to_serial_pkg', 'ament_prefix_path')
[12.482s] INFO:colcon.colcon_core.shell:Creating environment hook '/home/geert/ros2_ws_git/install/joystick_to_serial_pkg/share/joystick_to_serial_pkg/hook/ament_prefix_path.ps1'
[12.482s] INFO:colcon.colcon_core.shell:Creating environment descriptor '/home/geert/ros2_ws_git/install/joystick_to_serial_pkg/share/joystick_to_serial_pkg/hook/ament_prefix_path.dsv'
[12.483s] INFO:colcon.colcon_core.shell:Creating environment hook '/home/geert/ros2_ws_git/install/joystick_to_serial_pkg/share/joystick_to_serial_pkg/hook/ament_prefix_path.sh'
[12.485s] INFO:colcon.colcon_core.shell:Skip shell extension 'powershell' for command environment: Not usable outside of PowerShell
[12.485s] DEBUG:colcon.colcon_core.shell:Skip shell extension 'dsv' for command environment
[12.938s] INFO:colcon.colcon_core.task.python.build:Building Python package in '/home/geert/ros2_ws_git/src/joystick_to_serial_pkg'
[12.940s] INFO:colcon.colcon_core.shell:Skip shell extension 'powershell' for command environment: Not usable outside of PowerShell
[12.940s] DEBUG:colcon.colcon_core.shell:Skip shell extension 'dsv' for command environment
[13.433s] DEBUG:colcon.colcon_core.event_handler.log_command:Invoking command in '/home/geert/ros2_ws_git/src/joystick_to_serial_pkg': PYTHONPATH=/home/geert/ros2_ws_git/build/joystick_to_serial_pkg/prefix_override:/home/geert/ros2_ws_git/install/joystick_to_serial_pkg/lib/python3.10/site-packages:${PYTHONPATH} /usr/bin/python3 setup.py egg_info --egg-base ../../build/joystick_to_serial_pkg build --build-base /home/geert/ros2_ws_git/build/joystick_to_serial_pkg/build install --record /home/geert/ros2_ws_git/build/joystick_to_serial_pkg/install.log --single-version-externally-managed
[13.901s] Level 1:colcon.colcon_core.environment:checking '/home/geert/ros2_ws_git/install/joystick_to_serial_pkg' for CMake module files
[13.902s] Level 1:colcon.colcon_core.environment:checking '/home/geert/ros2_ws_git/install/joystick_to_serial_pkg' for CMake config files
[13.902s] Level 1:colcon.colcon_core.environment:checking '/home/geert/ros2_ws_git/install/joystick_to_serial_pkg/lib'
[13.902s] Level 1:colcon.colcon_core.environment:checking '/home/geert/ros2_ws_git/install/joystick_to_serial_pkg/bin'
[13.903s] DEBUG:colcon.colcon_core.event_handler.log_command:Invoked command in '/home/geert/ros2_ws_git/src/joystick_to_serial_pkg' returned '0': PYTHONPATH=/home/geert/ros2_ws_git/build/joystick_to_serial_pkg/prefix_override:/home/geert/ros2_ws_git/install/joystick_to_serial_pkg/lib/python3.10/site-packages:${PYTHONPATH} /usr/bin/python3 setup.py egg_info --egg-base ../../build/joystick_to_serial_pkg build --build-base /home/geert/ros2_ws_git/build/joystick_to_serial_pkg/build install --record /home/geert/ros2_ws_git/build/joystick_to_serial_pkg/install.log --single-version-externally-managed
[13.903s] Level 1:colcon.colcon_core.environment:checking '/home/geert/ros2_ws_git/install/joystick_to_serial_pkg/lib/pkgconfig/joystick_to_serial_pkg.pc'
[13.903s] Level 1:colcon.colcon_core.environment:checking '/home/geert/ros2_ws_git/install/joystick_to_serial_pkg/lib/python3.10/site-packages'
[13.903s] Level 1:colcon.colcon_core.shell:create_environment_hook('joystick_to_serial_pkg', 'pythonpath')
[13.905s] INFO:colcon.colcon_core.shell:Creating environment hook '/home/geert/ros2_ws_git/install/joystick_to_serial_pkg/share/joystick_to_serial_pkg/hook/pythonpath.ps1'
[13.905s] INFO:colcon.colcon_core.shell:Creating environment descriptor '/home/geert/ros2_ws_git/install/joystick_to_serial_pkg/share/joystick_to_serial_pkg/hook/pythonpath.dsv'
[13.913s] INFO:colcon.colcon_core.shell:Creating environment hook '/home/geert/ros2_ws_git/install/joystick_to_serial_pkg/share/joystick_to_serial_pkg/hook/pythonpath.sh'
[13.914s] Level 1:colcon.colcon_core.environment:checking '/home/geert/ros2_ws_git/install/joystick_to_serial_pkg/bin'
[13.914s] Level 1:colcon.colcon_core.environment:create_environment_scripts_only(joystick_to_serial_pkg)
[13.916s] INFO:colcon.colcon_core.shell:Creating package script '/home/geert/ros2_ws_git/install/joystick_to_serial_pkg/share/joystick_to_serial_pkg/package.ps1'
[13.916s] INFO:colcon.colcon_core.shell:Creating package descriptor '/home/geert/ros2_ws_git/install/joystick_to_serial_pkg/share/joystick_to_serial_pkg/package.dsv'
[13.922s] INFO:colcon.colcon_core.shell:Creating package script '/home/geert/ros2_ws_git/install/joystick_to_serial_pkg/share/joystick_to_serial_pkg/package.sh'
[13.924s] INFO:colcon.colcon_core.shell:Creating package script '/home/geert/ros2_ws_git/install/joystick_to_serial_pkg/share/joystick_to_serial_pkg/package.bash'
[13.924s] INFO:colcon.colcon_core.shell:Creating package script '/home/geert/ros2_ws_git/install/joystick_to_serial_pkg/share/joystick_to_serial_pkg/package.zsh'
[13.925s] Level 1:colcon.colcon_core.environment:create_file_with_runtime_dependencies(/home/geert/ros2_ws_git/install/joystick_to_serial_pkg/share/colcon-core/packages/joystick_to_serial_pkg)
[13.926s] INFO:colcon.colcon_ros.task.ament_python.build:Building ROS package in '/home/geert/ros2_ws_git/src/kuka_launch_pkg' with build type 'ament_python'
[13.926s] Level 1:colcon.colcon_core.shell:create_environment_hook('kuka_launch_pkg', 'ament_prefix_path')
[13.928s] INFO:colcon.colcon_core.shell:Creating environment hook '/home/geert/ros2_ws_git/install/kuka_launch_pkg/share/kuka_launch_pkg/hook/ament_prefix_path.ps1'
[13.929s] INFO:colcon.colcon_core.shell:Creating environment descriptor '/home/geert/ros2_ws_git/install/kuka_launch_pkg/share/kuka_launch_pkg/hook/ament_prefix_path.dsv'
[13.929s] INFO:colcon.colcon_core.shell:Creating environment hook '/home/geert/ros2_ws_git/install/kuka_launch_pkg/share/kuka_launch_pkg/hook/ament_prefix_path.sh'
[13.932s] INFO:colcon.colcon_core.shell:Skip shell extension 'powershell' for command environment: Not usable outside of PowerShell
[13.932s] DEBUG:colcon.colcon_core.shell:Skip shell extension 'dsv' for command environment
[14.369s] INFO:colcon.colcon_core.task.python.build:Building Python package in '/home/geert/ros2_ws_git/src/kuka_launch_pkg'
[14.371s] INFO:colcon.colcon_core.shell:Skip shell extension 'powershell' for command environment: Not usable outside of PowerShell
[14.371s] DEBUG:colcon.colcon_core.shell:Skip shell extension 'dsv' for command environment
[14.891s] DEBUG:colcon.colcon_core.event_handler.log_command:Invoking command in '/home/geert/ros2_ws_git/src/kuka_launch_pkg': PYTHONPATH=/home/geert/ros2_ws_git/build/kuka_launch_pkg/prefix_override:/home/geert/ros2_ws_git/install/kuka_launch_pkg/lib/python3.10/site-packages:${PYTHONPATH} /usr/bin/python3 setup.py egg_info --egg-base ../../build/kuka_launch_pkg build --build-base /home/geert/ros2_ws_git/build/kuka_launch_pkg/build install --record /home/geert/ros2_ws_git/build/kuka_launch_pkg/install.log --single-version-externally-managed
[15.361s] Level 1:colcon.colcon_core.environment:checking '/home/geert/ros2_ws_git/install/kuka_launch_pkg' for CMake module files
[15.362s] Level 1:colcon.colcon_core.environment:checking '/home/geert/ros2_ws_git/install/kuka_launch_pkg' for CMake config files
[15.363s] Level 1:colcon.colcon_core.environment:checking '/home/geert/ros2_ws_git/install/kuka_launch_pkg/lib'
[15.363s] Level 1:colcon.colcon_core.environment:checking '/home/geert/ros2_ws_git/install/kuka_launch_pkg/bin'
[15.363s] Level 1:colcon.colcon_core.environment:checking '/home/geert/ros2_ws_git/install/kuka_launch_pkg/lib/pkgconfig/kuka_launch_pkg.pc'
[15.363s] Level 1:colcon.colcon_core.environment:checking '/home/geert/ros2_ws_git/install/kuka_launch_pkg/lib/python3.10/site-packages'
[15.363s] Level 1:colcon.colcon_core.shell:create_environment_hook('kuka_launch_pkg', 'pythonpath')
[15.365s] INFO:colcon.colcon_core.shell:Creating environment hook '/home/geert/ros2_ws_git/install/kuka_launch_pkg/share/kuka_launch_pkg/hook/pythonpath.ps1'
[15.365s] DEBUG:colcon.colcon_core.event_handler.log_command:Invoked command in '/home/geert/ros2_ws_git/src/kuka_launch_pkg' returned '0': PYTHONPATH=/home/geert/ros2_ws_git/build/kuka_launch_pkg/prefix_override:/home/geert/ros2_ws_git/install/kuka_launch_pkg/lib/python3.10/site-packages:${PYTHONPATH} /usr/bin/python3 setup.py egg_info --egg-base ../../build/kuka_launch_pkg build --build-base /home/geert/ros2_ws_git/build/kuka_launch_pkg/build install --record /home/geert/ros2_ws_git/build/kuka_launch_pkg/install.log --single-version-externally-managed
[15.366s] INFO:colcon.colcon_core.shell:Creating environment descriptor '/home/geert/ros2_ws_git/install/kuka_launch_pkg/share/kuka_launch_pkg/hook/pythonpath.dsv'
[15.367s] INFO:colcon.colcon_core.shell:Creating environment hook '/home/geert/ros2_ws_git/install/kuka_launch_pkg/share/kuka_launch_pkg/hook/pythonpath.sh'
[15.367s] Level 1:colcon.colcon_core.environment:checking '/home/geert/ros2_ws_git/install/kuka_launch_pkg/bin'
[15.367s] Level 1:colcon.colcon_core.environment:create_environment_scripts_only(kuka_launch_pkg)
[15.369s] INFO:colcon.colcon_core.shell:Creating package script '/home/geert/ros2_ws_git/install/kuka_launch_pkg/share/kuka_launch_pkg/package.ps1'
[15.370s] INFO:colcon.colcon_core.shell:Creating package descriptor '/home/geert/ros2_ws_git/install/kuka_launch_pkg/share/kuka_launch_pkg/package.dsv'
[15.370s] INFO:colcon.colcon_core.shell:Creating package script '/home/geert/ros2_ws_git/install/kuka_launch_pkg/share/kuka_launch_pkg/package.sh'
[15.371s] INFO:colcon.colcon_core.shell:Creating package script '/home/geert/ros2_ws_git/install/kuka_launch_pkg/share/kuka_launch_pkg/package.bash'
[15.371s] INFO:colcon.colcon_core.shell:Creating package script '/home/geert/ros2_ws_git/install/kuka_launch_pkg/share/kuka_launch_pkg/package.zsh'
[15.372s] Level 1:colcon.colcon_core.environment:create_file_with_runtime_dependencies(/home/geert/ros2_ws_git/install/kuka_launch_pkg/share/colcon-core/packages/kuka_launch_pkg)
[15.373s] INFO:colcon.colcon_ros.task.ament_python.build:Building ROS package in '/home/geert/ros2_ws_git/src/data_visualiser_pkg' with build type 'ament_python'
[15.373s] Level 1:colcon.colcon_core.shell:create_environment_hook('data_visualiser_pkg', 'ament_prefix_path')
[15.383s] INFO:colcon.colcon_core.shell:Creating environment hook '/home/geert/ros2_ws_git/install/data_visualiser_pkg/share/data_visualiser_pkg/hook/ament_prefix_path.ps1'
[15.384s] INFO:colcon.colcon_core.shell:Creating environment descriptor '/home/geert/ros2_ws_git/install/data_visualiser_pkg/share/data_visualiser_pkg/hook/ament_prefix_path.dsv'
[15.384s] INFO:colcon.colcon_core.shell:Creating environment hook '/home/geert/ros2_ws_git/install/data_visualiser_pkg/share/data_visualiser_pkg/hook/ament_prefix_path.sh'
[15.392s] INFO:colcon.colcon_core.shell:Skip shell extension 'powershell' for command environment: Not usable outside of PowerShell
[15.393s] DEBUG:colcon.colcon_core.shell:Skip shell extension 'dsv' for command environment
[15.798s] INFO:colcon.colcon_core.task.python.build:Building Python package in '/home/geert/ros2_ws_git/src/data_visualiser_pkg'
[15.800s] INFO:colcon.colcon_core.shell:Skip shell extension 'powershell' for command environment: Not usable outside of PowerShell
[15.800s] DEBUG:colcon.colcon_core.shell:Skip shell extension 'dsv' for command environment
[16.300s] DEBUG:colcon.colcon_core.event_handler.log_command:Invoking command in '/home/geert/ros2_ws_git/src/data_visualiser_pkg': CMAKE_PREFIX_PATH=/home/geert/ros2_ws_git/install/kuka_msgs_pkg LD_LIBRARY_PATH=/home/geert/ros2_ws_git/install/kuka_msgs_pkg/lib:${LD_LIBRARY_PATH} PYTHONPATH=/home/geert/ros2_ws_git/build/data_visualiser_pkg/prefix_override:/home/geert/ros2_ws_git/install/data_visualiser_pkg/lib/python3.10/site-packages:/home/geert/ros2_ws_git/install/kuka_msgs_pkg/lib/python3.10/site-packages:/home/geert/ros2_ws_git/install/serial_communication_pkg/lib/python3.10/site-packages:/home/geert/ros2_ws_git/install/data_visualiser_pkg/lib/python3.10/site-packages:/home/geert/ros2_ws_git/install/kuka_launch_pkg/lib/python3.10/site-packages:/home/geert/ros2_ws_git/install/joystick_to_serial_pkg/lib/python3.10/site-packages:/opt/ros/iron/lib/python3.10/site-packages /usr/bin/python3 setup.py egg_info --egg-base ../../build/data_visualiser_pkg build --build-base /home/geert/ros2_ws_git/build/data_visualiser_pkg/build install --record /home/geert/ros2_ws_git/build/data_visualiser_pkg/install.log --single-version-externally-managed
[16.779s] Level 1:colcon.colcon_core.environment:checking '/home/geert/ros2_ws_git/install/data_visualiser_pkg' for CMake module files
[16.780s] Level 1:colcon.colcon_core.environment:checking '/home/geert/ros2_ws_git/install/data_visualiser_pkg' for CMake config files
[16.781s] Level 1:colcon.colcon_core.environment:checking '/home/geert/ros2_ws_git/install/data_visualiser_pkg/lib'
[16.781s] Level 1:colcon.colcon_core.environment:checking '/home/geert/ros2_ws_git/install/data_visualiser_pkg/bin'
[16.781s] Level 1:colcon.colcon_core.environment:checking '/home/geert/ros2_ws_git/install/data_visualiser_pkg/lib/pkgconfig/data_visualiser_pkg.pc'
[16.781s] Level 1:colcon.colcon_core.environment:checking '/home/geert/ros2_ws_git/install/data_visualiser_pkg/lib/python3.10/site-packages'
[16.781s] Level 1:colcon.colcon_core.shell:create_environment_hook('data_visualiser_pkg', 'pythonpath')
[16.784s] INFO:colcon.colcon_core.shell:Creating environment hook '/home/geert/ros2_ws_git/install/data_visualiser_pkg/share/data_visualiser_pkg/hook/pythonpath.ps1'
[16.784s] DEBUG:colcon.colcon_core.event_handler.log_command:Invoked command in '/home/geert/ros2_ws_git/src/data_visualiser_pkg' returned '0': CMAKE_PREFIX_PATH=/home/geert/ros2_ws_git/install/kuka_msgs_pkg LD_LIBRARY_PATH=/home/geert/ros2_ws_git/install/kuka_msgs_pkg/lib:${LD_LIBRARY_PATH} PYTHONPATH=/home/geert/ros2_ws_git/build/data_visualiser_pkg/prefix_override:/home/geert/ros2_ws_git/install/data_visualiser_pkg/lib/python3.10/site-packages:/home/geert/ros2_ws_git/install/kuka_msgs_pkg/lib/python3.10/site-packages:/home/geert/ros2_ws_git/install/serial_communication_pkg/lib/python3.10/site-packages:/home/geert/ros2_ws_git/install/data_visualiser_pkg/lib/python3.10/site-packages:/home/geert/ros2_ws_git/install/kuka_launch_pkg/lib/python3.10/site-packages:/home/geert/ros2_ws_git/install/joystick_to_serial_pkg/lib/python3.10/site-packages:/opt/ros/iron/lib/python3.10/site-packages /usr/bin/python3 setup.py egg_info --egg-base ../../build/data_visualiser_pkg build --build-base /home/geert/ros2_ws_git/build/data_visualiser_pkg/build install --record /home/geert/ros2_ws_git/build/data_visualiser_pkg/install.log --single-version-externally-managed
[16.785s] INFO:colcon.colcon_core.shell:Creating environment descriptor '/home/geert/ros2_ws_git/install/data_visualiser_pkg/share/data_visualiser_pkg/hook/pythonpath.dsv'
[16.785s] INFO:colcon.colcon_core.shell:Creating environment hook '/home/geert/ros2_ws_git/install/data_visualiser_pkg/share/data_visualiser_pkg/hook/pythonpath.sh'
[16.786s] Level 1:colcon.colcon_core.environment:checking '/home/geert/ros2_ws_git/install/data_visualiser_pkg/bin'
[16.786s] Level 1:colcon.colcon_core.environment:create_environment_scripts_only(data_visualiser_pkg)
[16.788s] INFO:colcon.colcon_core.shell:Creating package script '/home/geert/ros2_ws_git/install/data_visualiser_pkg/share/data_visualiser_pkg/package.ps1'
[16.789s] INFO:colcon.colcon_core.shell:Creating package descriptor '/home/geert/ros2_ws_git/install/data_visualiser_pkg/share/data_visualiser_pkg/package.dsv'
[16.790s] INFO:colcon.colcon_core.shell:Creating package script '/home/geert/ros2_ws_git/install/data_visualiser_pkg/share/data_visualiser_pkg/package.sh'
[16.790s] INFO:colcon.colcon_core.shell:Creating package script '/home/geert/ros2_ws_git/install/data_visualiser_pkg/share/data_visualiser_pkg/package.bash'
[16.791s] INFO:colcon.colcon_core.shell:Creating package script '/home/geert/ros2_ws_git/install/data_visualiser_pkg/share/data_visualiser_pkg/package.zsh'
[16.791s] Level 1:colcon.colcon_core.environment:create_file_with_runtime_dependencies(/home/geert/ros2_ws_git/install/data_visualiser_pkg/share/colcon-core/packages/data_visualiser_pkg)
[16.792s] INFO:colcon.colcon_ros.task.ament_python.build:Building ROS package in '/home/geert/ros2_ws_git/src/serial_communication_pkg' with build type 'ament_python'
[16.793s] Level 1:colcon.colcon_core.shell:create_environment_hook('serial_communication_pkg', 'ament_prefix_path')
[16.795s] INFO:colcon.colcon_core.shell:Creating environment hook '/home/geert/ros2_ws_git/install/serial_communication_pkg/share/serial_communication_pkg/hook/ament_prefix_path.ps1'
[16.796s] INFO:colcon.colcon_core.shell:Creating environment descriptor '/home/geert/ros2_ws_git/install/serial_communication_pkg/share/serial_communication_pkg/hook/ament_prefix_path.dsv'
[16.797s] INFO:colcon.colcon_core.shell:Creating environment hook '/home/geert/ros2_ws_git/install/serial_communication_pkg/share/serial_communication_pkg/hook/ament_prefix_path.sh'
[16.799s] INFO:colcon.colcon_core.shell:Skip shell extension 'powershell' for command environment: Not usable outside of PowerShell
[16.799s] DEBUG:colcon.colcon_core.shell:Skip shell extension 'dsv' for command environment
[17.258s] INFO:colcon.colcon_core.task.python.build:Building Python package in '/home/geert/ros2_ws_git/src/serial_communication_pkg'
[17.260s] INFO:colcon.colcon_core.shell:Skip shell extension 'powershell' for command environment: Not usable outside of PowerShell
[17.260s] DEBUG:colcon.colcon_core.shell:Skip shell extension 'dsv' for command environment
[17.819s] DEBUG:colcon.colcon_core.event_handler.log_command:Invoking command in '/home/geert/ros2_ws_git/src/serial_communication_pkg': CMAKE_PREFIX_PATH=/home/geert/ros2_ws_git/install/kuka_msgs_pkg LD_LIBRARY_PATH=/home/geert/ros2_ws_git/install/kuka_msgs_pkg/lib:${LD_LIBRARY_PATH} PYTHONPATH=/home/geert/ros2_ws_git/build/serial_communication_pkg/prefix_override:/home/geert/ros2_ws_git/install/serial_communication_pkg/lib/python3.10/site-packages:/home/geert/ros2_ws_git/install/kuka_msgs_pkg/lib/python3.10/site-packages:/home/geert/ros2_ws_git/install/serial_communication_pkg/lib/python3.10/site-packages:/home/geert/ros2_ws_git/install/data_visualiser_pkg/lib/python3.10/site-packages:/home/geert/ros2_ws_git/install/kuka_launch_pkg/lib/python3.10/site-packages:/home/geert/ros2_ws_git/install/joystick_to_serial_pkg/lib/python3.10/site-packages:/opt/ros/iron/lib/python3.10/site-packages /usr/bin/python3 setup.py egg_info --egg-base ../../build/serial_communication_pkg build --build-base /home/geert/ros2_ws_git/build/serial_communication_pkg/build install --record /home/geert/ros2_ws_git/build/serial_communication_pkg/install.log --single-version-externally-managed
[18.294s] Level 1:colcon.colcon_core.environment:checking '/home/geert/ros2_ws_git/install/serial_communication_pkg' for CMake module files
[18.295s] DEBUG:colcon.colcon_core.event_handler.log_command:Invoked command in '/home/geert/ros2_ws_git/src/serial_communication_pkg' returned '0': CMAKE_PREFIX_PATH=/home/geert/ros2_ws_git/install/kuka_msgs_pkg LD_LIBRARY_PATH=/home/geert/ros2_ws_git/install/kuka_msgs_pkg/lib:${LD_LIBRARY_PATH} PYTHONPATH=/home/geert/ros2_ws_git/build/serial_communication_pkg/prefix_override:/home/geert/ros2_ws_git/install/serial_communication_pkg/lib/python3.10/site-packages:/home/geert/ros2_ws_git/install/kuka_msgs_pkg/lib/python3.10/site-packages:/home/geert/ros2_ws_git/install/serial_communication_pkg/lib/python3.10/site-packages:/home/geert/ros2_ws_git/install/data_visualiser_pkg/lib/python3.10/site-packages:/home/geert/ros2_ws_git/install/kuka_launch_pkg/lib/python3.10/site-packages:/home/geert/ros2_ws_git/install/joystick_to_serial_pkg/lib/python3.10/site-packages:/opt/ros/iron/lib/python3.10/site-packages /usr/bin/python3 setup.py egg_info --egg-base ../../build/serial_communication_pkg build --build-base /home/geert/ros2_ws_git/build/serial_communication_pkg/build install --record /home/geert/ros2_ws_git/build/serial_communication_pkg/install.log --single-version-externally-managed
[18.295s] Level 1:colcon.colcon_core.environment:checking '/home/geert/ros2_ws_git/install/serial_communication_pkg' for CMake config files
[18.296s] Level 1:colcon.colcon_core.environment:checking '/home/geert/ros2_ws_git/install/serial_communication_pkg/lib'
[18.296s] Level 1:colcon.colcon_core.environment:checking '/home/geert/ros2_ws_git/install/serial_communication_pkg/bin'
[18.296s] Level 1:colcon.colcon_core.environment:checking '/home/geert/ros2_ws_git/install/serial_communication_pkg/lib/pkgconfig/serial_communication_pkg.pc'
[18.296s] Level 1:colcon.colcon_core.environment:checking '/home/geert/ros2_ws_git/install/serial_communication_pkg/lib/python3.10/site-packages'
[18.296s] Level 1:colcon.colcon_core.shell:create_environment_hook('serial_communication_pkg', 'pythonpath')
[18.298s] INFO:colcon.colcon_core.shell:Creating environment hook '/home/geert/ros2_ws_git/install/serial_communication_pkg/share/serial_communication_pkg/hook/pythonpath.ps1'
[18.299s] INFO:colcon.colcon_core.shell:Creating environment descriptor '/home/geert/ros2_ws_git/install/serial_communication_pkg/share/serial_communication_pkg/hook/pythonpath.dsv'
[18.300s] INFO:colcon.colcon_core.shell:Creating environment hook '/home/geert/ros2_ws_git/install/serial_communication_pkg/share/serial_communication_pkg/hook/pythonpath.sh'
[18.300s] Level 1:colcon.colcon_core.environment:checking '/home/geert/ros2_ws_git/install/serial_communication_pkg/bin'
[18.300s] Level 1:colcon.colcon_core.environment:create_environment_scripts_only(serial_communication_pkg)
[18.303s] INFO:colcon.colcon_core.shell:Creating package script '/home/geert/ros2_ws_git/install/serial_communication_pkg/share/serial_communication_pkg/package.ps1'
[18.303s] INFO:colcon.colcon_core.shell:Creating package descriptor '/home/geert/ros2_ws_git/install/serial_communication_pkg/share/serial_communication_pkg/package.dsv'
[18.304s] INFO:colcon.colcon_core.shell:Creating package script '/home/geert/ros2_ws_git/install/serial_communication_pkg/share/serial_communication_pkg/package.sh'
[18.304s] INFO:colcon.colcon_core.shell:Creating package script '/home/geert/ros2_ws_git/install/serial_communication_pkg/share/serial_communication_pkg/package.bash'
[18.305s] INFO:colcon.colcon_core.shell:Creating package script '/home/geert/ros2_ws_git/install/serial_communication_pkg/share/serial_communication_pkg/package.zsh'
[18.305s] Level 1:colcon.colcon_core.environment:create_file_with_runtime_dependencies(/home/geert/ros2_ws_git/install/serial_communication_pkg/share/colcon-core/packages/serial_communication_pkg)
[18.306s] DEBUG:colcon.colcon_parallel_executor.executor.parallel:closing loop
[18.306s] DEBUG:colcon.colcon_parallel_executor.executor.parallel:loop closed
[18.306s] DEBUG:colcon.colcon_parallel_executor.executor.parallel:run_until_complete finished with '0'
[18.306s] DEBUG:colcon.colcon_core.event_reactor:joining thread
[18.328s] INFO:colcon.colcon_core.plugin_system:Skipping extension 'colcon_notification.desktop_notification.terminal_notifier': Not used on non-Darwin systems
[18.328s] INFO:colcon.colcon_core.plugin_system:Skipping extension 'colcon_notification.desktop_notification.win32': Not used on non-Windows systems
[18.328s] INFO:colcon.colcon_notification.desktop_notification:Sending desktop notification using 'notify2'
[18.351s] DEBUG:colcon.colcon_core.event_reactor:joined thread
[18.353s] INFO:colcon.colcon_core.shell:Creating prefix script '/home/geert/ros2_ws_git/install/local_setup.ps1'
[18.354s] INFO:colcon.colcon_core.shell:Creating prefix util module '/home/geert/ros2_ws_git/install/_local_setup_util_ps1.py'
[18.365s] INFO:colcon.colcon_core.shell:Creating prefix chain script '/home/geert/ros2_ws_git/install/setup.ps1'
[18.367s] INFO:colcon.colcon_core.shell:Creating prefix script '/home/geert/ros2_ws_git/install/local_setup.sh'
[18.368s] INFO:colcon.colcon_core.shell:Creating prefix util module '/home/geert/ros2_ws_git/install/_local_setup_util_sh.py'
[18.368s] INFO:colcon.colcon_core.shell:Creating prefix chain script '/home/geert/ros2_ws_git/install/setup.sh'
[18.370s] INFO:colcon.colcon_core.shell:Creating prefix script '/home/geert/ros2_ws_git/install/local_setup.bash'
[18.375s] INFO:colcon.colcon_core.shell:Creating prefix chain script '/home/geert/ros2_ws_git/install/setup.bash'
[18.378s] INFO:colcon.colcon_core.shell:Creating prefix script '/home/geert/ros2_ws_git/install/local_setup.zsh'
[18.379s] INFO:colcon.colcon_core.shell:Creating prefix chain script '/home/geert/ros2_ws_git/install/setup.zsh'
