[0.446s] DEBUG:colcon:Command line arguments: ['/usr/bin/colcon', 'build']
[0.446s] DEBUG:colcon:Parsed command line arguments: Namespace(log_base=None, log_level=None, verb_name='build', build_base='build', install_base='install', merge_install=False, symlink_install=False, test_result_base=None, continue_on_error=False, executor='parallel', parallel_workers=1, event_handlers=None, ignore_user_meta=False, metas=['./colcon.meta'], base_paths=['.'], packages_ignore=None, packages_ignore_regex=None, paths=None, packages_up_to=None, packages_up_to_regex=None, packages_above=None, packages_above_and_dependencies=None, packages_above_depth=None, packages_select_by_dep=None, packages_skip_by_dep=None, packages_skip_up_to=None, packages_select_build_failed=False, packages_skip_build_finished=False, packages_select_test_failures=False, packages_skip_test_passed=False, packages_select=None, packages_skip=None, packages_select_regex=None, packages_skip_regex=None, packages_start=None, packages_end=None, allow_overriding=[], cmake_args=None, cmake_target=None, cmake_target_skip_unavailable=False, cmake_clean_cache=False, cmake_clean_first=False, cmake_force_configure=False, ament_cmake_args=None, catkin_cmake_args=None, catkin_skip_building_tests=False, verb_parser=<colcon_defaults.argument_parser.defaults.DefaultArgumentsDecorator object at 0x7f147eae6b60>, verb_extension=<colcon_core.verb.build.BuildVerb object at 0x7f147f3425c0>, main=<bound method BuildVerb.main of <colcon_core.verb.build.BuildVerb object at 0x7f147f3425c0>>)
[0.479s] Level 1:colcon.colcon_core.package_discovery:discover_packages(colcon_meta) check parameters
[0.480s] Level 1:colcon.colcon_core.package_discovery:discover_packages(recursive) check parameters
[0.480s] Level 1:colcon.colcon_core.package_discovery:discover_packages(ignore) check parameters
[0.480s] Level 1:colcon.colcon_core.package_discovery:discover_packages(path) check parameters
[0.480s] Level 1:colcon.colcon_core.package_discovery:discover_packages(colcon_meta) discover
[0.480s] Level 1:colcon.colcon_core.package_discovery:discover_packages(recursive) discover
[0.480s] INFO:colcon.colcon_core.package_discovery:Crawling recursively for packages in '/home/geert/ros2_ws_git'
[0.480s] Level 1:colcon.colcon_core.package_identification:_identify(.) by extensions ['ignore', 'ignore_ament_install']
[0.480s] Level 1:colcon.colcon_core.package_identification:_identify(.) by extension 'ignore'
[0.480s] Level 1:colcon.colcon_core.package_identification:_identify(.) by extension 'ignore_ament_install'
[0.480s] Level 1:colcon.colcon_core.package_identification:_identify(.) by extensions ['colcon_pkg']
[0.480s] Level 1:colcon.colcon_core.package_identification:_identify(.) by extension 'colcon_pkg'
[0.480s] Level 1:colcon.colcon_core.package_identification:_identify(.) by extensions ['colcon_meta']
[0.480s] Level 1:colcon.colcon_core.package_identification:_identify(.) by extension 'colcon_meta'
[0.480s] Level 1:colcon.colcon_core.package_identification:_identify(.) by extensions ['ros']
[0.480s] Level 1:colcon.colcon_core.package_identification:_identify(.) by extension 'ros'
[0.494s] Level 1:colcon.colcon_core.package_identification:_identify(.) by extensions ['cmake', 'python']
[0.494s] Level 1:colcon.colcon_core.package_identification:_identify(.) by extension 'cmake'
[0.494s] Level 1:colcon.colcon_core.package_identification:_identify(.) by extension 'python'
[0.494s] Level 1:colcon.colcon_core.package_identification:_identify(.) by extensions ['python_setup_py']
[0.494s] Level 1:colcon.colcon_core.package_identification:_identify(.) by extension 'python_setup_py'
[0.494s] Level 1:colcon.colcon_core.package_identification:_identify(build) by extensions ['ignore', 'ignore_ament_install']
[0.495s] Level 1:colcon.colcon_core.package_identification:_identify(build) by extension 'ignore'
[0.495s] Level 1:colcon.colcon_core.package_identification:_identify(build) ignored
[0.495s] Level 1:colcon.colcon_core.package_identification:_identify(install) by extensions ['ignore', 'ignore_ament_install']
[0.495s] Level 1:colcon.colcon_core.package_identification:_identify(install) by extension 'ignore'
[0.495s] Level 1:colcon.colcon_core.package_identification:_identify(install) ignored
[0.495s] Level 1:colcon.colcon_core.package_identification:_identify(log) by extensions ['ignore', 'ignore_ament_install']
[0.495s] Level 1:colcon.colcon_core.package_identification:_identify(log) by extension 'ignore'
[0.495s] Level 1:colcon.colcon_core.package_identification:_identify(log) ignored
[0.495s] Level 1:colcon.colcon_core.package_identification:_identify(src) by extensions ['ignore', 'ignore_ament_install']
[0.495s] Level 1:colcon.colcon_core.package_identification:_identify(src) by extension 'ignore'
[0.495s] Level 1:colcon.colcon_core.package_identification:_identify(src) by extension 'ignore_ament_install'
[0.495s] Level 1:colcon.colcon_core.package_identification:_identify(src) by extensions ['colcon_pkg']
[0.495s] Level 1:colcon.colcon_core.package_identification:_identify(src) by extension 'colcon_pkg'
[0.495s] Level 1:colcon.colcon_core.package_identification:_identify(src) by extensions ['colcon_meta']
[0.496s] Level 1:colcon.colcon_core.package_identification:_identify(src) by extension 'colcon_meta'
[0.496s] Level 1:colcon.colcon_core.package_identification:_identify(src) by extensions ['ros']
[0.496s] Level 1:colcon.colcon_core.package_identification:_identify(src) by extension 'ros'
[0.496s] Level 1:colcon.colcon_core.package_identification:_identify(src) by extensions ['cmake', 'python']
[0.496s] Level 1:colcon.colcon_core.package_identification:_identify(src) by extension 'cmake'
[0.496s] Level 1:colcon.colcon_core.package_identification:_identify(src) by extension 'python'
[0.496s] Level 1:colcon.colcon_core.package_identification:_identify(src) by extensions ['python_setup_py']
[0.496s] Level 1:colcon.colcon_core.package_identification:_identify(src) by extension 'python_setup_py'
[0.496s] Level 1:colcon.colcon_core.package_identification:_identify(src/joystick_to_serial_pkg) by extensions ['ignore', 'ignore_ament_install']
[0.496s] Level 1:colcon.colcon_core.package_identification:_identify(src/joystick_to_serial_pkg) by extension 'ignore'
[0.496s] Level 1:colcon.colcon_core.package_identification:_identify(src/joystick_to_serial_pkg) by extension 'ignore_ament_install'
[0.496s] Level 1:colcon.colcon_core.package_identification:_identify(src/joystick_to_serial_pkg) by extensions ['colcon_pkg']
[0.496s] Level 1:colcon.colcon_core.package_identification:_identify(src/joystick_to_serial_pkg) by extension 'colcon_pkg'
[0.496s] Level 1:colcon.colcon_core.package_identification:_identify(src/joystick_to_serial_pkg) by extensions ['colcon_meta']
[0.496s] Level 1:colcon.colcon_core.package_identification:_identify(src/joystick_to_serial_pkg) by extension 'colcon_meta'
[0.496s] Level 1:colcon.colcon_core.package_identification:_identify(src/joystick_to_serial_pkg) by extensions ['ros']
[0.496s] Level 1:colcon.colcon_core.package_identification:_identify(src/joystick_to_serial_pkg) by extension 'ros'
[0.499s] DEBUG:colcon.colcon_core.package_identification:Package 'src/joystick_to_serial_pkg' with type 'ros.ament_python' and name 'joystick_to_serial_pkg'
[0.499s] Level 1:colcon.colcon_core.package_identification:_identify(src/serial_communication_pkg) by extensions ['ignore', 'ignore_ament_install']
[0.500s] Level 1:colcon.colcon_core.package_identification:_identify(src/serial_communication_pkg) by extension 'ignore'
[0.500s] Level 1:colcon.colcon_core.package_identification:_identify(src/serial_communication_pkg) by extension 'ignore_ament_install'
[0.500s] Level 1:colcon.colcon_core.package_identification:_identify(src/serial_communication_pkg) by extensions ['colcon_pkg']
[0.500s] Level 1:colcon.colcon_core.package_identification:_identify(src/serial_communication_pkg) by extension 'colcon_pkg'
[0.500s] Level 1:colcon.colcon_core.package_identification:_identify(src/serial_communication_pkg) by extensions ['colcon_meta']
[0.500s] Level 1:colcon.colcon_core.package_identification:_identify(src/serial_communication_pkg) by extension 'colcon_meta'
[0.500s] Level 1:colcon.colcon_core.package_identification:_identify(src/serial_communication_pkg) by extensions ['ros']
[0.500s] Level 1:colcon.colcon_core.package_identification:_identify(src/serial_communication_pkg) by extension 'ros'
[0.501s] DEBUG:colcon.colcon_core.package_identification:Package 'src/serial_communication_pkg' with type 'ros.ament_python' and name 'serial_communication_pkg'
[0.501s] Level 1:colcon.colcon_core.package_discovery:discover_packages(recursive) using defaults
[0.501s] Level 1:colcon.colcon_core.package_discovery:discover_packages(ignore) discover
[0.501s] Level 1:colcon.colcon_core.package_discovery:discover_packages(ignore) using defaults
[0.501s] Level 1:colcon.colcon_core.package_discovery:discover_packages(path) discover
[0.501s] Level 1:colcon.colcon_core.package_discovery:discover_packages(path) using defaults
[0.535s] Level 1:colcon.colcon_core.package_discovery:discover_packages(prefix_path) check parameters
[0.536s] Level 1:colcon.colcon_core.package_discovery:discover_packages(prefix_path) discover
[0.539s] DEBUG:colcon.colcon_installed_package_information.package_discovery:Found 2 installed packages in /home/geert/ros2_ws_git/install
[0.541s] DEBUG:colcon.colcon_installed_package_information.package_discovery:Found 296 installed packages in /opt/ros/iron
[0.544s] Level 1:colcon.colcon_core.package_discovery:discover_packages(prefix_path) using defaults
[0.626s] Level 5:colcon.colcon_core.verb:set package 'joystick_to_serial_pkg' build argument 'cmake_args' from command line to 'None'
[0.626s] Level 5:colcon.colcon_core.verb:set package 'joystick_to_serial_pkg' build argument 'cmake_target' from command line to 'None'
[0.626s] Level 5:colcon.colcon_core.verb:set package 'joystick_to_serial_pkg' build argument 'cmake_target_skip_unavailable' from command line to 'False'
[0.626s] Level 5:colcon.colcon_core.verb:set package 'joystick_to_serial_pkg' build argument 'cmake_clean_cache' from command line to 'False'
[0.626s] Level 5:colcon.colcon_core.verb:set package 'joystick_to_serial_pkg' build argument 'cmake_clean_first' from command line to 'False'
[0.626s] Level 5:colcon.colcon_core.verb:set package 'joystick_to_serial_pkg' build argument 'cmake_force_configure' from command line to 'False'
[0.626s] Level 5:colcon.colcon_core.verb:set package 'joystick_to_serial_pkg' build argument 'ament_cmake_args' from command line to 'None'
[0.626s] Level 5:colcon.colcon_core.verb:set package 'joystick_to_serial_pkg' build argument 'catkin_cmake_args' from command line to 'None'
[0.626s] Level 5:colcon.colcon_core.verb:set package 'joystick_to_serial_pkg' build argument 'catkin_skip_building_tests' from command line to 'False'
[0.626s] DEBUG:colcon.colcon_core.verb:Building package 'joystick_to_serial_pkg' with the following arguments: {'ament_cmake_args': None, 'build_base': '/home/geert/ros2_ws_git/build/joystick_to_serial_pkg', 'catkin_cmake_args': None, 'catkin_skip_building_tests': False, 'cmake_args': None, 'cmake_clean_cache': False, 'cmake_clean_first': False, 'cmake_force_configure': False, 'cmake_target': None, 'cmake_target_skip_unavailable': False, 'install_base': '/home/geert/ros2_ws_git/install/joystick_to_serial_pkg', 'merge_install': False, 'path': '/home/geert/ros2_ws_git/src/joystick_to_serial_pkg', 'symlink_install': False, 'test_result_base': None}
[0.628s] Level 5:colcon.colcon_core.verb:set package 'serial_communication_pkg' build argument 'cmake_args' from command line to 'None'
[0.628s] Level 5:colcon.colcon_core.verb:set package 'serial_communication_pkg' build argument 'cmake_target' from command line to 'None'
[0.628s] Level 5:colcon.colcon_core.verb:set package 'serial_communication_pkg' build argument 'cmake_target_skip_unavailable' from command line to 'False'
[0.628s] Level 5:colcon.colcon_core.verb:set package 'serial_communication_pkg' build argument 'cmake_clean_cache' from command line to 'False'
[0.628s] Level 5:colcon.colcon_core.verb:set package 'serial_communication_pkg' build argument 'cmake_clean_first' from command line to 'False'
[0.628s] Level 5:colcon.colcon_core.verb:set package 'serial_communication_pkg' build argument 'cmake_force_configure' from command line to 'False'
[0.628s] Level 5:colcon.colcon_core.verb:set package 'serial_communication_pkg' build argument 'ament_cmake_args' from command line to 'None'
[0.628s] Level 5:colcon.colcon_core.verb:set package 'serial_communication_pkg' build argument 'catkin_cmake_args' from command line to 'None'
[0.628s] Level 5:colcon.colcon_core.verb:set package 'serial_communication_pkg' build argument 'catkin_skip_building_tests' from command line to 'False'
[0.628s] DEBUG:colcon.colcon_core.verb:Building package 'serial_communication_pkg' with the following arguments: {'ament_cmake_args': None, 'build_base': '/home/geert/ros2_ws_git/build/serial_communication_pkg', 'catkin_cmake_args': None, 'catkin_skip_building_tests': False, 'cmake_args': None, 'cmake_clean_cache': False, 'cmake_clean_first': False, 'cmake_force_configure': False, 'cmake_target': None, 'cmake_target_skip_unavailable': False, 'install_base': '/home/geert/ros2_ws_git/install/serial_communication_pkg', 'merge_install': False, 'path': '/home/geert/ros2_ws_git/src/serial_communication_pkg', 'symlink_install': False, 'test_result_base': None}
[0.629s] INFO:colcon.colcon_core.executor:Executing jobs using 'parallel' executor
[0.633s] DEBUG:colcon.colcon_parallel_executor.executor.parallel:run_until_complete
[0.633s] INFO:colcon.colcon_ros.task.ament_python.build:Building ROS package in '/home/geert/ros2_ws_git/src/joystick_to_serial_pkg' with build type 'ament_python'
[0.633s] Level 1:colcon.colcon_core.shell:create_environment_hook('joystick_to_serial_pkg', 'ament_prefix_path')
[0.639s] INFO:colcon.colcon_core.plugin_system:Skipping extension 'colcon_core.shell.bat': Not used on non-Windows systems
[0.639s] INFO:colcon.colcon_core.shell:Creating environment hook '/home/geert/ros2_ws_git/install/joystick_to_serial_pkg/share/joystick_to_serial_pkg/hook/ament_prefix_path.ps1'
[0.640s] INFO:colcon.colcon_core.shell:Creating environment descriptor '/home/geert/ros2_ws_git/install/joystick_to_serial_pkg/share/joystick_to_serial_pkg/hook/ament_prefix_path.dsv'
[0.641s] INFO:colcon.colcon_core.shell:Creating environment hook '/home/geert/ros2_ws_git/install/joystick_to_serial_pkg/share/joystick_to_serial_pkg/hook/ament_prefix_path.sh'
[0.643s] INFO:colcon.colcon_core.shell:Skip shell extension 'powershell' for command environment: Not usable outside of PowerShell
[0.643s] DEBUG:colcon.colcon_core.shell:Skip shell extension 'dsv' for command environment
[1.048s] INFO:colcon.colcon_core.task.python.build:Building Python package in '/home/geert/ros2_ws_git/src/joystick_to_serial_pkg'
[1.050s] INFO:colcon.colcon_core.shell:Skip shell extension 'powershell' for command environment: Not usable outside of PowerShell
[1.050s] DEBUG:colcon.colcon_core.shell:Skip shell extension 'dsv' for command environment
[1.581s] DEBUG:colcon.colcon_core.event_handler.log_command:Invoking command in '/home/geert/ros2_ws_git/src/joystick_to_serial_pkg': PYTHONPATH=/home/geert/ros2_ws_git/build/joystick_to_serial_pkg/prefix_override:/home/geert/ros2_ws_git/install/joystick_to_serial_pkg/lib/python3.10/site-packages:${PYTHONPATH} /usr/bin/python3 setup.py egg_info --egg-base ../../build/joystick_to_serial_pkg build --build-base /home/geert/ros2_ws_git/build/joystick_to_serial_pkg/build install --record /home/geert/ros2_ws_git/build/joystick_to_serial_pkg/install.log --single-version-externally-managed
[2.042s] DEBUG:colcon.colcon_core.event_handler.log_command:Invoked command in '/home/geert/ros2_ws_git/src/joystick_to_serial_pkg' returned '0': PYTHONPATH=/home/geert/ros2_ws_git/build/joystick_to_serial_pkg/prefix_override:/home/geert/ros2_ws_git/install/joystick_to_serial_pkg/lib/python3.10/site-packages:${PYTHONPATH} /usr/bin/python3 setup.py egg_info --egg-base ../../build/joystick_to_serial_pkg build --build-base /home/geert/ros2_ws_git/build/joystick_to_serial_pkg/build install --record /home/geert/ros2_ws_git/build/joystick_to_serial_pkg/install.log --single-version-externally-managed
[2.048s] Level 1:colcon.colcon_core.environment:checking '/home/geert/ros2_ws_git/install/joystick_to_serial_pkg' for CMake module files
[2.049s] Level 1:colcon.colcon_core.environment:checking '/home/geert/ros2_ws_git/install/joystick_to_serial_pkg' for CMake config files
[2.050s] Level 1:colcon.colcon_core.environment:checking '/home/geert/ros2_ws_git/install/joystick_to_serial_pkg/lib'
[2.051s] Level 1:colcon.colcon_core.environment:checking '/home/geert/ros2_ws_git/install/joystick_to_serial_pkg/bin'
[2.051s] Level 1:colcon.colcon_core.environment:checking '/home/geert/ros2_ws_git/install/joystick_to_serial_pkg/lib/pkgconfig/joystick_to_serial_pkg.pc'
[2.051s] Level 1:colcon.colcon_core.environment:checking '/home/geert/ros2_ws_git/install/joystick_to_serial_pkg/lib/python3.10/site-packages'
[2.051s] Level 1:colcon.colcon_core.shell:create_environment_hook('joystick_to_serial_pkg', 'pythonpath')
[2.053s] INFO:colcon.colcon_core.shell:Creating environment hook '/home/geert/ros2_ws_git/install/joystick_to_serial_pkg/share/joystick_to_serial_pkg/hook/pythonpath.ps1'
[2.054s] INFO:colcon.colcon_core.shell:Creating environment descriptor '/home/geert/ros2_ws_git/install/joystick_to_serial_pkg/share/joystick_to_serial_pkg/hook/pythonpath.dsv'
[2.054s] INFO:colcon.colcon_core.shell:Creating environment hook '/home/geert/ros2_ws_git/install/joystick_to_serial_pkg/share/joystick_to_serial_pkg/hook/pythonpath.sh'
[2.055s] Level 1:colcon.colcon_core.environment:checking '/home/geert/ros2_ws_git/install/joystick_to_serial_pkg/bin'
[2.055s] Level 1:colcon.colcon_core.environment:create_environment_scripts_only(joystick_to_serial_pkg)
[2.057s] INFO:colcon.colcon_core.shell:Creating package script '/home/geert/ros2_ws_git/install/joystick_to_serial_pkg/share/joystick_to_serial_pkg/package.ps1'
[2.059s] INFO:colcon.colcon_core.shell:Creating package descriptor '/home/geert/ros2_ws_git/install/joystick_to_serial_pkg/share/joystick_to_serial_pkg/package.dsv'
[2.059s] INFO:colcon.colcon_core.shell:Creating package script '/home/geert/ros2_ws_git/install/joystick_to_serial_pkg/share/joystick_to_serial_pkg/package.sh'
[2.061s] INFO:colcon.colcon_core.shell:Creating package script '/home/geert/ros2_ws_git/install/joystick_to_serial_pkg/share/joystick_to_serial_pkg/package.bash'
[2.062s] INFO:colcon.colcon_core.shell:Creating package script '/home/geert/ros2_ws_git/install/joystick_to_serial_pkg/share/joystick_to_serial_pkg/package.zsh'
[2.063s] Level 1:colcon.colcon_core.environment:create_file_with_runtime_dependencies(/home/geert/ros2_ws_git/install/joystick_to_serial_pkg/share/colcon-core/packages/joystick_to_serial_pkg)
[2.064s] INFO:colcon.colcon_ros.task.ament_python.build:Building ROS package in '/home/geert/ros2_ws_git/src/serial_communication_pkg' with build type 'ament_python'
[2.064s] Level 1:colcon.colcon_core.shell:create_environment_hook('serial_communication_pkg', 'ament_prefix_path')
[2.066s] INFO:colcon.colcon_core.shell:Creating environment hook '/home/geert/ros2_ws_git/install/serial_communication_pkg/share/serial_communication_pkg/hook/ament_prefix_path.ps1'
[2.066s] INFO:colcon.colcon_core.shell:Creating environment descriptor '/home/geert/ros2_ws_git/install/serial_communication_pkg/share/serial_communication_pkg/hook/ament_prefix_path.dsv'
[2.067s] INFO:colcon.colcon_core.shell:Creating environment hook '/home/geert/ros2_ws_git/install/serial_communication_pkg/share/serial_communication_pkg/hook/ament_prefix_path.sh'
[2.069s] INFO:colcon.colcon_core.shell:Skip shell extension 'powershell' for command environment: Not usable outside of PowerShell
[2.069s] DEBUG:colcon.colcon_core.shell:Skip shell extension 'dsv' for command environment
[2.494s] INFO:colcon.colcon_core.task.python.build:Building Python package in '/home/geert/ros2_ws_git/src/serial_communication_pkg'
[2.496s] INFO:colcon.colcon_core.shell:Skip shell extension 'powershell' for command environment: Not usable outside of PowerShell
[2.496s] DEBUG:colcon.colcon_core.shell:Skip shell extension 'dsv' for command environment
[3.288s] DEBUG:colcon.colcon_core.event_handler.log_command:Invoking command in '/home/geert/ros2_ws_git/src/serial_communication_pkg': PYTHONPATH=/home/geert/ros2_ws_git/build/serial_communication_pkg/prefix_override:/home/geert/ros2_ws_git/install/serial_communication_pkg/lib/python3.10/site-packages:${PYTHONPATH} /usr/bin/python3 setup.py egg_info --egg-base ../../build/serial_communication_pkg build --build-base /home/geert/ros2_ws_git/build/serial_communication_pkg/build install --record /home/geert/ros2_ws_git/build/serial_communication_pkg/install.log --single-version-externally-managed
[3.863s] Level 1:colcon.colcon_core.environment:checking '/home/geert/ros2_ws_git/install/serial_communication_pkg' for CMake module files
[3.864s] DEBUG:colcon.colcon_core.event_handler.log_command:Invoked command in '/home/geert/ros2_ws_git/src/serial_communication_pkg' returned '0': PYTHONPATH=/home/geert/ros2_ws_git/build/serial_communication_pkg/prefix_override:/home/geert/ros2_ws_git/install/serial_communication_pkg/lib/python3.10/site-packages:${PYTHONPATH} /usr/bin/python3 setup.py egg_info --egg-base ../../build/serial_communication_pkg build --build-base /home/geert/ros2_ws_git/build/serial_communication_pkg/build install --record /home/geert/ros2_ws_git/build/serial_communication_pkg/install.log --single-version-externally-managed
[3.865s] Level 1:colcon.colcon_core.environment:checking '/home/geert/ros2_ws_git/install/serial_communication_pkg' for CMake config files
[3.865s] Level 1:colcon.colcon_core.environment:checking '/home/geert/ros2_ws_git/install/serial_communication_pkg/lib'
[3.865s] Level 1:colcon.colcon_core.environment:checking '/home/geert/ros2_ws_git/install/serial_communication_pkg/bin'
[3.865s] Level 1:colcon.colcon_core.environment:checking '/home/geert/ros2_ws_git/install/serial_communication_pkg/lib/pkgconfig/serial_communication_pkg.pc'
[3.866s] Level 1:colcon.colcon_core.environment:checking '/home/geert/ros2_ws_git/install/serial_communication_pkg/lib/python3.10/site-packages'
[3.866s] Level 1:colcon.colcon_core.shell:create_environment_hook('serial_communication_pkg', 'pythonpath')
[3.868s] INFO:colcon.colcon_core.shell:Creating environment hook '/home/geert/ros2_ws_git/install/serial_communication_pkg/share/serial_communication_pkg/hook/pythonpath.ps1'
[3.868s] INFO:colcon.colcon_core.shell:Creating environment descriptor '/home/geert/ros2_ws_git/install/serial_communication_pkg/share/serial_communication_pkg/hook/pythonpath.dsv'
[3.868s] INFO:colcon.colcon_core.shell:Creating environment hook '/home/geert/ros2_ws_git/install/serial_communication_pkg/share/serial_communication_pkg/hook/pythonpath.sh'
[3.869s] Level 1:colcon.colcon_core.environment:checking '/home/geert/ros2_ws_git/install/serial_communication_pkg/bin'
[3.869s] Level 1:colcon.colcon_core.environment:create_environment_scripts_only(serial_communication_pkg)
[3.872s] INFO:colcon.colcon_core.shell:Creating package script '/home/geert/ros2_ws_git/install/serial_communication_pkg/share/serial_communication_pkg/package.ps1'
[3.873s] INFO:colcon.colcon_core.shell:Creating package descriptor '/home/geert/ros2_ws_git/install/serial_communication_pkg/share/serial_communication_pkg/package.dsv'
[3.874s] INFO:colcon.colcon_core.shell:Creating package script '/home/geert/ros2_ws_git/install/serial_communication_pkg/share/serial_communication_pkg/package.sh'
[3.874s] INFO:colcon.colcon_core.shell:Creating package script '/home/geert/ros2_ws_git/install/serial_communication_pkg/share/serial_communication_pkg/package.bash'
[3.875s] INFO:colcon.colcon_core.shell:Creating package script '/home/geert/ros2_ws_git/install/serial_communication_pkg/share/serial_communication_pkg/package.zsh'
[3.875s] Level 1:colcon.colcon_core.environment:create_file_with_runtime_dependencies(/home/geert/ros2_ws_git/install/serial_communication_pkg/share/colcon-core/packages/serial_communication_pkg)
[3.876s] DEBUG:colcon.colcon_parallel_executor.executor.parallel:closing loop
[3.876s] DEBUG:colcon.colcon_parallel_executor.executor.parallel:loop closed
[3.876s] DEBUG:colcon.colcon_parallel_executor.executor.parallel:run_until_complete finished with '0'
[3.877s] DEBUG:colcon.colcon_core.event_reactor:joining thread
[3.883s] INFO:colcon.colcon_core.plugin_system:Skipping extension 'colcon_notification.desktop_notification.terminal_notifier': Not used on non-Darwin systems
[3.883s] INFO:colcon.colcon_core.plugin_system:Skipping extension 'colcon_notification.desktop_notification.win32': Not used on non-Windows systems
[3.884s] INFO:colcon.colcon_notification.desktop_notification:Sending desktop notification using 'notify2'
[3.899s] DEBUG:colcon.colcon_core.event_reactor:joined thread
[3.901s] INFO:colcon.colcon_core.shell:Creating prefix script '/home/geert/ros2_ws_git/install/local_setup.ps1'
[3.902s] INFO:colcon.colcon_core.shell:Creating prefix util module '/home/geert/ros2_ws_git/install/_local_setup_util_ps1.py'
[3.911s] INFO:colcon.colcon_core.shell:Creating prefix chain script '/home/geert/ros2_ws_git/install/setup.ps1'
[3.913s] INFO:colcon.colcon_core.shell:Creating prefix script '/home/geert/ros2_ws_git/install/local_setup.sh'
[3.914s] INFO:colcon.colcon_core.shell:Creating prefix util module '/home/geert/ros2_ws_git/install/_local_setup_util_sh.py'
[3.914s] INFO:colcon.colcon_core.shell:Creating prefix chain script '/home/geert/ros2_ws_git/install/setup.sh'
[3.916s] INFO:colcon.colcon_core.shell:Creating prefix script '/home/geert/ros2_ws_git/install/local_setup.bash'
[3.925s] INFO:colcon.colcon_core.shell:Creating prefix chain script '/home/geert/ros2_ws_git/install/setup.bash'
[3.927s] INFO:colcon.colcon_core.shell:Creating prefix script '/home/geert/ros2_ws_git/install/local_setup.zsh'
[3.927s] INFO:colcon.colcon_core.shell:Creating prefix chain script '/home/geert/ros2_ws_git/install/setup.zsh'
