[0.449s] DEBUG:colcon:Command line arguments: ['/usr/bin/colcon', 'build']
[0.449s] DEBUG:colcon:Parsed command line arguments: Namespace(log_base=None, log_level=None, verb_name='build', build_base='build', install_base='install', merge_install=False, symlink_install=False, test_result_base=None, continue_on_error=False, executor='parallel', parallel_workers=1, event_handlers=None, ignore_user_meta=False, metas=['./colcon.meta'], base_paths=['.'], packages_ignore=None, packages_ignore_regex=None, paths=None, packages_up_to=None, packages_up_to_regex=None, packages_above=None, packages_above_and_dependencies=None, packages_above_depth=None, packages_select_by_dep=None, packages_skip_by_dep=None, packages_skip_up_to=None, packages_select_build_failed=False, packages_skip_build_finished=False, packages_select_test_failures=False, packages_skip_test_passed=False, packages_select=None, packages_skip=None, packages_select_regex=None, packages_skip_regex=None, packages_start=None, packages_end=None, allow_overriding=[], cmake_args=None, cmake_target=None, cmake_target_skip_unavailable=False, cmake_clean_cache=False, cmake_clean_first=False, cmake_force_configure=False, ament_cmake_args=None, catkin_cmake_args=None, catkin_skip_building_tests=False, verb_parser=<colcon_defaults.argument_parser.defaults.DefaultArgumentsDecorator object at 0x7f6d32cda260>, verb_extension=<colcon_core.verb.build.BuildVerb object at 0x7f6d334f7ca0>, main=<bound method BuildVerb.main of <colcon_core.verb.build.BuildVerb object at 0x7f6d334f7ca0>>)
[0.485s] Level 1:colcon.colcon_core.package_discovery:discover_packages(colcon_meta) check parameters
[0.485s] Level 1:colcon.colcon_core.package_discovery:discover_packages(recursive) check parameters
[0.485s] Level 1:colcon.colcon_core.package_discovery:discover_packages(ignore) check parameters
[0.485s] Level 1:colcon.colcon_core.package_discovery:discover_packages(path) check parameters
[0.485s] Level 1:colcon.colcon_core.package_discovery:discover_packages(colcon_meta) discover
[0.486s] Level 1:colcon.colcon_core.package_discovery:discover_packages(recursive) discover
[0.486s] INFO:colcon.colcon_core.package_discovery:Crawling recursively for packages in '/home/geert/ros2_ws_git'
[0.486s] Level 1:colcon.colcon_core.package_identification:_identify(.) by extensions ['ignore', 'ignore_ament_install']
[0.486s] Level 1:colcon.colcon_core.package_identification:_identify(.) by extension 'ignore'
[0.486s] Level 1:colcon.colcon_core.package_identification:_identify(.) by extension 'ignore_ament_install'
[0.486s] Level 1:colcon.colcon_core.package_identification:_identify(.) by extensions ['colcon_pkg']
[0.486s] Level 1:colcon.colcon_core.package_identification:_identify(.) by extension 'colcon_pkg'
[0.486s] Level 1:colcon.colcon_core.package_identification:_identify(.) by extensions ['colcon_meta']
[0.486s] Level 1:colcon.colcon_core.package_identification:_identify(.) by extension 'colcon_meta'
[0.486s] Level 1:colcon.colcon_core.package_identification:_identify(.) by extensions ['ros']
[0.486s] Level 1:colcon.colcon_core.package_identification:_identify(.) by extension 'ros'
[0.500s] Level 1:colcon.colcon_core.package_identification:_identify(.) by extensions ['cmake', 'python']
[0.500s] Level 1:colcon.colcon_core.package_identification:_identify(.) by extension 'cmake'
[0.500s] Level 1:colcon.colcon_core.package_identification:_identify(.) by extension 'python'
[0.500s] Level 1:colcon.colcon_core.package_identification:_identify(.) by extensions ['python_setup_py']
[0.501s] Level 1:colcon.colcon_core.package_identification:_identify(.) by extension 'python_setup_py'
[0.501s] Level 1:colcon.colcon_core.package_identification:_identify(build) by extensions ['ignore', 'ignore_ament_install']
[0.501s] Level 1:colcon.colcon_core.package_identification:_identify(build) by extension 'ignore'
[0.501s] Level 1:colcon.colcon_core.package_identification:_identify(build) ignored
[0.501s] Level 1:colcon.colcon_core.package_identification:_identify(install) by extensions ['ignore', 'ignore_ament_install']
[0.501s] Level 1:colcon.colcon_core.package_identification:_identify(install) by extension 'ignore'
[0.501s] Level 1:colcon.colcon_core.package_identification:_identify(install) ignored
[0.501s] Level 1:colcon.colcon_core.package_identification:_identify(log) by extensions ['ignore', 'ignore_ament_install']
[0.501s] Level 1:colcon.colcon_core.package_identification:_identify(log) by extension 'ignore'
[0.501s] Level 1:colcon.colcon_core.package_identification:_identify(log) ignored
[0.501s] Level 1:colcon.colcon_core.package_identification:_identify(src) by extensions ['ignore', 'ignore_ament_install']
[0.502s] Level 1:colcon.colcon_core.package_identification:_identify(src) by extension 'ignore'
[0.502s] Level 1:colcon.colcon_core.package_identification:_identify(src) by extension 'ignore_ament_install'
[0.502s] Level 1:colcon.colcon_core.package_identification:_identify(src) by extensions ['colcon_pkg']
[0.502s] Level 1:colcon.colcon_core.package_identification:_identify(src) by extension 'colcon_pkg'
[0.502s] Level 1:colcon.colcon_core.package_identification:_identify(src) by extensions ['colcon_meta']
[0.502s] Level 1:colcon.colcon_core.package_identification:_identify(src) by extension 'colcon_meta'
[0.502s] Level 1:colcon.colcon_core.package_identification:_identify(src) by extensions ['ros']
[0.502s] Level 1:colcon.colcon_core.package_identification:_identify(src) by extension 'ros'
[0.502s] Level 1:colcon.colcon_core.package_identification:_identify(src) by extensions ['cmake', 'python']
[0.502s] Level 1:colcon.colcon_core.package_identification:_identify(src) by extension 'cmake'
[0.502s] Level 1:colcon.colcon_core.package_identification:_identify(src) by extension 'python'
[0.502s] Level 1:colcon.colcon_core.package_identification:_identify(src) by extensions ['python_setup_py']
[0.502s] Level 1:colcon.colcon_core.package_identification:_identify(src) by extension 'python_setup_py'
[0.502s] Level 1:colcon.colcon_core.package_identification:_identify(src/data_visualiser_pkg) by extensions ['ignore', 'ignore_ament_install']
[0.502s] Level 1:colcon.colcon_core.package_identification:_identify(src/data_visualiser_pkg) by extension 'ignore'
[0.502s] Level 1:colcon.colcon_core.package_identification:_identify(src/data_visualiser_pkg) by extension 'ignore_ament_install'
[0.503s] Level 1:colcon.colcon_core.package_identification:_identify(src/data_visualiser_pkg) by extensions ['colcon_pkg']
[0.503s] Level 1:colcon.colcon_core.package_identification:_identify(src/data_visualiser_pkg) by extension 'colcon_pkg'
[0.503s] Level 1:colcon.colcon_core.package_identification:_identify(src/data_visualiser_pkg) by extensions ['colcon_meta']
[0.503s] Level 1:colcon.colcon_core.package_identification:_identify(src/data_visualiser_pkg) by extension 'colcon_meta'
[0.503s] Level 1:colcon.colcon_core.package_identification:_identify(src/data_visualiser_pkg) by extensions ['ros']
[0.503s] Level 1:colcon.colcon_core.package_identification:_identify(src/data_visualiser_pkg) by extension 'ros'
[0.506s] DEBUG:colcon.colcon_core.package_identification:Package 'src/data_visualiser_pkg' with type 'ros.ament_python' and name 'data_visualiser_pkg'
[0.506s] Level 1:colcon.colcon_core.package_identification:_identify(src/joystick_to_serial_pkg) by extensions ['ignore', 'ignore_ament_install']
[0.506s] Level 1:colcon.colcon_core.package_identification:_identify(src/joystick_to_serial_pkg) by extension 'ignore'
[0.506s] Level 1:colcon.colcon_core.package_identification:_identify(src/joystick_to_serial_pkg) by extension 'ignore_ament_install'
[0.506s] Level 1:colcon.colcon_core.package_identification:_identify(src/joystick_to_serial_pkg) by extensions ['colcon_pkg']
[0.506s] Level 1:colcon.colcon_core.package_identification:_identify(src/joystick_to_serial_pkg) by extension 'colcon_pkg'
[0.506s] Level 1:colcon.colcon_core.package_identification:_identify(src/joystick_to_serial_pkg) by extensions ['colcon_meta']
[0.506s] Level 1:colcon.colcon_core.package_identification:_identify(src/joystick_to_serial_pkg) by extension 'colcon_meta'
[0.506s] Level 1:colcon.colcon_core.package_identification:_identify(src/joystick_to_serial_pkg) by extensions ['ros']
[0.506s] Level 1:colcon.colcon_core.package_identification:_identify(src/joystick_to_serial_pkg) by extension 'ros'
[0.507s] DEBUG:colcon.colcon_core.package_identification:Package 'src/joystick_to_serial_pkg' with type 'ros.ament_python' and name 'joystick_to_serial_pkg'
[0.507s] Level 1:colcon.colcon_core.package_identification:_identify(src/kuka_launch_pkg) by extensions ['ignore', 'ignore_ament_install']
[0.507s] Level 1:colcon.colcon_core.package_identification:_identify(src/kuka_launch_pkg) by extension 'ignore'
[0.507s] Level 1:colcon.colcon_core.package_identification:_identify(src/kuka_launch_pkg) by extension 'ignore_ament_install'
[0.508s] Level 1:colcon.colcon_core.package_identification:_identify(src/kuka_launch_pkg) by extensions ['colcon_pkg']
[0.508s] Level 1:colcon.colcon_core.package_identification:_identify(src/kuka_launch_pkg) by extension 'colcon_pkg'
[0.508s] Level 1:colcon.colcon_core.package_identification:_identify(src/kuka_launch_pkg) by extensions ['colcon_meta']
[0.508s] Level 1:colcon.colcon_core.package_identification:_identify(src/kuka_launch_pkg) by extension 'colcon_meta'
[0.508s] Level 1:colcon.colcon_core.package_identification:_identify(src/kuka_launch_pkg) by extensions ['ros']
[0.508s] Level 1:colcon.colcon_core.package_identification:_identify(src/kuka_launch_pkg) by extension 'ros'
[0.508s] DEBUG:colcon.colcon_core.package_identification:Package 'src/kuka_launch_pkg' with type 'ros.ament_python' and name 'kuka_launch_pkg'
[0.508s] Level 1:colcon.colcon_core.package_identification:_identify(src/kuka_msgs_pkg) by extensions ['ignore', 'ignore_ament_install']
[0.509s] Level 1:colcon.colcon_core.package_identification:_identify(src/kuka_msgs_pkg) by extension 'ignore'
[0.509s] Level 1:colcon.colcon_core.package_identification:_identify(src/kuka_msgs_pkg) by extension 'ignore_ament_install'
[0.509s] Level 1:colcon.colcon_core.package_identification:_identify(src/kuka_msgs_pkg) by extensions ['colcon_pkg']
[0.509s] Level 1:colcon.colcon_core.package_identification:_identify(src/kuka_msgs_pkg) by extension 'colcon_pkg'
[0.509s] Level 1:colcon.colcon_core.package_identification:_identify(src/kuka_msgs_pkg) by extensions ['colcon_meta']
[0.509s] Level 1:colcon.colcon_core.package_identification:_identify(src/kuka_msgs_pkg) by extension 'colcon_meta'
[0.509s] Level 1:colcon.colcon_core.package_identification:_identify(src/kuka_msgs_pkg) by extensions ['ros']
[0.509s] Level 1:colcon.colcon_core.package_identification:_identify(src/kuka_msgs_pkg) by extension 'ros'
[0.510s] DEBUG:colcon.colcon_core.package_identification:Package 'src/kuka_msgs_pkg' with type 'ros.ament_python' and name 'kuka_msgs_pkg'
[0.510s] Level 1:colcon.colcon_core.package_identification:_identify(src/serial_communication_pkg) by extensions ['ignore', 'ignore_ament_install']
[0.510s] Level 1:colcon.colcon_core.package_identification:_identify(src/serial_communication_pkg) by extension 'ignore'
[0.510s] Level 1:colcon.colcon_core.package_identification:_identify(src/serial_communication_pkg) by extension 'ignore_ament_install'
[0.510s] Level 1:colcon.colcon_core.package_identification:_identify(src/serial_communication_pkg) by extensions ['colcon_pkg']
[0.510s] Level 1:colcon.colcon_core.package_identification:_identify(src/serial_communication_pkg) by extension 'colcon_pkg'
[0.510s] Level 1:colcon.colcon_core.package_identification:_identify(src/serial_communication_pkg) by extensions ['colcon_meta']
[0.510s] Level 1:colcon.colcon_core.package_identification:_identify(src/serial_communication_pkg) by extension 'colcon_meta'
[0.510s] Level 1:colcon.colcon_core.package_identification:_identify(src/serial_communication_pkg) by extensions ['ros']
[0.510s] Level 1:colcon.colcon_core.package_identification:_identify(src/serial_communication_pkg) by extension 'ros'
[0.511s] DEBUG:colcon.colcon_core.package_identification:Package 'src/serial_communication_pkg' with type 'ros.ament_python' and name 'serial_communication_pkg'
[0.511s] Level 1:colcon.colcon_core.package_discovery:discover_packages(recursive) using defaults
[0.511s] Level 1:colcon.colcon_core.package_discovery:discover_packages(ignore) discover
[0.511s] Level 1:colcon.colcon_core.package_discovery:discover_packages(ignore) using defaults
[0.511s] Level 1:colcon.colcon_core.package_discovery:discover_packages(path) discover
[0.511s] Level 1:colcon.colcon_core.package_discovery:discover_packages(path) using defaults
[0.547s] Level 1:colcon.colcon_core.package_discovery:discover_packages(prefix_path) check parameters
[0.547s] Level 1:colcon.colcon_core.package_discovery:discover_packages(prefix_path) discover
[0.552s] DEBUG:colcon.colcon_installed_package_information.package_discovery:Found 296 installed packages in /opt/ros/iron
[0.555s] Level 1:colcon.colcon_core.package_discovery:discover_packages(prefix_path) using defaults
[0.638s] Level 5:colcon.colcon_core.verb:set package 'joystick_to_serial_pkg' build argument 'cmake_args' from command line to 'None'
[0.638s] Level 5:colcon.colcon_core.verb:set package 'joystick_to_serial_pkg' build argument 'cmake_target' from command line to 'None'
[0.638s] Level 5:colcon.colcon_core.verb:set package 'joystick_to_serial_pkg' build argument 'cmake_target_skip_unavailable' from command line to 'False'
[0.638s] Level 5:colcon.colcon_core.verb:set package 'joystick_to_serial_pkg' build argument 'cmake_clean_cache' from command line to 'False'
[0.638s] Level 5:colcon.colcon_core.verb:set package 'joystick_to_serial_pkg' build argument 'cmake_clean_first' from command line to 'False'
[0.638s] Level 5:colcon.colcon_core.verb:set package 'joystick_to_serial_pkg' build argument 'cmake_force_configure' from command line to 'False'
[0.639s] Level 5:colcon.colcon_core.verb:set package 'joystick_to_serial_pkg' build argument 'ament_cmake_args' from command line to 'None'
[0.639s] Level 5:colcon.colcon_core.verb:set package 'joystick_to_serial_pkg' build argument 'catkin_cmake_args' from command line to 'None'
[0.639s] Level 5:colcon.colcon_core.verb:set package 'joystick_to_serial_pkg' build argument 'catkin_skip_building_tests' from command line to 'False'
[0.639s] DEBUG:colcon.colcon_core.verb:Building package 'joystick_to_serial_pkg' with the following arguments: {'ament_cmake_args': None, 'build_base': '/home/geert/ros2_ws_git/build/joystick_to_serial_pkg', 'catkin_cmake_args': None, 'catkin_skip_building_tests': False, 'cmake_args': None, 'cmake_clean_cache': False, 'cmake_clean_first': False, 'cmake_force_configure': False, 'cmake_target': None, 'cmake_target_skip_unavailable': False, 'install_base': '/home/geert/ros2_ws_git/install/joystick_to_serial_pkg', 'merge_install': False, 'path': '/home/geert/ros2_ws_git/src/joystick_to_serial_pkg', 'symlink_install': False, 'test_result_base': None}
[0.640s] Level 5:colcon.colcon_core.verb:set package 'kuka_launch_pkg' build argument 'cmake_args' from command line to 'None'
[0.640s] Level 5:colcon.colcon_core.verb:set package 'kuka_launch_pkg' build argument 'cmake_target' from command line to 'None'
[0.640s] Level 5:colcon.colcon_core.verb:set package 'kuka_launch_pkg' build argument 'cmake_target_skip_unavailable' from command line to 'False'
[0.640s] Level 5:colcon.colcon_core.verb:set package 'kuka_launch_pkg' build argument 'cmake_clean_cache' from command line to 'False'
[0.640s] Level 5:colcon.colcon_core.verb:set package 'kuka_launch_pkg' build argument 'cmake_clean_first' from command line to 'False'
[0.640s] Level 5:colcon.colcon_core.verb:set package 'kuka_launch_pkg' build argument 'cmake_force_configure' from command line to 'False'
[0.640s] Level 5:colcon.colcon_core.verb:set package 'kuka_launch_pkg' build argument 'ament_cmake_args' from command line to 'None'
[0.640s] Level 5:colcon.colcon_core.verb:set package 'kuka_launch_pkg' build argument 'catkin_cmake_args' from command line to 'None'
[0.640s] Level 5:colcon.colcon_core.verb:set package 'kuka_launch_pkg' build argument 'catkin_skip_building_tests' from command line to 'False'
[0.640s] DEBUG:colcon.colcon_core.verb:Building package 'kuka_launch_pkg' with the following arguments: {'ament_cmake_args': None, 'build_base': '/home/geert/ros2_ws_git/build/kuka_launch_pkg', 'catkin_cmake_args': None, 'catkin_skip_building_tests': False, 'cmake_args': None, 'cmake_clean_cache': False, 'cmake_clean_first': False, 'cmake_force_configure': False, 'cmake_target': None, 'cmake_target_skip_unavailable': False, 'install_base': '/home/geert/ros2_ws_git/install/kuka_launch_pkg', 'merge_install': False, 'path': '/home/geert/ros2_ws_git/src/kuka_launch_pkg', 'symlink_install': False, 'test_result_base': None}
[0.642s] Level 5:colcon.colcon_core.verb:set package 'kuka_msgs_pkg' build argument 'cmake_args' from command line to 'None'
[0.642s] Level 5:colcon.colcon_core.verb:set package 'kuka_msgs_pkg' build argument 'cmake_target' from command line to 'None'
[0.642s] Level 5:colcon.colcon_core.verb:set package 'kuka_msgs_pkg' build argument 'cmake_target_skip_unavailable' from command line to 'False'
[0.642s] Level 5:colcon.colcon_core.verb:set package 'kuka_msgs_pkg' build argument 'cmake_clean_cache' from command line to 'False'
[0.642s] Level 5:colcon.colcon_core.verb:set package 'kuka_msgs_pkg' build argument 'cmake_clean_first' from command line to 'False'
[0.642s] Level 5:colcon.colcon_core.verb:set package 'kuka_msgs_pkg' build argument 'cmake_force_configure' from command line to 'False'
[0.642s] Level 5:colcon.colcon_core.verb:set package 'kuka_msgs_pkg' build argument 'ament_cmake_args' from command line to 'None'
[0.642s] Level 5:colcon.colcon_core.verb:set package 'kuka_msgs_pkg' build argument 'catkin_cmake_args' from command line to 'None'
[0.642s] Level 5:colcon.colcon_core.verb:set package 'kuka_msgs_pkg' build argument 'catkin_skip_building_tests' from command line to 'False'
[0.642s] DEBUG:colcon.colcon_core.verb:Building package 'kuka_msgs_pkg' with the following arguments: {'ament_cmake_args': None, 'build_base': '/home/geert/ros2_ws_git/build/kuka_msgs_pkg', 'catkin_cmake_args': None, 'catkin_skip_building_tests': False, 'cmake_args': None, 'cmake_clean_cache': False, 'cmake_clean_first': False, 'cmake_force_configure': False, 'cmake_target': None, 'cmake_target_skip_unavailable': False, 'install_base': '/home/geert/ros2_ws_git/install/kuka_msgs_pkg', 'merge_install': False, 'path': '/home/geert/ros2_ws_git/src/kuka_msgs_pkg', 'symlink_install': False, 'test_result_base': None}
[0.644s] Level 5:colcon.colcon_core.verb:set package 'data_visualiser_pkg' build argument 'cmake_args' from command line to 'None'
[0.644s] Level 5:colcon.colcon_core.verb:set package 'data_visualiser_pkg' build argument 'cmake_target' from command line to 'None'
[0.644s] Level 5:colcon.colcon_core.verb:set package 'data_visualiser_pkg' build argument 'cmake_target_skip_unavailable' from command line to 'False'
[0.644s] Level 5:colcon.colcon_core.verb:set package 'data_visualiser_pkg' build argument 'cmake_clean_cache' from command line to 'False'
[0.644s] Level 5:colcon.colcon_core.verb:set package 'data_visualiser_pkg' build argument 'cmake_clean_first' from command line to 'False'
[0.644s] Level 5:colcon.colcon_core.verb:set package 'data_visualiser_pkg' build argument 'cmake_force_configure' from command line to 'False'
[0.644s] Level 5:colcon.colcon_core.verb:set package 'data_visualiser_pkg' build argument 'ament_cmake_args' from command line to 'None'
[0.644s] Level 5:colcon.colcon_core.verb:set package 'data_visualiser_pkg' build argument 'catkin_cmake_args' from command line to 'None'
[0.644s] Level 5:colcon.colcon_core.verb:set package 'data_visualiser_pkg' build argument 'catkin_skip_building_tests' from command line to 'False'
[0.644s] DEBUG:colcon.colcon_core.verb:Building package 'data_visualiser_pkg' with the following arguments: {'ament_cmake_args': None, 'build_base': '/home/geert/ros2_ws_git/build/data_visualiser_pkg', 'catkin_cmake_args': None, 'catkin_skip_building_tests': False, 'cmake_args': None, 'cmake_clean_cache': False, 'cmake_clean_first': False, 'cmake_force_configure': False, 'cmake_target': None, 'cmake_target_skip_unavailable': False, 'install_base': '/home/geert/ros2_ws_git/install/data_visualiser_pkg', 'merge_install': False, 'path': '/home/geert/ros2_ws_git/src/data_visualiser_pkg', 'symlink_install': False, 'test_result_base': None}
[0.645s] Level 5:colcon.colcon_core.verb:set package 'serial_communication_pkg' build argument 'cmake_args' from command line to 'None'
[0.645s] Level 5:colcon.colcon_core.verb:set package 'serial_communication_pkg' build argument 'cmake_target' from command line to 'None'
[0.645s] Level 5:colcon.colcon_core.verb:set package 'serial_communication_pkg' build argument 'cmake_target_skip_unavailable' from command line to 'False'
[0.646s] Level 5:colcon.colcon_core.verb:set package 'serial_communication_pkg' build argument 'cmake_clean_cache' from command line to 'False'
[0.646s] Level 5:colcon.colcon_core.verb:set package 'serial_communication_pkg' build argument 'cmake_clean_first' from command line to 'False'
[0.646s] Level 5:colcon.colcon_core.verb:set package 'serial_communication_pkg' build argument 'cmake_force_configure' from command line to 'False'
[0.646s] Level 5:colcon.colcon_core.verb:set package 'serial_communication_pkg' build argument 'ament_cmake_args' from command line to 'None'
[0.646s] Level 5:colcon.colcon_core.verb:set package 'serial_communication_pkg' build argument 'catkin_cmake_args' from command line to 'None'
[0.646s] Level 5:colcon.colcon_core.verb:set package 'serial_communication_pkg' build argument 'catkin_skip_building_tests' from command line to 'False'
[0.646s] DEBUG:colcon.colcon_core.verb:Building package 'serial_communication_pkg' with the following arguments: {'ament_cmake_args': None, 'build_base': '/home/geert/ros2_ws_git/build/serial_communication_pkg', 'catkin_cmake_args': None, 'catkin_skip_building_tests': False, 'cmake_args': None, 'cmake_clean_cache': False, 'cmake_clean_first': False, 'cmake_force_configure': False, 'cmake_target': None, 'cmake_target_skip_unavailable': False, 'install_base': '/home/geert/ros2_ws_git/install/serial_communication_pkg', 'merge_install': False, 'path': '/home/geert/ros2_ws_git/src/serial_communication_pkg', 'symlink_install': False, 'test_result_base': None}
[0.647s] INFO:colcon.colcon_core.executor:Executing jobs using 'parallel' executor
[0.651s] DEBUG:colcon.colcon_parallel_executor.executor.parallel:run_until_complete
[0.651s] INFO:colcon.colcon_ros.task.ament_python.build:Building ROS package in '/home/geert/ros2_ws_git/src/kuka_msgs_pkg' with build type 'ament_python'
[0.651s] Level 1:colcon.colcon_core.shell:create_environment_hook('kuka_msgs_pkg', 'ament_prefix_path')
[0.656s] INFO:colcon.colcon_core.plugin_system:Skipping extension 'colcon_core.shell.bat': Not used on non-Windows systems
[0.656s] INFO:colcon.colcon_core.shell:Creating environment hook '/home/geert/ros2_ws_git/install/kuka_msgs_pkg/share/kuka_msgs_pkg/hook/ament_prefix_path.ps1'
[0.657s] INFO:colcon.colcon_core.shell:Creating environment descriptor '/home/geert/ros2_ws_git/install/kuka_msgs_pkg/share/kuka_msgs_pkg/hook/ament_prefix_path.dsv'
[0.658s] INFO:colcon.colcon_core.shell:Creating environment hook '/home/geert/ros2_ws_git/install/kuka_msgs_pkg/share/kuka_msgs_pkg/hook/ament_prefix_path.sh'
[0.661s] INFO:colcon.colcon_core.shell:Skip shell extension 'powershell' for command environment: Not usable outside of PowerShell
[0.661s] DEBUG:colcon.colcon_core.shell:Skip shell extension 'dsv' for command environment
[1.061s] INFO:colcon.colcon_core.task.python.build:Building Python package in '/home/geert/ros2_ws_git/src/kuka_msgs_pkg'
[1.063s] INFO:colcon.colcon_core.shell:Skip shell extension 'powershell' for command environment: Not usable outside of PowerShell
[1.063s] DEBUG:colcon.colcon_core.shell:Skip shell extension 'dsv' for command environment
[1.513s] DEBUG:colcon.colcon_core.event_handler.log_command:Invoking command in '/home/geert/ros2_ws_git/src/kuka_msgs_pkg': PYTHONPATH=/home/geert/ros2_ws_git/build/kuka_msgs_pkg/prefix_override:/home/geert/ros2_ws_git/install/kuka_msgs_pkg/lib/python3.10/site-packages:${PYTHONPATH} /usr/bin/python3 setup.py egg_info --egg-base ../../build/kuka_msgs_pkg build --build-base /home/geert/ros2_ws_git/build/kuka_msgs_pkg/build install --record /home/geert/ros2_ws_git/build/kuka_msgs_pkg/install.log --single-version-externally-managed
[1.950s] DEBUG:colcon.colcon_core.event_handler.log_command:Invoked command in '/home/geert/ros2_ws_git/src/kuka_msgs_pkg' returned '0': PYTHONPATH=/home/geert/ros2_ws_git/build/kuka_msgs_pkg/prefix_override:/home/geert/ros2_ws_git/install/kuka_msgs_pkg/lib/python3.10/site-packages:${PYTHONPATH} /usr/bin/python3 setup.py egg_info --egg-base ../../build/kuka_msgs_pkg build --build-base /home/geert/ros2_ws_git/build/kuka_msgs_pkg/build install --record /home/geert/ros2_ws_git/build/kuka_msgs_pkg/install.log --single-version-externally-managed
[1.953s] Level 1:colcon.colcon_core.environment:checking '/home/geert/ros2_ws_git/install/kuka_msgs_pkg' for CMake module files
[1.954s] Level 1:colcon.colcon_core.environment:checking '/home/geert/ros2_ws_git/install/kuka_msgs_pkg' for CMake config files
[1.955s] Level 1:colcon.colcon_core.environment:checking '/home/geert/ros2_ws_git/install/kuka_msgs_pkg/lib'
[1.955s] Level 1:colcon.colcon_core.environment:checking '/home/geert/ros2_ws_git/install/kuka_msgs_pkg/bin'
[1.955s] Level 1:colcon.colcon_core.environment:checking '/home/geert/ros2_ws_git/install/kuka_msgs_pkg/lib/pkgconfig/kuka_msgs_pkg.pc'
[1.956s] Level 1:colcon.colcon_core.environment:checking '/home/geert/ros2_ws_git/install/kuka_msgs_pkg/lib/python3.10/site-packages'
[1.956s] Level 1:colcon.colcon_core.shell:create_environment_hook('kuka_msgs_pkg', 'pythonpath')
[1.958s] INFO:colcon.colcon_core.shell:Creating environment hook '/home/geert/ros2_ws_git/install/kuka_msgs_pkg/share/kuka_msgs_pkg/hook/pythonpath.ps1'
[1.958s] INFO:colcon.colcon_core.shell:Creating environment descriptor '/home/geert/ros2_ws_git/install/kuka_msgs_pkg/share/kuka_msgs_pkg/hook/pythonpath.dsv'
[1.959s] INFO:colcon.colcon_core.shell:Creating environment hook '/home/geert/ros2_ws_git/install/kuka_msgs_pkg/share/kuka_msgs_pkg/hook/pythonpath.sh'
[1.959s] Level 1:colcon.colcon_core.environment:checking '/home/geert/ros2_ws_git/install/kuka_msgs_pkg/bin'
[1.959s] Level 1:colcon.colcon_core.environment:create_environment_scripts_only(kuka_msgs_pkg)
[1.961s] INFO:colcon.colcon_core.shell:Creating package script '/home/geert/ros2_ws_git/install/kuka_msgs_pkg/share/kuka_msgs_pkg/package.ps1'
[1.962s] INFO:colcon.colcon_core.shell:Creating package descriptor '/home/geert/ros2_ws_git/install/kuka_msgs_pkg/share/kuka_msgs_pkg/package.dsv'
[1.963s] INFO:colcon.colcon_core.shell:Creating package script '/home/geert/ros2_ws_git/install/kuka_msgs_pkg/share/kuka_msgs_pkg/package.sh'
[1.964s] INFO:colcon.colcon_core.shell:Creating package script '/home/geert/ros2_ws_git/install/kuka_msgs_pkg/share/kuka_msgs_pkg/package.bash'
[1.965s] INFO:colcon.colcon_core.shell:Creating package script '/home/geert/ros2_ws_git/install/kuka_msgs_pkg/share/kuka_msgs_pkg/package.zsh'
[1.966s] Level 1:colcon.colcon_core.environment:create_file_with_runtime_dependencies(/home/geert/ros2_ws_git/install/kuka_msgs_pkg/share/colcon-core/packages/kuka_msgs_pkg)
[1.968s] INFO:colcon.colcon_ros.task.ament_python.build:Building ROS package in '/home/geert/ros2_ws_git/src/joystick_to_serial_pkg' with build type 'ament_python'
[1.968s] Level 1:colcon.colcon_core.shell:create_environment_hook('joystick_to_serial_pkg', 'ament_prefix_path')
[1.970s] INFO:colcon.colcon_core.shell:Creating environment hook '/home/geert/ros2_ws_git/install/joystick_to_serial_pkg/share/joystick_to_serial_pkg/hook/ament_prefix_path.ps1'
[1.971s] INFO:colcon.colcon_core.shell:Creating environment descriptor '/home/geert/ros2_ws_git/install/joystick_to_serial_pkg/share/joystick_to_serial_pkg/hook/ament_prefix_path.dsv'
[1.971s] INFO:colcon.colcon_core.shell:Creating environment hook '/home/geert/ros2_ws_git/install/joystick_to_serial_pkg/share/joystick_to_serial_pkg/hook/ament_prefix_path.sh'
[1.989s] INFO:colcon.colcon_core.shell:Skip shell extension 'powershell' for command environment: Not usable outside of PowerShell
[1.989s] DEBUG:colcon.colcon_core.shell:Skip shell extension 'dsv' for command environment
[2.375s] INFO:colcon.colcon_core.task.python.build:Building Python package in '/home/geert/ros2_ws_git/src/joystick_to_serial_pkg'
[2.377s] INFO:colcon.colcon_core.shell:Skip shell extension 'powershell' for command environment: Not usable outside of PowerShell
[2.377s] DEBUG:colcon.colcon_core.shell:Skip shell extension 'dsv' for command environment
[2.820s] DEBUG:colcon.colcon_core.event_handler.log_command:Invoking command in '/home/geert/ros2_ws_git/src/joystick_to_serial_pkg': PYTHONPATH=/home/geert/ros2_ws_git/build/joystick_to_serial_pkg/prefix_override:/home/geert/ros2_ws_git/install/joystick_to_serial_pkg/lib/python3.10/site-packages:${PYTHONPATH} /usr/bin/python3 setup.py egg_info --egg-base ../../build/joystick_to_serial_pkg build --build-base /home/geert/ros2_ws_git/build/joystick_to_serial_pkg/build install --record /home/geert/ros2_ws_git/build/joystick_to_serial_pkg/install.log --single-version-externally-managed
[3.234s] Level 1:colcon.colcon_core.environment:checking '/home/geert/ros2_ws_git/install/joystick_to_serial_pkg' for CMake module files
[3.234s] DEBUG:colcon.colcon_core.event_handler.log_command:Invoked command in '/home/geert/ros2_ws_git/src/joystick_to_serial_pkg' returned '0': PYTHONPATH=/home/geert/ros2_ws_git/build/joystick_to_serial_pkg/prefix_override:/home/geert/ros2_ws_git/install/joystick_to_serial_pkg/lib/python3.10/site-packages:${PYTHONPATH} /usr/bin/python3 setup.py egg_info --egg-base ../../build/joystick_to_serial_pkg build --build-base /home/geert/ros2_ws_git/build/joystick_to_serial_pkg/build install --record /home/geert/ros2_ws_git/build/joystick_to_serial_pkg/install.log --single-version-externally-managed
[3.235s] Level 1:colcon.colcon_core.environment:checking '/home/geert/ros2_ws_git/install/joystick_to_serial_pkg' for CMake config files
[3.235s] Level 1:colcon.colcon_core.environment:checking '/home/geert/ros2_ws_git/install/joystick_to_serial_pkg/lib'
[3.236s] Level 1:colcon.colcon_core.environment:checking '/home/geert/ros2_ws_git/install/joystick_to_serial_pkg/bin'
[3.236s] Level 1:colcon.colcon_core.environment:checking '/home/geert/ros2_ws_git/install/joystick_to_serial_pkg/lib/pkgconfig/joystick_to_serial_pkg.pc'
[3.236s] Level 1:colcon.colcon_core.environment:checking '/home/geert/ros2_ws_git/install/joystick_to_serial_pkg/lib/python3.10/site-packages'
[3.236s] Level 1:colcon.colcon_core.shell:create_environment_hook('joystick_to_serial_pkg', 'pythonpath')
[3.238s] INFO:colcon.colcon_core.shell:Creating environment hook '/home/geert/ros2_ws_git/install/joystick_to_serial_pkg/share/joystick_to_serial_pkg/hook/pythonpath.ps1'
[3.238s] INFO:colcon.colcon_core.shell:Creating environment descriptor '/home/geert/ros2_ws_git/install/joystick_to_serial_pkg/share/joystick_to_serial_pkg/hook/pythonpath.dsv'
[3.239s] INFO:colcon.colcon_core.shell:Creating environment hook '/home/geert/ros2_ws_git/install/joystick_to_serial_pkg/share/joystick_to_serial_pkg/hook/pythonpath.sh'
[3.239s] Level 1:colcon.colcon_core.environment:checking '/home/geert/ros2_ws_git/install/joystick_to_serial_pkg/bin'
[3.239s] Level 1:colcon.colcon_core.environment:create_environment_scripts_only(joystick_to_serial_pkg)
[3.242s] INFO:colcon.colcon_core.shell:Creating package script '/home/geert/ros2_ws_git/install/joystick_to_serial_pkg/share/joystick_to_serial_pkg/package.ps1'
[3.242s] INFO:colcon.colcon_core.shell:Creating package descriptor '/home/geert/ros2_ws_git/install/joystick_to_serial_pkg/share/joystick_to_serial_pkg/package.dsv'
[3.243s] INFO:colcon.colcon_core.shell:Creating package script '/home/geert/ros2_ws_git/install/joystick_to_serial_pkg/share/joystick_to_serial_pkg/package.sh'
[3.243s] INFO:colcon.colcon_core.shell:Creating package script '/home/geert/ros2_ws_git/install/joystick_to_serial_pkg/share/joystick_to_serial_pkg/package.bash'
[3.244s] INFO:colcon.colcon_core.shell:Creating package script '/home/geert/ros2_ws_git/install/joystick_to_serial_pkg/share/joystick_to_serial_pkg/package.zsh'
[3.244s] Level 1:colcon.colcon_core.environment:create_file_with_runtime_dependencies(/home/geert/ros2_ws_git/install/joystick_to_serial_pkg/share/colcon-core/packages/joystick_to_serial_pkg)
[3.245s] INFO:colcon.colcon_ros.task.ament_python.build:Building ROS package in '/home/geert/ros2_ws_git/src/kuka_launch_pkg' with build type 'ament_python'
[3.246s] Level 1:colcon.colcon_core.shell:create_environment_hook('kuka_launch_pkg', 'ament_prefix_path')
[3.247s] INFO:colcon.colcon_core.shell:Creating environment hook '/home/geert/ros2_ws_git/install/kuka_launch_pkg/share/kuka_launch_pkg/hook/ament_prefix_path.ps1'
[3.248s] INFO:colcon.colcon_core.shell:Creating environment descriptor '/home/geert/ros2_ws_git/install/kuka_launch_pkg/share/kuka_launch_pkg/hook/ament_prefix_path.dsv'
[3.248s] INFO:colcon.colcon_core.shell:Creating environment hook '/home/geert/ros2_ws_git/install/kuka_launch_pkg/share/kuka_launch_pkg/hook/ament_prefix_path.sh'
[3.250s] INFO:colcon.colcon_core.shell:Skip shell extension 'powershell' for command environment: Not usable outside of PowerShell
[3.250s] DEBUG:colcon.colcon_core.shell:Skip shell extension 'dsv' for command environment
[3.645s] INFO:colcon.colcon_core.task.python.build:Building Python package in '/home/geert/ros2_ws_git/src/kuka_launch_pkg'
[3.647s] INFO:colcon.colcon_core.shell:Skip shell extension 'powershell' for command environment: Not usable outside of PowerShell
[3.647s] DEBUG:colcon.colcon_core.shell:Skip shell extension 'dsv' for command environment
[4.092s] DEBUG:colcon.colcon_core.event_handler.log_command:Invoking command in '/home/geert/ros2_ws_git/src/kuka_launch_pkg': PYTHONPATH=/home/geert/ros2_ws_git/build/kuka_launch_pkg/prefix_override:/home/geert/ros2_ws_git/install/kuka_launch_pkg/lib/python3.10/site-packages:${PYTHONPATH} /usr/bin/python3 setup.py egg_info --egg-base ../../build/kuka_launch_pkg build --build-base /home/geert/ros2_ws_git/build/kuka_launch_pkg/build install --record /home/geert/ros2_ws_git/build/kuka_launch_pkg/install.log --single-version-externally-managed
[4.498s] Level 1:colcon.colcon_core.environment:checking '/home/geert/ros2_ws_git/install/kuka_launch_pkg' for CMake module files
[4.499s] Level 1:colcon.colcon_core.environment:checking '/home/geert/ros2_ws_git/install/kuka_launch_pkg' for CMake config files
[4.499s] Level 1:colcon.colcon_core.environment:checking '/home/geert/ros2_ws_git/install/kuka_launch_pkg/lib'
[4.499s] Level 1:colcon.colcon_core.environment:checking '/home/geert/ros2_ws_git/install/kuka_launch_pkg/bin'
[4.499s] Level 1:colcon.colcon_core.environment:checking '/home/geert/ros2_ws_git/install/kuka_launch_pkg/lib/pkgconfig/kuka_launch_pkg.pc'
[4.500s] Level 1:colcon.colcon_core.environment:checking '/home/geert/ros2_ws_git/install/kuka_launch_pkg/lib/python3.10/site-packages'
[4.500s] Level 1:colcon.colcon_core.shell:create_environment_hook('kuka_launch_pkg', 'pythonpath')
[4.502s] INFO:colcon.colcon_core.shell:Creating environment hook '/home/geert/ros2_ws_git/install/kuka_launch_pkg/share/kuka_launch_pkg/hook/pythonpath.ps1'
[4.502s] DEBUG:colcon.colcon_core.event_handler.log_command:Invoked command in '/home/geert/ros2_ws_git/src/kuka_launch_pkg' returned '0': PYTHONPATH=/home/geert/ros2_ws_git/build/kuka_launch_pkg/prefix_override:/home/geert/ros2_ws_git/install/kuka_launch_pkg/lib/python3.10/site-packages:${PYTHONPATH} /usr/bin/python3 setup.py egg_info --egg-base ../../build/kuka_launch_pkg build --build-base /home/geert/ros2_ws_git/build/kuka_launch_pkg/build install --record /home/geert/ros2_ws_git/build/kuka_launch_pkg/install.log --single-version-externally-managed
[4.502s] INFO:colcon.colcon_core.shell:Creating environment descriptor '/home/geert/ros2_ws_git/install/kuka_launch_pkg/share/kuka_launch_pkg/hook/pythonpath.dsv'
[4.503s] INFO:colcon.colcon_core.shell:Creating environment hook '/home/geert/ros2_ws_git/install/kuka_launch_pkg/share/kuka_launch_pkg/hook/pythonpath.sh'
[4.504s] Level 1:colcon.colcon_core.environment:checking '/home/geert/ros2_ws_git/install/kuka_launch_pkg/bin'
[4.504s] Level 1:colcon.colcon_core.environment:create_environment_scripts_only(kuka_launch_pkg)
[4.506s] INFO:colcon.colcon_core.shell:Creating package script '/home/geert/ros2_ws_git/install/kuka_launch_pkg/share/kuka_launch_pkg/package.ps1'
[4.506s] INFO:colcon.colcon_core.shell:Creating package descriptor '/home/geert/ros2_ws_git/install/kuka_launch_pkg/share/kuka_launch_pkg/package.dsv'
[4.507s] INFO:colcon.colcon_core.shell:Creating package script '/home/geert/ros2_ws_git/install/kuka_launch_pkg/share/kuka_launch_pkg/package.sh'
[4.507s] INFO:colcon.colcon_core.shell:Creating package script '/home/geert/ros2_ws_git/install/kuka_launch_pkg/share/kuka_launch_pkg/package.bash'
[4.514s] INFO:colcon.colcon_core.shell:Creating package script '/home/geert/ros2_ws_git/install/kuka_launch_pkg/share/kuka_launch_pkg/package.zsh'
[4.516s] Level 1:colcon.colcon_core.environment:create_file_with_runtime_dependencies(/home/geert/ros2_ws_git/install/kuka_launch_pkg/share/colcon-core/packages/kuka_launch_pkg)
[4.519s] INFO:colcon.colcon_ros.task.ament_python.build:Building ROS package in '/home/geert/ros2_ws_git/src/data_visualiser_pkg' with build type 'ament_python'
[4.519s] Level 1:colcon.colcon_core.shell:create_environment_hook('data_visualiser_pkg', 'ament_prefix_path')
[4.521s] INFO:colcon.colcon_core.shell:Creating environment hook '/home/geert/ros2_ws_git/install/data_visualiser_pkg/share/data_visualiser_pkg/hook/ament_prefix_path.ps1'
[4.521s] INFO:colcon.colcon_core.shell:Creating environment descriptor '/home/geert/ros2_ws_git/install/data_visualiser_pkg/share/data_visualiser_pkg/hook/ament_prefix_path.dsv'
[4.522s] INFO:colcon.colcon_core.shell:Creating environment hook '/home/geert/ros2_ws_git/install/data_visualiser_pkg/share/data_visualiser_pkg/hook/ament_prefix_path.sh'
[4.524s] INFO:colcon.colcon_core.shell:Skip shell extension 'powershell' for command environment: Not usable outside of PowerShell
[4.524s] DEBUG:colcon.colcon_core.shell:Skip shell extension 'dsv' for command environment
[4.906s] INFO:colcon.colcon_core.task.python.build:Building Python package in '/home/geert/ros2_ws_git/src/data_visualiser_pkg'
[4.908s] INFO:colcon.colcon_core.shell:Skip shell extension 'powershell' for command environment: Not usable outside of PowerShell
[4.908s] DEBUG:colcon.colcon_core.shell:Skip shell extension 'dsv' for command environment
[5.352s] DEBUG:colcon.colcon_core.event_handler.log_command:Invoking command in '/home/geert/ros2_ws_git/src/data_visualiser_pkg': AMENT_PREFIX_PATH=/home/geert/ros2_ws_git/install/kuka_msgs_pkg:${AMENT_PREFIX_PATH} PYTHONPATH=/home/geert/ros2_ws_git/build/data_visualiser_pkg/prefix_override:/home/geert/ros2_ws_git/install/data_visualiser_pkg/lib/python3.10/site-packages:/home/geert/ros2_ws_git/install/kuka_msgs_pkg/lib/python3.10/site-packages:${PYTHONPATH} /usr/bin/python3 setup.py egg_info --egg-base ../../build/data_visualiser_pkg build --build-base /home/geert/ros2_ws_git/build/data_visualiser_pkg/build install --record /home/geert/ros2_ws_git/build/data_visualiser_pkg/install.log --single-version-externally-managed
[5.763s] Level 1:colcon.colcon_core.environment:checking '/home/geert/ros2_ws_git/install/data_visualiser_pkg' for CMake module files
[5.763s] DEBUG:colcon.colcon_core.event_handler.log_command:Invoked command in '/home/geert/ros2_ws_git/src/data_visualiser_pkg' returned '0': AMENT_PREFIX_PATH=/home/geert/ros2_ws_git/install/kuka_msgs_pkg:${AMENT_PREFIX_PATH} PYTHONPATH=/home/geert/ros2_ws_git/build/data_visualiser_pkg/prefix_override:/home/geert/ros2_ws_git/install/data_visualiser_pkg/lib/python3.10/site-packages:/home/geert/ros2_ws_git/install/kuka_msgs_pkg/lib/python3.10/site-packages:${PYTHONPATH} /usr/bin/python3 setup.py egg_info --egg-base ../../build/data_visualiser_pkg build --build-base /home/geert/ros2_ws_git/build/data_visualiser_pkg/build install --record /home/geert/ros2_ws_git/build/data_visualiser_pkg/install.log --single-version-externally-managed
[5.764s] Level 1:colcon.colcon_core.environment:checking '/home/geert/ros2_ws_git/install/data_visualiser_pkg' for CMake config files
[5.765s] Level 1:colcon.colcon_core.environment:checking '/home/geert/ros2_ws_git/install/data_visualiser_pkg/lib'
[5.765s] Level 1:colcon.colcon_core.environment:checking '/home/geert/ros2_ws_git/install/data_visualiser_pkg/bin'
[5.765s] Level 1:colcon.colcon_core.environment:checking '/home/geert/ros2_ws_git/install/data_visualiser_pkg/lib/pkgconfig/data_visualiser_pkg.pc'
[5.765s] Level 1:colcon.colcon_core.environment:checking '/home/geert/ros2_ws_git/install/data_visualiser_pkg/lib/python3.10/site-packages'
[5.765s] Level 1:colcon.colcon_core.shell:create_environment_hook('data_visualiser_pkg', 'pythonpath')
[5.767s] INFO:colcon.colcon_core.shell:Creating environment hook '/home/geert/ros2_ws_git/install/data_visualiser_pkg/share/data_visualiser_pkg/hook/pythonpath.ps1'
[5.767s] INFO:colcon.colcon_core.shell:Creating environment descriptor '/home/geert/ros2_ws_git/install/data_visualiser_pkg/share/data_visualiser_pkg/hook/pythonpath.dsv'
[5.773s] INFO:colcon.colcon_core.shell:Creating environment hook '/home/geert/ros2_ws_git/install/data_visualiser_pkg/share/data_visualiser_pkg/hook/pythonpath.sh'
[5.774s] Level 1:colcon.colcon_core.environment:checking '/home/geert/ros2_ws_git/install/data_visualiser_pkg/bin'
[5.774s] Level 1:colcon.colcon_core.environment:create_environment_scripts_only(data_visualiser_pkg)
[5.776s] INFO:colcon.colcon_core.shell:Creating package script '/home/geert/ros2_ws_git/install/data_visualiser_pkg/share/data_visualiser_pkg/package.ps1'
[5.777s] INFO:colcon.colcon_core.shell:Creating package descriptor '/home/geert/ros2_ws_git/install/data_visualiser_pkg/share/data_visualiser_pkg/package.dsv'
[5.777s] INFO:colcon.colcon_core.shell:Creating package script '/home/geert/ros2_ws_git/install/data_visualiser_pkg/share/data_visualiser_pkg/package.sh'
[5.778s] INFO:colcon.colcon_core.shell:Creating package script '/home/geert/ros2_ws_git/install/data_visualiser_pkg/share/data_visualiser_pkg/package.bash'
[5.778s] INFO:colcon.colcon_core.shell:Creating package script '/home/geert/ros2_ws_git/install/data_visualiser_pkg/share/data_visualiser_pkg/package.zsh'
[5.779s] Level 1:colcon.colcon_core.environment:create_file_with_runtime_dependencies(/home/geert/ros2_ws_git/install/data_visualiser_pkg/share/colcon-core/packages/data_visualiser_pkg)
[5.780s] INFO:colcon.colcon_ros.task.ament_python.build:Building ROS package in '/home/geert/ros2_ws_git/src/serial_communication_pkg' with build type 'ament_python'
[5.780s] Level 1:colcon.colcon_core.shell:create_environment_hook('serial_communication_pkg', 'ament_prefix_path')
[5.782s] INFO:colcon.colcon_core.shell:Creating environment hook '/home/geert/ros2_ws_git/install/serial_communication_pkg/share/serial_communication_pkg/hook/ament_prefix_path.ps1'
[5.783s] INFO:colcon.colcon_core.shell:Creating environment descriptor '/home/geert/ros2_ws_git/install/serial_communication_pkg/share/serial_communication_pkg/hook/ament_prefix_path.dsv'
[5.783s] INFO:colcon.colcon_core.shell:Creating environment hook '/home/geert/ros2_ws_git/install/serial_communication_pkg/share/serial_communication_pkg/hook/ament_prefix_path.sh'
[5.785s] INFO:colcon.colcon_core.shell:Skip shell extension 'powershell' for command environment: Not usable outside of PowerShell
[5.785s] DEBUG:colcon.colcon_core.shell:Skip shell extension 'dsv' for command environment
[6.167s] INFO:colcon.colcon_core.task.python.build:Building Python package in '/home/geert/ros2_ws_git/src/serial_communication_pkg'
[6.169s] INFO:colcon.colcon_core.shell:Skip shell extension 'powershell' for command environment: Not usable outside of PowerShell
[6.169s] DEBUG:colcon.colcon_core.shell:Skip shell extension 'dsv' for command environment
[6.642s] DEBUG:colcon.colcon_core.event_handler.log_command:Invoking command in '/home/geert/ros2_ws_git/src/serial_communication_pkg': AMENT_PREFIX_PATH=/home/geert/ros2_ws_git/install/kuka_msgs_pkg:${AMENT_PREFIX_PATH} PYTHONPATH=/home/geert/ros2_ws_git/build/serial_communication_pkg/prefix_override:/home/geert/ros2_ws_git/install/serial_communication_pkg/lib/python3.10/site-packages:/home/geert/ros2_ws_git/install/kuka_msgs_pkg/lib/python3.10/site-packages:${PYTHONPATH} /usr/bin/python3 setup.py egg_info --egg-base ../../build/serial_communication_pkg build --build-base /home/geert/ros2_ws_git/build/serial_communication_pkg/build install --record /home/geert/ros2_ws_git/build/serial_communication_pkg/install.log --single-version-externally-managed
[7.084s] Level 1:colcon.colcon_core.environment:checking '/home/geert/ros2_ws_git/install/serial_communication_pkg' for CMake module files
[7.084s] DEBUG:colcon.colcon_core.event_handler.log_command:Invoked command in '/home/geert/ros2_ws_git/src/serial_communication_pkg' returned '0': AMENT_PREFIX_PATH=/home/geert/ros2_ws_git/install/kuka_msgs_pkg:${AMENT_PREFIX_PATH} PYTHONPATH=/home/geert/ros2_ws_git/build/serial_communication_pkg/prefix_override:/home/geert/ros2_ws_git/install/serial_communication_pkg/lib/python3.10/site-packages:/home/geert/ros2_ws_git/install/kuka_msgs_pkg/lib/python3.10/site-packages:${PYTHONPATH} /usr/bin/python3 setup.py egg_info --egg-base ../../build/serial_communication_pkg build --build-base /home/geert/ros2_ws_git/build/serial_communication_pkg/build install --record /home/geert/ros2_ws_git/build/serial_communication_pkg/install.log --single-version-externally-managed
[7.085s] Level 1:colcon.colcon_core.environment:checking '/home/geert/ros2_ws_git/install/serial_communication_pkg' for CMake config files
[7.085s] Level 1:colcon.colcon_core.environment:checking '/home/geert/ros2_ws_git/install/serial_communication_pkg/lib'
[7.086s] Level 1:colcon.colcon_core.environment:checking '/home/geert/ros2_ws_git/install/serial_communication_pkg/bin'
[7.086s] Level 1:colcon.colcon_core.environment:checking '/home/geert/ros2_ws_git/install/serial_communication_pkg/lib/pkgconfig/serial_communication_pkg.pc'
[7.086s] Level 1:colcon.colcon_core.environment:checking '/home/geert/ros2_ws_git/install/serial_communication_pkg/lib/python3.10/site-packages'
[7.086s] Level 1:colcon.colcon_core.shell:create_environment_hook('serial_communication_pkg', 'pythonpath')
[7.088s] INFO:colcon.colcon_core.shell:Creating environment hook '/home/geert/ros2_ws_git/install/serial_communication_pkg/share/serial_communication_pkg/hook/pythonpath.ps1'
[7.088s] INFO:colcon.colcon_core.shell:Creating environment descriptor '/home/geert/ros2_ws_git/install/serial_communication_pkg/share/serial_communication_pkg/hook/pythonpath.dsv'
[7.089s] INFO:colcon.colcon_core.shell:Creating environment hook '/home/geert/ros2_ws_git/install/serial_communication_pkg/share/serial_communication_pkg/hook/pythonpath.sh'
[7.090s] Level 1:colcon.colcon_core.environment:checking '/home/geert/ros2_ws_git/install/serial_communication_pkg/bin'
[7.090s] Level 1:colcon.colcon_core.environment:create_environment_scripts_only(serial_communication_pkg)
[7.092s] INFO:colcon.colcon_core.shell:Creating package script '/home/geert/ros2_ws_git/install/serial_communication_pkg/share/serial_communication_pkg/package.ps1'
[7.092s] INFO:colcon.colcon_core.shell:Creating package descriptor '/home/geert/ros2_ws_git/install/serial_communication_pkg/share/serial_communication_pkg/package.dsv'
[7.093s] INFO:colcon.colcon_core.shell:Creating package script '/home/geert/ros2_ws_git/install/serial_communication_pkg/share/serial_communication_pkg/package.sh'
[7.094s] INFO:colcon.colcon_core.shell:Creating package script '/home/geert/ros2_ws_git/install/serial_communication_pkg/share/serial_communication_pkg/package.bash'
[7.094s] INFO:colcon.colcon_core.shell:Creating package script '/home/geert/ros2_ws_git/install/serial_communication_pkg/share/serial_communication_pkg/package.zsh'
[7.094s] Level 1:colcon.colcon_core.environment:create_file_with_runtime_dependencies(/home/geert/ros2_ws_git/install/serial_communication_pkg/share/colcon-core/packages/serial_communication_pkg)
[7.096s] DEBUG:colcon.colcon_parallel_executor.executor.parallel:closing loop
[7.096s] DEBUG:colcon.colcon_parallel_executor.executor.parallel:loop closed
[7.096s] DEBUG:colcon.colcon_parallel_executor.executor.parallel:run_until_complete finished with '0'
[7.096s] DEBUG:colcon.colcon_core.event_reactor:joining thread
[7.108s] INFO:colcon.colcon_core.plugin_system:Skipping extension 'colcon_notification.desktop_notification.terminal_notifier': Not used on non-Darwin systems
[7.108s] INFO:colcon.colcon_core.plugin_system:Skipping extension 'colcon_notification.desktop_notification.win32': Not used on non-Windows systems
[7.108s] INFO:colcon.colcon_notification.desktop_notification:Sending desktop notification using 'notify2'
[7.124s] DEBUG:colcon.colcon_core.event_reactor:joined thread
[7.126s] INFO:colcon.colcon_core.shell:Creating prefix script '/home/geert/ros2_ws_git/install/local_setup.ps1'
[7.128s] INFO:colcon.colcon_core.shell:Creating prefix util module '/home/geert/ros2_ws_git/install/_local_setup_util_ps1.py'
[7.131s] INFO:colcon.colcon_core.shell:Creating prefix chain script '/home/geert/ros2_ws_git/install/setup.ps1'
[7.138s] INFO:colcon.colcon_core.shell:Creating prefix script '/home/geert/ros2_ws_git/install/local_setup.sh'
[7.138s] INFO:colcon.colcon_core.shell:Creating prefix util module '/home/geert/ros2_ws_git/install/_local_setup_util_sh.py'
[7.141s] INFO:colcon.colcon_core.shell:Creating prefix chain script '/home/geert/ros2_ws_git/install/setup.sh'
[7.148s] INFO:colcon.colcon_core.shell:Creating prefix script '/home/geert/ros2_ws_git/install/local_setup.bash'
[7.149s] INFO:colcon.colcon_core.shell:Creating prefix chain script '/home/geert/ros2_ws_git/install/setup.bash'
[7.151s] INFO:colcon.colcon_core.shell:Creating prefix script '/home/geert/ros2_ws_git/install/local_setup.zsh'
[7.151s] INFO:colcon.colcon_core.shell:Creating prefix chain script '/home/geert/ros2_ws_git/install/setup.zsh'
