[0.932s] Invoking command in '/home/geert/kuka-ido/ros2_ws/src/serial_communication_pkg': PYTHONPATH=/home/geert/kuka-ido/ros2_ws/build/serial_communication_pkg/prefix_override:/home/geert/kuka-ido/ros2_ws/install/serial_communication_pkg/lib/python3.10/site-packages:/home/geert/kuka-ido/ros2_ws/install/kuka_msgs_pkg/lib/python3.10/site-packages:/home/geert/kuka-ido/ros2_ws/install/serial_communication_pkg/lib/python3.10/site-packages:/home/geert/kuka-ido/ros2_ws/install/data_visualiser_pkg/lib/python3.10/site-packages:/home/geert/kuka-ido/ros2_ws/install/kuka_launch_pkg/lib/python3.10/site-packages:/home/geert/kuka-ido/ros2_ws/install/joystick_to_serial_pkg/lib/python3.10/site-packages:/opt/ros/iron/lib/python3.10/site-packages /usr/bin/python3 setup.py egg_info --egg-base ../../build/serial_communication_pkg build --build-base /home/geert/kuka-ido/ros2_ws/build/serial_communication_pkg/build install --record /home/geert/kuka-ido/ros2_ws/build/serial_communication_pkg/install.log --single-version-externally-managed
[1.305s] running egg_info
[1.306s] creating ../../build/serial_communication_pkg/serial_communication_pkg.egg-info
[1.307s] writing ../../build/serial_communication_pkg/serial_communication_pkg.egg-info/PKG-INFO
[1.307s] writing dependency_links to ../../build/serial_communication_pkg/serial_communication_pkg.egg-info/dependency_links.txt
[1.307s] writing entry points to ../../build/serial_communication_pkg/serial_communication_pkg.egg-info/entry_points.txt
[1.307s] writing requirements to ../../build/serial_communication_pkg/serial_communication_pkg.egg-info/requires.txt
[1.308s] writing top-level names to ../../build/serial_communication_pkg/serial_communication_pkg.egg-info/top_level.txt
[1.308s] writing manifest file '../../build/serial_communication_pkg/serial_communication_pkg.egg-info/SOURCES.txt'
[1.310s] reading manifest file '../../build/serial_communication_pkg/serial_communication_pkg.egg-info/SOURCES.txt'
[1.311s] writing manifest file '../../build/serial_communication_pkg/serial_communication_pkg.egg-info/SOURCES.txt'
[1.311s] running build
[1.312s] running build_py
[1.312s] creating /home/geert/kuka-ido/ros2_ws/build/serial_communication_pkg/build
[1.312s] creating /home/geert/kuka-ido/ros2_ws/build/serial_communication_pkg/build/lib
[1.312s] creating /home/geert/kuka-ido/ros2_ws/build/serial_communication_pkg/build/lib/serial_communication_pkg
[1.312s] copying serial_communication_pkg/serial_communication_node.py -> /home/geert/kuka-ido/ros2_ws/build/serial_communication_pkg/build/lib/serial_communication_pkg
[1.313s] copying serial_communication_pkg/__init__.py -> /home/geert/kuka-ido/ros2_ws/build/serial_communication_pkg/build/lib/serial_communication_pkg
[1.313s] running install
[1.313s] /usr/lib/python3/dist-packages/setuptools/command/install.py:34: SetuptoolsDeprecationWarning: setup.py install is deprecated. Use build and pip and other standards-based tools.
[1.314s]   warnings.warn(
[1.314s] running install_lib
[1.315s] running install_data
[1.316s] running install_egg_info
[1.318s] removing '/home/geert/kuka-ido/ros2_ws/install/serial_communication_pkg/lib/python3.10/site-packages/serial_communication_pkg-0.0.0-py3.10.egg-info' (and everything under it)
[1.318s] Copying ../../build/serial_communication_pkg/serial_communication_pkg.egg-info to /home/geert/kuka-ido/ros2_ws/install/serial_communication_pkg/lib/python3.10/site-packages/serial_communication_pkg-0.0.0-py3.10.egg-info
[1.331s] running install_scripts
[1.360s] Installing serial_communication_node script to /home/geert/kuka-ido/ros2_ws/install/serial_communication_pkg/lib/serial_communication_pkg
[1.360s] writing list of installed files to '/home/geert/kuka-ido/ros2_ws/build/serial_communication_pkg/install.log'
[1.388s] Invoked command in '/home/geert/kuka-ido/ros2_ws/src/serial_communication_pkg' returned '0': PYTHONPATH=/home/geert/kuka-ido/ros2_ws/build/serial_communication_pkg/prefix_override:/home/geert/kuka-ido/ros2_ws/install/serial_communication_pkg/lib/python3.10/site-packages:/home/geert/kuka-ido/ros2_ws/install/kuka_msgs_pkg/lib/python3.10/site-packages:/home/geert/kuka-ido/ros2_ws/install/serial_communication_pkg/lib/python3.10/site-packages:/home/geert/kuka-ido/ros2_ws/install/data_visualiser_pkg/lib/python3.10/site-packages:/home/geert/kuka-ido/ros2_ws/install/kuka_launch_pkg/lib/python3.10/site-packages:/home/geert/kuka-ido/ros2_ws/install/joystick_to_serial_pkg/lib/python3.10/site-packages:/opt/ros/iron/lib/python3.10/site-packages /usr/bin/python3 setup.py egg_info --egg-base ../../build/serial_communication_pkg build --build-base /home/geert/kuka-ido/ros2_ws/build/serial_communication_pkg/build install --record /home/geert/kuka-ido/ros2_ws/build/serial_communication_pkg/install.log --single-version-externally-managed
