[0.961s] Invoking command in '/home/geert/ros2_ws_git/src/serial_communication_pkg': PYTHONPATH=/home/geert/ros2_ws_git/build/serial_communication_pkg/prefix_override:/home/geert/ros2_ws_git/install/serial_communication_pkg/lib/python3.10/site-packages:${PYTHONPATH} /usr/bin/python3 setup.py egg_info --egg-base ../../build/serial_communication_pkg build --build-base /home/geert/ros2_ws_git/build/serial_communication_pkg/build install --record /home/geert/ros2_ws_git/build/serial_communication_pkg/install.log --single-version-externally-managed
[1.291s] running egg_info
[1.292s] creating ../../build/serial_communication_pkg/serial_communication_pkg.egg-info
[1.292s] writing ../../build/serial_communication_pkg/serial_communication_pkg.egg-info/PKG-INFO
[1.292s] writing dependency_links to ../../build/serial_communication_pkg/serial_communication_pkg.egg-info/dependency_links.txt
[1.293s] writing entry points to ../../build/serial_communication_pkg/serial_communication_pkg.egg-info/entry_points.txt
[1.293s] writing requirements to ../../build/serial_communication_pkg/serial_communication_pkg.egg-info/requires.txt
[1.293s] writing top-level names to ../../build/serial_communication_pkg/serial_communication_pkg.egg-info/top_level.txt
[1.294s] writing manifest file '../../build/serial_communication_pkg/serial_communication_pkg.egg-info/SOURCES.txt'
[1.296s] reading manifest file '../../build/serial_communication_pkg/serial_communication_pkg.egg-info/SOURCES.txt'
[1.297s] writing manifest file '../../build/serial_communication_pkg/serial_communication_pkg.egg-info/SOURCES.txt'
[1.297s] running build
[1.297s] running build_py
[1.298s] creating /home/geert/ros2_ws_git/build/serial_communication_pkg/build
[1.298s] creating /home/geert/ros2_ws_git/build/serial_communication_pkg/build/lib
[1.298s] creating /home/geert/ros2_ws_git/build/serial_communication_pkg/build/lib/serial_communication_pkg
[1.298s] copying serial_communication_pkg/serial_communication_node.py -> /home/geert/ros2_ws_git/build/serial_communication_pkg/build/lib/serial_communication_pkg
[1.299s] copying serial_communication_pkg/__init__.py -> /home/geert/ros2_ws_git/build/serial_communication_pkg/build/lib/serial_communication_pkg
[1.299s] running install
[1.311s] /usr/lib/python3/dist-packages/setuptools/command/install.py:34: SetuptoolsDeprecationWarning: setup.py install is deprecated. Use build and pip and other standards-based tools.
[1.311s]   warnings.warn(
[1.312s] running install_lib
[1.313s] creating /home/geert/ros2_ws_git/install/serial_communication_pkg/lib/python3.10/site-packages/serial_communication_pkg
[1.313s] copying /home/geert/ros2_ws_git/build/serial_communication_pkg/build/lib/serial_communication_pkg/serial_communication_node.py -> /home/geert/ros2_ws_git/install/serial_communication_pkg/lib/python3.10/site-packages/serial_communication_pkg
[1.313s] copying /home/geert/ros2_ws_git/build/serial_communication_pkg/build/lib/serial_communication_pkg/__init__.py -> /home/geert/ros2_ws_git/install/serial_communication_pkg/lib/python3.10/site-packages/serial_communication_pkg
[1.314s] byte-compiling /home/geert/ros2_ws_git/install/serial_communication_pkg/lib/python3.10/site-packages/serial_communication_pkg/serial_communication_node.py to serial_communication_node.cpython-310.pyc
[1.315s] byte-compiling /home/geert/ros2_ws_git/install/serial_communication_pkg/lib/python3.10/site-packages/serial_communication_pkg/__init__.py to __init__.cpython-310.pyc
[1.315s] running install_data
[1.316s] creating /home/geert/ros2_ws_git/install/serial_communication_pkg/share/ament_index
[1.316s] creating /home/geert/ros2_ws_git/install/serial_communication_pkg/share/ament_index/resource_index
[1.316s] creating /home/geert/ros2_ws_git/install/serial_communication_pkg/share/ament_index/resource_index/packages
[1.316s] copying resource/serial_communication_pkg -> /home/geert/ros2_ws_git/install/serial_communication_pkg/share/ament_index/resource_index/packages
[1.317s] copying package.xml -> /home/geert/ros2_ws_git/install/serial_communication_pkg/share/serial_communication_pkg
[1.317s] running install_egg_info
[1.318s] Copying ../../build/serial_communication_pkg/serial_communication_pkg.egg-info to /home/geert/ros2_ws_git/install/serial_communication_pkg/lib/python3.10/site-packages/serial_communication_pkg-0.0.0-py3.10.egg-info
[1.320s] running install_scripts
[1.351s] Installing serial_communication_node script to /home/geert/ros2_ws_git/install/serial_communication_pkg/lib/serial_communication_pkg
[1.352s] writing list of installed files to '/home/geert/ros2_ws_git/build/serial_communication_pkg/install.log'
[1.374s] Invoked command in '/home/geert/ros2_ws_git/src/serial_communication_pkg' returned '0': PYTHONPATH=/home/geert/ros2_ws_git/build/serial_communication_pkg/prefix_override:/home/geert/ros2_ws_git/install/serial_communication_pkg/lib/python3.10/site-packages:${PYTHONPATH} /usr/bin/python3 setup.py egg_info --egg-base ../../build/serial_communication_pkg build --build-base /home/geert/ros2_ws_git/build/serial_communication_pkg/build install --record /home/geert/ros2_ws_git/build/serial_communication_pkg/install.log --single-version-externally-managed
