[0.805s] Invoking command in '/home/geert/kuka-ido/ros2_ws_kuka/src/kuka_launch_pkg': PYTHONPATH=/home/geert/kuka-ido/ros2_ws_kuka/build/kuka_launch_pkg/prefix_override:/home/geert/kuka-ido/ros2_ws_kuka/install/kuka_launch_pkg/lib/python3.10/site-packages:${PYTHONPATH} /usr/bin/python3 setup.py egg_info --egg-base ../../build/kuka_launch_pkg build --build-base /home/geert/kuka-ido/ros2_ws_kuka/build/kuka_launch_pkg/build install --record /home/geert/kuka-ido/ros2_ws_kuka/build/kuka_launch_pkg/install.log --single-version-externally-managed
[1.110s] running egg_info
[1.111s] writing ../../build/kuka_launch_pkg/kuka_launch_pkg.egg-info/PKG-INFO
[1.112s] writing dependency_links to ../../build/kuka_launch_pkg/kuka_launch_pkg.egg-info/dependency_links.txt
[1.112s] writing entry points to ../../build/kuka_launch_pkg/kuka_launch_pkg.egg-info/entry_points.txt
[1.112s] writing requirements to ../../build/kuka_launch_pkg/kuka_launch_pkg.egg-info/requires.txt
[1.112s] writing top-level names to ../../build/kuka_launch_pkg/kuka_launch_pkg.egg-info/top_level.txt
[1.119s] reading manifest file '../../build/kuka_launch_pkg/kuka_launch_pkg.egg-info/SOURCES.txt'
[1.121s] writing manifest file '../../build/kuka_launch_pkg/kuka_launch_pkg.egg-info/SOURCES.txt'
[1.121s] running build
[1.121s] running build_py
[1.122s] running install
[1.122s] /usr/lib/python3/dist-packages/setuptools/command/install.py:34: SetuptoolsDeprecationWarning: setup.py install is deprecated. Use build and pip and other standards-based tools.
[1.122s]   warnings.warn(
[1.123s] running install_lib
[1.124s] running install_data
[1.125s] running install_egg_info
[1.126s] removing '/home/geert/kuka-ido/ros2_ws_kuka/install/kuka_launch_pkg/lib/python3.10/site-packages/kuka_launch_pkg-0.0.0-py3.10.egg-info' (and everything under it)
[1.127s] Copying ../../build/kuka_launch_pkg/kuka_launch_pkg.egg-info to /home/geert/kuka-ido/ros2_ws_kuka/install/kuka_launch_pkg/lib/python3.10/site-packages/kuka_launch_pkg-0.0.0-py3.10.egg-info
[1.128s] running install_scripts
[1.152s] writing list of installed files to '/home/geert/kuka-ido/ros2_ws_kuka/build/kuka_launch_pkg/install.log'
[1.178s] Invoked command in '/home/geert/kuka-ido/ros2_ws_kuka/src/kuka_launch_pkg' returned '0': PYTHONPATH=/home/geert/kuka-ido/ros2_ws_kuka/build/kuka_launch_pkg/prefix_override:/home/geert/kuka-ido/ros2_ws_kuka/install/kuka_launch_pkg/lib/python3.10/site-packages:${PYTHONPATH} /usr/bin/python3 setup.py egg_info --egg-base ../../build/kuka_launch_pkg build --build-base /home/geert/kuka-ido/ros2_ws_kuka/build/kuka_launch_pkg/build install --record /home/geert/kuka-ido/ros2_ws_kuka/build/kuka_launch_pkg/install.log --single-version-externally-managed
