[0.955s] Invoking command in '/home/geert/ros2_ws_git/src/serial_communication_pkg': AMENT_PREFIX_PATH=/home/geert/ros2_ws_git/install/kuka_msgs_pkg:/home/geert/ros2_ws_git/install/serial_communication_pkg:/home/geert/ros2_ws_git/install/data_visualiser_pkg:/home/geert/ros2_ws_git/install/kuka_launch_pkg:/home/geert/ros2_ws_git/install/joystick_to_serial_pkg:/home/geert/ros2_ws_kuka/install/serial_communication_pkg:/home/geert/ros2_ws_kuka/install/serial_communication:/home/geert/ros2_ws_kuka/install/ros_arduino_communication_pkg:/home/geert/ros2_ws_kuka/install/py_serial_node:/home/geert/ros2_ws_kuka/install/joystick_to_serial_pkg:/home/geert/ros2_ws_kuka/install/joystick_to_serial:/opt/ros/iron PYTHONPATH=/home/geert/ros2_ws_git/build/serial_communication_pkg/prefix_override:/home/geert/ros2_ws_git/install/serial_communication_pkg/lib/python3.10/site-packages:/home/geert/ros2_ws_git/install/kuka_msgs_pkg/lib/python3.10/site-packages:/home/geert/ros2_ws_git/install/serial_communication_pkg/lib/python3.10/site-packages:/home/geert/ros2_ws_git/install/data_visualiser_pkg/lib/python3.10/site-packages:/home/geert/ros2_ws_git/install/kuka_launch_pkg/lib/python3.10/site-packages:/home/geert/ros2_ws_git/install/joystick_to_serial_pkg/lib/python3.10/site-packages:/home/geert/ros2_ws_kuka/install/serial_communication_pkg/lib/python3.10/site-packages:/home/geert/ros2_ws_kuka/install/serial_communication/lib/python3.10/site-packages:/home/geert/ros2_ws_kuka/install/ros_arduino_communication_pkg/lib/python3.10/site-packages:/home/geert/ros2_ws_kuka/install/py_serial_node/lib/python3.10/site-packages:/home/geert/ros2_ws_kuka/install/joystick_to_serial_pkg/lib/python3.10/site-packages:/home/geert/ros2_ws_kuka/install/joystick_to_serial/lib/python3.10/site-packages:/opt/ros/iron/lib/python3.10/site-packages /usr/bin/python3 setup.py egg_info --egg-base ../../build/serial_communication_pkg build --build-base /home/geert/ros2_ws_git/build/serial_communication_pkg/build install --record /home/geert/ros2_ws_git/build/serial_communication_pkg/install.log --single-version-externally-managed
[1.346s] running egg_info
[1.347s] writing ../../build/serial_communication_pkg/serial_communication_pkg.egg-info/PKG-INFO
[1.348s] writing dependency_links to ../../build/serial_communication_pkg/serial_communication_pkg.egg-info/dependency_links.txt
[1.349s] writing entry points to ../../build/serial_communication_pkg/serial_communication_pkg.egg-info/entry_points.txt
[1.349s] writing requirements to ../../build/serial_communication_pkg/serial_communication_pkg.egg-info/requires.txt
[1.349s] writing top-level names to ../../build/serial_communication_pkg/serial_communication_pkg.egg-info/top_level.txt
[1.352s] reading manifest file '../../build/serial_communication_pkg/serial_communication_pkg.egg-info/SOURCES.txt'
[1.354s] writing manifest file '../../build/serial_communication_pkg/serial_communication_pkg.egg-info/SOURCES.txt'
[1.354s] running build
[1.354s] running build_py
[1.355s] running install
[1.355s] /usr/lib/python3/dist-packages/setuptools/command/install.py:34: SetuptoolsDeprecationWarning: setup.py install is deprecated. Use build and pip and other standards-based tools.
[1.355s]   warnings.warn(
[1.356s] running install_lib
[1.358s] running install_data
[1.359s] running install_egg_info
[1.360s] removing '/home/geert/ros2_ws_git/install/serial_communication_pkg/lib/python3.10/site-packages/serial_communication_pkg-0.0.0-py3.10.egg-info' (and everything under it)
[1.361s] Copying ../../build/serial_communication_pkg/serial_communication_pkg.egg-info to /home/geert/ros2_ws_git/install/serial_communication_pkg/lib/python3.10/site-packages/serial_communication_pkg-0.0.0-py3.10.egg-info
[1.362s] running install_scripts
[1.396s] Installing serial_communication_node script to /home/geert/ros2_ws_git/install/serial_communication_pkg/lib/serial_communication_pkg
[1.397s] writing list of installed files to '/home/geert/ros2_ws_git/build/serial_communication_pkg/install.log'
[1.425s] Invoked command in '/home/geert/ros2_ws_git/src/serial_communication_pkg' returned '0': AMENT_PREFIX_PATH=/home/geert/ros2_ws_git/install/kuka_msgs_pkg:/home/geert/ros2_ws_git/install/serial_communication_pkg:/home/geert/ros2_ws_git/install/data_visualiser_pkg:/home/geert/ros2_ws_git/install/kuka_launch_pkg:/home/geert/ros2_ws_git/install/joystick_to_serial_pkg:/home/geert/ros2_ws_kuka/install/serial_communication_pkg:/home/geert/ros2_ws_kuka/install/serial_communication:/home/geert/ros2_ws_kuka/install/ros_arduino_communication_pkg:/home/geert/ros2_ws_kuka/install/py_serial_node:/home/geert/ros2_ws_kuka/install/joystick_to_serial_pkg:/home/geert/ros2_ws_kuka/install/joystick_to_serial:/opt/ros/iron PYTHONPATH=/home/geert/ros2_ws_git/build/serial_communication_pkg/prefix_override:/home/geert/ros2_ws_git/install/serial_communication_pkg/lib/python3.10/site-packages:/home/geert/ros2_ws_git/install/kuka_msgs_pkg/lib/python3.10/site-packages:/home/geert/ros2_ws_git/install/serial_communication_pkg/lib/python3.10/site-packages:/home/geert/ros2_ws_git/install/data_visualiser_pkg/lib/python3.10/site-packages:/home/geert/ros2_ws_git/install/kuka_launch_pkg/lib/python3.10/site-packages:/home/geert/ros2_ws_git/install/joystick_to_serial_pkg/lib/python3.10/site-packages:/home/geert/ros2_ws_kuka/install/serial_communication_pkg/lib/python3.10/site-packages:/home/geert/ros2_ws_kuka/install/serial_communication/lib/python3.10/site-packages:/home/geert/ros2_ws_kuka/install/ros_arduino_communication_pkg/lib/python3.10/site-packages:/home/geert/ros2_ws_kuka/install/py_serial_node/lib/python3.10/site-packages:/home/geert/ros2_ws_kuka/install/joystick_to_serial_pkg/lib/python3.10/site-packages:/home/geert/ros2_ws_kuka/install/joystick_to_serial/lib/python3.10/site-packages:/opt/ros/iron/lib/python3.10/site-packages /usr/bin/python3 setup.py egg_info --egg-base ../../build/serial_communication_pkg build --build-base /home/geert/ros2_ws_git/build/serial_communication_pkg/build install --record /home/geert/ros2_ws_git/build/serial_communication_pkg/install.log --single-version-externally-managed
