[0.967s] Invoking command in '/home/geert/ros2_ws_git/src/data_visualiser_pkg': AMENT_PREFIX_PATH=/home/geert/ros2_ws_git/install/kuka_msgs_pkg:/home/geert/ros2_ws_git/install/serial_communication_pkg:/home/geert/ros2_ws_git/install/data_visualiser_pkg:/home/geert/ros2_ws_git/install/kuka_launch_pkg:/home/geert/ros2_ws_git/install/joystick_to_serial_pkg:/home/geert/ros2_ws_kuka/install/serial_communication_pkg:/home/geert/ros2_ws_kuka/install/serial_communication:/home/geert/ros2_ws_kuka/install/ros_arduino_communication_pkg:/home/geert/ros2_ws_kuka/install/py_serial_node:/home/geert/ros2_ws_kuka/install/joystick_to_serial_pkg:/home/geert/ros2_ws_kuka/install/joystick_to_serial:/opt/ros/iron PYTHONPATH=/home/geert/ros2_ws_git/build/data_visualiser_pkg/prefix_override:/home/geert/ros2_ws_git/install/data_visualiser_pkg/lib/python3.10/site-packages:/home/geert/ros2_ws_git/install/kuka_msgs_pkg/lib/python3.10/site-packages:/home/geert/ros2_ws_git/install/serial_communication_pkg/lib/python3.10/site-packages:/home/geert/ros2_ws_git/install/data_visualiser_pkg/lib/python3.10/site-packages:/home/geert/ros2_ws_git/install/kuka_launch_pkg/lib/python3.10/site-packages:/home/geert/ros2_ws_git/install/joystick_to_serial_pkg/lib/python3.10/site-packages:/home/geert/ros2_ws_kuka/install/serial_communication_pkg/lib/python3.10/site-packages:/home/geert/ros2_ws_kuka/install/serial_communication/lib/python3.10/site-packages:/home/geert/ros2_ws_kuka/install/ros_arduino_communication_pkg/lib/python3.10/site-packages:/home/geert/ros2_ws_kuka/install/py_serial_node/lib/python3.10/site-packages:/home/geert/ros2_ws_kuka/install/joystick_to_serial_pkg/lib/python3.10/site-packages:/home/geert/ros2_ws_kuka/install/joystick_to_serial/lib/python3.10/site-packages:/opt/ros/iron/lib/python3.10/site-packages /usr/bin/python3 setup.py egg_info --egg-base ../../build/data_visualiser_pkg build --build-base /home/geert/ros2_ws_git/build/data_visualiser_pkg/build install --record /home/geert/ros2_ws_git/build/data_visualiser_pkg/install.log --single-version-externally-managed
[1.372s] running egg_info
[1.373s] writing ../../build/data_visualiser_pkg/data_visualiser_pkg.egg-info/PKG-INFO
[1.374s] writing dependency_links to ../../build/data_visualiser_pkg/data_visualiser_pkg.egg-info/dependency_links.txt
[1.374s] writing entry points to ../../build/data_visualiser_pkg/data_visualiser_pkg.egg-info/entry_points.txt
[1.375s] writing requirements to ../../build/data_visualiser_pkg/data_visualiser_pkg.egg-info/requires.txt
[1.375s] writing top-level names to ../../build/data_visualiser_pkg/data_visualiser_pkg.egg-info/top_level.txt
[1.378s] reading manifest file '../../build/data_visualiser_pkg/data_visualiser_pkg.egg-info/SOURCES.txt'
[1.380s] writing manifest file '../../build/data_visualiser_pkg/data_visualiser_pkg.egg-info/SOURCES.txt'
[1.380s] running build
[1.380s] running build_py
[1.381s] running install
[1.381s] /usr/lib/python3/dist-packages/setuptools/command/install.py:34: SetuptoolsDeprecationWarning: setup.py install is deprecated. Use build and pip and other standards-based tools.
[1.381s]   warnings.warn(
[1.382s] running install_lib
[1.386s] running install_data
[1.387s] running install_egg_info
[1.389s] removing '/home/geert/ros2_ws_git/install/data_visualiser_pkg/lib/python3.10/site-packages/data_visualiser_pkg-0.0.0-py3.10.egg-info' (and everything under it)
[1.389s] Copying ../../build/data_visualiser_pkg/data_visualiser_pkg.egg-info to /home/geert/ros2_ws_git/install/data_visualiser_pkg/lib/python3.10/site-packages/data_visualiser_pkg-0.0.0-py3.10.egg-info
[1.390s] running install_scripts
[1.426s] Installing data_visualiser_node script to /home/geert/ros2_ws_git/install/data_visualiser_pkg/lib/data_visualiser_pkg
[1.427s] writing list of installed files to '/home/geert/ros2_ws_git/build/data_visualiser_pkg/install.log'
[1.459s] Invoked command in '/home/geert/ros2_ws_git/src/data_visualiser_pkg' returned '0': AMENT_PREFIX_PATH=/home/geert/ros2_ws_git/install/kuka_msgs_pkg:/home/geert/ros2_ws_git/install/serial_communication_pkg:/home/geert/ros2_ws_git/install/data_visualiser_pkg:/home/geert/ros2_ws_git/install/kuka_launch_pkg:/home/geert/ros2_ws_git/install/joystick_to_serial_pkg:/home/geert/ros2_ws_kuka/install/serial_communication_pkg:/home/geert/ros2_ws_kuka/install/serial_communication:/home/geert/ros2_ws_kuka/install/ros_arduino_communication_pkg:/home/geert/ros2_ws_kuka/install/py_serial_node:/home/geert/ros2_ws_kuka/install/joystick_to_serial_pkg:/home/geert/ros2_ws_kuka/install/joystick_to_serial:/opt/ros/iron PYTHONPATH=/home/geert/ros2_ws_git/build/data_visualiser_pkg/prefix_override:/home/geert/ros2_ws_git/install/data_visualiser_pkg/lib/python3.10/site-packages:/home/geert/ros2_ws_git/install/kuka_msgs_pkg/lib/python3.10/site-packages:/home/geert/ros2_ws_git/install/serial_communication_pkg/lib/python3.10/site-packages:/home/geert/ros2_ws_git/install/data_visualiser_pkg/lib/python3.10/site-packages:/home/geert/ros2_ws_git/install/kuka_launch_pkg/lib/python3.10/site-packages:/home/geert/ros2_ws_git/install/joystick_to_serial_pkg/lib/python3.10/site-packages:/home/geert/ros2_ws_kuka/install/serial_communication_pkg/lib/python3.10/site-packages:/home/geert/ros2_ws_kuka/install/serial_communication/lib/python3.10/site-packages:/home/geert/ros2_ws_kuka/install/ros_arduino_communication_pkg/lib/python3.10/site-packages:/home/geert/ros2_ws_kuka/install/py_serial_node/lib/python3.10/site-packages:/home/geert/ros2_ws_kuka/install/joystick_to_serial_pkg/lib/python3.10/site-packages:/home/geert/ros2_ws_kuka/install/joystick_to_serial/lib/python3.10/site-packages:/opt/ros/iron/lib/python3.10/site-packages /usr/bin/python3 setup.py egg_info --egg-base ../../build/data_visualiser_pkg build --build-base /home/geert/ros2_ws_git/build/data_visualiser_pkg/build install --record /home/geert/ros2_ws_git/build/data_visualiser_pkg/install.log --single-version-externally-managed
