[0.965s] Invoking command in '/home/geert/ros2_ws_git/src/kuka_launch_pkg': PYTHONPATH=/home/geert/ros2_ws_git/build/kuka_launch_pkg/prefix_override:/home/geert/ros2_ws_git/install/kuka_launch_pkg/lib/python3.10/site-packages:${PYTHONPATH} /usr/bin/python3 setup.py egg_info --egg-base ../../build/kuka_launch_pkg build --build-base /home/geert/ros2_ws_git/build/kuka_launch_pkg/build install --record /home/geert/ros2_ws_git/build/kuka_launch_pkg/install.log --single-version-externally-managed
[1.358s] running egg_info
[1.359s] writing ../../build/kuka_launch_pkg/kuka_launch_pkg.egg-info/PKG-INFO
[1.363s] writing dependency_links to ../../build/kuka_launch_pkg/kuka_launch_pkg.egg-info/dependency_links.txt
[1.365s] writing entry points to ../../build/kuka_launch_pkg/kuka_launch_pkg.egg-info/entry_points.txt
[1.367s] writing requirements to ../../build/kuka_launch_pkg/kuka_launch_pkg.egg-info/requires.txt
[1.369s] writing top-level names to ../../build/kuka_launch_pkg/kuka_launch_pkg.egg-info/top_level.txt
[1.372s] reading manifest file '../../build/kuka_launch_pkg/kuka_launch_pkg.egg-info/SOURCES.txt'
[1.374s] writing manifest file '../../build/kuka_launch_pkg/kuka_launch_pkg.egg-info/SOURCES.txt'
[1.375s] running build
[1.375s] running build_py
[1.375s] running install
[1.376s] /usr/lib/python3/dist-packages/setuptools/command/install.py:34: SetuptoolsDeprecationWarning: setup.py install is deprecated. Use build and pip and other standards-based tools.
[1.376s]   warnings.warn(
[1.377s] running install_lib
[1.379s] running install_data
[1.380s] running install_egg_info
[1.382s] removing '/home/geert/ros2_ws_git/install/kuka_launch_pkg/lib/python3.10/site-packages/kuka_launch_pkg-0.0.0-py3.10.egg-info' (and everything under it)
[1.382s] Copying ../../build/kuka_launch_pkg/kuka_launch_pkg.egg-info to /home/geert/ros2_ws_git/install/kuka_launch_pkg/lib/python3.10/site-packages/kuka_launch_pkg-0.0.0-py3.10.egg-info
[1.383s] running install_scripts
[1.411s] writing list of installed files to '/home/geert/ros2_ws_git/build/kuka_launch_pkg/install.log'
[1.439s] Invoked command in '/home/geert/ros2_ws_git/src/kuka_launch_pkg' returned '0': PYTHONPATH=/home/geert/ros2_ws_git/build/kuka_launch_pkg/prefix_override:/home/geert/ros2_ws_git/install/kuka_launch_pkg/lib/python3.10/site-packages:${PYTHONPATH} /usr/bin/python3 setup.py egg_info --egg-base ../../build/kuka_launch_pkg build --build-base /home/geert/ros2_ws_git/build/kuka_launch_pkg/build install --record /home/geert/ros2_ws_git/build/kuka_launch_pkg/install.log --single-version-externally-managed
