[0.921s] Invoking command in '/home/geert/ros2_ws_git/src/data_visualiser_pkg': CMAKE_PREFIX_PATH=/home/geert/ros2_ws_git/install/kuka_msgs_pkg LD_LIBRARY_PATH=/home/geert/ros2_ws_git/install/kuka_msgs_pkg/lib:${LD_LIBRARY_PATH} PYTHONPATH=/home/geert/ros2_ws_git/build/data_visualiser_pkg/prefix_override:/home/geert/ros2_ws_git/install/data_visualiser_pkg/lib/python3.10/site-packages:/home/geert/ros2_ws_git/install/kuka_msgs_pkg/lib/python3.10/site-packages:/home/geert/ros2_ws_git/install/serial_communication_pkg/lib/python3.10/site-packages:/home/geert/ros2_ws_git/install/data_visualiser_pkg/lib/python3.10/site-packages:/home/geert/ros2_ws_git/install/kuka_launch_pkg/lib/python3.10/site-packages:/home/geert/ros2_ws_git/install/joystick_to_serial_pkg/lib/python3.10/site-packages:/opt/ros/iron/lib/python3.10/site-packages /usr/bin/python3 setup.py egg_info --egg-base ../../build/data_visualiser_pkg build --build-base /home/geert/ros2_ws_git/build/data_visualiser_pkg/build install --record /home/geert/ros2_ws_git/build/data_visualiser_pkg/install.log --single-version-externally-managed
[1.319s] running egg_info
[1.320s] writing ../../build/data_visualiser_pkg/data_visualiser_pkg.egg-info/PKG-INFO
[1.321s] writing dependency_links to ../../build/data_visualiser_pkg/data_visualiser_pkg.egg-info/dependency_links.txt
[1.322s] writing entry points to ../../build/data_visualiser_pkg/data_visualiser_pkg.egg-info/entry_points.txt
[1.322s] writing requirements to ../../build/data_visualiser_pkg/data_visualiser_pkg.egg-info/requires.txt
[1.323s] writing top-level names to ../../build/data_visualiser_pkg/data_visualiser_pkg.egg-info/top_level.txt
[1.326s] reading manifest file '../../build/data_visualiser_pkg/data_visualiser_pkg.egg-info/SOURCES.txt'
[1.327s] writing manifest file '../../build/data_visualiser_pkg/data_visualiser_pkg.egg-info/SOURCES.txt'
[1.327s] running build
[1.328s] running build_py
[1.328s] running install
[1.328s] /usr/lib/python3/dist-packages/setuptools/command/install.py:34: SetuptoolsDeprecationWarning: setup.py install is deprecated. Use build and pip and other standards-based tools.
[1.329s]   warnings.warn(
[1.329s] running install_lib
[1.331s] running install_data
[1.332s] running install_egg_info
[1.333s] removing '/home/geert/ros2_ws_git/install/data_visualiser_pkg/lib/python3.10/site-packages/data_visualiser_pkg-0.0.0-py3.10.egg-info' (and everything under it)
[1.334s] Copying ../../build/data_visualiser_pkg/data_visualiser_pkg.egg-info to /home/geert/ros2_ws_git/install/data_visualiser_pkg/lib/python3.10/site-packages/data_visualiser_pkg-0.0.0-py3.10.egg-info
[1.335s] running install_scripts
[1.364s] Installing data_visualiser_node script to /home/geert/ros2_ws_git/install/data_visualiser_pkg/lib/data_visualiser_pkg
[1.365s] writing list of installed files to '/home/geert/ros2_ws_git/build/data_visualiser_pkg/install.log'
[1.411s] Invoked command in '/home/geert/ros2_ws_git/src/data_visualiser_pkg' returned '0': CMAKE_PREFIX_PATH=/home/geert/ros2_ws_git/install/kuka_msgs_pkg LD_LIBRARY_PATH=/home/geert/ros2_ws_git/install/kuka_msgs_pkg/lib:${LD_LIBRARY_PATH} PYTHONPATH=/home/geert/ros2_ws_git/build/data_visualiser_pkg/prefix_override:/home/geert/ros2_ws_git/install/data_visualiser_pkg/lib/python3.10/site-packages:/home/geert/ros2_ws_git/install/kuka_msgs_pkg/lib/python3.10/site-packages:/home/geert/ros2_ws_git/install/serial_communication_pkg/lib/python3.10/site-packages:/home/geert/ros2_ws_git/install/data_visualiser_pkg/lib/python3.10/site-packages:/home/geert/ros2_ws_git/install/kuka_launch_pkg/lib/python3.10/site-packages:/home/geert/ros2_ws_git/install/joystick_to_serial_pkg/lib/python3.10/site-packages:/opt/ros/iron/lib/python3.10/site-packages /usr/bin/python3 setup.py egg_info --egg-base ../../build/data_visualiser_pkg build --build-base /home/geert/ros2_ws_git/build/data_visualiser_pkg/build install --record /home/geert/ros2_ws_git/build/data_visualiser_pkg/install.log --single-version-externally-managed
